Traceback (most recent call last):
  File "/Users/home/Documents/Info Site/mubasher-deep-extract/backend/extractors/real_analyst_extractor.py", line 3, in <module>
    import yfinance as yf
ModuleNotFoundError: No module named 'yfinance'
2025-12-25 16:06:43,399 - Starting Analyst Ratings Extractor (Yahoo Consensus)...
2025-12-25 16:06:43,443 - Processing 118 tickers...
2025-12-25 16:06:44,949 - ✅ 1010: BUY | Target: 34.65
2025-12-25 16:06:45,534 - ✅ 1150: BUY | Target: 30.74286
2025-12-25 16:06:46,131 - ✅ 3050: NONE | Target: 27.225
2025-12-25 16:06:46,705 - ✅ 1030: BUY | Target: 15.85
2025-12-25 16:06:47,926 - ✅ 4050: NONE | Target: 54.46667
2025-12-25 16:06:49,097 - ✅ 4261: NONE | Target: 54.36
2025-12-25 16:06:49,676 - ✅ 4260: NONE | Target: 89.8
2025-12-25 16:06:50,840 - ✅ 4031: BUY | Target: 50.6
2025-12-25 16:06:51,471 - ✅ 2240: NONE | Target: 43.6
2025-12-25 16:06:52,104 - ✅ 2300: NONE | Target: 50.6
2025-12-25 16:06:52,748 - ✅ 4005: BUY | Target: 195.6
2025-12-25 16:06:53,976 - ✅ 3080: NONE | Target: 39.4
2025-12-25 16:06:54,547 - ✅ 3020: BUY | Target: 37.56
2025-12-25 16:06:55,141 - ✅ 3003: NONE | Target: 21.05
2025-12-25 16:06:55,720 - ✅ 2010: HOLD | Target: 63.48571
2025-12-25 16:06:56,301 - ✅ 4003: STRONG_BUY | Target: 114.4625
2025-12-25 16:06:56,901 - ✅ 2270: NONE | Target: 310.48334
2025-12-25 16:06:57,476 - ✅ 2170: NONE | Target: 45.0
2025-12-25 16:06:58,059 - ✅ 4142: NONE | Target: 130.5
2025-12-25 16:06:58,649 - ✅ 4001: HOLD | Target: 7.97125
2025-12-25 16:06:59,225 - ✅ 3060: NONE | Target: 22.76667
2025-12-25 16:07:00,439 - ✅ 1050: BUY | Target: 19.79909
2025-12-25 16:07:01,065 - ✅ 2020: BUY | Target: 124.02
2025-12-25 16:07:01,656 - ✅ 4004: HOLD | Target: 143.05714
2025-12-25 16:07:02,934 - ✅ 3040: NONE | Target: 51.66667
2025-12-25 16:07:04,707 - ✅ 2280: BUY | Target: 62.0375
2025-12-25 16:07:07,072 - ✅ 4090: NONE | Target: 47.4
2025-12-25 16:07:08,282 - ✅ 2310: HOLD | Target: 21.3
2025-12-25 16:07:10,813 - ✅ 2320: NONE | Target: 83.2
2025-12-25 16:07:11,530 - ✅ 4008: NONE | Target: 28.5
2025-12-25 16:07:12,113 - ✅ 1120: BUY | Target: 112.42933
2025-12-25 16:07:12,741 - ✅ 2290: UNDERPERFORM | Target: 33.05556
2025-12-25 16:07:13,420 - ✅ 6001: NONE | Target: 43.25
2025-12-25 16:07:14,777 - ✅ 2330: BUY | Target: 40.55556
2025-12-25 16:07:15,361 - ✅ 7010: BUY | Target: 48.05625
2025-12-25 16:07:16,506 - ✅ 4081: NONE | Target: 9.3
2025-12-25 16:07:17,082 - ✅ 3004: NONE | Target: 6.4
2025-12-25 16:07:17,715 - ✅ 4190: BUY | Target: 14.86364
2025-12-25 16:07:18,298 - ✅ 1140: HOLD | Target: 29.425
2025-12-25 16:07:18,879 - ✅ 1060: STRONG_BUY | Target: 42.75154
2025-12-25 16:07:19,466 - ✅ 2200: NONE | Target: 8.225
2025-12-25 16:07:20,039 - ✅ 2222: BUY | Target: 28.75284
2025-12-25 16:07:23,732 - ✅ 3090: NONE | Target: 12.0
2025-12-25 16:07:24,369 - ✅ 2050: NONE | Target: 30.7875
2025-12-25 16:07:26,120 - ✅ 1180: STRONG_BUY | Target: 48.10533
2025-12-25 16:07:26,740 - ✅ 4020: NONE | Target: 22.15
2025-12-25 16:07:27,469 - ✅ 1211: HOLD | Target: 57.07
2025-12-25 16:07:28,040 - ✅ 7200: NONE | Target: 145.0
2025-12-25 16:07:29,209 - ✅ 4150: NONE | Target: 27.9
2025-12-25 16:07:30,436 - ✅ 4200: NONE | Target: 141.8
2025-12-25 16:07:32,294 - ✅ 4291: HOLD | Target: 164.66667
2025-12-25 16:07:32,875 - ✅ 4292: BUY | Target: 71.5
2025-12-25 16:07:33,452 - ✅ 4321: NONE | Target: 23.85667
2025-12-25 16:07:34,685 - ✅ 4300: NONE | Target: 16.65
2025-12-25 16:07:35,844 - ✅ 6010: NONE | Target: 24.76667
2025-12-25 16:07:37,580 - ✅ 4263: HOLD | Target: 179.42
2025-12-25 16:07:38,208 - ✅ 4322: NONE | Target: 17.85
2025-12-25 16:07:40,814 - ✅ 6002: UNDERPERFORM | Target: 20.94
2025-12-25 16:07:41,392 - ✅ 6014: NONE | Target: 85.5
2025-12-25 16:07:46,318 - ✅ 4262: NONE | Target: 71.26
2025-12-25 16:07:49,854 - ✅ 4280: UNDERPERFORM | Target: 8.57
2025-12-25 16:07:50,512 - ✅ 6015: NONE | Target: 2.5021002
2025-12-25 16:07:51,093 - ✅ 4210: SELL | Target: 110.0
2025-12-25 16:07:54,051 - ✅ 3030: NONE | Target: 45.825
2025-12-25 16:07:55,278 - ✅ 4002: BUY | Target: 91.42
2025-12-25 16:07:55,931 - ✅ 2060: NONE | Target: 11.0
2025-12-25 16:07:56,623 - ✅ 1111: NONE | Target: 196.1
2025-12-25 16:07:57,250 - ✅ 2250: HOLD | Target: 15.46
2025-12-25 16:07:57,254 - Analyst Ratings Sync Complete.
Processed 10...
Processed 20...
Processed 30...
Processed 40...
Processed 50...
Processed 60...
Processed 70...
Processed 80...
Processed 90...
Processed 100...
Processed 110...
