2025-12-27 17:00:07,398 [INFO] Connecting to database...
2025-12-27 17:00:08,366 [INFO] ✅ Database connected
2025-12-27 17:00:08,367 [INFO] ======================================================================
2025-12-27 17:00:08,367 [INFO]     OHLC DATA POPULATION - STARTING
2025-12-27 17:00:08,367 [INFO] ======================================================================
2025-12-27 17:00:08,624 [INFO] Found 453 tickers in database
2025-12-27 17:00:08,815 [INFO] Existing OHLC symbols: 10
2025-12-27 17:00:08,815 [INFO] Symbols to populate: 443
2025-12-27 17:00:08,815 [INFO] [1/443] (0.2%) Processing 1020...
2025-12-27 17:00:09,597 [INFO]   ✅ Added 781 OHLC records for 1020
2025-12-27 17:00:09,597 [INFO] [2/443] (0.5%) Processing 1030...
2025-12-27 17:00:10,330 [INFO]   ✅ Added 781 OHLC records for 1030
2025-12-27 17:00:10,331 [INFO] [3/443] (0.7%) Processing 1050...
2025-12-27 17:00:11,058 [INFO]   ✅ Added 781 OHLC records for 1050
2025-12-27 17:00:11,059 [INFO] [4/443] (0.9%) Processing 1060...
2025-12-27 17:00:11,787 [INFO]   ✅ Added 781 OHLC records for 1060
2025-12-27 17:00:11,788 [INFO] [5/443] (1.1%) Processing 1080...
2025-12-27 17:00:14,810 [INFO]   ✅ Added 781 OHLC records for 1080
2025-12-27 17:00:14,811 [INFO] [6/443] (1.4%) Processing 1111...
2025-12-27 17:00:15,538 [INFO]   ✅ Added 781 OHLC records for 1111
2025-12-27 17:00:15,538 [INFO] [7/443] (1.6%) Processing 1113...
2025-12-27 17:00:16,263 [INFO]   ✅ Added 781 OHLC records for 1113
2025-12-27 17:00:16,263 [INFO] [8/443] (1.8%) Processing 1140...
2025-12-27 17:00:16,970 [INFO]   ✅ Added 781 OHLC records for 1140
2025-12-27 17:00:16,970 [INFO] [9/443] (2.0%) Processing 1182...
2025-12-27 17:00:17,679 [INFO]   ✅ Added 781 OHLC records for 1182
2025-12-27 17:00:17,680 [INFO] [10/443] (2.3%) Processing 1183...
2025-12-27 17:00:18,374 [INFO]   ✅ Added 781 OHLC records for 1183
2025-12-27 17:00:18,374 [INFO] [11/443] (2.5%) Processing 1201...
2025-12-27 17:00:19,068 [INFO]   ✅ Added 781 OHLC records for 1201
2025-12-27 17:00:19,068 [INFO] [12/443] (2.7%) Processing 1202...
2025-12-27 17:00:19,759 [INFO]   ✅ Added 781 OHLC records for 1202
2025-12-27 17:00:19,759 [INFO] [13/443] (2.9%) Processing 1210...
2025-12-27 17:00:20,450 [INFO]   ✅ Added 781 OHLC records for 1210
2025-12-27 17:00:20,450 [INFO] [14/443] (3.2%) Processing 1211...
2025-12-27 17:00:21,139 [INFO]   ✅ Added 781 OHLC records for 1211
2025-12-27 17:00:21,140 [INFO] [15/443] (3.4%) Processing 1212...
2025-12-27 17:00:24,333 [INFO]   ✅ Added 781 OHLC records for 1212
2025-12-27 17:00:24,333 [INFO] [16/443] (3.6%) Processing 1213...
2025-12-27 17:00:25,147 [INFO]   ✅ Added 781 OHLC records for 1213
2025-12-27 17:00:25,148 [INFO] [17/443] (3.8%) Processing 1214...
2025-12-27 17:00:25,867 [INFO]   ✅ Added 781 OHLC records for 1214
2025-12-27 17:00:25,867 [INFO] [18/443] (4.1%) Processing 1301...
2025-12-27 17:00:26,568 [INFO]   ✅ Added 781 OHLC records for 1301
2025-12-27 17:00:26,568 [INFO] [19/443] (4.3%) Processing 1302...
2025-12-27 17:00:27,286 [INFO]   ✅ Added 781 OHLC records for 1302
2025-12-27 17:00:27,287 [INFO] [20/443] (4.5%) Processing 1303...
2025-12-27 17:00:28,001 [INFO]   ✅ Added 781 OHLC records for 1303
2025-12-27 17:00:28,001 [INFO] [21/443] (4.7%) Processing 1304...
2025-12-27 17:00:28,693 [INFO]   ✅ Added 781 OHLC records for 1304
2025-12-27 17:00:28,693 [INFO] [22/443] (5.0%) Processing 1320...
2025-12-27 17:00:29,405 [INFO]   ✅ Added 781 OHLC records for 1320
2025-12-27 17:00:29,405 [INFO] [23/443] (5.2%) Processing 1321...
2025-12-27 17:00:30,114 [INFO]   ✅ Added 781 OHLC records for 1321
2025-12-27 17:00:30,114 [INFO] [24/443] (5.4%) Processing 1322...
2025-12-27 17:00:30,823 [INFO]   ✅ Added 781 OHLC records for 1322
2025-12-27 17:00:30,824 [INFO] [25/443] (5.6%) Processing 1323...
2025-12-27 17:00:31,541 [INFO]   ✅ Added 781 OHLC records for 1323
2025-12-27 17:00:31,541 [INFO] [26/443] (5.9%) Processing 1810...
2025-12-27 17:00:32,259 [INFO]   ✅ Added 781 OHLC records for 1810
2025-12-27 17:00:32,259 [INFO] [27/443] (6.1%) Processing 1820...
2025-12-27 17:00:32,974 [INFO]   ✅ Added 781 OHLC records for 1820
2025-12-27 17:00:32,975 [INFO] [28/443] (6.3%) Processing 1830...
2025-12-27 17:00:33,694 [INFO]   ✅ Added 781 OHLC records for 1830
2025-12-27 17:00:33,695 [INFO] [29/443] (6.5%) Processing 1831...
2025-12-27 17:00:34,413 [INFO]   ✅ Added 781 OHLC records for 1831
2025-12-27 17:00:34,414 [INFO] [30/443] (6.8%) Processing 1832...
2025-12-27 17:00:36,767 [INFO]   ✅ Added 781 OHLC records for 1832
2025-12-27 17:00:36,767 [INFO] [31/443] (7.0%) Processing 1833...
2025-12-27 17:00:37,978 [INFO]   ✅ Added 781 OHLC records for 1833
2025-12-27 17:00:37,979 [INFO] [32/443] (7.2%) Processing 1834...
2025-12-27 17:00:38,736 [INFO]   ✅ Added 781 OHLC records for 1834
2025-12-27 17:00:38,737 [INFO] [33/443] (7.4%) Processing 1835...
2025-12-27 17:00:39,494 [INFO]   ✅ Added 781 OHLC records for 1835
2025-12-27 17:00:39,495 [INFO] [34/443] (7.7%) Processing 2001...
2025-12-27 17:00:40,253 [INFO]   ✅ Added 781 OHLC records for 2001
2025-12-27 17:00:40,253 [INFO] [35/443] (7.9%) Processing 2020...
2025-12-27 17:00:40,971 [INFO]   ✅ Added 781 OHLC records for 2020
2025-12-27 17:00:40,971 [INFO] [36/443] (8.1%) Processing 2030...
2025-12-27 17:00:41,691 [INFO]   ✅ Added 781 OHLC records for 2030
2025-12-27 17:00:41,692 [INFO] [37/443] (8.4%) Processing 2040...
2025-12-27 17:00:42,407 [INFO]   ✅ Added 781 OHLC records for 2040
2025-12-27 17:00:42,408 [INFO] [38/443] (8.6%) Processing 2050...
2025-12-27 17:00:43,118 [INFO]   ✅ Added 781 OHLC records for 2050
2025-12-27 17:00:43,118 [INFO] [39/443] (8.8%) Processing 2060...
2025-12-27 17:00:43,835 [INFO]   ✅ Added 781 OHLC records for 2060
2025-12-27 17:00:43,835 [INFO] [40/443] (9.0%) Processing 2070...
2025-12-27 17:00:44,535 [INFO]   ✅ Added 781 OHLC records for 2070
2025-12-27 17:00:44,536 [INFO] [41/443] (9.3%) Processing 2080...
2025-12-27 17:00:45,245 [INFO]   ✅ Added 781 OHLC records for 2080
2025-12-27 17:00:45,245 [INFO] [42/443] (9.5%) Processing 2081...
2025-12-27 17:00:45,942 [INFO]   ✅ Added 781 OHLC records for 2081
2025-12-27 17:00:45,942 [INFO] [43/443] (9.7%) Processing 2082...
2025-12-27 17:00:46,651 [INFO]   ✅ Added 781 OHLC records for 2082
2025-12-27 17:00:46,651 [INFO] [44/443] (9.9%) Processing 2083...
2025-12-27 17:00:47,356 [INFO]   ✅ Added 781 OHLC records for 2083
2025-12-27 17:00:47,357 [INFO] [45/443] (10.2%) Processing 2084...
2025-12-27 17:00:48,070 [INFO]   ✅ Added 781 OHLC records for 2084
2025-12-27 17:00:48,070 [INFO] [46/443] (10.4%) Processing 2090...
2025-12-27 17:00:48,777 [INFO]   ✅ Added 781 OHLC records for 2090
2025-12-27 17:00:48,777 [INFO] [47/443] (10.6%) Processing 2100...
2025-12-27 17:00:49,485 [INFO]   ✅ Added 781 OHLC records for 2100
2025-12-27 17:00:49,486 [INFO] [48/443] (10.8%) Processing 2110...
2025-12-27 17:00:50,203 [INFO]   ✅ Added 781 OHLC records for 2110
2025-12-27 17:00:50,203 [INFO] [49/443] (11.1%) Processing 2120...
2025-12-27 17:00:50,923 [INFO]   ✅ Added 781 OHLC records for 2120
2025-12-27 17:00:50,923 [INFO] [50/443] (11.3%) Processing 2130...
2025-12-27 17:00:51,641 [INFO]   ✅ Added 781 OHLC records for 2130
2025-12-27 17:00:51,641 [INFO]   📊 Progress: 39,050 total records added
2025-12-27 17:00:52,643 [INFO] [51/443] (11.5%) Processing 2140...
2025-12-27 17:00:53,361 [INFO]   ✅ Added 781 OHLC records for 2140
2025-12-27 17:00:53,361 [INFO] [52/443] (11.7%) Processing 2150...
2025-12-27 17:00:54,091 [INFO]   ✅ Added 781 OHLC records for 2150
2025-12-27 17:00:54,091 [INFO] [53/443] (12.0%) Processing 2160...
2025-12-27 17:00:54,811 [INFO]   ✅ Added 781 OHLC records for 2160
2025-12-27 17:00:54,812 [INFO] [54/443] (12.2%) Processing 2170...
2025-12-27 17:00:55,528 [INFO]   ✅ Added 781 OHLC records for 2170
2025-12-27 17:00:55,528 [INFO] [55/443] (12.4%) Processing 2180...
2025-12-27 17:00:56,241 [INFO]   ✅ Added 781 OHLC records for 2180
2025-12-27 17:00:56,241 [INFO] [56/443] (12.6%) Processing 2190...
2025-12-27 17:00:56,955 [INFO]   ✅ Added 781 OHLC records for 2190
2025-12-27 17:00:56,956 [INFO] [57/443] (12.9%) Processing 2200...
2025-12-27 17:00:57,677 [INFO]   ✅ Added 781 OHLC records for 2200
2025-12-27 17:00:57,677 [INFO] [58/443] (13.1%) Processing 2210...
2025-12-27 17:00:58,382 [INFO]   ✅ Added 781 OHLC records for 2210
2025-12-27 17:00:58,382 [INFO] [59/443] (13.3%) Processing 2220...
2025-12-27 17:00:59,100 [INFO]   ✅ Added 781 OHLC records for 2220
2025-12-27 17:00:59,100 [INFO] [60/443] (13.5%) Processing 2223...
2025-12-27 17:00:59,815 [INFO]   ✅ Added 781 OHLC records for 2223
2025-12-27 17:00:59,816 [INFO] [61/443] (13.8%) Processing 2230...
2025-12-27 17:01:00,545 [INFO]   ✅ Added 781 OHLC records for 2230
2025-12-27 17:01:00,545 [INFO] [62/443] (14.0%) Processing 2240...
2025-12-27 17:01:01,260 [INFO]   ✅ Added 781 OHLC records for 2240
2025-12-27 17:01:01,260 [INFO] [63/443] (14.2%) Processing 2250...
2025-12-27 17:01:01,986 [INFO]   ✅ Added 781 OHLC records for 2250
2025-12-27 17:01:01,986 [INFO] [64/443] (14.4%) Processing 2270...
2025-12-27 17:01:02,702 [INFO]   ✅ Added 781 OHLC records for 2270
2025-12-27 17:01:02,702 [INFO] [65/443] (14.7%) Processing 2280...
2025-12-27 17:01:03,414 [INFO]   ✅ Added 781 OHLC records for 2280
2025-12-27 17:01:03,415 [INFO] [66/443] (14.9%) Processing 2281...
2025-12-27 17:01:04,137 [INFO]   ✅ Added 781 OHLC records for 2281
2025-12-27 17:01:04,138 [INFO] [67/443] (15.1%) Processing 2282...
2025-12-27 17:01:04,854 [INFO]   ✅ Added 781 OHLC records for 2282
2025-12-27 17:01:04,855 [INFO] [68/443] (15.3%) Processing 2283...
2025-12-27 17:01:05,558 [INFO]   ✅ Added 781 OHLC records for 2283
2025-12-27 17:01:05,558 [INFO] [69/443] (15.6%) Processing 2284...
2025-12-27 17:01:06,269 [INFO]   ✅ Added 781 OHLC records for 2284
2025-12-27 17:01:06,269 [INFO] [70/443] (15.8%) Processing 2285...
2025-12-27 17:01:06,973 [INFO]   ✅ Added 781 OHLC records for 2285
2025-12-27 17:01:06,974 [INFO] [71/443] (16.0%) Processing 2286...
2025-12-27 17:01:07,688 [INFO]   ✅ Added 781 OHLC records for 2286
2025-12-27 17:01:07,688 [INFO] [72/443] (16.3%) Processing 2287...
2025-12-27 17:01:08,398 [INFO]   ✅ Added 781 OHLC records for 2287
2025-12-27 17:01:08,399 [INFO] [73/443] (16.5%) Processing 2300...
2025-12-27 17:01:09,095 [INFO]   ✅ Added 781 OHLC records for 2300
2025-12-27 17:01:09,095 [INFO] [74/443] (16.7%) Processing 2310...
2025-12-27 17:01:09,808 [INFO]   ✅ Added 781 OHLC records for 2310
2025-12-27 17:01:09,808 [INFO] [75/443] (16.9%) Processing 2320...
2025-12-27 17:01:10,510 [INFO]   ✅ Added 781 OHLC records for 2320
2025-12-27 17:01:10,511 [INFO] [76/443] (17.2%) Processing 2330...
2025-12-27 17:01:11,219 [INFO]   ✅ Added 781 OHLC records for 2330
2025-12-27 17:01:11,219 [INFO] [77/443] (17.4%) Processing 2340...
2025-12-27 17:01:11,946 [INFO]   ✅ Added 781 OHLC records for 2340
2025-12-27 17:01:11,946 [INFO] [78/443] (17.6%) Processing 2350...
2025-12-27 17:01:12,655 [INFO]   ✅ Added 781 OHLC records for 2350
2025-12-27 17:01:12,655 [INFO] [79/443] (17.8%) Processing 2360...
2025-12-27 17:01:13,360 [INFO]   ✅ Added 781 OHLC records for 2360
2025-12-27 17:01:13,360 [INFO] [80/443] (18.1%) Processing 2370...
2025-12-27 17:01:14,061 [INFO]   ✅ Added 781 OHLC records for 2370
2025-12-27 17:01:14,064 [INFO] [81/443] (18.3%) Processing 2380...
2025-12-27 17:01:14,774 [INFO]   ✅ Added 781 OHLC records for 2380
2025-12-27 17:01:14,775 [INFO] [82/443] (18.5%) Processing 2381...
2025-12-27 17:01:15,490 [INFO]   ✅ Added 781 OHLC records for 2381
2025-12-27 17:01:15,491 [INFO] [83/443] (18.7%) Processing 2382...
2025-12-27 17:01:16,212 [INFO]   ✅ Added 781 OHLC records for 2382
2025-12-27 17:01:16,212 [INFO] [84/443] (19.0%) Processing 3002...
2025-12-27 17:01:16,919 [INFO]   ✅ Added 781 OHLC records for 3002
2025-12-27 17:01:16,919 [INFO] [85/443] (19.2%) Processing 3003...
2025-12-27 17:01:17,643 [INFO]   ✅ Added 781 OHLC records for 3003
2025-12-27 17:01:17,644 [INFO] [86/443] (19.4%) Processing 3004...
2025-12-27 17:01:18,369 [INFO]   ✅ Added 781 OHLC records for 3004
2025-12-27 17:01:18,369 [INFO] [87/443] (19.6%) Processing 3005...
2025-12-27 17:01:19,080 [INFO]   ✅ Added 781 OHLC records for 3005
2025-12-27 17:01:19,080 [INFO] [88/443] (19.9%) Processing 3007...
2025-12-27 17:01:19,798 [INFO]   ✅ Added 781 OHLC records for 3007
2025-12-27 17:01:19,798 [INFO] [89/443] (20.1%) Processing 3008...
2025-12-27 17:01:20,530 [INFO]   ✅ Added 781 OHLC records for 3008
2025-12-27 17:01:20,530 [INFO] [90/443] (20.3%) Processing 3010...
2025-12-27 17:01:21,243 [INFO]   ✅ Added 781 OHLC records for 3010
2025-12-27 17:01:21,243 [INFO] [91/443] (20.5%) Processing 3020...
2025-12-27 17:01:21,965 [INFO]   ✅ Added 781 OHLC records for 3020
2025-12-27 17:01:21,965 [INFO] [92/443] (20.8%) Processing 3030...
2025-12-27 17:01:22,691 [INFO]   ✅ Added 781 OHLC records for 3030
2025-12-27 17:01:22,691 [INFO] [93/443] (21.0%) Processing 3040...
2025-12-27 17:01:23,409 [INFO]   ✅ Added 781 OHLC records for 3040
2025-12-27 17:01:23,410 [INFO] [94/443] (21.2%) Processing 3050...
2025-12-27 17:01:24,126 [INFO]   ✅ Added 781 OHLC records for 3050
2025-12-27 17:01:24,126 [INFO] [95/443] (21.4%) Processing 3060...
2025-12-27 17:01:24,851 [INFO]   ✅ Added 781 OHLC records for 3060
2025-12-27 17:01:24,851 [INFO] [96/443] (21.7%) Processing 3080...
2025-12-27 17:01:25,567 [INFO]   ✅ Added 781 OHLC records for 3080
2025-12-27 17:01:25,567 [INFO] [97/443] (21.9%) Processing 3090...
2025-12-27 17:01:26,296 [INFO]   ✅ Added 781 OHLC records for 3090
2025-12-27 17:01:26,297 [INFO] [98/443] (22.1%) Processing 3091...
2025-12-27 17:01:26,998 [INFO]   ✅ Added 781 OHLC records for 3091
2025-12-27 17:01:26,998 [INFO] [99/443] (22.3%) Processing 3092...
2025-12-27 17:01:27,709 [INFO]   ✅ Added 781 OHLC records for 3092
2025-12-27 17:01:27,709 [INFO] [100/443] (22.6%) Processing 4001...
2025-12-27 17:01:28,420 [INFO]   ✅ Added 781 OHLC records for 4001
2025-12-27 17:01:28,420 [INFO]   📊 Progress: 78,100 total records added
2025-12-27 17:01:29,421 [INFO] [101/443] (22.8%) Processing 4002...
2025-12-27 17:01:30,146 [INFO]   ✅ Added 781 OHLC records for 4002
2025-12-27 17:01:30,147 [INFO] [102/443] (23.0%) Processing 4003...
2025-12-27 17:01:30,867 [INFO]   ✅ Added 781 OHLC records for 4003
2025-12-27 17:01:30,868 [INFO] [103/443] (23.3%) Processing 4004...
2025-12-27 17:01:31,622 [INFO]   ✅ Added 781 OHLC records for 4004
2025-12-27 17:01:31,622 [INFO] [104/443] (23.5%) Processing 4005...
2025-12-27 17:01:32,341 [INFO]   ✅ Added 781 OHLC records for 4005
2025-12-27 17:01:32,342 [INFO] [105/443] (23.7%) Processing 4006...
2025-12-27 17:01:33,066 [INFO]   ✅ Added 781 OHLC records for 4006
2025-12-27 17:01:33,066 [INFO] [106/443] (23.9%) Processing 4007...
2025-12-27 17:01:33,789 [INFO]   ✅ Added 781 OHLC records for 4007
2025-12-27 17:01:33,789 [INFO] [107/443] (24.2%) Processing 4008...
2025-12-27 17:01:34,509 [INFO]   ✅ Added 781 OHLC records for 4008
2025-12-27 17:01:34,511 [INFO] [108/443] (24.4%) Processing 4009...
2025-12-27 17:01:35,234 [INFO]   ✅ Added 781 OHLC records for 4009
2025-12-27 17:01:35,234 [INFO] [109/443] (24.6%) Processing 4011...
2025-12-27 17:01:35,953 [INFO]   ✅ Added 781 OHLC records for 4011
2025-12-27 17:01:35,953 [INFO] [110/443] (24.8%) Processing 4012...
2025-12-27 17:01:36,657 [INFO]   ✅ Added 781 OHLC records for 4012
2025-12-27 17:01:36,657 [INFO] [111/443] (25.1%) Processing 4013...
2025-12-27 17:01:37,375 [INFO]   ✅ Added 781 OHLC records for 4013
2025-12-27 17:01:37,375 [INFO] [112/443] (25.3%) Processing 4014...
2025-12-27 17:01:38,091 [INFO]   ✅ Added 781 OHLC records for 4014
2025-12-27 17:01:38,091 [INFO] [113/443] (25.5%) Processing 4015...
2025-12-27 17:01:38,806 [INFO]   ✅ Added 781 OHLC records for 4015
2025-12-27 17:01:38,807 [INFO] [114/443] (25.7%) Processing 4016...
2025-12-27 17:01:39,525 [INFO]   ✅ Added 781 OHLC records for 4016
2025-12-27 17:01:39,525 [INFO] [115/443] (26.0%) Processing 4017...
2025-12-27 17:01:40,244 [INFO]   ✅ Added 781 OHLC records for 4017
2025-12-27 17:01:40,245 [INFO] [116/443] (26.2%) Processing 4018...
2025-12-27 17:01:40,961 [INFO]   ✅ Added 781 OHLC records for 4018
2025-12-27 17:01:40,961 [INFO] [117/443] (26.4%) Processing 4019...
2025-12-27 17:01:41,689 [INFO]   ✅ Added 781 OHLC records for 4019
2025-12-27 17:01:41,690 [INFO] [118/443] (26.6%) Processing 4020...
2025-12-27 17:01:42,413 [INFO]   ✅ Added 781 OHLC records for 4020
2025-12-27 17:01:42,414 [INFO] [119/443] (26.9%) Processing 4021...
2025-12-27 17:01:43,139 [INFO]   ✅ Added 781 OHLC records for 4021
2025-12-27 17:01:43,139 [INFO] [120/443] (27.1%) Processing 4030...
2025-12-27 17:01:43,853 [INFO]   ✅ Added 781 OHLC records for 4030
2025-12-27 17:01:43,853 [INFO] [121/443] (27.3%) Processing 4031...
2025-12-27 17:01:44,577 [INFO]   ✅ Added 781 OHLC records for 4031
2025-12-27 17:01:44,578 [INFO] [122/443] (27.5%) Processing 4040...
2025-12-27 17:01:45,305 [INFO]   ✅ Added 781 OHLC records for 4040
2025-12-27 17:01:45,306 [INFO] [123/443] (27.8%) Processing 4050...
2025-12-27 17:01:46,025 [INFO]   ✅ Added 781 OHLC records for 4050
2025-12-27 17:01:46,025 [INFO] [124/443] (28.0%) Processing 4051...
2025-12-27 17:01:46,758 [INFO]   ✅ Added 781 OHLC records for 4051
2025-12-27 17:01:46,759 [INFO] [125/443] (28.2%) Processing 4061...
2025-12-27 17:01:47,485 [INFO]   ✅ Added 781 OHLC records for 4061
2025-12-27 17:01:47,486 [INFO] [126/443] (28.4%) Processing 4070...
2025-12-27 17:01:48,205 [INFO]   ✅ Added 781 OHLC records for 4070
2025-12-27 17:01:48,205 [INFO] [127/443] (28.7%) Processing 4071...
2025-12-27 17:01:48,906 [INFO]   ✅ Added 781 OHLC records for 4071
2025-12-27 17:01:48,907 [INFO] [128/443] (28.9%) Processing 4072...
2025-12-27 17:01:49,621 [INFO]   ✅ Added 781 OHLC records for 4072
2025-12-27 17:01:49,621 [INFO] [129/443] (29.1%) Processing 4080...
2025-12-27 17:01:50,317 [INFO]   ✅ Added 781 OHLC records for 4080
2025-12-27 17:01:50,318 [INFO] [130/443] (29.3%) Processing 4081...
2025-12-27 17:01:51,031 [INFO]   ✅ Added 781 OHLC records for 4081
2025-12-27 17:01:51,031 [INFO] [131/443] (29.6%) Processing 4082...
2025-12-27 17:01:51,751 [INFO]   ✅ Added 781 OHLC records for 4082
2025-12-27 17:01:51,752 [INFO] [132/443] (29.8%) Processing 4083...
2025-12-27 17:01:52,469 [INFO]   ✅ Added 781 OHLC records for 4083
2025-12-27 17:01:52,469 [INFO] [133/443] (30.0%) Processing 4084...
2025-12-27 17:01:53,176 [INFO]   ✅ Added 781 OHLC records for 4084
2025-12-27 17:01:53,176 [INFO] [134/443] (30.2%) Processing 4090...
2025-12-27 17:01:53,882 [INFO]   ✅ Added 781 OHLC records for 4090
2025-12-27 17:01:53,882 [INFO] [135/443] (30.5%) Processing 4100...
2025-12-27 17:01:54,601 [INFO]   ✅ Added 781 OHLC records for 4100
2025-12-27 17:01:54,601 [INFO] [136/443] (30.7%) Processing 4110...
2025-12-27 17:01:55,332 [INFO]   ✅ Added 781 OHLC records for 4110
2025-12-27 17:01:55,332 [INFO] [137/443] (30.9%) Processing 4130...
2025-12-27 17:01:56,068 [INFO]   ✅ Added 781 OHLC records for 4130
2025-12-27 17:01:56,068 [INFO] [138/443] (31.2%) Processing 4140...
2025-12-27 17:01:56,811 [INFO]   ✅ Added 781 OHLC records for 4140
2025-12-27 17:01:56,811 [INFO] [139/443] (31.4%) Processing 4141...
2025-12-27 17:01:57,538 [INFO]   ✅ Added 781 OHLC records for 4141
2025-12-27 17:01:57,539 [INFO] [140/443] (31.6%) Processing 4142...
2025-12-27 17:01:58,260 [INFO]   ✅ Added 781 OHLC records for 4142
2025-12-27 17:01:58,260 [INFO] [141/443] (31.8%) Processing 4143...
2025-12-27 17:01:58,971 [INFO]   ✅ Added 781 OHLC records for 4143
2025-12-27 17:01:58,972 [INFO] [142/443] (32.1%) Processing 4144...
2025-12-27 17:01:59,688 [INFO]   ✅ Added 781 OHLC records for 4144
2025-12-27 17:01:59,688 [INFO] [143/443] (32.3%) Processing 4145...
2025-12-27 17:02:00,409 [INFO]   ✅ Added 781 OHLC records for 4145
2025-12-27 17:02:00,409 [INFO] [144/443] (32.5%) Processing 4146...
2025-12-27 17:02:01,128 [INFO]   ✅ Added 781 OHLC records for 4146
2025-12-27 17:02:01,129 [INFO] [145/443] (32.7%) Processing 4150...
2025-12-27 17:02:01,845 [INFO]   ✅ Added 781 OHLC records for 4150
2025-12-27 17:02:01,845 [INFO] [146/443] (33.0%) Processing 4160...
2025-12-27 17:02:02,564 [INFO]   ✅ Added 781 OHLC records for 4160
2025-12-27 17:02:02,565 [INFO] [147/443] (33.2%) Processing 4161...
2025-12-27 17:02:03,285 [INFO]   ✅ Added 781 OHLC records for 4161
2025-12-27 17:02:03,285 [INFO] [148/443] (33.4%) Processing 4162...
2025-12-27 17:02:03,993 [INFO]   ✅ Added 781 OHLC records for 4162
2025-12-27 17:02:03,994 [INFO] [149/443] (33.6%) Processing 4163...
2025-12-27 17:02:04,707 [INFO]   ✅ Added 781 OHLC records for 4163
2025-12-27 17:02:04,707 [INFO] [150/443] (33.9%) Processing 4164...
2025-12-27 17:02:05,429 [INFO]   ✅ Added 781 OHLC records for 4164
2025-12-27 17:02:05,429 [INFO]   📊 Progress: 117,150 total records added
2025-12-27 17:02:06,431 [INFO] [151/443] (34.1%) Processing 4165...
2025-12-27 17:02:07,159 [INFO]   ✅ Added 781 OHLC records for 4165
2025-12-27 17:02:07,159 [INFO] [152/443] (34.3%) Processing 4170...
2025-12-27 17:02:07,890 [INFO]   ✅ Added 781 OHLC records for 4170
2025-12-27 17:02:07,891 [INFO] [153/443] (34.5%) Processing 4180...
2025-12-27 17:02:08,614 [INFO]   ✅ Added 781 OHLC records for 4180
2025-12-27 17:02:08,614 [INFO] [154/443] (34.8%) Processing 4191...
2025-12-27 17:02:09,326 [INFO]   ✅ Added 781 OHLC records for 4191
2025-12-27 17:02:09,326 [INFO] [155/443] (35.0%) Processing 4192...
2025-12-27 17:02:10,041 [INFO]   ✅ Added 781 OHLC records for 4192
2025-12-27 17:02:10,042 [INFO] [156/443] (35.2%) Processing 4193...
2025-12-27 17:02:10,761 [INFO]   ✅ Added 781 OHLC records for 4193
2025-12-27 17:02:10,761 [INFO] [157/443] (35.4%) Processing 4194...
2025-12-27 17:02:11,475 [INFO]   ✅ Added 781 OHLC records for 4194
2025-12-27 17:02:11,476 [INFO] [158/443] (35.7%) Processing 4200...
2025-12-27 17:02:12,184 [INFO]   ✅ Added 781 OHLC records for 4200
2025-12-27 17:02:12,184 [INFO] [159/443] (35.9%) Processing 4210...
2025-12-27 17:02:12,890 [INFO]   ✅ Added 781 OHLC records for 4210
2025-12-27 17:02:12,890 [INFO] [160/443] (36.1%) Processing 4220...
2025-12-27 17:02:13,617 [INFO]   ✅ Added 781 OHLC records for 4220
2025-12-27 17:02:13,617 [INFO] [161/443] (36.3%) Processing 4230...
2025-12-27 17:02:14,339 [INFO]   ✅ Added 781 OHLC records for 4230
2025-12-27 17:02:14,339 [INFO] [162/443] (36.6%) Processing 4240...
2025-12-27 17:02:15,064 [INFO]   ✅ Added 781 OHLC records for 4240
2025-12-27 17:02:15,064 [INFO] [163/443] (36.8%) Processing 4250...
2025-12-27 17:02:15,768 [INFO]   ✅ Added 781 OHLC records for 4250
2025-12-27 17:02:15,769 [INFO] [164/443] (37.0%) Processing 4260...
2025-12-27 17:02:16,484 [INFO]   ✅ Added 781 OHLC records for 4260
2025-12-27 17:02:16,485 [INFO] [165/443] (37.2%) Processing 4261...
2025-12-27 17:02:17,196 [INFO]   ✅ Added 781 OHLC records for 4261
2025-12-27 17:02:17,196 [INFO] [166/443] (37.5%) Processing 4262...
2025-12-27 17:02:17,906 [INFO]   ✅ Added 781 OHLC records for 4262
2025-12-27 17:02:17,906 [INFO] [167/443] (37.7%) Processing 4263...
2025-12-27 17:02:18,592 [INFO]   ✅ Added 781 OHLC records for 4263
2025-12-27 17:02:18,592 [INFO] [168/443] (37.9%) Processing 4264...
2025-12-27 17:02:19,296 [INFO]   ✅ Added 781 OHLC records for 4264
2025-12-27 17:02:19,296 [INFO] [169/443] (38.1%) Processing 4265...
2025-12-27 17:02:20,011 [INFO]   ✅ Added 781 OHLC records for 4265
2025-12-27 17:02:20,011 [INFO] [170/443] (38.4%) Processing 4270...
2025-12-27 17:02:20,732 [INFO]   ✅ Added 781 OHLC records for 4270
2025-12-27 17:02:20,732 [INFO] [171/443] (38.6%) Processing 4280...
2025-12-27 17:02:21,439 [INFO]   ✅ Added 781 OHLC records for 4280
2025-12-27 17:02:21,440 [INFO] [172/443] (38.8%) Processing 4290...
2025-12-27 17:02:22,153 [INFO]   ✅ Added 781 OHLC records for 4290
2025-12-27 17:02:22,154 [INFO] [173/443] (39.1%) Processing 4291...
2025-12-27 17:02:22,876 [INFO]   ✅ Added 781 OHLC records for 4291
2025-12-27 17:02:22,876 [INFO] [174/443] (39.3%) Processing 4292...
2025-12-27 17:02:23,578 [INFO]   ✅ Added 781 OHLC records for 4292
2025-12-27 17:02:23,579 [INFO] [175/443] (39.5%) Processing 4300...
2025-12-27 17:02:24,300 [INFO]   ✅ Added 781 OHLC records for 4300
2025-12-27 17:02:24,300 [INFO] [176/443] (39.7%) Processing 4310...
2025-12-27 17:02:25,026 [INFO]   ✅ Added 781 OHLC records for 4310
2025-12-27 17:02:25,026 [INFO] [177/443] (40.0%) Processing 4320...
2025-12-27 17:02:25,756 [INFO]   ✅ Added 781 OHLC records for 4320
2025-12-27 17:02:25,756 [INFO] [178/443] (40.2%) Processing 4321...
2025-12-27 17:02:26,473 [INFO]   ✅ Added 781 OHLC records for 4321
2025-12-27 17:02:26,473 [INFO] [179/443] (40.4%) Processing 4322...
2025-12-27 17:02:27,202 [INFO]   ✅ Added 781 OHLC records for 4322
2025-12-27 17:02:27,203 [INFO] [180/443] (40.6%) Processing 4323...
2025-12-27 17:02:27,926 [INFO]   ✅ Added 781 OHLC records for 4323
2025-12-27 17:02:27,926 [INFO] [181/443] (40.9%) Processing 4324...
2025-12-27 17:02:28,670 [INFO]   ✅ Added 781 OHLC records for 4324
2025-12-27 17:02:28,670 [INFO] [182/443] (41.1%) Processing 4325...
2025-12-27 17:02:29,402 [INFO]   ✅ Added 781 OHLC records for 4325
2025-12-27 17:02:29,403 [INFO] [183/443] (41.3%) Processing 4326...
2025-12-27 17:02:30,138 [INFO]   ✅ Added 781 OHLC records for 4326
2025-12-27 17:02:30,138 [INFO] [184/443] (41.5%) Processing 4327...
2025-12-27 17:02:31,165 [INFO]   ✅ Added 781 OHLC records for 4327
2025-12-27 17:02:31,165 [INFO] [185/443] (41.8%) Processing 4330...
2025-12-27 17:02:33,467 [INFO]   ✅ Added 781 OHLC records for 4330
2025-12-27 17:02:33,468 [INFO] [186/443] (42.0%) Processing 4331...
2025-12-27 17:02:34,285 [INFO]   ✅ Added 781 OHLC records for 4331
2025-12-27 17:02:34,285 [INFO] [187/443] (42.2%) Processing 4332...
2025-12-27 17:02:35,156 [INFO]   ✅ Added 781 OHLC records for 4332
2025-12-27 17:02:35,157 [INFO] [188/443] (42.4%) Processing 4333...
2025-12-27 17:02:35,953 [INFO]   ✅ Added 781 OHLC records for 4333
2025-12-27 17:02:35,954 [INFO] [189/443] (42.7%) Processing 4334...
2025-12-27 17:02:36,681 [INFO]   ✅ Added 781 OHLC records for 4334
2025-12-27 17:02:36,682 [INFO] [190/443] (42.9%) Processing 4335...
2025-12-27 17:02:37,416 [INFO]   ✅ Added 781 OHLC records for 4335
2025-12-27 17:02:37,417 [INFO] [191/443] (43.1%) Processing 4336...
2025-12-27 17:02:38,151 [INFO]   ✅ Added 781 OHLC records for 4336
2025-12-27 17:02:38,151 [INFO] [192/443] (43.3%) Processing 4337...
2025-12-27 17:02:38,869 [INFO]   ✅ Added 781 OHLC records for 4337
2025-12-27 17:02:38,869 [INFO] [193/443] (43.6%) Processing 4338...
2025-12-27 17:02:39,584 [INFO]   ✅ Added 781 OHLC records for 4338
2025-12-27 17:02:39,584 [INFO] [194/443] (43.8%) Processing 4339...
2025-12-27 17:02:40,306 [INFO]   ✅ Added 781 OHLC records for 4339
2025-12-27 17:02:40,306 [INFO] [195/443] (44.0%) Processing 4340...
2025-12-27 17:02:41,041 [INFO]   ✅ Added 781 OHLC records for 4340
2025-12-27 17:02:41,042 [INFO] [196/443] (44.2%) Processing 4342...
2025-12-27 17:02:41,763 [INFO]   ✅ Added 781 OHLC records for 4342
2025-12-27 17:02:41,763 [INFO] [197/443] (44.5%) Processing 4344...
2025-12-27 17:02:42,524 [INFO]   ✅ Added 781 OHLC records for 4344
2025-12-27 17:02:42,525 [INFO] [198/443] (44.7%) Processing 4345...
2025-12-27 17:02:43,630 [INFO]   ✅ Added 781 OHLC records for 4345
2025-12-27 17:02:43,630 [INFO] [199/443] (44.9%) Processing 4346...
2025-12-27 17:02:46,577 [INFO]   ✅ Added 781 OHLC records for 4346
2025-12-27 17:02:46,578 [INFO] [200/443] (45.1%) Processing 4347...
2025-12-27 17:02:47,331 [INFO]   ✅ Added 781 OHLC records for 4347
2025-12-27 17:02:47,332 [INFO]   📊 Progress: 156,200 total records added
2025-12-27 17:02:48,333 [INFO] [201/443] (45.4%) Processing 4348...
2025-12-27 17:02:49,075 [INFO]   ✅ Added 781 OHLC records for 4348
2025-12-27 17:02:49,076 [INFO] [202/443] (45.6%) Processing 4349...
2025-12-27 17:02:49,825 [INFO]   ✅ Added 781 OHLC records for 4349
2025-12-27 17:02:49,825 [INFO] [203/443] (45.8%) Processing 4350...
2025-12-27 17:02:50,537 [INFO]   ✅ Added 781 OHLC records for 4350
2025-12-27 17:02:50,538 [INFO] [204/443] (46.0%) Processing 4700...
2025-12-27 17:02:51,258 [INFO]   ✅ Added 781 OHLC records for 4700
2025-12-27 17:02:51,259 [INFO] [205/443] (46.3%) Processing 4701...
2025-12-27 17:02:51,974 [INFO]   ✅ Added 781 OHLC records for 4701
2025-12-27 17:02:51,974 [INFO] [206/443] (46.5%) Processing 4702...
2025-12-27 17:02:52,694 [INFO]   ✅ Added 781 OHLC records for 4702
2025-12-27 17:02:52,695 [INFO] [207/443] (46.7%) Processing 4703...
2025-12-27 17:02:53,416 [INFO]   ✅ Added 781 OHLC records for 4703
2025-12-27 17:02:53,417 [INFO] [208/443] (47.0%) Processing 5015...
2025-12-27 17:02:54,141 [INFO]   ✅ Added 781 OHLC records for 5015
2025-12-27 17:02:54,141 [INFO] [209/443] (47.2%) Processing 5019...
2025-12-27 17:02:54,857 [INFO]   ✅ Added 781 OHLC records for 5019
2025-12-27 17:02:54,858 [INFO] [210/443] (47.4%) Processing 5021...
2025-12-27 17:02:55,577 [INFO]   ✅ Added 781 OHLC records for 5021
2025-12-27 17:02:55,577 [INFO] [211/443] (47.6%) Processing 5022...
2025-12-27 17:02:56,293 [INFO]   ✅ Added 781 OHLC records for 5022
2025-12-27 17:02:56,293 [INFO] [212/443] (47.9%) Processing 5023...
2025-12-27 17:02:57,014 [INFO]   ✅ Added 781 OHLC records for 5023
2025-12-27 17:02:57,014 [INFO] [213/443] (48.1%) Processing 5110...
2025-12-27 17:02:57,730 [INFO]   ✅ Added 781 OHLC records for 5110
2025-12-27 17:02:57,731 [INFO] [214/443] (48.3%) Processing 5214...
2025-12-27 17:02:58,445 [INFO]   ✅ Added 781 OHLC records for 5214
2025-12-27 17:02:58,445 [INFO] [215/443] (48.5%) Processing 5216...
2025-12-27 17:02:59,161 [INFO]   ✅ Added 781 OHLC records for 5216
2025-12-27 17:02:59,162 [INFO] [216/443] (48.8%) Processing 5221...
2025-12-27 17:02:59,874 [INFO]   ✅ Added 781 OHLC records for 5221
2025-12-27 17:02:59,874 [INFO] [217/443] (49.0%) Processing 5227...
2025-12-27 17:03:00,584 [INFO]   ✅ Added 781 OHLC records for 5227
2025-12-27 17:03:00,584 [INFO] [218/443] (49.2%) Processing 5243...
2025-12-27 17:03:01,299 [INFO]   ✅ Added 781 OHLC records for 5243
2025-12-27 17:03:01,299 [INFO] [219/443] (49.4%) Processing 5245...
2025-12-27 17:03:02,010 [INFO]   ✅ Added 781 OHLC records for 5245
2025-12-27 17:03:02,010 [INFO] [220/443] (49.7%) Processing 5246...
2025-12-27 17:03:02,731 [INFO]   ✅ Added 781 OHLC records for 5246
2025-12-27 17:03:02,731 [INFO] [221/443] (49.9%) Processing 5247...
2025-12-27 17:03:03,443 [INFO]   ✅ Added 781 OHLC records for 5247
2025-12-27 17:03:03,444 [INFO] [222/443] (50.1%) Processing 5249...
2025-12-27 17:03:04,159 [INFO]   ✅ Added 781 OHLC records for 5249
2025-12-27 17:03:04,159 [INFO] [223/443] (50.3%) Processing 5250...
2025-12-27 17:03:04,860 [INFO]   ✅ Added 781 OHLC records for 5250
2025-12-27 17:03:04,860 [INFO] [224/443] (50.6%) Processing 5251...
2025-12-27 17:03:05,562 [INFO]   ✅ Added 781 OHLC records for 5251
2025-12-27 17:03:05,563 [INFO] [225/443] (50.8%) Processing 5252...
2025-12-27 17:03:06,280 [INFO]   ✅ Added 781 OHLC records for 5252
2025-12-27 17:03:06,280 [INFO] [226/443] (51.0%) Processing 5253...
2025-12-27 17:03:06,993 [INFO]   ✅ Added 781 OHLC records for 5253
2025-12-27 17:03:06,994 [INFO] [227/443] (51.2%) Processing 5254...
2025-12-27 17:03:07,713 [INFO]   ✅ Added 781 OHLC records for 5254
2025-12-27 17:03:07,714 [INFO] [228/443] (51.5%) Processing 5267...
2025-12-27 17:03:08,417 [INFO]   ✅ Added 781 OHLC records for 5267
2025-12-27 17:03:08,418 [INFO] [229/443] (51.7%) Processing 5272...
2025-12-27 17:03:09,129 [INFO]   ✅ Added 781 OHLC records for 5272
2025-12-27 17:03:09,129 [INFO] [230/443] (51.9%) Processing 5273...
2025-12-27 17:03:09,839 [INFO]   ✅ Added 781 OHLC records for 5273
2025-12-27 17:03:09,839 [INFO] [231/443] (52.1%) Processing 5274...
2025-12-27 17:03:10,558 [INFO]   ✅ Added 781 OHLC records for 5274
2025-12-27 17:03:10,558 [INFO] [232/443] (52.4%) Processing 5280...
2025-12-27 17:03:11,274 [INFO]   ✅ Added 781 OHLC records for 5280
2025-12-27 17:03:11,274 [INFO] [233/443] (52.6%) Processing 5282...
2025-12-27 17:03:11,990 [INFO]   ✅ Added 781 OHLC records for 5282
2025-12-27 17:03:11,991 [INFO] [234/443] (52.8%) Processing 5283...
2025-12-27 17:03:12,716 [INFO]   ✅ Added 781 OHLC records for 5283
2025-12-27 17:03:12,716 [INFO] [235/443] (53.0%) Processing 5284...
2025-12-27 17:03:13,430 [INFO]   ✅ Added 781 OHLC records for 5284
2025-12-27 17:03:13,430 [INFO] [236/443] (53.3%) Processing 5285...
2025-12-27 17:03:14,145 [INFO]   ✅ Added 781 OHLC records for 5285
2025-12-27 17:03:14,146 [INFO] [237/443] (53.5%) Processing 5301...
2025-12-27 17:03:14,861 [INFO]   ✅ Added 781 OHLC records for 5301
2025-12-27 17:03:14,862 [INFO] [238/443] (53.7%) Processing 5303...
2025-12-27 17:03:15,577 [INFO]   ✅ Added 781 OHLC records for 5303
2025-12-27 17:03:15,578 [INFO] [239/443] (54.0%) Processing 5306...
2025-12-27 17:03:16,284 [INFO]   ✅ Added 781 OHLC records for 5306
2025-12-27 17:03:16,285 [INFO] [240/443] (54.2%) Processing 5308...
2025-12-27 17:03:17,004 [INFO]   ✅ Added 781 OHLC records for 5308
2025-12-27 17:03:17,005 [INFO] [241/443] (54.4%) Processing 5311...
2025-12-27 17:03:17,735 [INFO]   ✅ Added 781 OHLC records for 5311
2025-12-27 17:03:17,735 [INFO] [242/443] (54.6%) Processing 5312...
2025-12-27 17:03:18,466 [INFO]   ✅ Added 781 OHLC records for 5312
2025-12-27 17:03:18,466 [INFO] [243/443] (54.9%) Processing 5313...
2025-12-27 17:03:19,180 [INFO]   ✅ Added 781 OHLC records for 5313
2025-12-27 17:03:19,180 [INFO] [244/443] (55.1%) Processing 5318...
2025-12-27 17:03:19,899 [INFO]   ✅ Added 781 OHLC records for 5318
2025-12-27 17:03:19,899 [INFO] [245/443] (55.3%) Processing 5320...
2025-12-27 17:03:20,612 [INFO]   ✅ Added 781 OHLC records for 5320
2025-12-27 17:03:20,613 [INFO] [246/443] (55.5%) Processing 5321...
2025-12-27 17:03:21,318 [INFO]   ✅ Added 781 OHLC records for 5321
2025-12-27 17:03:21,318 [INFO] [247/443] (55.8%) Processing 5323...
2025-12-27 17:03:22,017 [INFO]   ✅ Added 781 OHLC records for 5323
2025-12-27 17:03:22,018 [INFO] [248/443] (56.0%) Processing 5332...
2025-12-27 17:03:22,745 [INFO]   ✅ Added 781 OHLC records for 5332
2025-12-27 17:03:22,746 [INFO] [249/443] (56.2%) Processing 5333...
2025-12-27 17:03:23,459 [INFO]   ✅ Added 781 OHLC records for 5333
2025-12-27 17:03:23,460 [INFO] [250/443] (56.4%) Processing 5334...
2025-12-27 17:03:24,177 [INFO]   ✅ Added 781 OHLC records for 5334
2025-12-27 17:03:24,177 [INFO]   📊 Progress: 195,250 total records added
2025-12-27 17:03:25,179 [INFO] [251/443] (56.7%) Processing 5336...
2025-12-27 17:03:25,897 [INFO]   ✅ Added 781 OHLC records for 5336
2025-12-27 17:03:25,898 [INFO] [252/443] (56.9%) Processing 5338...
2025-12-27 17:03:26,622 [INFO]   ✅ Added 781 OHLC records for 5338
2025-12-27 17:03:26,622 [INFO] [253/443] (57.1%) Processing 5339...
2025-12-27 17:03:27,350 [INFO]   ✅ Added 781 OHLC records for 5339
2025-12-27 17:03:27,351 [INFO] [254/443] (57.3%) Processing 5343...
2025-12-27 17:03:28,079 [INFO]   ✅ Added 781 OHLC records for 5343
2025-12-27 17:03:28,079 [INFO] [255/443] (57.6%) Processing 5344...
2025-12-27 17:03:28,777 [INFO]   ✅ Added 781 OHLC records for 5344
2025-12-27 17:03:28,778 [INFO] [256/443] (57.8%) Processing 6001...
2025-12-27 17:03:29,495 [INFO]   ✅ Added 781 OHLC records for 6001
2025-12-27 17:03:29,495 [INFO] [257/443] (58.0%) Processing 6002...
2025-12-27 17:03:30,218 [INFO]   ✅ Added 781 OHLC records for 6002
2025-12-27 17:03:30,219 [INFO] [258/443] (58.2%) Processing 6004...
2025-12-27 17:03:30,935 [INFO]   ✅ Added 781 OHLC records for 6004
2025-12-27 17:03:30,935 [INFO] [259/443] (58.5%) Processing 6010...
2025-12-27 17:03:31,660 [INFO]   ✅ Added 781 OHLC records for 6010
2025-12-27 17:03:31,660 [INFO] [260/443] (58.7%) Processing 6012...
2025-12-27 17:03:32,378 [INFO]   ✅ Added 781 OHLC records for 6012
2025-12-27 17:03:32,379 [INFO] [261/443] (58.9%) Processing 6013...
2025-12-27 17:03:33,088 [INFO]   ✅ Added 781 OHLC records for 6013
2025-12-27 17:03:33,089 [INFO] [262/443] (59.1%) Processing 6014...
2025-12-27 17:03:33,807 [INFO]   ✅ Added 781 OHLC records for 6014
2025-12-27 17:03:33,808 [INFO] [263/443] (59.4%) Processing 6015...
2025-12-27 17:03:34,535 [INFO]   ✅ Added 781 OHLC records for 6015
2025-12-27 17:03:34,535 [INFO] [264/443] (59.6%) Processing 6016...
2025-12-27 17:03:35,249 [INFO]   ✅ Added 781 OHLC records for 6016
2025-12-27 17:03:35,250 [INFO] [265/443] (59.8%) Processing 6017...
2025-12-27 17:03:35,954 [INFO]   ✅ Added 781 OHLC records for 6017
2025-12-27 17:03:35,955 [INFO] [266/443] (60.0%) Processing 6018...
2025-12-27 17:03:36,667 [INFO]   ✅ Added 781 OHLC records for 6018
2025-12-27 17:03:36,668 [INFO] [267/443] (60.3%) Processing 6019...
2025-12-27 17:03:37,365 [INFO]   ✅ Added 781 OHLC records for 6019
2025-12-27 17:03:37,365 [INFO] [268/443] (60.5%) Processing 6020...
2025-12-27 17:03:38,077 [INFO]   ✅ Added 781 OHLC records for 6020
2025-12-27 17:03:38,078 [INFO] [269/443] (60.7%) Processing 6040...
2025-12-27 17:03:38,808 [INFO]   ✅ Added 781 OHLC records for 6040
2025-12-27 17:03:38,808 [INFO] [270/443] (60.9%) Processing 6050...
2025-12-27 17:03:39,531 [INFO]   ✅ Added 781 OHLC records for 6050
2025-12-27 17:03:39,532 [INFO] [271/443] (61.2%) Processing 6060...
2025-12-27 17:03:40,256 [INFO]   ✅ Added 781 OHLC records for 6060
2025-12-27 17:03:40,257 [INFO] [272/443] (61.4%) Processing 6070...
2025-12-27 17:03:40,971 [INFO]   ✅ Added 781 OHLC records for 6070
2025-12-27 17:03:40,972 [INFO] [273/443] (61.6%) Processing 6090...
2025-12-27 17:03:41,684 [INFO]   ✅ Added 781 OHLC records for 6090
2025-12-27 17:03:41,685 [INFO] [274/443] (61.9%) Processing 7020...
2025-12-27 17:03:42,400 [INFO]   ✅ Added 781 OHLC records for 7020
2025-12-27 17:03:42,401 [INFO] [275/443] (62.1%) Processing 7030...
2025-12-27 17:03:43,115 [INFO]   ✅ Added 781 OHLC records for 7030
2025-12-27 17:03:43,115 [INFO] [276/443] (62.3%) Processing 7040...
2025-12-27 17:03:43,839 [INFO]   ✅ Added 781 OHLC records for 7040
2025-12-27 17:03:43,839 [INFO] [277/443] (62.5%) Processing 7201...
2025-12-27 17:03:44,561 [INFO]   ✅ Added 781 OHLC records for 7201
2025-12-27 17:03:44,562 [INFO] [278/443] (62.8%) Processing 7202...
2025-12-27 17:03:45,286 [INFO]   ✅ Added 781 OHLC records for 7202
2025-12-27 17:03:45,286 [INFO] [279/443] (63.0%) Processing 7203...
2025-12-27 17:03:45,997 [INFO]   ✅ Added 781 OHLC records for 7203
2025-12-27 17:03:45,997 [INFO] [280/443] (63.2%) Processing 7204...
2025-12-27 17:03:46,722 [INFO]   ✅ Added 781 OHLC records for 7204
2025-12-27 17:03:46,722 [INFO] [281/443] (63.4%) Processing 7211...
2025-12-27 17:03:47,444 [INFO]   ✅ Added 781 OHLC records for 7211
2025-12-27 17:03:47,445 [INFO] [282/443] (63.7%) Processing 8010...
2025-12-27 17:03:48,162 [INFO]   ✅ Added 781 OHLC records for 8010
2025-12-27 17:03:48,163 [INFO] [283/443] (63.9%) Processing 8012...
2025-12-27 17:03:48,867 [INFO]   ✅ Added 781 OHLC records for 8012
2025-12-27 17:03:48,867 [INFO] [284/443] (64.1%) Processing 8020...
2025-12-27 17:03:49,582 [INFO]   ✅ Added 781 OHLC records for 8020
2025-12-27 17:03:49,582 [INFO] [285/443] (64.3%) Processing 8030...
2025-12-27 17:03:50,293 [INFO]   ✅ Added 781 OHLC records for 8030
2025-12-27 17:03:50,293 [INFO] [286/443] (64.6%) Processing 8040...
2025-12-27 17:03:51,005 [INFO]   ✅ Added 781 OHLC records for 8040
2025-12-27 17:03:51,005 [INFO] [287/443] (64.8%) Processing 8050...
2025-12-27 17:03:51,717 [INFO]   ✅ Added 781 OHLC records for 8050
2025-12-27 17:03:51,717 [INFO] [288/443] (65.0%) Processing 8060...
2025-12-27 17:03:52,427 [INFO]   ✅ Added 781 OHLC records for 8060
2025-12-27 17:03:52,427 [INFO] [289/443] (65.2%) Processing 8070...
2025-12-27 17:03:53,137 [INFO]   ✅ Added 781 OHLC records for 8070
2025-12-27 17:03:53,137 [INFO] [290/443] (65.5%) Processing 8100...
2025-12-27 17:03:53,856 [INFO]   ✅ Added 781 OHLC records for 8100
2025-12-27 17:03:53,856 [INFO] [291/443] (65.7%) Processing 8120...
2025-12-27 17:03:54,570 [INFO]   ✅ Added 781 OHLC records for 8120
2025-12-27 17:03:54,570 [INFO] [292/443] (65.9%) Processing 8150...
2025-12-27 17:03:55,277 [INFO]   ✅ Added 781 OHLC records for 8150
2025-12-27 17:03:55,277 [INFO] [293/443] (66.1%) Processing 8160...
2025-12-27 17:03:55,996 [INFO]   ✅ Added 781 OHLC records for 8160
2025-12-27 17:03:55,996 [INFO] [294/443] (66.4%) Processing 8170...
2025-12-27 17:03:56,710 [INFO]   ✅ Added 781 OHLC records for 8170
2025-12-27 17:03:56,710 [INFO] [295/443] (66.6%) Processing 8180...
2025-12-27 17:03:57,429 [INFO]   ✅ Added 781 OHLC records for 8180
2025-12-27 17:03:57,429 [INFO] [296/443] (66.8%) Processing 8190...
2025-12-27 17:03:58,142 [INFO]   ✅ Added 781 OHLC records for 8190
2025-12-27 17:03:58,142 [INFO] [297/443] (67.0%) Processing 8200...
2025-12-27 17:03:58,857 [INFO]   ✅ Added 781 OHLC records for 8200
2025-12-27 17:03:58,857 [INFO] [298/443] (67.3%) Processing 8210...
2025-12-27 17:03:59,570 [INFO]   ✅ Added 781 OHLC records for 8210
2025-12-27 17:03:59,570 [INFO] [299/443] (67.5%) Processing 8230...
2025-12-27 17:04:00,292 [INFO]   ✅ Added 781 OHLC records for 8230
2025-12-27 17:04:00,292 [INFO] [300/443] (67.7%) Processing 8240...
2025-12-27 17:04:01,006 [INFO]   ✅ Added 781 OHLC records for 8240
2025-12-27 17:04:01,006 [INFO]   📊 Progress: 234,300 total records added
2025-12-27 17:04:02,007 [INFO] [301/443] (67.9%) Processing 8250...
2025-12-27 17:04:02,725 [INFO]   ✅ Added 781 OHLC records for 8250
2025-12-27 17:04:02,726 [INFO] [302/443] (68.2%) Processing 8260...
2025-12-27 17:04:03,438 [INFO]   ✅ Added 781 OHLC records for 8260
2025-12-27 17:04:03,438 [INFO] [303/443] (68.4%) Processing 8280...
2025-12-27 17:04:04,152 [INFO]   ✅ Added 781 OHLC records for 8280
2025-12-27 17:04:04,152 [INFO] [304/443] (68.6%) Processing 8300...
2025-12-27 17:04:04,869 [INFO]   ✅ Added 781 OHLC records for 8300
2025-12-27 17:04:04,869 [INFO] [305/443] (68.8%) Processing 8310...
2025-12-27 17:04:05,583 [INFO]   ✅ Added 781 OHLC records for 8310
2025-12-27 17:04:05,584 [INFO] [306/443] (69.1%) Processing 8311...
2025-12-27 17:04:06,305 [INFO]   ✅ Added 781 OHLC records for 8311
2025-12-27 17:04:06,306 [INFO] [307/443] (69.3%) Processing 8313...
2025-12-27 17:04:07,022 [INFO]   ✅ Added 781 OHLC records for 8313
2025-12-27 17:04:07,022 [INFO] [308/443] (69.5%) Processing 9300...
2025-12-27 17:04:07,738 [INFO]   ✅ Added 781 OHLC records for 9300
2025-12-27 17:04:07,739 [INFO] [309/443] (69.8%) Processing 9403...
2025-12-27 17:04:08,452 [INFO]   ✅ Added 781 OHLC records for 9403
2025-12-27 17:04:08,453 [INFO] [310/443] (70.0%) Processing 9404...
2025-12-27 17:04:09,164 [INFO]   ✅ Added 781 OHLC records for 9404
2025-12-27 17:04:09,165 [INFO] [311/443] (70.2%) Processing 9405...
2025-12-27 17:04:09,873 [INFO]   ✅ Added 781 OHLC records for 9405
2025-12-27 17:04:09,873 [INFO] [312/443] (70.4%) Processing 9406...
2025-12-27 17:04:10,595 [INFO]   ✅ Added 781 OHLC records for 9406
2025-12-27 17:04:10,595 [INFO] [313/443] (70.7%) Processing 9407...
2025-12-27 17:04:11,313 [INFO]   ✅ Added 781 OHLC records for 9407
2025-12-27 17:04:11,313 [INFO] [314/443] (70.9%) Processing 9408...
2025-12-27 17:04:12,030 [INFO]   ✅ Added 781 OHLC records for 9408
2025-12-27 17:04:12,030 [INFO] [315/443] (71.1%) Processing 9409...
2025-12-27 17:04:12,738 [INFO]   ✅ Added 781 OHLC records for 9409
2025-12-27 17:04:12,738 [INFO] [316/443] (71.3%) Processing 9410...
2025-12-27 17:04:13,460 [INFO]   ✅ Added 781 OHLC records for 9410
2025-12-27 17:04:13,460 [INFO] [317/443] (71.6%) Processing 9411...
2025-12-27 17:04:14,182 [INFO]   ✅ Added 781 OHLC records for 9411
2025-12-27 17:04:14,182 [INFO] [318/443] (71.8%) Processing 9412...
2025-12-27 17:04:14,895 [INFO]   ✅ Added 781 OHLC records for 9412
2025-12-27 17:04:14,895 [INFO] [319/443] (72.0%) Processing 9510...
2025-12-27 17:04:15,613 [INFO]   ✅ Added 781 OHLC records for 9510
2025-12-27 17:04:15,614 [INFO] [320/443] (72.2%) Processing 9513...
2025-12-27 17:04:16,328 [INFO]   ✅ Added 781 OHLC records for 9513
2025-12-27 17:04:16,329 [INFO] [321/443] (72.5%) Processing 9514...
2025-12-27 17:04:17,045 [INFO]   ✅ Added 781 OHLC records for 9514
2025-12-27 17:04:17,045 [INFO] [322/443] (72.7%) Processing 9515...
2025-12-27 17:04:17,787 [INFO]   ✅ Added 781 OHLC records for 9515
2025-12-27 17:04:17,788 [INFO] [323/443] (72.9%) Processing 9516...
2025-12-27 17:04:18,498 [INFO]   ✅ Added 781 OHLC records for 9516
2025-12-27 17:04:18,498 [INFO] [324/443] (73.1%) Processing 9517...
2025-12-27 17:04:19,193 [INFO]   ✅ Added 781 OHLC records for 9517
2025-12-27 17:04:19,193 [INFO] [325/443] (73.4%) Processing 9521...
2025-12-27 17:04:19,891 [INFO]   ✅ Added 781 OHLC records for 9521
2025-12-27 17:04:19,891 [INFO] [326/443] (73.6%) Processing 9522...
2025-12-27 17:04:20,611 [INFO]   ✅ Added 781 OHLC records for 9522
2025-12-27 17:04:20,611 [INFO] [327/443] (73.8%) Processing 9523...
2025-12-27 17:04:21,325 [INFO]   ✅ Added 781 OHLC records for 9523
2025-12-27 17:04:21,326 [INFO] [328/443] (74.0%) Processing 9524...
2025-12-27 17:04:22,041 [INFO]   ✅ Added 781 OHLC records for 9524
2025-12-27 17:04:22,041 [INFO] [329/443] (74.3%) Processing 9525...
2025-12-27 17:04:22,757 [INFO]   ✅ Added 781 OHLC records for 9525
2025-12-27 17:04:22,757 [INFO] [330/443] (74.5%) Processing 9527...
2025-12-27 17:04:23,466 [INFO]   ✅ Added 781 OHLC records for 9527
2025-12-27 17:04:23,466 [INFO] [331/443] (74.7%) Processing 9530...
2025-12-27 17:04:24,181 [INFO]   ✅ Added 781 OHLC records for 9530
2025-12-27 17:04:24,182 [INFO] [332/443] (74.9%) Processing 9532...
2025-12-27 17:04:24,891 [INFO]   ✅ Added 781 OHLC records for 9532
2025-12-27 17:04:24,892 [INFO] [333/443] (75.2%) Processing 9533...
2025-12-27 17:04:25,604 [INFO]   ✅ Added 781 OHLC records for 9533
2025-12-27 17:04:25,604 [INFO] [334/443] (75.4%) Processing 9535...
2025-12-27 17:04:26,318 [INFO]   ✅ Added 781 OHLC records for 9535
2025-12-27 17:04:26,318 [INFO] [335/443] (75.6%) Processing 9536...
2025-12-27 17:04:27,041 [INFO]   ✅ Added 781 OHLC records for 9536
2025-12-27 17:04:27,041 [INFO] [336/443] (75.8%) Processing 9537...
2025-12-27 17:04:27,758 [INFO]   ✅ Added 781 OHLC records for 9537
2025-12-27 17:04:27,759 [INFO] [337/443] (76.1%) Processing 9538...
2025-12-27 17:04:28,472 [INFO]   ✅ Added 781 OHLC records for 9538
2025-12-27 17:04:28,473 [INFO] [338/443] (76.3%) Processing 9539...
2025-12-27 17:04:29,186 [INFO]   ✅ Added 781 OHLC records for 9539
2025-12-27 17:04:29,187 [INFO] [339/443] (76.5%) Processing 9540...
2025-12-27 17:04:29,899 [INFO]   ✅ Added 781 OHLC records for 9540
2025-12-27 17:04:29,900 [INFO] [340/443] (76.7%) Processing 9541...
2025-12-27 17:04:30,613 [INFO]   ✅ Added 781 OHLC records for 9541
2025-12-27 17:04:30,614 [INFO] [341/443] (77.0%) Processing 9542...
2025-12-27 17:04:31,340 [INFO]   ✅ Added 781 OHLC records for 9542
2025-12-27 17:04:31,340 [INFO] [342/443] (77.2%) Processing 9543...
2025-12-27 17:04:32,058 [INFO]   ✅ Added 781 OHLC records for 9543
2025-12-27 17:04:32,058 [INFO] [343/443] (77.4%) Processing 9544...
2025-12-27 17:04:32,770 [INFO]   ✅ Added 781 OHLC records for 9544
2025-12-27 17:04:32,770 [INFO] [344/443] (77.7%) Processing 9545...
2025-12-27 17:04:33,481 [INFO]   ✅ Added 781 OHLC records for 9545
2025-12-27 17:04:33,482 [INFO] [345/443] (77.9%) Processing 9546...
2025-12-27 17:04:34,196 [INFO]   ✅ Added 781 OHLC records for 9546
2025-12-27 17:04:34,197 [INFO] [346/443] (78.1%) Processing 9547...
2025-12-27 17:04:34,915 [INFO]   ✅ Added 781 OHLC records for 9547
2025-12-27 17:04:34,916 [INFO] [347/443] (78.3%) Processing 9548...
2025-12-27 17:04:35,631 [INFO]   ✅ Added 781 OHLC records for 9548
2025-12-27 17:04:35,632 [INFO] [348/443] (78.6%) Processing 9549...
2025-12-27 17:04:36,342 [INFO]   ✅ Added 781 OHLC records for 9549
2025-12-27 17:04:36,342 [INFO] [349/443] (78.8%) Processing 9550...
2025-12-27 17:04:37,062 [INFO]   ✅ Added 781 OHLC records for 9550
2025-12-27 17:04:37,063 [INFO] [350/443] (79.0%) Processing 9551...
2025-12-27 17:04:37,777 [INFO]   ✅ Added 781 OHLC records for 9551
2025-12-27 17:04:37,778 [INFO]   📊 Progress: 273,350 total records added
2025-12-27 17:04:38,779 [INFO] [351/443] (79.2%) Processing 9552...
2025-12-27 17:04:39,500 [INFO]   ✅ Added 781 OHLC records for 9552
2025-12-27 17:04:39,501 [INFO] [352/443] (79.5%) Processing 9553...
2025-12-27 17:04:40,211 [INFO]   ✅ Added 781 OHLC records for 9553
2025-12-27 17:04:40,211 [INFO] [353/443] (79.7%) Processing 9555...
2025-12-27 17:04:40,930 [INFO]   ✅ Added 781 OHLC records for 9555
2025-12-27 17:04:40,931 [INFO] [354/443] (79.9%) Processing 9556...
2025-12-27 17:04:41,644 [INFO]   ✅ Added 781 OHLC records for 9556
2025-12-27 17:04:41,644 [INFO] [355/443] (80.1%) Processing 9557...
2025-12-27 17:04:42,356 [INFO]   ✅ Added 781 OHLC records for 9557
2025-12-27 17:04:42,356 [INFO] [356/443] (80.4%) Processing 9558...
2025-12-27 17:04:43,075 [INFO]   ✅ Added 781 OHLC records for 9558
2025-12-27 17:04:43,075 [INFO] [357/443] (80.6%) Processing 9559...
2025-12-27 17:04:43,792 [INFO]   ✅ Added 781 OHLC records for 9559
2025-12-27 17:04:43,793 [INFO] [358/443] (80.8%) Processing 9560...
2025-12-27 17:04:44,489 [INFO]   ✅ Added 781 OHLC records for 9560
2025-12-27 17:04:44,489 [INFO] [359/443] (81.0%) Processing 9561...
2025-12-27 17:04:45,182 [INFO]   ✅ Added 781 OHLC records for 9561
2025-12-27 17:04:45,182 [INFO] [360/443] (81.3%) Processing 9562...
2025-12-27 17:04:45,892 [INFO]   ✅ Added 781 OHLC records for 9562
2025-12-27 17:04:45,892 [INFO] [361/443] (81.5%) Processing 9563...
2025-12-27 17:04:46,600 [INFO]   ✅ Added 781 OHLC records for 9563
2025-12-27 17:04:46,601 [INFO] [362/443] (81.7%) Processing 9564...
2025-12-27 17:04:47,316 [INFO]   ✅ Added 781 OHLC records for 9564
2025-12-27 17:04:47,316 [INFO] [363/443] (81.9%) Processing 9565...
2025-12-27 17:04:48,022 [INFO]   ✅ Added 781 OHLC records for 9565
2025-12-27 17:04:48,022 [INFO] [364/443] (82.2%) Processing 9566...
2025-12-27 17:04:48,727 [INFO]   ✅ Added 781 OHLC records for 9566
2025-12-27 17:04:48,727 [INFO] [365/443] (82.4%) Processing 9567...
2025-12-27 17:04:49,449 [INFO]   ✅ Added 781 OHLC records for 9567
2025-12-27 17:04:49,449 [INFO] [366/443] (82.6%) Processing 9568...
2025-12-27 17:04:50,178 [INFO]   ✅ Added 781 OHLC records for 9568
2025-12-27 17:04:50,178 [INFO] [367/443] (82.8%) Processing 9569...
2025-12-27 17:04:50,893 [INFO]   ✅ Added 781 OHLC records for 9569
2025-12-27 17:04:50,894 [INFO] [368/443] (83.1%) Processing 9570...
2025-12-27 17:04:51,611 [INFO]   ✅ Added 781 OHLC records for 9570
2025-12-27 17:04:51,612 [INFO] [369/443] (83.3%) Processing 9571...
2025-12-27 17:04:52,330 [INFO]   ✅ Added 781 OHLC records for 9571
2025-12-27 17:04:52,330 [INFO] [370/443] (83.5%) Processing 9572...
2025-12-27 17:04:53,038 [INFO]   ✅ Added 781 OHLC records for 9572
2025-12-27 17:04:53,038 [INFO] [371/443] (83.7%) Processing 9574...
2025-12-27 17:04:53,743 [INFO]   ✅ Added 781 OHLC records for 9574
2025-12-27 17:04:53,743 [INFO] [372/443] (84.0%) Processing 9575...
2025-12-27 17:04:54,458 [INFO]   ✅ Added 781 OHLC records for 9575
2025-12-27 17:04:54,459 [INFO] [373/443] (84.2%) Processing 9576...
2025-12-27 17:04:55,176 [INFO]   ✅ Added 781 OHLC records for 9576
2025-12-27 17:04:55,177 [INFO] [374/443] (84.4%) Processing 9577...
2025-12-27 17:04:55,893 [INFO]   ✅ Added 781 OHLC records for 9577
2025-12-27 17:04:55,894 [INFO] [375/443] (84.7%) Processing 9578...
2025-12-27 17:04:56,616 [INFO]   ✅ Added 781 OHLC records for 9578
2025-12-27 17:04:56,616 [INFO] [376/443] (84.9%) Processing 9579...
2025-12-27 17:04:57,333 [INFO]   ✅ Added 781 OHLC records for 9579
2025-12-27 17:04:57,334 [INFO] [377/443] (85.1%) Processing 9580...
2025-12-27 17:04:58,052 [INFO]   ✅ Added 781 OHLC records for 9580
2025-12-27 17:04:58,053 [INFO] [378/443] (85.3%) Processing 9581...
2025-12-27 17:04:58,765 [INFO]   ✅ Added 781 OHLC records for 9581
2025-12-27 17:04:58,765 [INFO] [379/443] (85.6%) Processing 9583...
2025-12-27 17:04:59,484 [INFO]   ✅ Added 781 OHLC records for 9583
2025-12-27 17:04:59,484 [INFO] [380/443] (85.8%) Processing 9584...
2025-12-27 17:05:00,206 [INFO]   ✅ Added 781 OHLC records for 9584
2025-12-27 17:05:00,206 [INFO] [381/443] (86.0%) Processing 9585...
2025-12-27 17:05:00,922 [INFO]   ✅ Added 781 OHLC records for 9585
2025-12-27 17:05:00,922 [INFO] [382/443] (86.2%) Processing 9586...
2025-12-27 17:05:01,644 [INFO]   ✅ Added 781 OHLC records for 9586
2025-12-27 17:05:01,644 [INFO] [383/443] (86.5%) Processing 9587...
2025-12-27 17:05:02,360 [INFO]   ✅ Added 781 OHLC records for 9587
2025-12-27 17:05:02,360 [INFO] [384/443] (86.7%) Processing 9588...
2025-12-27 17:05:03,081 [INFO]   ✅ Added 781 OHLC records for 9588
2025-12-27 17:05:03,081 [INFO] [385/443] (86.9%) Processing 9589...
2025-12-27 17:05:03,799 [INFO]   ✅ Added 781 OHLC records for 9589
2025-12-27 17:05:03,799 [INFO] [386/443] (87.1%) Processing 9590...
2025-12-27 17:05:04,520 [INFO]   ✅ Added 781 OHLC records for 9590
2025-12-27 17:05:04,520 [INFO] [387/443] (87.4%) Processing 9591...
2025-12-27 17:05:05,242 [INFO]   ✅ Added 781 OHLC records for 9591
2025-12-27 17:05:05,242 [INFO] [388/443] (87.6%) Processing 9592...
2025-12-27 17:05:05,962 [INFO]   ✅ Added 781 OHLC records for 9592
2025-12-27 17:05:05,963 [INFO] [389/443] (87.8%) Processing 9593...
2025-12-27 17:05:06,683 [INFO]   ✅ Added 781 OHLC records for 9593
2025-12-27 17:05:06,683 [INFO] [390/443] (88.0%) Processing 9594...
2025-12-27 17:05:07,406 [INFO]   ✅ Added 781 OHLC records for 9594
2025-12-27 17:05:07,406 [INFO] [391/443] (88.3%) Processing 9595...
2025-12-27 17:05:08,124 [INFO]   ✅ Added 781 OHLC records for 9595
2025-12-27 17:05:08,125 [INFO] [392/443] (88.5%) Processing 9596...
2025-12-27 17:05:08,842 [INFO]   ✅ Added 781 OHLC records for 9596
2025-12-27 17:05:08,842 [INFO] [393/443] (88.7%) Processing 9597...
2025-12-27 17:05:09,551 [INFO]   ✅ Added 781 OHLC records for 9597
2025-12-27 17:05:09,551 [INFO] [394/443] (88.9%) Processing 9598...
2025-12-27 17:05:10,254 [INFO]   ✅ Added 781 OHLC records for 9598
2025-12-27 17:05:10,255 [INFO] [395/443] (89.2%) Processing 9599...
2025-12-27 17:05:10,971 [INFO]   ✅ Added 781 OHLC records for 9599
2025-12-27 17:05:10,971 [INFO] [396/443] (89.4%) Processing 9600...
2025-12-27 17:05:11,692 [INFO]   ✅ Added 781 OHLC records for 9600
2025-12-27 17:05:11,692 [INFO] [397/443] (89.6%) Processing 9601...
2025-12-27 17:05:12,412 [INFO]   ✅ Added 781 OHLC records for 9601
2025-12-27 17:05:12,413 [INFO] [398/443] (89.8%) Processing 9602...
2025-12-27 17:05:13,135 [INFO]   ✅ Added 781 OHLC records for 9602
2025-12-27 17:05:13,136 [INFO] [399/443] (90.1%) Processing 9603...
2025-12-27 17:05:13,857 [INFO]   ✅ Added 781 OHLC records for 9603
2025-12-27 17:05:13,857 [INFO] [400/443] (90.3%) Processing 9604...
2025-12-27 17:05:14,570 [INFO]   ✅ Added 781 OHLC records for 9604
2025-12-27 17:05:14,571 [INFO]   📊 Progress: 312,400 total records added
2025-12-27 17:05:15,572 [INFO] [401/443] (90.5%) Processing 9605...
2025-12-27 17:05:16,299 [INFO]   ✅ Added 781 OHLC records for 9605
2025-12-27 17:05:16,299 [INFO] [402/443] (90.7%) Processing 9606...
2025-12-27 17:05:17,017 [INFO]   ✅ Added 781 OHLC records for 9606
2025-12-27 17:05:17,018 [INFO] [403/443] (91.0%) Processing 9607...
2025-12-27 17:05:17,734 [INFO]   ✅ Added 781 OHLC records for 9607
2025-12-27 17:05:17,735 [INFO] [404/443] (91.2%) Processing 9608...
2025-12-27 17:05:18,455 [INFO]   ✅ Added 781 OHLC records for 9608
2025-12-27 17:05:18,455 [INFO] [405/443] (91.4%) Processing 9609...
2025-12-27 17:05:19,159 [INFO]   ✅ Added 781 OHLC records for 9609
2025-12-27 17:05:19,159 [INFO] [406/443] (91.6%) Processing 9610...
2025-12-27 17:05:19,874 [INFO]   ✅ Added 781 OHLC records for 9610
2025-12-27 17:05:19,874 [INFO] [407/443] (91.9%) Processing 9611...
2025-12-27 17:05:20,585 [INFO]   ✅ Added 781 OHLC records for 9611
2025-12-27 17:05:20,585 [INFO] [408/443] (92.1%) Processing 9612...
2025-12-27 17:05:21,300 [INFO]   ✅ Added 781 OHLC records for 9612
2025-12-27 17:05:21,300 [INFO] [409/443] (92.3%) Processing 9613...
2025-12-27 17:05:22,015 [INFO]   ✅ Added 781 OHLC records for 9613
2025-12-27 17:05:22,015 [INFO] [410/443] (92.6%) Processing 9614...
2025-12-27 17:05:22,731 [INFO]   ✅ Added 781 OHLC records for 9614
2025-12-27 17:05:22,731 [INFO] [411/443] (92.8%) Processing 9615...
2025-12-27 17:05:23,449 [INFO]   ✅ Added 781 OHLC records for 9615
2025-12-27 17:05:23,449 [INFO] [412/443] (93.0%) Processing 9616...
2025-12-27 17:05:24,168 [INFO]   ✅ Added 781 OHLC records for 9616
2025-12-27 17:05:24,168 [INFO] [413/443] (93.2%) Processing 9617...
2025-12-27 17:05:24,885 [INFO]   ✅ Added 781 OHLC records for 9617
2025-12-27 17:05:24,885 [INFO] [414/443] (93.5%) Processing 9618...
2025-12-27 17:05:25,607 [INFO]   ✅ Added 781 OHLC records for 9618
2025-12-27 17:05:25,607 [INFO] [415/443] (93.7%) Processing 9619...
2025-12-27 17:05:26,324 [INFO]   ✅ Added 781 OHLC records for 9619
2025-12-27 17:05:26,325 [INFO] [416/443] (93.9%) Processing 9620...
2025-12-27 17:05:27,040 [INFO]   ✅ Added 781 OHLC records for 9620
2025-12-27 17:05:27,041 [INFO] [417/443] (94.1%) Processing 9621...
2025-12-27 17:05:27,757 [INFO]   ✅ Added 781 OHLC records for 9621
2025-12-27 17:05:27,757 [INFO] [418/443] (94.4%) Processing 9622...
2025-12-27 17:05:28,471 [INFO]   ✅ Added 781 OHLC records for 9622
2025-12-27 17:05:28,471 [INFO] [419/443] (94.6%) Processing 9623...
2025-12-27 17:05:29,190 [INFO]   ✅ Added 781 OHLC records for 9623
2025-12-27 17:05:29,190 [INFO] [420/443] (94.8%) Processing 9624...
2025-12-27 17:05:29,904 [INFO]   ✅ Added 781 OHLC records for 9624
2025-12-27 17:05:29,905 [INFO] [421/443] (95.0%) Processing 9625...
2025-12-27 17:05:30,622 [INFO]   ✅ Added 781 OHLC records for 9625
2025-12-27 17:05:30,623 [INFO] [422/443] (95.3%) Processing 9626...
2025-12-27 17:05:31,340 [INFO]   ✅ Added 781 OHLC records for 9626
2025-12-27 17:05:31,340 [INFO] [423/443] (95.5%) Processing 9627...
2025-12-27 17:05:32,061 [INFO]   ✅ Added 781 OHLC records for 9627
2025-12-27 17:05:32,062 [INFO] [424/443] (95.7%) Processing 9628...
2025-12-27 17:05:32,779 [INFO]   ✅ Added 781 OHLC records for 9628
2025-12-27 17:05:32,780 [INFO] [425/443] (95.9%) Processing 9630...
2025-12-27 17:05:33,487 [INFO]   ✅ Added 781 OHLC records for 9630
2025-12-27 17:05:33,488 [INFO] [426/443] (96.2%) Processing 9631...
2025-12-27 17:05:34,205 [INFO]   ✅ Added 781 OHLC records for 9631
2025-12-27 17:05:34,205 [INFO] [427/443] (96.4%) Processing 9632...
2025-12-27 17:05:34,923 [INFO]   ✅ Added 781 OHLC records for 9632
2025-12-27 17:05:34,924 [INFO] [428/443] (96.6%) Processing 9633...
2025-12-27 17:05:35,646 [INFO]   ✅ Added 781 OHLC records for 9633
2025-12-27 17:05:35,646 [INFO] [429/443] (96.8%) Processing 9634...
2025-12-27 17:05:36,362 [INFO]   ✅ Added 781 OHLC records for 9634
2025-12-27 17:05:36,363 [INFO] [430/443] (97.1%) Processing 9635...
2025-12-27 17:05:37,084 [INFO]   ✅ Added 781 OHLC records for 9635
2025-12-27 17:05:37,085 [INFO] [431/443] (97.3%) Processing 9636...
2025-12-27 17:05:37,808 [INFO]   ✅ Added 781 OHLC records for 9636
2025-12-27 17:05:37,808 [INFO] [432/443] (97.5%) Processing 9637...
2025-12-27 17:05:38,516 [INFO]   ✅ Added 781 OHLC records for 9637
2025-12-27 17:05:38,517 [INFO] [433/443] (97.7%) Processing 9639...
2025-12-27 17:05:39,235 [INFO]   ✅ Added 781 OHLC records for 9639
2025-12-27 17:05:39,235 [INFO] [434/443] (98.0%) Processing 9640...
2025-12-27 17:05:39,951 [INFO]   ✅ Added 781 OHLC records for 9640
2025-12-27 17:05:39,952 [INFO] [435/443] (98.2%) Processing 9641...
2025-12-27 17:05:40,671 [INFO]   ✅ Added 781 OHLC records for 9641
2025-12-27 17:05:40,671 [INFO] [436/443] (98.4%) Processing 9642...
2025-12-27 17:05:41,389 [INFO]   ✅ Added 781 OHLC records for 9642
2025-12-27 17:05:41,389 [INFO] [437/443] (98.6%) Processing 9644...
2025-12-27 17:05:42,104 [INFO]   ✅ Added 781 OHLC records for 9644
2025-12-27 17:05:42,104 [INFO] [438/443] (98.9%) Processing 9645...
2025-12-27 17:05:43,208 [INFO]   ✅ Added 781 OHLC records for 9645
2025-12-27 17:05:43,208 [INFO] [439/443] (99.1%) Processing 9647...
2025-12-27 17:05:46,081 [INFO]   ✅ Added 781 OHLC records for 9647
2025-12-27 17:05:46,081 [INFO] [440/443] (99.3%) Processing 9648...
2025-12-27 17:05:46,799 [INFO]   ✅ Added 781 OHLC records for 9648
2025-12-27 17:05:46,800 [INFO] [441/443] (99.5%) Processing 9649...
2025-12-27 17:05:47,515 [INFO]   ✅ Added 781 OHLC records for 9649
2025-12-27 17:05:47,516 [INFO] [442/443] (99.8%) Processing 9650...
2025-12-27 17:05:48,232 [INFO]   ✅ Added 781 OHLC records for 9650
2025-12-27 17:05:48,233 [INFO] [443/443] (100.0%) Processing 9651...
2025-12-27 17:05:48,935 [INFO]   ✅ Added 781 OHLC records for 9651
2025-12-27 17:05:48,935 [INFO] ======================================================================
2025-12-27 17:05:48,935 [INFO]     OHLC POPULATION COMPLETE
2025-12-27 17:05:48,935 [INFO] ======================================================================
2025-12-27 17:05:48,935 [INFO]   Symbols Processed: 443
2025-12-27 17:05:48,935 [INFO]   OHLC Records Added: 345,983
2025-12-27 17:05:48,935 [INFO]   Errors: 0
2025-12-27 17:05:48,936 [INFO]   Duration: 340.6 seconds
2025-12-27 17:05:48,936 [INFO] ======================================================================
2025-12-27 17:05:51,021 [INFO] Database connection closed
