2025-12-25 03:28:43,724 - [ENGINE] - INFO - 🚀 Enterprise Engine Started. Initializing Loops...
2025-12-25 03:28:43,724 - [ENGINE] - INFO - ⚡ Executing Fast Loop (Market Snapshot)...
2025-12-25 03:28:43,725 - [ENGINE] - INFO - Fast Loop Complete.
2025-12-25 03:29:44,009 - [ENGINE] - INFO - ⚡ Executing Fast Loop (Market Snapshot)...
2025-12-25 03:29:44,009 - [ENGINE] - INFO - Fast Loop Complete.
2025-12-25 03:30:44,248 - [ENGINE] - INFO - ⚡ Executing Fast Loop (Market Snapshot)...
2025-12-25 03:30:44,248 - [ENGINE] - INFO - Fast Loop Complete.
2025-12-25 03:31:44,445 - [ENGINE] - INFO - ⚡ Executing Fast Loop (Market Snapshot)...
2025-12-25 03:31:44,448 - [ENGINE] - INFO - Fast Loop Complete.
2025-12-25 03:32:44,657 - [ENGINE] - INFO - ⚡ Executing Fast Loop (Market Snapshot)...
2025-12-25 03:32:44,657 - [ENGINE] - INFO - Fast Loop Complete.
2025-12-25 10:27:21,781 - [ENGINE] - INFO - 🚀 Enterprise Engine Started. Initializing Loops...
2025-12-25 10:27:21,781 - [ENGINE] - INFO - ⚡ Executing Fast Loop (Market Snapshot)...
2025-12-25 10:27:21,781 - [ENGINE] - INFO - Fast Loop Complete.
2025-12-25 10:28:22,021 - [ENGINE] - INFO - ⚡ Executing Fast Loop (Market Snapshot)...
2025-12-25 10:28:22,022 - [ENGINE] - INFO - Fast Loop Complete.
2025-12-25 10:29:22,238 - [ENGINE] - INFO - ⚡ Executing Fast Loop (Market Snapshot)...
2025-12-25 10:29:22,241 - [ENGINE] - INFO - Fast Loop Complete.
2025-12-25 10:30:22,493 - [ENGINE] - INFO - ⚡ Executing Fast Loop (Market Snapshot)...
2025-12-25 10:30:22,495 - [ENGINE] - INFO - Fast Loop Complete.
2025-12-25 10:31:22,722 - [ENGINE] - INFO - ⚡ Executing Fast Loop (Market Snapshot)...
2025-12-25 10:31:22,723 - [ENGINE] - INFO - Fast Loop Complete.
2025-12-25 10:32:22,981 - [ENGINE] - INFO - ⚡ Executing Fast Loop (Market Snapshot)...
2025-12-25 10:32:22,982 - [ENGINE] - INFO - Fast Loop Complete.
2025-12-25 10:33:23,215 - [ENGINE] - INFO - ⚡ Executing Fast Loop (Market Snapshot)...
2025-12-25 10:33:23,217 - [ENGINE] - INFO - Fast Loop Complete.
2025-12-25 10:34:23,440 - [ENGINE] - INFO - ⚡ Executing Fast Loop (Market Snapshot)...
2025-12-25 10:34:23,442 - [ENGINE] - INFO - Fast Loop Complete.
2025-12-25 10:35:23,637 - [ENGINE] - INFO - ⚡ Executing Fast Loop (Market Snapshot)...
2025-12-25 10:35:23,638 - [ENGINE] - INFO - Fast Loop Complete.
2025-12-25 10:36:23,863 - [ENGINE] - INFO - ⚡ Executing Fast Loop (Market Snapshot)...
2025-12-25 10:36:23,864 - [ENGINE] - INFO - Fast Loop Complete.
2025-12-25 10:37:24,084 - [ENGINE] - INFO - ⚡ Executing Fast Loop (Market Snapshot)...
2025-12-25 10:37:24,085 - [ENGINE] - INFO - Fast Loop Complete.
2025-12-25 10:38:24,326 - [ENGINE] - INFO - ⚡ Executing Fast Loop (Market Snapshot)...
2025-12-25 10:38:24,327 - [ENGINE] - INFO - Fast Loop Complete.
2025-12-25 10:39:24,517 - [ENGINE] - INFO - ⚡ Executing Fast Loop (Market Snapshot)...
2025-12-25 10:39:24,518 - [ENGINE] - INFO - Fast Loop Complete.
2025-12-25 10:40:24,746 - [ENGINE] - INFO - ⚡ Executing Fast Loop (Market Snapshot)...
2025-12-25 10:40:24,749 - [ENGINE] - INFO - Fast Loop Complete.
2025-12-25 10:40:37,289 - [ENGINE] - INFO - 🚀 Enterprise Engine Started. Initializing Loops...
2025-12-25 10:40:37,290 - [ENGINE] - INFO - ⚡ Executing Fast Loop (Market Snapshot)...
2025-12-25 10:40:37,290 - [ENGINE] - INFO - Fast Loop Complete.
2025-12-25 10:41:22,970 - [ENGINE] - INFO - 🚀 Enterprise Engine Started. Initializing Loops...
2025-12-25 10:41:22,971 - [ENGINE] - INFO - ⚡ Executing Fast Loop (Market Snapshot)...
2025-12-25 10:41:22,971 - [ENGINE] - INFO - Fast Loop Complete.
2025-12-25 10:41:52,123 - [ENGINE] - INFO - 🚀 Enterprise Engine Started. Initializing Loops...
2025-12-25 10:41:52,123 - [ENGINE] - INFO - ⚡ Executing Fast Loop (Market Snapshot)...
2025-12-25 10:41:52,123 - [ENGINE] - INFO - Fast Loop Complete.
2025-12-25 10:42:52,355 - [ENGINE] - INFO - ⚡ Executing Fast Loop (Market Snapshot)...
2025-12-25 10:42:52,356 - [ENGINE] - INFO - Fast Loop Complete.
2025-12-25 10:43:52,563 - [ENGINE] - INFO - ⚡ Executing Fast Loop (Market Snapshot)...
2025-12-25 10:43:52,565 - [ENGINE] - INFO - Fast Loop Complete.
2025-12-25 10:44:52,791 - [ENGINE] - INFO - ⚡ Executing Fast Loop (Market Snapshot)...
2025-12-25 10:44:52,794 - [ENGINE] - INFO - Fast Loop Complete.
2025-12-25 10:45:53,171 - [ENGINE] - INFO - ⚡ Executing Fast Loop (Market Snapshot)...
2025-12-25 10:45:53,178 - [ENGINE] - INFO - Fast Loop Complete.
2025-12-25 10:46:20,060 - [ENGINE] - INFO - 🚀 Enterprise Engine Started. Initializing Loops...
2025-12-25 10:46:20,061 - [ENGINE] - INFO - ⚡ Executing Fast Loop (Market Snapshot)...
2025-12-25 10:46:20,061 - [ENGINE] - INFO - Fast Loop Complete.
2025-12-25 10:47:16,340 - [ENGINE] - INFO - 🚀 Enterprise Engine Started. Initializing Loops...
2025-12-25 10:47:16,342 - [ENGINE] - INFO - ⚡ Executing Fast Loop (Market Snapshot)...
2025-12-25 10:47:16,342 - [ENGINE] - INFO - Fast Loop Complete.
2025-12-25 10:48:16,562 - [ENGINE] - INFO - ⚡ Executing Fast Loop (Market Snapshot)...
2025-12-25 10:48:16,564 - [ENGINE] - INFO - Fast Loop Complete.
2025-12-25 10:49:16,786 - [ENGINE] - INFO - ⚡ Executing Fast Loop (Market Snapshot)...
2025-12-25 10:49:16,788 - [ENGINE] - INFO - Fast Loop Complete.
2025-12-25 10:50:17,006 - [ENGINE] - INFO - ⚡ Executing Fast Loop (Market Snapshot)...
2025-12-25 10:50:17,017 - [ENGINE] - INFO - Fast Loop Complete.
2025-12-25 10:51:17,229 - [ENGINE] - INFO - ⚡ Executing Fast Loop (Market Snapshot)...
2025-12-25 10:51:17,232 - [ENGINE] - INFO - Fast Loop Complete.
2025-12-25 10:52:17,453 - [ENGINE] - INFO - ⚡ Executing Fast Loop (Market Snapshot)...
2025-12-25 10:52:17,454 - [ENGINE] - INFO - Fast Loop Complete.
2025-12-25 10:52:27,734 - [ENGINE] - INFO - 🚀 Enterprise Engine Started. Initializing Loops...
2025-12-25 10:52:27,735 - [ENGINE] - INFO - ⚡ Executing Fast Loop (Market Snapshot)...
2025-12-25 10:52:27,735 - [ENGINE] - INFO - Fast Loop Complete.
2025-12-25 10:53:27,951 - [ENGINE] - INFO - ⚡ Executing Fast Loop (Market Snapshot)...
2025-12-25 10:53:27,956 - [ENGINE] - INFO - Fast Loop Complete.
2025-12-25 10:53:39,145 - [ENGINE] - INFO - 🚀 Enterprise Engine Started. Initializing Loops...
2025-12-25 10:53:39,146 - [ENGINE] - INFO - ⚡ Executing Fast Loop (Market Snapshot)...
2025-12-25 10:53:39,146 - [ENGINE] - INFO - Fast Loop Complete.
2025-12-25 10:54:27,834 - [ENGINE] - INFO - 🚀 Enterprise Engine Started. Initializing Loops...
2025-12-25 10:54:27,835 - [ENGINE] - INFO - ⚡ Executing Fast Loop (Market Snapshot)...
2025-12-25 10:54:27,835 - [ENGINE] - INFO - Fast Loop Complete.
2025-12-25 10:55:28,061 - [ENGINE] - INFO - ⚡ Executing Fast Loop (Market Snapshot)...
2025-12-25 10:55:28,062 - [ENGINE] - INFO - Fast Loop Complete.
2025-12-25 10:56:28,316 - [ENGINE] - INFO - ⚡ Executing Fast Loop (Market Snapshot)...
2025-12-25 10:56:28,318 - [ENGINE] - INFO - Fast Loop Complete.
2025-12-25 10:56:51,704 - [ENGINE] - INFO - 🚀 Enterprise Engine Started. Initializing Loops...
2025-12-25 10:56:51,705 - [ENGINE] - INFO - ⚡ Executing Fast Loop (Market Snapshot)...
2025-12-25 10:56:51,705 - [ENGINE] - INFO - Fast Loop Complete.
2025-12-25 10:57:51,301 - [ENGINE] - INFO - 🚀 Enterprise Engine Started. Initializing Loops...
2025-12-25 10:57:51,302 - [ENGINE] - INFO - ⚡ Executing Fast Loop (Market Snapshot)...
2025-12-25 10:57:51,302 - [ENGINE] - INFO - Fast Loop Complete.
2025-12-25 10:58:18,094 - [ENGINE] - INFO - 🚀 Enterprise Engine Started. Initializing Loops...
2025-12-25 10:58:18,096 - [ENGINE] - INFO - ⚡ Executing Fast Loop (Market Snapshot)...
2025-12-25 10:58:18,096 - [ENGINE] - INFO - Fast Loop Complete.
2025-12-25 10:59:18,462 - [ENGINE] - INFO - ⚡ Executing Fast Loop (Market Snapshot)...
2025-12-25 10:59:18,462 - [ENGINE] - INFO - Fast Loop Complete.
2025-12-25 11:00:18,818 - [ENGINE] - INFO - ⚡ Executing Fast Loop (Market Snapshot)...
2025-12-25 11:00:18,820 - [ENGINE] - INFO - Fast Loop Complete.
2025-12-25 11:01:18,996 - [ENGINE] - INFO - ⚡ Executing Fast Loop (Market Snapshot)...
2025-12-25 11:01:18,997 - [ENGINE] - INFO - Fast Loop Complete.
2025-12-25 11:02:19,224 - [ENGINE] - INFO - ⚡ Executing Fast Loop (Market Snapshot)...
2025-12-25 11:02:19,226 - [ENGINE] - INFO - Fast Loop Complete.
2025-12-25 11:02:37,452 - [ENGINE] - INFO - 🚀 Enterprise Engine Started. Initializing Loops...
2025-12-25 11:02:37,453 - [ENGINE] - INFO - ⚡ Executing Fast Loop (Market Snapshot)...
2025-12-25 11:02:37,453 - [ENGINE] - INFO - Fast Loop Complete.
2025-12-25 11:03:15,278 - [ENGINE] - INFO - 🚀 Enterprise Engine Started. Initializing Loops...
2025-12-25 11:03:15,279 - [ENGINE] - INFO - ⚡ Executing Fast Loop (Market Snapshot)...
2025-12-25 11:03:15,279 - [ENGINE] - INFO - Fast Loop Complete.
2025-12-25 11:04:15,487 - [ENGINE] - INFO - ⚡ Executing Fast Loop (Market Snapshot)...
2025-12-25 11:04:15,490 - [ENGINE] - INFO - Fast Loop Complete.
2025-12-25 11:05:15,702 - [ENGINE] - INFO - ⚡ Executing Fast Loop (Market Snapshot)...
2025-12-25 11:05:15,703 - [ENGINE] - INFO - Fast Loop Complete.
2025-12-25 11:06:15,899 - [ENGINE] - INFO - ⚡ Executing Fast Loop (Market Snapshot)...
2025-12-25 11:06:15,900 - [ENGINE] - INFO - Fast Loop Complete.
2025-12-25 11:07:16,102 - [ENGINE] - INFO - ⚡ Executing Fast Loop (Market Snapshot)...
2025-12-25 11:07:16,109 - [ENGINE] - INFO - Fast Loop Complete.
2025-12-25 11:08:16,761 - [ENGINE] - INFO - ⚡ Executing Fast Loop (Market Snapshot)...
2025-12-25 11:08:16,763 - [ENGINE] - INFO - Fast Loop Complete.
2025-12-25 11:09:16,937 - [ENGINE] - INFO - ⚡ Executing Fast Loop (Market Snapshot)...
2025-12-25 11:09:16,946 - [ENGINE] - INFO - Fast Loop Complete.
2025-12-25 11:10:17,182 - [ENGINE] - INFO - ⚡ Executing Fast Loop (Market Snapshot)...
2025-12-25 11:10:17,183 - [ENGINE] - INFO - Fast Loop Complete.
2025-12-25 11:11:17,409 - [ENGINE] - INFO - ⚡ Executing Fast Loop (Market Snapshot)...
2025-12-25 11:11:17,410 - [ENGINE] - INFO - Fast Loop Complete.
2025-12-25 11:12:17,616 - [ENGINE] - INFO - ⚡ Executing Fast Loop (Market Snapshot)...
2025-12-25 11:12:17,617 - [ENGINE] - INFO - Fast Loop Complete.
2025-12-25 11:13:17,869 - [ENGINE] - INFO - ⚡ Executing Fast Loop (Market Snapshot)...
2025-12-25 11:13:17,871 - [ENGINE] - INFO - Fast Loop Complete.
2025-12-25 11:14:18,092 - [ENGINE] - INFO - ⚡ Executing Fast Loop (Market Snapshot)...
2025-12-25 11:14:18,095 - [ENGINE] - INFO - Fast Loop Complete.
2025-12-25 11:15:18,299 - [ENGINE] - INFO - ⚡ Executing Fast Loop (Market Snapshot)...
2025-12-25 11:15:18,302 - [ENGINE] - INFO - Fast Loop Complete.
2025-12-25 11:16:18,494 - [ENGINE] - INFO - ⚡ Executing Fast Loop (Market Snapshot)...
2025-12-25 11:16:18,499 - [ENGINE] - INFO - Fast Loop Complete.
2025-12-25 11:17:18,702 - [ENGINE] - INFO - ⚡ Executing Fast Loop (Market Snapshot)...
2025-12-25 11:17:18,705 - [ENGINE] - INFO - Fast Loop Complete.
2025-12-25 11:18:15,943 - [ENGINE] - INFO - 📰 Executing Medium Loop (News & Scan)...
2025-12-25 11:18:16,829 - [ENGINE] - ERROR - News Job Failed: Command '['python3', 'backend/extractors/news_extractor.py']' returned non-zero exit status 1.
2025-12-25 11:18:16,830 - [ENGINE] - INFO - Medium Loop Complete.
2025-12-25 11:18:18,837 - [ENGINE] - INFO - ⚡ Executing Fast Loop (Market Snapshot)...
2025-12-25 11:18:18,837 - [ENGINE] - INFO - Fast Loop Complete.
2025-12-25 11:19:19,051 - [ENGINE] - INFO - ⚡ Executing Fast Loop (Market Snapshot)...
2025-12-25 11:19:19,052 - [ENGINE] - INFO - Fast Loop Complete.
2025-12-25 11:20:17,742 - [ENGINE] - INFO - 🚀 Enterprise Engine Started. Initializing Loops...
2025-12-25 11:20:17,743 - [ENGINE] - INFO - ⚡ Executing Fast Loop (Market Snapshot)...
2025-12-25 11:20:17,743 - [ENGINE] - INFO - Fast Loop Complete.
2025-12-25 11:21:02,787 - [ENGINE] - INFO - 🚀 Enterprise Engine Started. Initializing Loops...
2025-12-25 11:21:02,788 - [ENGINE] - INFO - ⚡ Executing Fast Loop (Market Snapshot)...
2025-12-25 11:21:02,788 - [ENGINE] - INFO - Fast Loop Complete.
2025-12-25 11:22:02,996 - [ENGINE] - INFO - ⚡ Executing Fast Loop (Market Snapshot)...
2025-12-25 11:22:02,998 - [ENGINE] - INFO - Fast Loop Complete.
2025-12-25 11:23:03,206 - [ENGINE] - INFO - ⚡ Executing Fast Loop (Market Snapshot)...
2025-12-25 11:23:03,207 - [ENGINE] - INFO - Fast Loop Complete.
2025-12-25 11:24:03,439 - [ENGINE] - INFO - ⚡ Executing Fast Loop (Market Snapshot)...
2025-12-25 11:24:03,439 - [ENGINE] - INFO - Fast Loop Complete.
2025-12-25 11:25:03,668 - [ENGINE] - INFO - ⚡ Executing Fast Loop (Market Snapshot)...
2025-12-25 11:25:03,669 - [ENGINE] - INFO - Fast Loop Complete.
2025-12-25 11:26:03,917 - [ENGINE] - INFO - ⚡ Executing Fast Loop (Market Snapshot)...
2025-12-25 11:26:03,918 - [ENGINE] - INFO - Fast Loop Complete.
2025-12-25 11:27:04,139 - [ENGINE] - INFO - ⚡ Executing Fast Loop (Market Snapshot)...
2025-12-25 11:27:04,144 - [ENGINE] - INFO - Fast Loop Complete.
2025-12-25 11:28:04,359 - [ENGINE] - INFO - ⚡ Executing Fast Loop (Market Snapshot)...
2025-12-25 11:28:04,362 - [ENGINE] - INFO - Fast Loop Complete.
2025-12-25 11:28:20,170 - [ENGINE] - INFO - 🚀 Enterprise Engine Started. Initializing Loops...
2025-12-25 11:28:20,171 - [ENGINE] - INFO - ⚡ Executing Fast Loop (Market Snapshot)...
2025-12-25 11:28:20,171 - [ENGINE] - INFO - Fast Loop Complete.
2025-12-25 11:29:20,391 - [ENGINE] - INFO - ⚡ Executing Fast Loop (Market Snapshot)...
2025-12-25 11:29:20,394 - [ENGINE] - INFO - Fast Loop Complete.
2025-12-25 11:30:20,647 - [ENGINE] - INFO - ⚡ Executing Fast Loop (Market Snapshot)...
2025-12-25 11:30:20,648 - [ENGINE] - INFO - Fast Loop Complete.
2025-12-25 11:30:45,684 - [ENGINE] - INFO - 🚀 Enterprise Engine Started. Initializing Loops...
2025-12-25 11:30:45,685 - [ENGINE] - INFO - ⚡ Executing Fast Loop (Market Snapshot)...
2025-12-25 11:30:45,685 - [ENGINE] - INFO - Fast Loop Complete.
2025-12-25 11:31:41,955 - [ENGINE] - INFO - 🚀 Enterprise Engine Started. Initializing Loops...
2025-12-25 11:31:41,956 - [ENGINE] - INFO - ⚡ Executing Fast Loop (Market Snapshot)...
2025-12-25 11:31:41,956 - [ENGINE] - INFO - Fast Loop Complete.
2025-12-25 11:31:58,895 - [ENGINE] - INFO - 🚀 Enterprise Engine Started. Initializing Loops...
2025-12-25 11:31:58,896 - [ENGINE] - INFO - ⚡ Executing Fast Loop (Market Snapshot)...
2025-12-25 11:31:58,896 - [ENGINE] - INFO - Fast Loop Complete.
2025-12-25 11:32:59,153 - [ENGINE] - INFO - ⚡ Executing Fast Loop (Market Snapshot)...
2025-12-25 11:32:59,166 - [ENGINE] - INFO - Fast Loop Complete.
2025-12-25 11:33:59,507 - [ENGINE] - INFO - ⚡ Executing Fast Loop (Market Snapshot)...
2025-12-25 11:33:59,518 - [ENGINE] - INFO - Fast Loop Complete.
2025-12-25 11:34:59,741 - [ENGINE] - INFO - ⚡ Executing Fast Loop (Market Snapshot)...
2025-12-25 11:34:59,745 - [ENGINE] - INFO - Fast Loop Complete.
2025-12-25 11:36:00,013 - [ENGINE] - INFO - ⚡ Executing Fast Loop (Market Snapshot)...
2025-12-25 11:36:00,018 - [ENGINE] - INFO - Fast Loop Complete.
2025-12-25 11:37:00,481 - [ENGINE] - INFO - ⚡ Executing Fast Loop (Market Snapshot)...
2025-12-25 11:37:00,484 - [ENGINE] - INFO - Fast Loop Complete.
2025-12-25 11:38:00,732 - [ENGINE] - INFO - ⚡ Executing Fast Loop (Market Snapshot)...
2025-12-25 11:38:00,743 - [ENGINE] - INFO - Fast Loop Complete.
2025-12-25 11:39:00,927 - [ENGINE] - INFO - ⚡ Executing Fast Loop (Market Snapshot)...
2025-12-25 11:39:00,931 - [ENGINE] - INFO - Fast Loop Complete.
2025-12-25 11:40:01,208 - [ENGINE] - INFO - ⚡ Executing Fast Loop (Market Snapshot)...
2025-12-25 11:40:01,209 - [ENGINE] - INFO - Fast Loop Complete.
2025-12-25 11:41:01,418 - [ENGINE] - INFO - ⚡ Executing Fast Loop (Market Snapshot)...
2025-12-25 11:41:01,419 - [ENGINE] - INFO - Fast Loop Complete.
2025-12-25 11:42:01,732 - [ENGINE] - INFO - ⚡ Executing Fast Loop (Market Snapshot)...
2025-12-25 11:42:01,733 - [ENGINE] - INFO - Fast Loop Complete.
2025-12-25 11:43:01,927 - [ENGINE] - INFO - ⚡ Executing Fast Loop (Market Snapshot)...
2025-12-25 11:43:01,929 - [ENGINE] - INFO - Fast Loop Complete.
2025-12-25 11:44:02,131 - [ENGINE] - INFO - ⚡ Executing Fast Loop (Market Snapshot)...
2025-12-25 11:44:02,135 - [ENGINE] - INFO - Fast Loop Complete.
2025-12-25 11:45:02,549 - [ENGINE] - INFO - ⚡ Executing Fast Loop (Market Snapshot)...
2025-12-25 11:45:02,574 - [ENGINE] - INFO - Fast Loop Complete.
2025-12-25 11:46:03,109 - [ENGINE] - INFO - ⚡ Executing Fast Loop (Market Snapshot)...
2025-12-25 11:46:03,124 - [ENGINE] - INFO - Fast Loop Complete.
2025-12-25 11:46:59,426 - [ENGINE] - INFO - 📰 Executing Medium Loop (News & Scan)...
2025-12-25 11:47:01,326 - [ENGINE] - ERROR - News Job Failed: Command '['python3', 'backend/extractors/news_extractor.py']' returned non-zero exit status 1.
2025-12-25 11:47:01,326 - [ENGINE] - INFO - Medium Loop Complete.
2025-12-25 11:47:03,413 - [ENGINE] - INFO - ⚡ Executing Fast Loop (Market Snapshot)...
2025-12-25 11:47:03,419 - [ENGINE] - INFO - Fast Loop Complete.
2025-12-25 11:48:03,628 - [ENGINE] - INFO - ⚡ Executing Fast Loop (Market Snapshot)...
2025-12-25 11:48:03,633 - [ENGINE] - INFO - Fast Loop Complete.
2025-12-25 11:49:03,865 - [ENGINE] - INFO - ⚡ Executing Fast Loop (Market Snapshot)...
2025-12-25 11:49:03,866 - [ENGINE] - INFO - Fast Loop Complete.
2025-12-25 11:50:04,112 - [ENGINE] - INFO - ⚡ Executing Fast Loop (Market Snapshot)...
2025-12-25 11:50:04,113 - [ENGINE] - INFO - Fast Loop Complete.
2025-12-25 11:51:04,345 - [ENGINE] - INFO - ⚡ Executing Fast Loop (Market Snapshot)...
2025-12-25 11:51:04,346 - [ENGINE] - INFO - Fast Loop Complete.
2025-12-25 11:52:04,649 - [ENGINE] - INFO - ⚡ Executing Fast Loop (Market Snapshot)...
2025-12-25 11:52:04,651 - [ENGINE] - INFO - Fast Loop Complete.
2025-12-25 11:53:04,901 - [ENGINE] - INFO - ⚡ Executing Fast Loop (Market Snapshot)...
2025-12-25 11:53:04,902 - [ENGINE] - INFO - Fast Loop Complete.
2025-12-25 11:54:05,119 - [ENGINE] - INFO - ⚡ Executing Fast Loop (Market Snapshot)...
2025-12-25 11:54:05,120 - [ENGINE] - INFO - Fast Loop Complete.
2025-12-25 11:55:05,313 - [ENGINE] - INFO - ⚡ Executing Fast Loop (Market Snapshot)...
2025-12-25 11:55:05,314 - [ENGINE] - INFO - Fast Loop Complete.
2025-12-25 11:56:05,510 - [ENGINE] - INFO - ⚡ Executing Fast Loop (Market Snapshot)...
2025-12-25 11:56:05,519 - [ENGINE] - INFO - Fast Loop Complete.
2025-12-25 11:57:06,176 - [ENGINE] - INFO - ⚡ Executing Fast Loop (Market Snapshot)...
2025-12-25 11:57:06,186 - [ENGINE] - INFO - Fast Loop Complete.
2025-12-25 11:58:06,439 - [ENGINE] - INFO - ⚡ Executing Fast Loop (Market Snapshot)...
2025-12-25 11:58:06,449 - [ENGINE] - INFO - Fast Loop Complete.
2025-12-25 11:59:06,685 - [ENGINE] - INFO - ⚡ Executing Fast Loop (Market Snapshot)...
2025-12-25 11:59:06,688 - [ENGINE] - INFO - Fast Loop Complete.
2025-12-25 12:00:06,908 - [ENGINE] - INFO - ⚡ Executing Fast Loop (Market Snapshot)...
2025-12-25 12:00:06,911 - [ENGINE] - INFO - Fast Loop Complete.
2025-12-25 12:01:07,293 - [ENGINE] - INFO - ⚡ Executing Fast Loop (Market Snapshot)...
2025-12-25 12:01:07,296 - [ENGINE] - INFO - Fast Loop Complete.
2025-12-25 12:02:01,613 - [ENGINE] - INFO - 📰 Executing Medium Loop (News & Scan)...
2025-12-25 12:02:01,790 - [ENGINE] - ERROR - News Job Failed: Command '['python3', 'backend/extractors/news_extractor.py']' returned non-zero exit status 1.
2025-12-25 12:02:01,790 - [ENGINE] - INFO - Medium Loop Complete.
2025-12-25 12:02:07,828 - [ENGINE] - INFO - ⚡ Executing Fast Loop (Market Snapshot)...
2025-12-25 12:02:07,828 - [ENGINE] - INFO - Fast Loop Complete.
2025-12-25 12:03:08,197 - [ENGINE] - INFO - ⚡ Executing Fast Loop (Market Snapshot)...
2025-12-25 12:03:08,197 - [ENGINE] - INFO - Fast Loop Complete.
2025-12-25 12:04:08,604 - [ENGINE] - INFO - ⚡ Executing Fast Loop (Market Snapshot)...
2025-12-25 12:04:08,604 - [ENGINE] - INFO - Fast Loop Complete.
2025-12-25 12:05:09,009 - [ENGINE] - INFO - ⚡ Executing Fast Loop (Market Snapshot)...
2025-12-25 12:05:09,010 - [ENGINE] - INFO - Fast Loop Complete.
2025-12-25 12:06:09,444 - [ENGINE] - INFO - ⚡ Executing Fast Loop (Market Snapshot)...
2025-12-25 12:06:09,445 - [ENGINE] - INFO - Fast Loop Complete.
2025-12-25 12:07:09,839 - [ENGINE] - INFO - ⚡ Executing Fast Loop (Market Snapshot)...
2025-12-25 12:07:09,840 - [ENGINE] - INFO - Fast Loop Complete.
2025-12-25 12:08:10,275 - [ENGINE] - INFO - ⚡ Executing Fast Loop (Market Snapshot)...
2025-12-25 12:08:10,279 - [ENGINE] - INFO - Fast Loop Complete.
2025-12-25 12:09:10,661 - [ENGINE] - INFO - ⚡ Executing Fast Loop (Market Snapshot)...
2025-12-25 12:09:10,662 - [ENGINE] - INFO - Fast Loop Complete.
2025-12-25 12:10:11,002 - [ENGINE] - INFO - ⚡ Executing Fast Loop (Market Snapshot)...
2025-12-25 12:10:11,005 - [ENGINE] - INFO - Fast Loop Complete.
2025-12-25 12:11:11,272 - [ENGINE] - INFO - ⚡ Executing Fast Loop (Market Snapshot)...
2025-12-25 12:11:11,276 - [ENGINE] - INFO - Fast Loop Complete.
2025-12-25 12:12:11,493 - [ENGINE] - INFO - ⚡ Executing Fast Loop (Market Snapshot)...
2025-12-25 12:12:11,494 - [ENGINE] - INFO - Fast Loop Complete.
2025-12-25 12:13:12,377 - [ENGINE] - INFO - ⚡ Executing Fast Loop (Market Snapshot)...
2025-12-25 12:13:12,381 - [ENGINE] - INFO - Fast Loop Complete.
2025-12-25 12:14:12,690 - [ENGINE] - INFO - ⚡ Executing Fast Loop (Market Snapshot)...
2025-12-25 12:14:12,694 - [ENGINE] - INFO - Fast Loop Complete.
2025-12-25 12:15:13,011 - [ENGINE] - INFO - ⚡ Executing Fast Loop (Market Snapshot)...
2025-12-25 12:15:13,019 - [ENGINE] - INFO - Fast Loop Complete.
2025-12-25 12:16:13,256 - [ENGINE] - INFO - ⚡ Executing Fast Loop (Market Snapshot)...
2025-12-25 12:16:13,265 - [ENGINE] - INFO - Fast Loop Complete.
2025-12-25 12:17:02,463 - [ENGINE] - INFO - 📰 Executing Medium Loop (News & Scan)...
2025-12-25 12:17:02,626 - [ENGINE] - ERROR - News Job Failed: Command '['python3', 'backend/extractors/news_extractor.py']' returned non-zero exit status 1.
2025-12-25 12:17:02,626 - [ENGINE] - INFO - Medium Loop Complete.
2025-12-25 12:17:13,666 - [ENGINE] - INFO - ⚡ Executing Fast Loop (Market Snapshot)...
2025-12-25 12:17:13,667 - [ENGINE] - INFO - Fast Loop Complete.
2025-12-25 12:18:13,894 - [ENGINE] - INFO - ⚡ Executing Fast Loop (Market Snapshot)...
2025-12-25 12:18:13,896 - [ENGINE] - INFO - Fast Loop Complete.
2025-12-25 12:19:14,111 - [ENGINE] - INFO - ⚡ Executing Fast Loop (Market Snapshot)...
2025-12-25 12:19:14,111 - [ENGINE] - INFO - Fast Loop Complete.
2025-12-25 12:20:14,322 - [ENGINE] - INFO - ⚡ Executing Fast Loop (Market Snapshot)...
2025-12-25 12:20:14,330 - [ENGINE] - INFO - Fast Loop Complete.
2025-12-25 12:21:14,542 - [ENGINE] - INFO - ⚡ Executing Fast Loop (Market Snapshot)...
2025-12-25 12:21:14,593 - [ENGINE] - INFO - Fast Loop Complete.
2025-12-25 12:22:14,847 - [ENGINE] - INFO - ⚡ Executing Fast Loop (Market Snapshot)...
2025-12-25 12:22:14,848 - [ENGINE] - INFO - Fast Loop Complete.
2025-12-25 12:23:15,068 - [ENGINE] - INFO - ⚡ Executing Fast Loop (Market Snapshot)...
2025-12-25 12:23:15,078 - [ENGINE] - INFO - Fast Loop Complete.
2025-12-25 12:24:15,319 - [ENGINE] - INFO - ⚡ Executing Fast Loop (Market Snapshot)...
2025-12-25 12:24:15,320 - [ENGINE] - INFO - Fast Loop Complete.
2025-12-25 12:25:15,563 - [ENGINE] - INFO - ⚡ Executing Fast Loop (Market Snapshot)...
2025-12-25 12:25:15,565 - [ENGINE] - INFO - Fast Loop Complete.
2025-12-25 12:26:15,761 - [ENGINE] - INFO - ⚡ Executing Fast Loop (Market Snapshot)...
2025-12-25 12:26:15,763 - [ENGINE] - INFO - Fast Loop Complete.
2025-12-25 12:27:16,005 - [ENGINE] - INFO - ⚡ Executing Fast Loop (Market Snapshot)...
2025-12-25 12:27:16,007 - [ENGINE] - INFO - Fast Loop Complete.
2025-12-25 12:28:16,225 - [ENGINE] - INFO - ⚡ Executing Fast Loop (Market Snapshot)...
2025-12-25 12:28:16,227 - [ENGINE] - INFO - Fast Loop Complete.
2025-12-25 12:29:16,415 - [ENGINE] - INFO - ⚡ Executing Fast Loop (Market Snapshot)...
2025-12-25 12:29:16,416 - [ENGINE] - INFO - Fast Loop Complete.
2025-12-25 12:30:16,648 - [ENGINE] - INFO - ⚡ Executing Fast Loop (Market Snapshot)...
2025-12-25 12:30:16,649 - [ENGINE] - INFO - Fast Loop Complete.
2025-12-25 12:31:17,003 - [ENGINE] - INFO - ⚡ Executing Fast Loop (Market Snapshot)...
2025-12-25 12:31:17,011 - [ENGINE] - INFO - Fast Loop Complete.
2025-12-25 12:32:03,209 - [ENGINE] - INFO - 📰 Executing Medium Loop (News & Scan)...
2025-12-25 12:32:03,543 - [ENGINE] - ERROR - News Job Failed: Command '['python3', 'backend/extractors/news_extractor.py']' returned non-zero exit status 1.
2025-12-25 12:32:03,544 - [ENGINE] - INFO - Medium Loop Complete.
2025-12-25 12:32:17,592 - [ENGINE] - INFO - ⚡ Executing Fast Loop (Market Snapshot)...
2025-12-25 12:32:17,593 - [ENGINE] - INFO - Fast Loop Complete.
2025-12-25 12:33:18,052 - [ENGINE] - INFO - ⚡ Executing Fast Loop (Market Snapshot)...
2025-12-25 12:33:18,061 - [ENGINE] - INFO - Fast Loop Complete.
2025-12-25 12:34:18,270 - [ENGINE] - INFO - ⚡ Executing Fast Loop (Market Snapshot)...
2025-12-25 12:34:18,279 - [ENGINE] - INFO - Fast Loop Complete.
2025-12-25 12:35:18,471 - [ENGINE] - INFO - ⚡ Executing Fast Loop (Market Snapshot)...
2025-12-25 12:35:18,474 - [ENGINE] - INFO - Fast Loop Complete.
2025-12-25 12:36:18,694 - [ENGINE] - INFO - ⚡ Executing Fast Loop (Market Snapshot)...
2025-12-25 12:36:18,697 - [ENGINE] - INFO - Fast Loop Complete.
2025-12-25 12:37:18,911 - [ENGINE] - INFO - ⚡ Executing Fast Loop (Market Snapshot)...
2025-12-25 12:37:18,918 - [ENGINE] - INFO - Fast Loop Complete.
2025-12-25 12:38:19,165 - [ENGINE] - INFO - ⚡ Executing Fast Loop (Market Snapshot)...
2025-12-25 12:38:19,167 - [ENGINE] - INFO - Fast Loop Complete.
2025-12-25 12:39:19,454 - [ENGINE] - INFO - ⚡ Executing Fast Loop (Market Snapshot)...
2025-12-25 12:39:19,460 - [ENGINE] - INFO - Fast Loop Complete.
2025-12-25 12:40:19,692 - [ENGINE] - INFO - ⚡ Executing Fast Loop (Market Snapshot)...
2025-12-25 12:40:19,696 - [ENGINE] - INFO - Fast Loop Complete.
2025-12-25 12:41:19,896 - [ENGINE] - INFO - ⚡ Executing Fast Loop (Market Snapshot)...
2025-12-25 12:41:19,898 - [ENGINE] - INFO - Fast Loop Complete.
2025-12-25 12:42:20,103 - [ENGINE] - INFO - ⚡ Executing Fast Loop (Market Snapshot)...
2025-12-25 12:42:20,106 - [ENGINE] - INFO - Fast Loop Complete.
2025-12-25 12:43:20,298 - [ENGINE] - INFO - ⚡ Executing Fast Loop (Market Snapshot)...
2025-12-25 12:43:20,301 - [ENGINE] - INFO - Fast Loop Complete.
2025-12-25 12:44:20,503 - [ENGINE] - INFO - ⚡ Executing Fast Loop (Market Snapshot)...
2025-12-25 12:44:20,505 - [ENGINE] - INFO - Fast Loop Complete.
2025-12-25 12:45:20,762 - [ENGINE] - INFO - ⚡ Executing Fast Loop (Market Snapshot)...
2025-12-25 12:45:20,763 - [ENGINE] - INFO - Fast Loop Complete.
2025-12-25 12:46:20,979 - [ENGINE] - INFO - ⚡ Executing Fast Loop (Market Snapshot)...
2025-12-25 12:46:20,981 - [ENGINE] - INFO - Fast Loop Complete.
2025-12-25 12:47:04,148 - [ENGINE] - INFO - 📰 Executing Medium Loop (News & Scan)...
2025-12-25 12:47:04,554 - [ENGINE] - ERROR - News Job Failed: Command '['python3', 'backend/extractors/news_extractor.py']' returned non-zero exit status 1.
2025-12-25 12:47:04,555 - [ENGINE] - INFO - Medium Loop Complete.
2025-12-25 12:47:21,621 - [ENGINE] - INFO - ⚡ Executing Fast Loop (Market Snapshot)...
2025-12-25 12:47:21,622 - [ENGINE] - INFO - Fast Loop Complete.
2025-12-25 12:48:21,850 - [ENGINE] - INFO - ⚡ Executing Fast Loop (Market Snapshot)...
2025-12-25 12:48:21,860 - [ENGINE] - INFO - Fast Loop Complete.
2025-12-25 12:49:22,052 - [ENGINE] - INFO - ⚡ Executing Fast Loop (Market Snapshot)...
2025-12-25 12:49:22,059 - [ENGINE] - INFO - Fast Loop Complete.
2025-12-25 12:50:17,148 - [ENGINE] - INFO - 🚀 Enterprise Engine Started. Initializing Loops...
2025-12-25 12:50:17,149 - [ENGINE] - INFO - ⚡ Executing Fast Loop (Market Snapshot)...
2025-12-25 12:50:17,149 - [ENGINE] - INFO - Fast Loop Complete.
2025-12-25 12:51:17,376 - [ENGINE] - INFO - ⚡ Executing Fast Loop (Market Snapshot)...
2025-12-25 12:51:17,391 - [ENGINE] - INFO - Fast Loop Complete.
2025-12-25 12:52:17,585 - [ENGINE] - INFO - ⚡ Executing Fast Loop (Market Snapshot)...
2025-12-25 12:52:17,592 - [ENGINE] - INFO - Fast Loop Complete.
2025-12-25 12:53:17,885 - [ENGINE] - INFO - ⚡ Executing Fast Loop (Market Snapshot)...
2025-12-25 12:53:17,886 - [ENGINE] - INFO - Fast Loop Complete.
2025-12-25 12:54:18,159 - [ENGINE] - INFO - ⚡ Executing Fast Loop (Market Snapshot)...
2025-12-25 12:54:18,164 - [ENGINE] - INFO - Fast Loop Complete.
2025-12-25 12:55:18,337 - [ENGINE] - INFO - ⚡ Executing Fast Loop (Market Snapshot)...
2025-12-25 12:55:18,339 - [ENGINE] - INFO - Fast Loop Complete.
2025-12-25 12:56:18,568 - [ENGINE] - INFO - ⚡ Executing Fast Loop (Market Snapshot)...
2025-12-25 12:56:18,569 - [ENGINE] - INFO - Fast Loop Complete.
2025-12-25 12:57:18,782 - [ENGINE] - INFO - ⚡ Executing Fast Loop (Market Snapshot)...
2025-12-25 12:57:18,784 - [ENGINE] - INFO - Fast Loop Complete.
2025-12-25 12:58:19,036 - [ENGINE] - INFO - ⚡ Executing Fast Loop (Market Snapshot)...
2025-12-25 12:58:19,043 - [ENGINE] - INFO - Fast Loop Complete.
2025-12-25 12:59:19,474 - [ENGINE] - INFO - ⚡ Executing Fast Loop (Market Snapshot)...
2025-12-25 12:59:19,477 - [ENGINE] - INFO - Fast Loop Complete.
2025-12-25 13:00:19,680 - [ENGINE] - INFO - ⚡ Executing Fast Loop (Market Snapshot)...
2025-12-25 13:00:19,681 - [ENGINE] - INFO - Fast Loop Complete.
2025-12-25 13:01:19,912 - [ENGINE] - INFO - ⚡ Executing Fast Loop (Market Snapshot)...
2025-12-25 13:01:19,913 - [ENGINE] - INFO - Fast Loop Complete.
2025-12-25 13:02:20,124 - [ENGINE] - INFO - ⚡ Executing Fast Loop (Market Snapshot)...
2025-12-25 13:02:20,124 - [ENGINE] - INFO - Fast Loop Complete.
2025-12-25 13:03:20,575 - [ENGINE] - INFO - ⚡ Executing Fast Loop (Market Snapshot)...
2025-12-25 13:03:20,581 - [ENGINE] - INFO - Fast Loop Complete.
2025-12-25 13:04:20,821 - [ENGINE] - INFO - ⚡ Executing Fast Loop (Market Snapshot)...
2025-12-25 13:04:20,822 - [ENGINE] - INFO - Fast Loop Complete.
2025-12-25 13:05:18,012 - [ENGINE] - INFO - 📰 Executing Medium Loop (News & Scan)...
2025-12-25 13:05:20,364 - [ENGINE] - INFO - News Job Completed Successfully.
2025-12-25 13:05:20,365 - [ENGINE] - INFO - Medium Loop Complete.
2025-12-25 13:05:21,366 - [ENGINE] - INFO - ⚡ Executing Fast Loop (Market Snapshot)...
2025-12-25 13:05:21,372 - [ENGINE] - INFO - Fast Loop Complete.
2025-12-25 13:06:21,553 - [ENGINE] - INFO - ⚡ Executing Fast Loop (Market Snapshot)...
2025-12-25 13:06:21,561 - [ENGINE] - INFO - Fast Loop Complete.
2025-12-25 13:06:28,304 - [ENGINE] - INFO - 🚀 Enterprise Engine Started. Initializing Loops...
2025-12-25 13:06:28,305 - [ENGINE] - INFO - ⚡ Executing Fast Loop (Market Snapshot)...
2025-12-25 13:06:28,305 - [ENGINE] - INFO - Fast Loop Complete.
2025-12-25 13:07:28,504 - [ENGINE] - INFO - ⚡ Executing Fast Loop (Market Snapshot)...
2025-12-25 13:07:28,505 - [ENGINE] - INFO - Fast Loop Complete.
2025-12-25 13:08:28,699 - [ENGINE] - INFO - ⚡ Executing Fast Loop (Market Snapshot)...
2025-12-25 13:08:28,699 - [ENGINE] - INFO - Fast Loop Complete.
2025-12-25 13:09:28,943 - [ENGINE] - INFO - ⚡ Executing Fast Loop (Market Snapshot)...
2025-12-25 13:09:28,944 - [ENGINE] - INFO - Fast Loop Complete.
2025-12-25 13:10:29,131 - [ENGINE] - INFO - ⚡ Executing Fast Loop (Market Snapshot)...
2025-12-25 13:10:29,132 - [ENGINE] - INFO - Fast Loop Complete.
2025-12-25 13:11:29,583 - [ENGINE] - INFO - ⚡ Executing Fast Loop (Market Snapshot)...
2025-12-25 13:11:29,584 - [ENGINE] - INFO - Fast Loop Complete.
2025-12-25 13:12:30,063 - [ENGINE] - INFO - ⚡ Executing Fast Loop (Market Snapshot)...
2025-12-25 13:12:30,068 - [ENGINE] - INFO - Fast Loop Complete.
2025-12-25 13:13:30,381 - [ENGINE] - INFO - ⚡ Executing Fast Loop (Market Snapshot)...
2025-12-25 13:13:30,382 - [ENGINE] - INFO - Fast Loop Complete.
2025-12-25 13:14:30,694 - [ENGINE] - INFO - ⚡ Executing Fast Loop (Market Snapshot)...
2025-12-25 13:14:30,699 - [ENGINE] - INFO - Fast Loop Complete.
2025-12-25 13:15:30,898 - [ENGINE] - INFO - ⚡ Executing Fast Loop (Market Snapshot)...
2025-12-25 13:15:30,899 - [ENGINE] - INFO - Fast Loop Complete.
2025-12-25 13:16:31,109 - [ENGINE] - INFO - ⚡ Executing Fast Loop (Market Snapshot)...
2025-12-25 13:16:31,112 - [ENGINE] - INFO - Fast Loop Complete.
2025-12-25 13:17:31,340 - [ENGINE] - INFO - ⚡ Executing Fast Loop (Market Snapshot)...
2025-12-25 13:17:31,343 - [ENGINE] - INFO - Fast Loop Complete.
2025-12-25 13:18:31,531 - [ENGINE] - INFO - ⚡ Executing Fast Loop (Market Snapshot)...
2025-12-25 13:18:31,534 - [ENGINE] - INFO - Fast Loop Complete.
2025-12-25 13:19:31,721 - [ENGINE] - INFO - ⚡ Executing Fast Loop (Market Snapshot)...
2025-12-25 13:19:31,722 - [ENGINE] - INFO - Fast Loop Complete.
2025-12-25 13:20:31,925 - [ENGINE] - INFO - ⚡ Executing Fast Loop (Market Snapshot)...
2025-12-25 13:20:31,927 - [ENGINE] - INFO - Fast Loop Complete.
2025-12-25 13:21:29,128 - [ENGINE] - INFO - 📰 Executing Medium Loop (News & Scan)...
2025-12-25 13:21:30,634 - [ENGINE] - INFO - News Job Completed Successfully.
2025-12-25 13:21:30,634 - [ENGINE] - INFO - Medium Loop Complete.
2025-12-25 13:21:32,641 - [ENGINE] - INFO - ⚡ Executing Fast Loop (Market Snapshot)...
2025-12-25 13:21:32,641 - [ENGINE] - INFO - Fast Loop Complete.
2025-12-25 13:22:32,818 - [ENGINE] - INFO - ⚡ Executing Fast Loop (Market Snapshot)...
2025-12-25 13:22:32,818 - [ENGINE] - INFO - Fast Loop Complete.
2025-12-25 13:23:33,065 - [ENGINE] - INFO - ⚡ Executing Fast Loop (Market Snapshot)...
2025-12-25 13:23:33,067 - [ENGINE] - INFO - Fast Loop Complete.
2025-12-25 13:24:33,292 - [ENGINE] - INFO - ⚡ Executing Fast Loop (Market Snapshot)...
2025-12-25 13:24:33,293 - [ENGINE] - INFO - Fast Loop Complete.
2025-12-25 13:25:33,498 - [ENGINE] - INFO - ⚡ Executing Fast Loop (Market Snapshot)...
2025-12-25 13:25:33,499 - [ENGINE] - INFO - Fast Loop Complete.
2025-12-25 13:26:33,701 - [ENGINE] - INFO - ⚡ Executing Fast Loop (Market Snapshot)...
2025-12-25 13:26:33,701 - [ENGINE] - INFO - Fast Loop Complete.
2025-12-25 13:27:33,899 - [ENGINE] - INFO - ⚡ Executing Fast Loop (Market Snapshot)...
2025-12-25 13:27:33,900 - [ENGINE] - INFO - Fast Loop Complete.
2025-12-25 13:28:34,100 - [ENGINE] - INFO - ⚡ Executing Fast Loop (Market Snapshot)...
2025-12-25 13:28:34,101 - [ENGINE] - INFO - Fast Loop Complete.
2025-12-25 13:29:34,289 - [ENGINE] - INFO - ⚡ Executing Fast Loop (Market Snapshot)...
2025-12-25 13:29:34,290 - [ENGINE] - INFO - Fast Loop Complete.
2025-12-25 13:30:34,494 - [ENGINE] - INFO - ⚡ Executing Fast Loop (Market Snapshot)...
2025-12-25 13:30:34,494 - [ENGINE] - INFO - Fast Loop Complete.
2025-12-25 13:31:34,678 - [ENGINE] - INFO - ⚡ Executing Fast Loop (Market Snapshot)...
2025-12-25 13:31:34,679 - [ENGINE] - INFO - Fast Loop Complete.
2025-12-25 13:32:34,876 - [ENGINE] - INFO - ⚡ Executing Fast Loop (Market Snapshot)...
2025-12-25 13:32:34,877 - [ENGINE] - INFO - Fast Loop Complete.
2025-12-25 13:33:35,087 - [ENGINE] - INFO - ⚡ Executing Fast Loop (Market Snapshot)...
2025-12-25 13:33:35,089 - [ENGINE] - INFO - Fast Loop Complete.
2025-12-25 13:34:35,267 - [ENGINE] - INFO - ⚡ Executing Fast Loop (Market Snapshot)...
2025-12-25 13:34:35,268 - [ENGINE] - INFO - Fast Loop Complete.
2025-12-25 13:35:35,454 - [ENGINE] - INFO - ⚡ Executing Fast Loop (Market Snapshot)...
2025-12-25 13:35:35,455 - [ENGINE] - INFO - Fast Loop Complete.
2025-12-25 13:36:31,619 - [ENGINE] - INFO - 📰 Executing Medium Loop (News & Scan)...
2025-12-25 13:36:32,693 - [ENGINE] - INFO - News Job Completed Successfully.
2025-12-25 13:36:32,693 - [ENGINE] - INFO - Medium Loop Complete.
2025-12-25 13:36:35,703 - [ENGINE] - INFO - ⚡ Executing Fast Loop (Market Snapshot)...
2025-12-25 13:36:35,703 - [ENGINE] - INFO - Fast Loop Complete.
2025-12-25 13:37:35,892 - [ENGINE] - INFO - ⚡ Executing Fast Loop (Market Snapshot)...
2025-12-25 13:37:35,893 - [ENGINE] - INFO - Fast Loop Complete.
2025-12-25 13:38:36,125 - [ENGINE] - INFO - ⚡ Executing Fast Loop (Market Snapshot)...
2025-12-25 13:38:36,127 - [ENGINE] - INFO - Fast Loop Complete.
2025-12-25 13:39:36,327 - [ENGINE] - INFO - ⚡ Executing Fast Loop (Market Snapshot)...
2025-12-25 13:39:36,328 - [ENGINE] - INFO - Fast Loop Complete.
2025-12-25 13:40:36,523 - [ENGINE] - INFO - ⚡ Executing Fast Loop (Market Snapshot)...
2025-12-25 13:40:36,524 - [ENGINE] - INFO - Fast Loop Complete.
2025-12-25 13:41:36,774 - [ENGINE] - INFO - ⚡ Executing Fast Loop (Market Snapshot)...
2025-12-25 13:41:36,776 - [ENGINE] - INFO - Fast Loop Complete.
2025-12-25 13:42:37,003 - [ENGINE] - INFO - ⚡ Executing Fast Loop (Market Snapshot)...
2025-12-25 13:42:37,004 - [ENGINE] - INFO - Fast Loop Complete.
2025-12-25 13:43:37,242 - [ENGINE] - INFO - ⚡ Executing Fast Loop (Market Snapshot)...
2025-12-25 13:43:37,243 - [ENGINE] - INFO - Fast Loop Complete.
2025-12-25 13:44:37,441 - [ENGINE] - INFO - ⚡ Executing Fast Loop (Market Snapshot)...
2025-12-25 13:44:37,443 - [ENGINE] - INFO - Fast Loop Complete.
2025-12-25 13:45:37,682 - [ENGINE] - INFO - ⚡ Executing Fast Loop (Market Snapshot)...
2025-12-25 13:45:37,683 - [ENGINE] - INFO - Fast Loop Complete.
2025-12-25 13:46:37,986 - [ENGINE] - INFO - ⚡ Executing Fast Loop (Market Snapshot)...
2025-12-25 13:46:37,987 - [ENGINE] - INFO - Fast Loop Complete.
2025-12-25 13:47:38,335 - [ENGINE] - INFO - ⚡ Executing Fast Loop (Market Snapshot)...
2025-12-25 13:47:38,337 - [ENGINE] - INFO - Fast Loop Complete.
2025-12-25 13:48:38,597 - [ENGINE] - INFO - ⚡ Executing Fast Loop (Market Snapshot)...
2025-12-25 13:48:38,598 - [ENGINE] - INFO - Fast Loop Complete.
2025-12-25 13:49:38,840 - [ENGINE] - INFO - ⚡ Executing Fast Loop (Market Snapshot)...
2025-12-25 13:49:38,842 - [ENGINE] - INFO - Fast Loop Complete.
2025-12-25 13:50:39,058 - [ENGINE] - INFO - ⚡ Executing Fast Loop (Market Snapshot)...
2025-12-25 13:50:39,059 - [ENGINE] - INFO - Fast Loop Complete.
2025-12-25 13:51:33,259 - [ENGINE] - INFO - 📰 Executing Medium Loop (News & Scan)...
2025-12-25 13:51:36,245 - [ENGINE] - INFO - News Job Completed Successfully.
2025-12-25 13:51:36,245 - [ENGINE] - INFO - Medium Loop Complete.
2025-12-25 13:51:39,258 - [ENGINE] - INFO - ⚡ Executing Fast Loop (Market Snapshot)...
2025-12-25 13:51:39,259 - [ENGINE] - INFO - Fast Loop Complete.
2025-12-25 13:52:39,440 - [ENGINE] - INFO - ⚡ Executing Fast Loop (Market Snapshot)...
2025-12-25 13:52:39,442 - [ENGINE] - INFO - Fast Loop Complete.
2025-12-25 13:53:39,700 - [ENGINE] - INFO - ⚡ Executing Fast Loop (Market Snapshot)...
2025-12-25 13:53:39,701 - [ENGINE] - INFO - Fast Loop Complete.
2025-12-25 13:54:40,036 - [ENGINE] - INFO - ⚡ Executing Fast Loop (Market Snapshot)...
2025-12-25 13:54:40,037 - [ENGINE] - INFO - Fast Loop Complete.
2025-12-25 13:55:40,234 - [ENGINE] - INFO - ⚡ Executing Fast Loop (Market Snapshot)...
2025-12-25 13:55:40,236 - [ENGINE] - INFO - Fast Loop Complete.
2025-12-25 13:56:40,422 - [ENGINE] - INFO - ⚡ Executing Fast Loop (Market Snapshot)...
2025-12-25 13:56:40,423 - [ENGINE] - INFO - Fast Loop Complete.
2025-12-25 13:57:40,625 - [ENGINE] - INFO - ⚡ Executing Fast Loop (Market Snapshot)...
2025-12-25 13:57:40,626 - [ENGINE] - INFO - Fast Loop Complete.
2025-12-25 13:58:40,849 - [ENGINE] - INFO - ⚡ Executing Fast Loop (Market Snapshot)...
2025-12-25 13:58:40,852 - [ENGINE] - INFO - Fast Loop Complete.
2025-12-25 13:59:41,097 - [ENGINE] - INFO - ⚡ Executing Fast Loop (Market Snapshot)...
2025-12-25 13:59:41,098 - [ENGINE] - INFO - Fast Loop Complete.
2025-12-25 14:00:41,333 - [ENGINE] - INFO - ⚡ Executing Fast Loop (Market Snapshot)...
2025-12-25 14:00:41,334 - [ENGINE] - INFO - Fast Loop Complete.
2025-12-25 14:01:41,556 - [ENGINE] - INFO - ⚡ Executing Fast Loop (Market Snapshot)...
2025-12-25 14:01:41,557 - [ENGINE] - INFO - Fast Loop Complete.
2025-12-25 14:02:41,763 - [ENGINE] - INFO - ⚡ Executing Fast Loop (Market Snapshot)...
2025-12-25 14:02:41,765 - [ENGINE] - INFO - Fast Loop Complete.
2025-12-25 14:03:41,980 - [ENGINE] - INFO - ⚡ Executing Fast Loop (Market Snapshot)...
2025-12-25 14:03:41,982 - [ENGINE] - INFO - Fast Loop Complete.
2025-12-25 14:04:42,211 - [ENGINE] - INFO - ⚡ Executing Fast Loop (Market Snapshot)...
2025-12-25 14:04:42,213 - [ENGINE] - INFO - Fast Loop Complete.
2025-12-25 14:05:42,397 - [ENGINE] - INFO - ⚡ Executing Fast Loop (Market Snapshot)...
2025-12-25 14:05:42,397 - [ENGINE] - INFO - Fast Loop Complete.
2025-12-25 14:06:36,586 - [ENGINE] - INFO - 📰 Executing Medium Loop (News & Scan)...
2025-12-25 14:06:38,322 - [ENGINE] - INFO - News Job Completed Successfully.
2025-12-25 14:06:38,322 - [ENGINE] - INFO - Medium Loop Complete.
2025-12-25 14:06:43,344 - [ENGINE] - INFO - ⚡ Executing Fast Loop (Market Snapshot)...
2025-12-25 14:06:43,346 - [ENGINE] - INFO - Fast Loop Complete.
2025-12-25 14:07:43,721 - [ENGINE] - INFO - ⚡ Executing Fast Loop (Market Snapshot)...
2025-12-25 14:07:43,727 - [ENGINE] - INFO - Fast Loop Complete.
2025-12-25 14:08:44,070 - [ENGINE] - INFO - ⚡ Executing Fast Loop (Market Snapshot)...
2025-12-25 14:08:44,080 - [ENGINE] - INFO - Fast Loop Complete.
2025-12-25 14:09:44,295 - [ENGINE] - INFO - ⚡ Executing Fast Loop (Market Snapshot)...
2025-12-25 14:09:44,302 - [ENGINE] - INFO - Fast Loop Complete.
2025-12-25 14:10:44,584 - [ENGINE] - INFO - ⚡ Executing Fast Loop (Market Snapshot)...
2025-12-25 14:10:44,585 - [ENGINE] - INFO - Fast Loop Complete.
2025-12-25 14:11:44,952 - [ENGINE] - INFO - ⚡ Executing Fast Loop (Market Snapshot)...
2025-12-25 14:11:44,963 - [ENGINE] - INFO - Fast Loop Complete.
2025-12-25 14:12:45,758 - [ENGINE] - INFO - ⚡ Executing Fast Loop (Market Snapshot)...
2025-12-25 14:12:45,761 - [ENGINE] - INFO - Fast Loop Complete.
2025-12-25 14:13:46,320 - [ENGINE] - INFO - ⚡ Executing Fast Loop (Market Snapshot)...
2025-12-25 14:13:46,350 - [ENGINE] - INFO - Fast Loop Complete.
2025-12-25 14:14:46,992 - [ENGINE] - INFO - ⚡ Executing Fast Loop (Market Snapshot)...
2025-12-25 14:14:47,004 - [ENGINE] - INFO - Fast Loop Complete.
2025-12-25 14:15:47,469 - [ENGINE] - INFO - ⚡ Executing Fast Loop (Market Snapshot)...
2025-12-25 14:15:47,470 - [ENGINE] - INFO - Fast Loop Complete.
2025-12-25 14:16:47,751 - [ENGINE] - INFO - ⚡ Executing Fast Loop (Market Snapshot)...
2025-12-25 14:16:47,757 - [ENGINE] - INFO - Fast Loop Complete.
2025-12-25 14:17:47,944 - [ENGINE] - INFO - ⚡ Executing Fast Loop (Market Snapshot)...
2025-12-25 14:17:47,945 - [ENGINE] - INFO - Fast Loop Complete.
2025-12-25 14:18:48,230 - [ENGINE] - INFO - ⚡ Executing Fast Loop (Market Snapshot)...
2025-12-25 14:18:48,231 - [ENGINE] - INFO - Fast Loop Complete.
