2025-12-25 15:38:49,201 - [FAIRVALUE] - INFO - 🎯 Extracting fair values for 453 stocks
2025-12-25 15:38:54,550 - [FAIRVALUE] - INFO - ⚠️ [1/453] 1010: No fair values
2025-12-25 15:38:58,596 - [FAIRVALUE] - INFO - ⚠️ [2/453] 1020: No fair values
2025-12-25 15:39:01,391 - [FAIRVALUE] - INFO - ⚠️ [3/453] 1030: No fair values
2025-12-25 15:39:04,145 - [FAIRVALUE] - INFO - ⚠️ [4/453] 1050: No fair values
2025-12-25 15:39:06,932 - [FAIRVALUE] - INFO - ⚠️ [5/453] 1060: No fair values
2025-12-25 15:39:09,741 - [FAIRVALUE] - INFO - ⚠️ [6/453] 1080: No fair values
2025-12-25 15:39:12,695 - [FAIRVALUE] - INFO - ⚠️ [7/453] 1111: No fair values
2025-12-25 15:39:15,519 - [FAIRVALUE] - INFO - ⚠️ [8/453] 1113: No fair values
2025-12-25 15:39:19,135 - [FAIRVALUE] - INFO - ⚠️ [9/453] 1120: No fair values
2025-12-25 15:39:22,339 - [FAIRVALUE] - INFO - ⚠️ [10/453] 1140: No fair values
2025-12-25 15:39:25,117 - [FAIRVALUE] - INFO - ⚠️ [11/453] 1150: No fair values
2025-12-25 15:39:27,952 - [FAIRVALUE] - INFO - ⚠️ [12/453] 1180: No fair values
2025-12-25 15:39:30,742 - [FAIRVALUE] - INFO - ⚠️ [13/453] 1182: No fair values
2025-12-25 15:39:33,586 - [FAIRVALUE] - INFO - ⚠️ [14/453] 1183: No fair values
2025-12-25 15:39:37,170 - [FAIRVALUE] - INFO - ⚠️ [15/453] 1201: No fair values
2025-12-25 15:39:39,933 - [FAIRVALUE] - INFO - ⚠️ [16/453] 1202: No fair values
2025-12-25 15:39:42,716 - [FAIRVALUE] - INFO - ⚠️ [17/453] 1210: No fair values
2025-12-25 15:39:45,497 - [FAIRVALUE] - INFO - ⚠️ [18/453] 1211: No fair values
2025-12-25 15:39:48,347 - [FAIRVALUE] - INFO - ⚠️ [19/453] 1212: No fair values
2025-12-25 15:39:51,147 - [FAIRVALUE] - INFO - ⚠️ [20/453] 1213: No fair values
2025-12-25 15:39:53,937 - [FAIRVALUE] - INFO - ⚠️ [21/453] 1214: No fair values
2025-12-25 15:39:56,718 - [FAIRVALUE] - INFO - ⚠️ [22/453] 1301: No fair values
2025-12-25 15:40:02,516 - [FAIRVALUE] - INFO - ⚠️ [23/453] 1302: No fair values
2025-12-25 15:40:05,698 - [FAIRVALUE] - INFO - ⚠️ [24/453] 1303: No fair values
2025-12-25 15:40:08,478 - [FAIRVALUE] - INFO - ⚠️ [25/453] 1304: No fair values
2025-12-25 15:40:11,225 - [FAIRVALUE] - INFO - ✅ 1320: Found 5 fair values
2025-12-25 15:40:11,276 - [FAIRVALUE] - INFO - 💾 [26/453] 1320: Saved 5 fair values
2025-12-25 15:40:14,162 - [FAIRVALUE] - INFO - ⚠️ [27/453] 1321: No fair values
2025-12-25 15:40:16,956 - [FAIRVALUE] - INFO - ⚠️ [28/453] 1322: No fair values
2025-12-25 15:40:19,899 - [FAIRVALUE] - INFO - ⚠️ [29/453] 1323: No fair values
2025-12-25 15:40:22,662 - [FAIRVALUE] - INFO - ⚠️ [30/453] 1810: No fair values
2025-12-25 15:40:25,434 - [FAIRVALUE] - INFO - ⚠️ [31/453] 1820: No fair values
2025-12-25 15:40:28,206 - [FAIRVALUE] - INFO - ✅ 1830: Found 1 fair values
2025-12-25 15:40:28,209 - [FAIRVALUE] - INFO - 💾 [32/453] 1830: Saved 1 fair values
2025-12-25 15:40:30,970 - [FAIRVALUE] - INFO - ⚠️ [33/453] 1831: No fair values
2025-12-25 15:40:33,799 - [FAIRVALUE] - INFO - ⚠️ [34/453] 1832: No fair values
2025-12-25 15:40:37,567 - [FAIRVALUE] - INFO - ⚠️ [35/453] 1833: No fair values
2025-12-25 15:40:42,355 - [FAIRVALUE] - INFO - ⚠️ [36/453] 1834: No fair values
2025-12-25 15:40:45,474 - [FAIRVALUE] - INFO - ⚠️ [37/453] 1835: No fair values
2025-12-25 15:40:48,304 - [FAIRVALUE] - INFO - ⚠️ [38/453] 2001: No fair values
2025-12-25 15:40:51,116 - [FAIRVALUE] - INFO - ⚠️ [39/453] 2010: No fair values
2025-12-25 15:40:53,919 - [FAIRVALUE] - INFO - ⚠️ [40/453] 2020: No fair values
2025-12-25 15:40:56,666 - [FAIRVALUE] - INFO - ⚠️ [41/453] 2030: No fair values
2025-12-25 15:40:59,463 - [FAIRVALUE] - INFO - ⚠️ [42/453] 2040: No fair values
2025-12-25 15:41:02,226 - [FAIRVALUE] - INFO - ⚠️ [43/453] 2050: No fair values
2025-12-25 15:41:04,995 - [FAIRVALUE] - INFO - ⚠️ [44/453] 2060: No fair values
2025-12-25 15:41:07,745 - [FAIRVALUE] - INFO - ⚠️ [45/453] 2070: No fair values
2025-12-25 15:41:10,564 - [FAIRVALUE] - INFO - ⚠️ [46/453] 2080: No fair values
2025-12-25 15:41:13,345 - [FAIRVALUE] - INFO - ⚠️ [47/453] 2081: No fair values
2025-12-25 15:41:16,131 - [FAIRVALUE] - INFO - ⚠️ [48/453] 2082: No fair values
2025-12-25 15:41:18,880 - [FAIRVALUE] - INFO - ⚠️ [49/453] 2083: No fair values
2025-12-25 15:41:21,654 - [FAIRVALUE] - INFO - ⚠️ [50/453] 2084: No fair values
2025-12-25 15:41:24,398 - [FAIRVALUE] - INFO - ⚠️ [51/453] 2090: No fair values
2025-12-25 15:41:27,174 - [FAIRVALUE] - INFO - ⚠️ [52/453] 2100: No fair values
2025-12-25 15:41:30,248 - [FAIRVALUE] - INFO - ⚠️ [53/453] 2110: No fair values
2025-12-25 15:41:33,047 - [FAIRVALUE] - INFO - ⚠️ [54/453] 2120: No fair values
2025-12-25 15:41:36,793 - [FAIRVALUE] - INFO - ⚠️ [55/453] 2130: No fair values
2025-12-25 15:41:39,562 - [FAIRVALUE] - INFO - ⚠️ [56/453] 2140: No fair values
2025-12-25 15:41:43,098 - [FAIRVALUE] - INFO - ⚠️ [57/453] 2150: No fair values
2025-12-25 15:41:46,356 - [FAIRVALUE] - INFO - ⚠️ [58/453] 2160: No fair values
2025-12-25 15:41:49,117 - [FAIRVALUE] - INFO - ⚠️ [59/453] 2170: No fair values
2025-12-25 15:41:51,903 - [FAIRVALUE] - INFO - ⚠️ [60/453] 2180: No fair values
2025-12-25 15:41:54,659 - [FAIRVALUE] - INFO - ⚠️ [61/453] 2190: No fair values
2025-12-25 15:41:57,402 - [FAIRVALUE] - INFO - ⚠️ [62/453] 2200: No fair values
2025-12-25 15:42:00,138 - [FAIRVALUE] - INFO - ⚠️ [63/453] 2210: No fair values
2025-12-25 15:42:02,914 - [FAIRVALUE] - INFO - ⚠️ [64/453] 2220: No fair values
2025-12-25 15:42:05,668 - [FAIRVALUE] - INFO - ⚠️ [65/453] 2222: No fair values
2025-12-25 15:42:08,457 - [FAIRVALUE] - INFO - ⚠️ [66/453] 2223: No fair values
2025-12-25 15:42:11,200 - [FAIRVALUE] - INFO - ⚠️ [67/453] 2230: No fair values
2025-12-25 15:42:13,971 - [FAIRVALUE] - INFO - ⚠️ [68/453] 2240: No fair values
2025-12-25 15:42:16,719 - [FAIRVALUE] - INFO - ⚠️ [69/453] 2250: No fair values
2025-12-25 15:42:19,465 - [FAIRVALUE] - INFO - ⚠️ [70/453] 2270: No fair values
2025-12-25 15:42:22,241 - [FAIRVALUE] - INFO - ⚠️ [71/453] 2280: No fair values
2025-12-25 15:42:25,024 - [FAIRVALUE] - INFO - ⚠️ [72/453] 2281: No fair values
2025-12-25 15:42:27,797 - [FAIRVALUE] - INFO - ⚠️ [73/453] 2282: No fair values
2025-12-25 15:42:30,572 - [FAIRVALUE] - INFO - ⚠️ [74/453] 2283: No fair values
2025-12-25 15:42:33,319 - [FAIRVALUE] - INFO - ⚠️ [75/453] 2284: No fair values
2025-12-25 15:42:36,116 - [FAIRVALUE] - INFO - ⚠️ [76/453] 2285: No fair values
2025-12-25 15:42:39,051 - [FAIRVALUE] - INFO - ⚠️ [77/453] 2286: No fair values
2025-12-25 15:42:41,828 - [FAIRVALUE] - INFO - ⚠️ [78/453] 2287: No fair values
2025-12-25 15:42:48,104 - [FAIRVALUE] - INFO - ⚠️ [79/453] 2290: No fair values
2025-12-25 15:42:56,210 - [FAIRVALUE] - INFO - ⚠️ [80/453] 2300: No fair values
2025-12-25 15:43:02,556 - [FAIRVALUE] - INFO - ⚠️ [81/453] 2310: No fair values
2025-12-25 15:43:07,833 - [FAIRVALUE] - INFO - ⚠️ [82/453] 2320: No fair values
2025-12-25 15:43:10,624 - [FAIRVALUE] - INFO - ⚠️ [83/453] 2330: No fair values
2025-12-25 15:43:13,376 - [FAIRVALUE] - INFO - ⚠️ [84/453] 2340: No fair values
2025-12-25 15:43:16,160 - [FAIRVALUE] - INFO - ⚠️ [85/453] 2350: No fair values
2025-12-25 15:43:18,955 - [FAIRVALUE] - INFO - ⚠️ [86/453] 2360: No fair values
2025-12-25 15:43:21,692 - [FAIRVALUE] - INFO - ⚠️ [87/453] 2370: No fair values
2025-12-25 15:43:24,433 - [FAIRVALUE] - INFO - ⚠️ [88/453] 2380: No fair values
2025-12-25 15:43:27,260 - [FAIRVALUE] - INFO - ⚠️ [89/453] 2381: No fair values
2025-12-25 15:43:30,058 - [FAIRVALUE] - INFO - ⚠️ [90/453] 2382: No fair values
2025-12-25 15:43:32,842 - [FAIRVALUE] - INFO - ⚠️ [91/453] 3002: No fair values
2025-12-25 15:43:35,719 - [FAIRVALUE] - INFO - ⚠️ [92/453] 3003: No fair values
2025-12-25 15:43:39,739 - [FAIRVALUE] - INFO - ⚠️ [93/453] 3004: No fair values
2025-12-25 15:43:43,169 - [FAIRVALUE] - INFO - ⚠️ [94/453] 3005: No fair values
2025-12-25 15:43:47,017 - [FAIRVALUE] - INFO - ⚠️ [95/453] 3007: No fair values
2025-12-25 15:43:49,836 - [FAIRVALUE] - INFO - ⚠️ [96/453] 3008: No fair values
2025-12-25 15:43:53,127 - [FAIRVALUE] - INFO - ⚠️ [97/453] 3010: No fair values
2025-12-25 15:43:56,346 - [FAIRVALUE] - INFO - ⚠️ [98/453] 3020: No fair values
2025-12-25 15:43:59,642 - [FAIRVALUE] - INFO - ⚠️ [99/453] 3030: No fair values
2025-12-25 15:44:02,419 - [FAIRVALUE] - INFO - ⚠️ [100/453] 3040: No fair values
2025-12-25 15:44:24,334 - [FAIRVALUE] - INFO - ⚠️ [101/453] 3050: No fair values
2025-12-25 15:44:28,001 - [FAIRVALUE] - INFO - ⚠️ [102/453] 3060: No fair values
2025-12-25 15:44:31,433 - [FAIRVALUE] - INFO - ⚠️ [103/453] 3080: No fair values
2025-12-25 15:44:35,235 - [FAIRVALUE] - INFO - ⚠️ [104/453] 3090: No fair values
2025-12-25 15:44:39,025 - [FAIRVALUE] - INFO - ⚠️ [105/453] 3091: No fair values
2025-12-25 15:44:44,652 - [FAIRVALUE] - INFO - ⚠️ [106/453] 3092: No fair values
2025-12-25 15:44:49,070 - [FAIRVALUE] - INFO - ⚠️ [107/453] 4001: No fair values
2025-12-25 15:44:58,283 - [FAIRVALUE] - INFO - ⚠️ [108/453] 4002: No fair values
2025-12-25 15:45:07,522 - [FAIRVALUE] - INFO - ⚠️ [109/453] 4003: No fair values
2025-12-25 15:45:11,552 - [FAIRVALUE] - INFO - ⚠️ [110/453] 4004: No fair values
2025-12-25 15:45:14,359 - [FAIRVALUE] - INFO - ⚠️ [111/453] 4005: No fair values
2025-12-25 15:45:17,118 - [FAIRVALUE] - INFO - ⚠️ [112/453] 4006: No fair values
2025-12-25 15:45:19,902 - [FAIRVALUE] - INFO - ⚠️ [113/453] 4007: No fair values
2025-12-25 15:45:22,779 - [FAIRVALUE] - INFO - ⚠️ [114/453] 4008: No fair values
2025-12-25 15:45:25,552 - [FAIRVALUE] - INFO - ⚠️ [115/453] 4009: No fair values
2025-12-25 15:45:28,332 - [FAIRVALUE] - INFO - ⚠️ [116/453] 4011: No fair values
2025-12-25 15:45:31,106 - [FAIRVALUE] - INFO - ⚠️ [117/453] 4012: No fair values
2025-12-25 15:45:34,018 - [FAIRVALUE] - INFO - ⚠️ [118/453] 4013: No fair values
2025-12-25 15:45:36,806 - [FAIRVALUE] - INFO - ⚠️ [119/453] 4014: No fair values
2025-12-25 15:45:40,862 - [FAIRVALUE] - INFO - ⚠️ [120/453] 4015: No fair values
2025-12-25 15:45:44,881 - [FAIRVALUE] - INFO - ⚠️ [121/453] 4016: No fair values
2025-12-25 15:45:47,927 - [FAIRVALUE] - INFO - ⚠️ [122/453] 4017: No fair values
2025-12-25 15:45:50,818 - [FAIRVALUE] - INFO - ⚠️ [123/453] 4018: No fair values
2025-12-25 15:45:53,609 - [FAIRVALUE] - INFO - ⚠️ [124/453] 4019: No fair values
2025-12-25 15:45:56,434 - [FAIRVALUE] - INFO - ⚠️ [125/453] 4020: No fair values
2025-12-25 15:45:59,502 - [FAIRVALUE] - INFO - ⚠️ [126/453] 4021: No fair values
2025-12-25 15:46:02,311 - [FAIRVALUE] - INFO - ⚠️ [127/453] 4030: No fair values
2025-12-25 15:46:05,130 - [FAIRVALUE] - INFO - ⚠️ [128/453] 4031: No fair values
2025-12-25 15:46:07,958 - [FAIRVALUE] - INFO - ⚠️ [129/453] 4040: No fair values
2025-12-25 15:46:10,810 - [FAIRVALUE] - INFO - ⚠️ [130/453] 4050: No fair values
2025-12-25 15:46:13,598 - [FAIRVALUE] - INFO - ⚠️ [131/453] 4051: No fair values
2025-12-25 15:46:16,405 - [FAIRVALUE] - INFO - ⚠️ [132/453] 4061: No fair values
2025-12-25 15:46:19,214 - [FAIRVALUE] - INFO - ⚠️ [133/453] 4070: No fair values
2025-12-25 15:46:22,014 - [FAIRVALUE] - INFO - ⚠️ [134/453] 4071: No fair values
2025-12-25 15:46:24,828 - [FAIRVALUE] - INFO - ⚠️ [135/453] 4072: No fair values
2025-12-25 15:46:27,649 - [FAIRVALUE] - INFO - ⚠️ [136/453] 4080: No fair values
2025-12-25 15:46:30,448 - [FAIRVALUE] - INFO - ⚠️ [137/453] 4081: No fair values
2025-12-25 15:46:33,434 - [FAIRVALUE] - INFO - ⚠️ [138/453] 4082: No fair values
2025-12-25 15:46:36,227 - [FAIRVALUE] - INFO - ⚠️ [139/453] 4083: No fair values
2025-12-25 15:46:39,196 - [FAIRVALUE] - INFO - ⚠️ [140/453] 4084: No fair values
2025-12-25 15:46:42,004 - [FAIRVALUE] - INFO - ⚠️ [141/453] 4090: No fair values
2025-12-25 15:46:45,585 - [FAIRVALUE] - INFO - ⚠️ [142/453] 4100: No fair values
2025-12-25 15:46:50,961 - [FAIRVALUE] - INFO - ⚠️ [143/453] 4110: No fair values
2025-12-25 15:46:54,794 - [FAIRVALUE] - INFO - ⚠️ [144/453] 4130: No fair values
2025-12-25 15:46:57,645 - [FAIRVALUE] - INFO - ⚠️ [145/453] 4140: No fair values
2025-12-25 15:47:00,435 - [FAIRVALUE] - INFO - ⚠️ [146/453] 4141: No fair values
2025-12-25 15:47:03,483 - [FAIRVALUE] - INFO - ⚠️ [147/453] 4142: No fair values
2025-12-25 15:47:06,369 - [FAIRVALUE] - INFO - ⚠️ [148/453] 4143: No fair values
2025-12-25 15:47:09,348 - [FAIRVALUE] - INFO - ⚠️ [149/453] 4144: No fair values
2025-12-25 15:47:12,150 - [FAIRVALUE] - INFO - ⚠️ [150/453] 4145: No fair values
2025-12-25 15:47:14,948 - [FAIRVALUE] - INFO - ⚠️ [151/453] 4146: No fair values
2025-12-25 15:47:17,748 - [FAIRVALUE] - INFO - ⚠️ [152/453] 4150: No fair values
2025-12-25 15:47:20,568 - [FAIRVALUE] - INFO - ⚠️ [153/453] 4160: No fair values
2025-12-25 15:47:23,532 - [FAIRVALUE] - INFO - ⚠️ [154/453] 4161: No fair values
2025-12-25 15:47:26,338 - [FAIRVALUE] - INFO - ⚠️ [155/453] 4162: No fair values
2025-12-25 15:47:30,118 - [FAIRVALUE] - INFO - ⚠️ [156/453] 4163: No fair values
2025-12-25 15:47:33,098 - [FAIRVALUE] - INFO - ⚠️ [157/453] 4164: No fair values
2025-12-25 15:47:35,882 - [FAIRVALUE] - INFO - ⚠️ [158/453] 4165: No fair values
2025-12-25 15:47:38,868 - [FAIRVALUE] - INFO - ⚠️ [159/453] 4170: No fair values
2025-12-25 15:47:41,682 - [FAIRVALUE] - INFO - ⚠️ [160/453] 4180: No fair values
2025-12-25 15:47:44,877 - [FAIRVALUE] - INFO - ⚠️ [161/453] 4190: No fair values
2025-12-25 15:47:47,694 - [FAIRVALUE] - INFO - ⚠️ [162/453] 4191: No fair values
2025-12-25 15:47:50,498 - [FAIRVALUE] - INFO - ⚠️ [163/453] 4192: No fair values
2025-12-25 15:47:53,617 - [FAIRVALUE] - INFO - ⚠️ [164/453] 4193: No fair values
2025-12-25 15:47:56,644 - [FAIRVALUE] - INFO - ⚠️ [165/453] 4194: No fair values
2025-12-25 15:47:59,765 - [FAIRVALUE] - INFO - ⚠️ [166/453] 4200: No fair values
2025-12-25 15:48:03,349 - [FAIRVALUE] - INFO - ⚠️ [167/453] 4210: No fair values
2025-12-25 15:48:06,375 - [FAIRVALUE] - INFO - ⚠️ [168/453] 4220: No fair values
2025-12-25 15:48:10,169 - [FAIRVALUE] - INFO - ⚠️ [169/453] 4230: No fair values
2025-12-25 15:48:12,956 - [FAIRVALUE] - INFO - ⚠️ [170/453] 4240: No fair values
2025-12-25 15:48:16,691 - [FAIRVALUE] - INFO - ⚠️ [171/453] 4250: No fair values
2025-12-25 15:48:19,497 - [FAIRVALUE] - INFO - ⚠️ [172/453] 4260: No fair values
2025-12-25 15:48:22,290 - [FAIRVALUE] - INFO - ⚠️ [173/453] 4261: No fair values
2025-12-25 15:48:25,085 - [FAIRVALUE] - INFO - ⚠️ [174/453] 4262: No fair values
2025-12-25 15:48:27,880 - [FAIRVALUE] - INFO - ⚠️ [175/453] 4263: No fair values
2025-12-25 15:48:30,672 - [FAIRVALUE] - INFO - ⚠️ [176/453] 4264: No fair values
2025-12-25 15:48:33,457 - [FAIRVALUE] - INFO - ⚠️ [177/453] 4265: No fair values
2025-12-25 15:48:36,255 - [FAIRVALUE] - INFO - ⚠️ [178/453] 4270: No fair values
2025-12-25 15:48:39,052 - [FAIRVALUE] - INFO - ⚠️ [179/453] 4280: No fair values
2025-12-25 15:48:41,836 - [FAIRVALUE] - INFO - ⚠️ [180/453] 4290: No fair values
2025-12-25 15:48:44,610 - [FAIRVALUE] - INFO - ⚠️ [181/453] 4291: No fair values
2025-12-25 15:48:47,437 - [FAIRVALUE] - INFO - ⚠️ [182/453] 4292: No fair values
2025-12-25 15:48:51,018 - [FAIRVALUE] - INFO - ⚠️ [183/453] 4300: No fair values
2025-12-25 15:48:54,610 - [FAIRVALUE] - INFO - ⚠️ [184/453] 4310: No fair values
2025-12-25 15:48:57,388 - [FAIRVALUE] - INFO - ⚠️ [185/453] 4320: No fair values
2025-12-25 15:49:00,224 - [FAIRVALUE] - INFO - ⚠️ [186/453] 4321: No fair values
2025-12-25 15:49:03,055 - [FAIRVALUE] - INFO - ⚠️ [187/453] 4322: No fair values
2025-12-25 15:49:05,846 - [FAIRVALUE] - INFO - ⚠️ [188/453] 4323: No fair values
2025-12-25 15:49:08,622 - [FAIRVALUE] - INFO - ⚠️ [189/453] 4324: No fair values
2025-12-25 15:49:11,701 - [FAIRVALUE] - INFO - ⚠️ [190/453] 4325: No fair values
2025-12-25 15:49:14,821 - [FAIRVALUE] - INFO - ⚠️ [191/453] 4326: No fair values
2025-12-25 15:49:17,617 - [FAIRVALUE] - INFO - ⚠️ [192/453] 4327: No fair values
2025-12-25 15:49:20,401 - [FAIRVALUE] - INFO - ⚠️ [193/453] 4330: No fair values
2025-12-25 15:49:23,199 - [FAIRVALUE] - INFO - ⚠️ [194/453] 4331: No fair values
2025-12-25 15:49:25,989 - [FAIRVALUE] - INFO - ⚠️ [195/453] 4332: No fair values
2025-12-25 15:49:28,774 - [FAIRVALUE] - INFO - ⚠️ [196/453] 4333: No fair values
2025-12-25 15:49:31,564 - [FAIRVALUE] - INFO - ⚠️ [197/453] 4334: No fair values
2025-12-25 15:49:34,346 - [FAIRVALUE] - INFO - ⚠️ [198/453] 4335: No fair values
2025-12-25 15:49:37,125 - [FAIRVALUE] - INFO - ⚠️ [199/453] 4336: No fair values
2025-12-25 15:49:39,910 - [FAIRVALUE] - INFO - ⚠️ [200/453] 4337: No fair values
2025-12-25 15:49:42,696 - [FAIRVALUE] - INFO - ⚠️ [201/453] 4338: No fair values
2025-12-25 15:49:45,474 - [FAIRVALUE] - INFO - ⚠️ [202/453] 4339: No fair values
2025-12-25 15:49:48,292 - [FAIRVALUE] - INFO - ⚠️ [203/453] 4340: No fair values
2025-12-25 15:49:52,541 - [FAIRVALUE] - INFO - ⚠️ [204/453] 4342: No fair values
2025-12-25 15:49:55,460 - [FAIRVALUE] - INFO - ⚠️ [205/453] 4344: No fair values
2025-12-25 15:49:58,293 - [FAIRVALUE] - INFO - ⚠️ [206/453] 4345: No fair values
2025-12-25 15:50:01,098 - [FAIRVALUE] - INFO - ⚠️ [207/453] 4346: No fair values
2025-12-25 15:50:06,805 - [FAIRVALUE] - INFO - ⚠️ [208/453] 4347: No fair values
2025-12-25 15:50:10,596 - [FAIRVALUE] - INFO - ⚠️ [209/453] 4348: No fair values
2025-12-25 15:50:14,797 - [FAIRVALUE] - INFO - ⚠️ [210/453] 4349: No fair values
2025-12-25 15:50:18,174 - [FAIRVALUE] - INFO - ⚠️ [211/453] 4350: No fair values
2025-12-25 15:50:20,948 - [FAIRVALUE] - INFO - ⚠️ [212/453] 4700: No fair values
2025-12-25 15:50:23,723 - [FAIRVALUE] - INFO - ⚠️ [213/453] 4701: No fair values
2025-12-25 15:50:26,523 - [FAIRVALUE] - INFO - ⚠️ [214/453] 4702: No fair values
2025-12-25 15:50:29,359 - [FAIRVALUE] - INFO - ⚠️ [215/453] 4703: No fair values
2025-12-25 15:50:32,144 - [FAIRVALUE] - INFO - ⚠️ [216/453] 5015: No fair values
2025-12-25 15:50:34,927 - [FAIRVALUE] - INFO - ⚠️ [217/453] 5019: No fair values
2025-12-25 15:50:37,728 - [FAIRVALUE] - INFO - ⚠️ [218/453] 5021: No fair values
2025-12-25 15:50:40,540 - [FAIRVALUE] - INFO - ⚠️ [219/453] 5022: No fair values
2025-12-25 15:50:43,573 - [FAIRVALUE] - INFO - ⚠️ [220/453] 5023: No fair values
2025-12-25 15:50:46,374 - [FAIRVALUE] - INFO - ⚠️ [221/453] 5110: No fair values
2025-12-25 15:50:49,244 - [FAIRVALUE] - INFO - ⚠️ [222/453] 5214: No fair values
2025-12-25 15:50:52,110 - [FAIRVALUE] - INFO - ⚠️ [223/453] 5216: No fair values
2025-12-25 15:50:54,901 - [FAIRVALUE] - INFO - ⚠️ [224/453] 5221: No fair values
2025-12-25 15:50:58,409 - [FAIRVALUE] - INFO - ⚠️ [225/453] 5227: No fair values
2025-12-25 15:51:01,994 - [FAIRVALUE] - INFO - ⚠️ [226/453] 5243: No fair values
2025-12-25 15:51:05,046 - [FAIRVALUE] - INFO - ⚠️ [227/453] 5245: No fair values
2025-12-25 15:51:07,906 - [FAIRVALUE] - INFO - ⚠️ [228/453] 5246: No fair values
2025-12-25 15:51:10,718 - [FAIRVALUE] - INFO - ⚠️ [229/453] 5247: No fair values
2025-12-25 15:51:13,509 - [FAIRVALUE] - INFO - ⚠️ [230/453] 5249: No fair values
2025-12-25 15:51:16,304 - [FAIRVALUE] - INFO - ⚠️ [231/453] 5250: No fair values
2025-12-25 15:51:19,082 - [FAIRVALUE] - INFO - ⚠️ [232/453] 5251: No fair values
2025-12-25 15:51:21,875 - [FAIRVALUE] - INFO - ⚠️ [233/453] 5252: No fair values
2025-12-25 15:51:24,698 - [FAIRVALUE] - INFO - ⚠️ [234/453] 5253: No fair values
2025-12-25 15:51:27,508 - [FAIRVALUE] - INFO - ⚠️ [235/453] 5254: No fair values
2025-12-25 15:51:30,368 - [FAIRVALUE] - INFO - ⚠️ [236/453] 5267: No fair values
2025-12-25 15:51:33,143 - [FAIRVALUE] - INFO - ⚠️ [237/453] 5272: No fair values
2025-12-25 15:51:35,891 - [FAIRVALUE] - INFO - ⚠️ [238/453] 5273: No fair values
2025-12-25 15:51:38,678 - [FAIRVALUE] - INFO - ⚠️ [239/453] 5274: No fair values
2025-12-25 15:51:41,558 - [FAIRVALUE] - INFO - ⚠️ [240/453] 5280: No fair values
2025-12-25 15:51:44,375 - [FAIRVALUE] - INFO - ⚠️ [241/453] 5282: No fair values
2025-12-25 15:51:47,206 - [FAIRVALUE] - INFO - ⚠️ [242/453] 5283: No fair values
2025-12-25 15:51:49,997 - [FAIRVALUE] - INFO - ⚠️ [243/453] 5284: No fair values
2025-12-25 15:51:52,785 - [FAIRVALUE] - INFO - ⚠️ [244/453] 5285: No fair values
2025-12-25 15:51:55,565 - [FAIRVALUE] - INFO - ⚠️ [245/453] 5301: No fair values
2025-12-25 15:51:58,834 - [FAIRVALUE] - INFO - ⚠️ [246/453] 5303: No fair values
2025-12-25 15:52:01,648 - [FAIRVALUE] - INFO - ⚠️ [247/453] 5306: No fair values
2025-12-25 15:52:04,505 - [FAIRVALUE] - INFO - ⚠️ [248/453] 5308: No fair values
2025-12-25 15:52:07,318 - [FAIRVALUE] - INFO - ⚠️ [249/453] 5311: No fair values
2025-12-25 15:52:10,575 - [FAIRVALUE] - INFO - ⚠️ [250/453] 5312: No fair values
2025-12-25 15:52:13,577 - [FAIRVALUE] - INFO - ⚠️ [251/453] 5313: No fair values
2025-12-25 15:52:16,558 - [FAIRVALUE] - INFO - ⚠️ [252/453] 5318: No fair values
2025-12-25 15:52:19,423 - [FAIRVALUE] - INFO - ⚠️ [253/453] 5320: No fair values
2025-12-25 15:52:22,270 - [FAIRVALUE] - INFO - ⚠️ [254/453] 5321: No fair values
2025-12-25 15:52:25,078 - [FAIRVALUE] - INFO - ⚠️ [255/453] 5323: No fair values
2025-12-25 15:52:27,844 - [FAIRVALUE] - INFO - ⚠️ [256/453] 5332: No fair values
2025-12-25 15:52:30,630 - [FAIRVALUE] - INFO - ⚠️ [257/453] 5333: No fair values
2025-12-25 15:52:33,408 - [FAIRVALUE] - INFO - ⚠️ [258/453] 5334: No fair values
2025-12-25 15:52:36,208 - [FAIRVALUE] - INFO - ⚠️ [259/453] 5336: No fair values
2025-12-25 15:52:38,985 - [FAIRVALUE] - INFO - ⚠️ [260/453] 5338: No fair values
2025-12-25 15:52:41,769 - [FAIRVALUE] - INFO - ⚠️ [261/453] 5339: No fair values
2025-12-25 15:52:44,560 - [FAIRVALUE] - INFO - ⚠️ [262/453] 5343: No fair values
2025-12-25 15:52:47,331 - [FAIRVALUE] - INFO - ⚠️ [263/453] 5344: No fair values
2025-12-25 15:52:50,116 - [FAIRVALUE] - INFO - ⚠️ [264/453] 6001: No fair values
2025-12-25 15:52:53,882 - [FAIRVALUE] - INFO - ⚠️ [265/453] 6002: No fair values
2025-12-25 15:52:58,290 - [FAIRVALUE] - INFO - ⚠️ [266/453] 6004: No fair values
2025-12-25 15:53:01,117 - [FAIRVALUE] - INFO - ⚠️ [267/453] 6010: No fair values
2025-12-25 15:53:03,963 - [FAIRVALUE] - INFO - ⚠️ [268/453] 6012: No fair values
2025-12-25 15:53:07,547 - [FAIRVALUE] - INFO - ⚠️ [269/453] 6013: No fair values
2025-12-25 15:53:10,717 - [FAIRVALUE] - INFO - ⚠️ [270/453] 6014: No fair values
2025-12-25 15:53:14,264 - [FAIRVALUE] - INFO - ⚠️ [271/453] 6015: No fair values
2025-12-25 15:53:17,096 - [FAIRVALUE] - INFO - ⚠️ [272/453] 6016: No fair values
2025-12-25 15:53:19,890 - [FAIRVALUE] - INFO - ⚠️ [273/453] 6017: No fair values
2025-12-25 15:53:22,709 - [FAIRVALUE] - INFO - ⚠️ [274/453] 6018: No fair values
2025-12-25 15:53:25,509 - [FAIRVALUE] - INFO - ⚠️ [275/453] 6019: No fair values
2025-12-25 15:53:28,395 - [FAIRVALUE] - INFO - ⚠️ [276/453] 6020: No fair values
2025-12-25 15:53:31,199 - [FAIRVALUE] - INFO - ⚠️ [277/453] 6040: No fair values
2025-12-25 15:53:33,989 - [FAIRVALUE] - INFO - ⚠️ [278/453] 6050: No fair values
2025-12-25 15:53:36,796 - [FAIRVALUE] - INFO - ⚠️ [279/453] 6060: No fair values
2025-12-25 15:53:45,127 - [FAIRVALUE] - INFO - ⚠️ [280/453] 6070: No fair values
2025-12-25 15:53:47,928 - [FAIRVALUE] - INFO - ⚠️ [281/453] 6090: No fair values
2025-12-25 15:53:50,731 - [FAIRVALUE] - INFO - ⚠️ [282/453] 7010: No fair values
2025-12-25 15:53:53,513 - [FAIRVALUE] - INFO - ⚠️ [283/453] 7020: No fair values
2025-12-25 15:53:56,308 - [FAIRVALUE] - INFO - ⚠️ [284/453] 7030: No fair values
2025-12-25 15:53:59,082 - [FAIRVALUE] - INFO - ⚠️ [285/453] 7040: No fair values
2025-12-25 15:54:01,855 - [FAIRVALUE] - INFO - ⚠️ [286/453] 7200: No fair values
2025-12-25 15:54:04,758 - [FAIRVALUE] - INFO - ⚠️ [287/453] 7201: No fair values
2025-12-25 15:54:07,925 - [FAIRVALUE] - INFO - ⚠️ [288/453] 7202: No fair values
2025-12-25 15:54:11,030 - [FAIRVALUE] - INFO - ⚠️ [289/453] 7203: No fair values
2025-12-25 15:54:13,858 - [FAIRVALUE] - INFO - ⚠️ [290/453] 7204: No fair values
2025-12-25 15:54:16,660 - [FAIRVALUE] - INFO - ⚠️ [291/453] 7211: No fair values
2025-12-25 15:54:19,461 - [FAIRVALUE] - INFO - ⚠️ [292/453] 8010: No fair values
2025-12-25 15:54:22,296 - [FAIRVALUE] - INFO - ⚠️ [293/453] 8012: No fair values
2025-12-25 15:54:25,073 - [FAIRVALUE] - INFO - ⚠️ [294/453] 8020: No fair values
2025-12-25 15:54:28,030 - [FAIRVALUE] - INFO - ⚠️ [295/453] 8030: No fair values
2025-12-25 15:54:30,780 - [FAIRVALUE] - INFO - ⚠️ [296/453] 8040: No fair values
2025-12-25 15:54:33,536 - [FAIRVALUE] - INFO - ⚠️ [297/453] 8050: No fair values
2025-12-25 15:54:36,328 - [FAIRVALUE] - INFO - ⚠️ [298/453] 8060: No fair values
2025-12-25 15:54:39,104 - [FAIRVALUE] - INFO - ⚠️ [299/453] 8070: No fair values
2025-12-25 15:54:41,895 - [FAIRVALUE] - INFO - ⚠️ [300/453] 8100: No fair values
2025-12-25 15:54:44,691 - [FAIRVALUE] - INFO - ⚠️ [301/453] 8120: No fair values
2025-12-25 15:54:47,621 - [FAIRVALUE] - INFO - ⚠️ [302/453] 8150: No fair values
2025-12-25 15:54:50,427 - [FAIRVALUE] - INFO - ⚠️ [303/453] 8160: No fair values
2025-12-25 15:54:53,213 - [FAIRVALUE] - INFO - ⚠️ [304/453] 8170: No fair values
2025-12-25 15:54:56,009 - [FAIRVALUE] - INFO - ⚠️ [305/453] 8180: No fair values
2025-12-25 15:54:58,794 - [FAIRVALUE] - INFO - ⚠️ [306/453] 8190: No fair values
2025-12-25 15:55:01,576 - [FAIRVALUE] - INFO - ⚠️ [307/453] 8200: No fair values
2025-12-25 15:55:08,177 - [FAIRVALUE] - INFO - ⚠️ [308/453] 8210: No fair values
2025-12-25 15:55:10,967 - [FAIRVALUE] - INFO - ⚠️ [309/453] 8230: No fair values
2025-12-25 15:55:13,982 - [FAIRVALUE] - INFO - ⚠️ [310/453] 8240: No fair values
2025-12-25 15:55:16,763 - [FAIRVALUE] - INFO - ⚠️ [311/453] 8250: No fair values
2025-12-25 15:55:19,552 - [FAIRVALUE] - INFO - ⚠️ [312/453] 8260: No fair values
2025-12-25 15:55:22,344 - [FAIRVALUE] - INFO - ⚠️ [313/453] 8280: No fair values
2025-12-25 15:55:25,384 - [FAIRVALUE] - INFO - ⚠️ [314/453] 8300: No fair values
2025-12-25 15:55:28,162 - [FAIRVALUE] - INFO - ⚠️ [315/453] 8310: No fair values
2025-12-25 15:55:30,969 - [FAIRVALUE] - INFO - ⚠️ [316/453] 8311: No fair values
2025-12-25 15:55:33,725 - [FAIRVALUE] - INFO - ⚠️ [317/453] 8313: No fair values
2025-12-25 15:55:36,516 - [FAIRVALUE] - INFO - ⚠️ [318/453] 9300: No fair values
2025-12-25 15:55:39,297 - [FAIRVALUE] - INFO - ⚠️ [319/453] 9403: No fair values
2025-12-25 15:55:42,066 - [FAIRVALUE] - INFO - ⚠️ [320/453] 9404: No fair values
2025-12-25 15:55:44,837 - [FAIRVALUE] - INFO - ⚠️ [321/453] 9405: No fair values
2025-12-25 15:55:47,625 - [FAIRVALUE] - INFO - ⚠️ [322/453] 9406: No fair values
2025-12-25 15:55:50,416 - [FAIRVALUE] - INFO - ⚠️ [323/453] 9407: No fair values
2025-12-25 15:55:53,199 - [FAIRVALUE] - INFO - ⚠️ [324/453] 9408: No fair values
2025-12-25 15:55:55,984 - [FAIRVALUE] - INFO - ⚠️ [325/453] 9409: No fair values
2025-12-25 15:55:58,783 - [FAIRVALUE] - INFO - ⚠️ [326/453] 9410: No fair values
2025-12-25 15:56:01,835 - [FAIRVALUE] - INFO - ⚠️ [327/453] 9411: No fair values
2025-12-25 15:56:04,612 - [FAIRVALUE] - INFO - ⚠️ [328/453] 9412: No fair values
2025-12-25 15:56:07,403 - [FAIRVALUE] - INFO - ⚠️ [329/453] 9510: No fair values
2025-12-25 15:56:10,193 - [FAIRVALUE] - INFO - ⚠️ [330/453] 9513: No fair values
2025-12-25 15:56:12,984 - [FAIRVALUE] - INFO - ⚠️ [331/453] 9514: No fair values
2025-12-25 15:56:15,786 - [FAIRVALUE] - INFO - ⚠️ [332/453] 9515: No fair values
2025-12-25 15:56:18,579 - [FAIRVALUE] - INFO - ⚠️ [333/453] 9516: No fair values
2025-12-25 15:56:21,373 - [FAIRVALUE] - INFO - ⚠️ [334/453] 9517: No fair values
2025-12-25 15:56:24,191 - [FAIRVALUE] - INFO - ⚠️ [335/453] 9521: No fair values
2025-12-25 15:56:27,236 - [FAIRVALUE] - INFO - ⚠️ [336/453] 9522: No fair values
2025-12-25 15:56:30,203 - [FAIRVALUE] - INFO - ⚠️ [337/453] 9523: No fair values
2025-12-25 15:56:33,036 - [FAIRVALUE] - INFO - ⚠️ [338/453] 9524: No fair values
2025-12-25 15:56:35,845 - [FAIRVALUE] - INFO - ⚠️ [339/453] 9525: No fair values
2025-12-25 15:56:38,847 - [FAIRVALUE] - INFO - ⚠️ [340/453] 9527: No fair values
2025-12-25 15:56:41,623 - [FAIRVALUE] - INFO - ⚠️ [341/453] 9530: No fair values
2025-12-25 15:56:44,421 - [FAIRVALUE] - INFO - ⚠️ [342/453] 9532: No fair values
2025-12-25 15:56:47,233 - [FAIRVALUE] - INFO - ⚠️ [343/453] 9533: No fair values
2025-12-25 15:56:50,017 - [FAIRVALUE] - INFO - ⚠️ [344/453] 9535: No fair values
2025-12-25 15:56:52,790 - [FAIRVALUE] - INFO - ⚠️ [345/453] 9536: No fair values
2025-12-25 15:56:55,586 - [FAIRVALUE] - INFO - ⚠️ [346/453] 9537: No fair values
2025-12-25 15:56:58,383 - [FAIRVALUE] - INFO - ⚠️ [347/453] 9538: No fair values
2025-12-25 15:57:01,171 - [FAIRVALUE] - INFO - ⚠️ [348/453] 9539: No fair values
2025-12-25 15:57:04,001 - [FAIRVALUE] - INFO - ⚠️ [349/453] 9540: No fair values
2025-12-25 15:57:06,886 - [FAIRVALUE] - INFO - ⚠️ [350/453] 9541: No fair values
2025-12-25 15:57:10,135 - [FAIRVALUE] - INFO - ⚠️ [351/453] 9542: No fair values
2025-12-25 15:57:13,238 - [FAIRVALUE] - INFO - ⚠️ [352/453] 9543: No fair values
2025-12-25 15:57:16,039 - [FAIRVALUE] - INFO - ⚠️ [353/453] 9544: No fair values
2025-12-25 15:57:18,881 - [FAIRVALUE] - INFO - ⚠️ [354/453] 9545: No fair values
2025-12-25 15:57:21,688 - [FAIRVALUE] - INFO - ⚠️ [355/453] 9546: No fair values
2025-12-25 15:57:24,506 - [FAIRVALUE] - INFO - ⚠️ [356/453] 9547: No fair values
2025-12-25 15:57:27,308 - [FAIRVALUE] - INFO - ⚠️ [357/453] 9548: No fair values
2025-12-25 15:57:30,128 - [FAIRVALUE] - INFO - ⚠️ [358/453] 9549: No fair values
2025-12-25 15:57:32,920 - [FAIRVALUE] - INFO - ⚠️ [359/453] 9550: No fair values
2025-12-25 15:57:35,853 - [FAIRVALUE] - INFO - ⚠️ [360/453] 9551: No fair values
2025-12-25 15:57:38,635 - [FAIRVALUE] - INFO - ⚠️ [361/453] 9552: No fair values
2025-12-25 15:57:41,431 - [FAIRVALUE] - INFO - ⚠️ [362/453] 9553: No fair values
2025-12-25 15:57:44,222 - [FAIRVALUE] - INFO - ⚠️ [363/453] 9555: No fair values
2025-12-25 15:57:46,989 - [FAIRVALUE] - INFO - ⚠️ [364/453] 9556: No fair values
2025-12-25 15:57:49,795 - [FAIRVALUE] - INFO - ⚠️ [365/453] 9557: No fair values
2025-12-25 15:57:52,589 - [FAIRVALUE] - INFO - ⚠️ [366/453] 9558: No fair values
2025-12-25 15:57:55,774 - [FAIRVALUE] - INFO - ⚠️ [367/453] 9559: No fair values
2025-12-25 15:57:58,556 - [FAIRVALUE] - INFO - ⚠️ [368/453] 9560: No fair values
2025-12-25 15:58:01,347 - [FAIRVALUE] - INFO - ⚠️ [369/453] 9561: No fair values
2025-12-25 15:58:04,161 - [FAIRVALUE] - INFO - ⚠️ [370/453] 9562: No fair values
2025-12-25 15:58:06,974 - [FAIRVALUE] - INFO - ⚠️ [371/453] 9563: No fair values
2025-12-25 15:58:09,761 - [FAIRVALUE] - INFO - ⚠️ [372/453] 9564: No fair values
2025-12-25 15:58:12,557 - [FAIRVALUE] - INFO - ⚠️ [373/453] 9565: No fair values
2025-12-25 15:58:15,353 - [FAIRVALUE] - INFO - ⚠️ [374/453] 9566: No fair values
2025-12-25 15:58:19,839 - [FAIRVALUE] - INFO - ⚠️ [375/453] 9567: No fair values
2025-12-25 15:58:22,792 - [FAIRVALUE] - INFO - ⚠️ [376/453] 9568: No fair values
2025-12-25 15:58:25,620 - [FAIRVALUE] - INFO - ⚠️ [377/453] 9569: No fair values
2025-12-25 15:58:28,474 - [FAIRVALUE] - INFO - ⚠️ [378/453] 9570: No fair values
2025-12-25 15:58:31,281 - [FAIRVALUE] - INFO - ⚠️ [379/453] 9571: No fair values
2025-12-25 15:58:34,324 - [FAIRVALUE] - INFO - ⚠️ [380/453] 9572: No fair values
2025-12-25 15:58:37,124 - [FAIRVALUE] - INFO - ⚠️ [381/453] 9574: No fair values
2025-12-25 15:58:39,926 - [FAIRVALUE] - INFO - ⚠️ [382/453] 9575: No fair values
2025-12-25 15:58:42,696 - [FAIRVALUE] - INFO - ⚠️ [383/453] 9576: No fair values
2025-12-25 15:58:45,494 - [FAIRVALUE] - INFO - ⚠️ [384/453] 9577: No fair values
2025-12-25 15:58:48,278 - [FAIRVALUE] - INFO - ⚠️ [385/453] 9578: No fair values
2025-12-25 15:58:51,146 - [FAIRVALUE] - INFO - ⚠️ [386/453] 9579: No fair values
2025-12-25 15:58:53,933 - [FAIRVALUE] - INFO - ⚠️ [387/453] 9580: No fair values
2025-12-25 15:58:56,709 - [FAIRVALUE] - INFO - ⚠️ [388/453] 9581: No fair values
2025-12-25 15:58:59,480 - [FAIRVALUE] - INFO - ⚠️ [389/453] 9583: No fair values
2025-12-25 15:59:02,265 - [FAIRVALUE] - INFO - ⚠️ [390/453] 9584: No fair values
2025-12-25 15:59:05,063 - [FAIRVALUE] - INFO - ⚠️ [391/453] 9585: No fair values
2025-12-25 15:59:08,037 - [FAIRVALUE] - INFO - ⚠️ [392/453] 9586: No fair values
2025-12-25 15:59:10,828 - [FAIRVALUE] - INFO - ⚠️ [393/453] 9587: No fair values
2025-12-25 15:59:13,823 - [FAIRVALUE] - INFO - ⚠️ [394/453] 9588: No fair values
2025-12-25 15:59:16,632 - [FAIRVALUE] - INFO - ⚠️ [395/453] 9589: No fair values
2025-12-25 15:59:19,560 - [FAIRVALUE] - INFO - ⚠️ [396/453] 9590: No fair values
2025-12-25 15:59:22,363 - [FAIRVALUE] - INFO - ⚠️ [397/453] 9591: No fair values
2025-12-25 15:59:25,160 - [FAIRVALUE] - INFO - ⚠️ [398/453] 9592: No fair values
2025-12-25 15:59:28,140 - [FAIRVALUE] - INFO - ⚠️ [399/453] 9593: No fair values
2025-12-25 15:59:30,962 - [FAIRVALUE] - INFO - ⚠️ [400/453] 9594: No fair values
2025-12-25 15:59:33,945 - [FAIRVALUE] - INFO - ⚠️ [401/453] 9595: No fair values
2025-12-25 15:59:36,713 - [FAIRVALUE] - INFO - ⚠️ [402/453] 9596: No fair values
2025-12-25 15:59:39,515 - [FAIRVALUE] - INFO - ⚠️ [403/453] 9597: No fair values
2025-12-25 15:59:42,293 - [FAIRVALUE] - INFO - ⚠️ [404/453] 9598: No fair values
2025-12-25 15:59:45,070 - [FAIRVALUE] - INFO - ⚠️ [405/453] 9599: No fair values
2025-12-25 15:59:47,846 - [FAIRVALUE] - INFO - ⚠️ [406/453] 9600: No fair values
2025-12-25 15:59:50,627 - [FAIRVALUE] - INFO - ⚠️ [407/453] 9601: No fair values
2025-12-25 15:59:53,391 - [FAIRVALUE] - INFO - ⚠️ [408/453] 9602: No fair values
2025-12-25 15:59:56,173 - [FAIRVALUE] - INFO - ⚠️ [409/453] 9603: No fair values
2025-12-25 15:59:58,960 - [FAIRVALUE] - INFO - ⚠️ [410/453] 9604: No fair values
2025-12-25 16:00:01,738 - [FAIRVALUE] - INFO - ⚠️ [411/453] 9605: No fair values
2025-12-25 16:00:05,562 - [FAIRVALUE] - INFO - ⚠️ [412/453] 9606: No fair values
2025-12-25 16:00:08,328 - [FAIRVALUE] - INFO - ⚠️ [413/453] 9607: No fair values
2025-12-25 16:00:11,105 - [FAIRVALUE] - INFO - ⚠️ [414/453] 9608: No fair values
2025-12-25 16:00:13,882 - [FAIRVALUE] - INFO - ⚠️ [415/453] 9609: No fair values
2025-12-25 16:00:16,682 - [FAIRVALUE] - INFO - ⚠️ [416/453] 9610: No fair values
2025-12-25 16:00:19,511 - [FAIRVALUE] - INFO - ⚠️ [417/453] 9611: No fair values
2025-12-25 16:00:22,340 - [FAIRVALUE] - INFO - ⚠️ [418/453] 9612: No fair values
2025-12-25 16:00:25,126 - [FAIRVALUE] - INFO - ⚠️ [419/453] 9613: No fair values
2025-12-25 16:00:27,935 - [FAIRVALUE] - INFO - ⚠️ [420/453] 9614: No fair values
2025-12-25 16:00:30,733 - [FAIRVALUE] - INFO - ⚠️ [421/453] 9615: No fair values
2025-12-25 16:00:33,519 - [FAIRVALUE] - INFO - ⚠️ [422/453] 9616: No fair values
2025-12-25 16:00:36,477 - [FAIRVALUE] - INFO - ⚠️ [423/453] 9617: No fair values
2025-12-25 16:00:39,262 - [FAIRVALUE] - INFO - ⚠️ [424/453] 9618: No fair values
2025-12-25 16:00:42,079 - [FAIRVALUE] - INFO - ⚠️ [425/453] 9619: No fair values
2025-12-25 16:00:44,867 - [FAIRVALUE] - INFO - ⚠️ [426/453] 9620: No fair values
2025-12-25 16:00:47,647 - [FAIRVALUE] - INFO - ⚠️ [427/453] 9621: No fair values
2025-12-25 16:00:50,433 - [FAIRVALUE] - INFO - ⚠️ [428/453] 9622: No fair values
2025-12-25 16:00:53,221 - [FAIRVALUE] - INFO - ⚠️ [429/453] 9623: No fair values
2025-12-25 16:00:55,978 - [FAIRVALUE] - INFO - ⚠️ [430/453] 9624: No fair values
2025-12-25 16:00:58,783 - [FAIRVALUE] - INFO - ⚠️ [431/453] 9625: No fair values
2025-12-25 16:01:01,575 - [FAIRVALUE] - INFO - ⚠️ [432/453] 9626: No fair values
2025-12-25 16:01:04,367 - [FAIRVALUE] - INFO - ⚠️ [433/453] 9627: No fair values
2025-12-25 16:01:07,152 - [FAIRVALUE] - INFO - ⚠️ [434/453] 9628: No fair values
2025-12-25 16:01:09,926 - [FAIRVALUE] - INFO - ⚠️ [435/453] 9630: No fair values
2025-12-25 16:01:12,707 - [FAIRVALUE] - INFO - ⚠️ [436/453] 9631: No fair values
2025-12-25 16:01:15,502 - [FAIRVALUE] - INFO - ⚠️ [437/453] 9632: No fair values
2025-12-25 16:01:18,300 - [FAIRVALUE] - INFO - ⚠️ [438/453] 9633: No fair values
2025-12-25 16:01:21,837 - [FAIRVALUE] - INFO - ⚠️ [439/453] 9634: No fair values
2025-12-25 16:01:24,689 - [FAIRVALUE] - INFO - ⚠️ [440/453] 9635: No fair values
2025-12-25 16:01:33,690 - [FAIRVALUE] - INFO - ⚠️ [441/453] 9636: No fair values
2025-12-25 16:01:38,810 - [FAIRVALUE] - INFO - ⚠️ [442/453] 9637: No fair values
2025-12-25 16:01:41,643 - [FAIRVALUE] - INFO - ⚠️ [443/453] 9639: No fair values
2025-12-25 16:01:44,418 - [FAIRVALUE] - INFO - ⚠️ [444/453] 9640: No fair values
2025-12-25 16:01:47,232 - [FAIRVALUE] - INFO - ⚠️ [445/453] 9641: No fair values
2025-12-25 16:01:50,067 - [FAIRVALUE] - INFO - ⚠️ [446/453] 9642: No fair values
2025-12-25 16:01:52,856 - [FAIRVALUE] - INFO - ⚠️ [447/453] 9644: No fair values
2025-12-25 16:01:55,642 - [FAIRVALUE] - INFO - ⚠️ [448/453] 9645: No fair values
2025-12-25 16:01:58,393 - [FAIRVALUE] - INFO - ⚠️ [449/453] 9647: No fair values
2025-12-25 16:02:01,177 - [FAIRVALUE] - INFO - ⚠️ [450/453] 9648: No fair values
2025-12-25 16:02:03,964 - [FAIRVALUE] - INFO - ⚠️ [451/453] 9649: No fair values
2025-12-25 16:02:06,732 - [FAIRVALUE] - INFO - ⚠️ [452/453] 9650: No fair values
2025-12-25 16:02:09,495 - [FAIRVALUE] - INFO - ⚠️ [453/453] 9651: No fair values
2025-12-25 16:02:10,209 - [FAIRVALUE] - INFO - 🎉 Complete! Total fair value records: 6
