======================================================================
🚀 COMPREHENSIVE DATA GAP FILLER
======================================================================
✅ Connected to Supabase production database
📊 Found 453 stocks to process

[1/453] Processing 1010... ✅

[2/453] Processing 1020... ✅

[3/453] Processing 1030... ✅

[4/453] Processing 1050... ✅

[5/453] Processing 1060... ✅

[6/453] Processing 1080... ✅

[7/453] Processing 1111... ✅

[8/453] Processing 1113... ✅

[9/453] Processing 1120... ✅

[10/453] Processing 1140... ✅

[11/453] Processing 1150... ✅

[12/453] Processing 1180... ✅

[13/453] Processing 1182... ✅

[14/453] Processing 1183... ✅

[15/453] Processing 1201... ✅

[16/453] Processing 1202... ✅

[17/453] Processing 1210... ✅

[18/453] Processing 1211... ✅

[19/453] Processing 1212... ✅

[20/453] Processing 1213... ✅

[21/453] Processing 1214... ✅

[22/453] Processing 1301... ✅

[23/453] Processing 1302... ✅

[24/453] Processing 1303... ✅

[25/453] Processing 1304... ✅

[26/453] Processing 1320... ❌ Failed to perform, curl: (28) Operation timed out after 30001 milliseconds with 50166 bytes received. See https://curl.se/libcurl/c/libcurl-errors.html first for more details.

[27/453] Processing 1321... ❌ Failed to perform, curl: (28) Operation timed out after 30001 milliseconds with 329083 bytes received. See https://curl.se/libcurl/c/libcurl-errors.html first for more details.

[28/453] Processing 1322... ❌ Failed to perform, curl: (28) Operation timed out after 30001 milliseconds with 317787 bytes received. See https://curl.se/libcurl/c/libcurl-errors.html first for more details.

[29/453] Processing 1323... ❌ Failed to perform, curl: (28) Operation timed out after 30002 milliseconds with 72543 bytes received. See https://curl.se/libcurl/c/libcurl-errors.html first for more details.

[30/453] Processing 1810... ❌ Failed to perform, curl: (28) Operation timed out after 30002 milliseconds with 89720 bytes received. See https://curl.se/libcurl/c/libcurl-errors.html first for more details.

[31/453] Processing 1820... ❌ Failed to perform, curl: (28) Operation timed out after 30000 milliseconds with 84511 bytes received. See https://curl.se/libcurl/c/libcurl-errors.html first for more details.

[32/453] Processing 1830... ❌ Failed to perform, curl: (28) Operation timed out after 30001 milliseconds with 97145 bytes received. See https://curl.se/libcurl/c/libcurl-errors.html first for more details.

[33/453] Processing 1831... ❌ Failed to perform, curl: (28) Operation timed out after 30002 milliseconds with 0 bytes received. See https://curl.se/libcurl/c/libcurl-errors.html first for more details.

[34/453] Processing 1832... ❌ Failed to perform, curl: (28) Operation timed out after 30001 milliseconds with 51743 bytes received. See https://curl.se/libcurl/c/libcurl-errors.html first for more details.

[35/453] Processing 1833... ❌ Failed to perform, curl: (28) Operation timed out after 30001 milliseconds with 127670 bytes received. See https://curl.se/libcurl/c/libcurl-errors.html first for more details.

[36/453] Processing 1834... ❌ Failed to perform, curl: (28) Operation timed out after 30001 milliseconds with 56648 bytes received. See https://curl.se/libcurl/c/libcurl-errors.html first for more details.

[37/453] Processing 1835... ❌ Failed to perform, curl: (56) Connection closed abruptly. See https://curl.se/libcurl/c/libcurl-errors.html first for more details.

[38/453] Processing 2001... ❌ Failed to perform, curl: (28) Operation timed out after 30002 milliseconds with 0 bytes received. See https://curl.se/libcurl/c/libcurl-errors.html first for more details.

[39/453] Processing 2010... ❌ Failed to perform, curl: (28) Operation timed out after 30001 milliseconds with 15290 bytes received. See https://curl.se/libcurl/c/libcurl-errors.html first for more details.

[40/453] Processing 2020... ❌ Failed to perform, curl: (28) Operation timed out after 30002 milliseconds with 63452 bytes received. See https://curl.se/libcurl/c/libcurl-errors.html first for more details.

[41/453] Processing 2030... ❌ Failed to perform, curl: (28) Operation timed out after 30001 milliseconds with 47615 bytes received. See https://curl.se/libcurl/c/libcurl-errors.html first for more details.

[42/453] Processing 2040... ❌ Failed to perform, curl: (28) Operation timed out after 30003 milliseconds with 0 bytes received. See https://curl.se/libcurl/c/libcurl-errors.html first for more details.

[43/453] Processing 2050... ❌ Failed to perform, curl: (28) Operation timed out after 30000 milliseconds with 10121 bytes received. See https://curl.se/libcurl/c/libcurl-errors.html first for more details.

[44/453] Processing 2060... ❌ Failed to perform, curl: (28) Connection timed out after 30002 milliseconds. See https://curl.se/libcurl/c/libcurl-errors.html first for more details.

[45/453] Processing 2070... ❌ Failed to perform, curl: (56) Connection closed abruptly. See https://curl.se/libcurl/c/libcurl-errors.html first for more details.

[46/453] Processing 2080... ❌ Failed to perform, curl: (28) Operation timed out after 30001 milliseconds with 0 bytes received. See https://curl.se/libcurl/c/libcurl-errors.html first for more details.

[47/453] Processing 2081... ❌ Failed to perform, curl: (56) Connection closed abruptly. See https://curl.se/libcurl/c/libcurl-errors.html first for more details.

[48/453] Processing 2082... ❌ Failed to perform, curl: (28) Operation timed out after 30002 milliseconds with 0 bytes received. See https://curl.se/libcurl/c/libcurl-errors.html first for more details.

[49/453] Processing 2083... ❌ Failed to perform, curl: (28) Connection timed out after 30002 milliseconds. See https://curl.se/libcurl/c/libcurl-errors.html first for more details.

[50/453] Processing 2084... ❌ Failed to perform, curl: (56) Recv failure: Connection reset by peer. See https://curl.se/libcurl/c/libcurl-errors.html first for more details.

[51/453] Processing 2090... ❌ Failed to perform, curl: (28) Operation timed out after 30001 milliseconds with 999 bytes received. See https://curl.se/libcurl/c/libcurl-errors.html first for more details.

[52/453] Processing 2100... ❌ Failed to perform, curl: (28) Operation timed out after 30002 milliseconds with 0 bytes received. See https://curl.se/libcurl/c/libcurl-errors.html first for more details.

[53/453] Processing 2110... ❌ Failed to perform, curl: (28) Operation timed out after 30002 milliseconds with 0 bytes received. See https://curl.se/libcurl/c/libcurl-errors.html first for more details.

[54/453] Processing 2120... ❌ Failed to perform, curl: (56) Connection closed abruptly. See https://curl.se/libcurl/c/libcurl-errors.html first for more details.

[55/453] Processing 2130... ❌ Failed to perform, curl: (28) Operation timed out after 30001 milliseconds with 0 bytes received. See https://curl.se/libcurl/c/libcurl-errors.html first for more details.

[56/453] Processing 2140... ❌ Failed to perform, curl: (56) Connection closed abruptly. See https://curl.se/libcurl/c/libcurl-errors.html first for more details.

[57/453] Processing 2150... ❌ Failed to perform, curl: (28) Operation timed out after 30002 milliseconds with 17464 bytes received. See https://curl.se/libcurl/c/libcurl-errors.html first for more details.

[58/453] Processing 2160... ❌ Failed to perform, curl: (28) Connection timed out after 30002 milliseconds. See https://curl.se/libcurl/c/libcurl-errors.html first for more details.

[59/453] Processing 2170... ❌ Failed to perform, curl: (28) Operation timed out after 30002 milliseconds with 0 bytes received. See https://curl.se/libcurl/c/libcurl-errors.html first for more details.

[60/453] Processing 2180... ❌ Failed to perform, curl: (28) Operation timed out after 30001 milliseconds with 33275 bytes received. See https://curl.se/libcurl/c/libcurl-errors.html first for more details.

[61/453] Processing 2190... ❌ Failed to perform, curl: (28) Operation timed out after 30002 milliseconds with 24175 bytes received. See https://curl.se/libcurl/c/libcurl-errors.html first for more details.

[62/453] Processing 2200... ❌ Failed to perform, curl: (28) Operation timed out after 30002 milliseconds with 0 bytes received. See https://curl.se/libcurl/c/libcurl-errors.html first for more details.

[63/453] Processing 2210... ❌ Failed to perform, curl: (28) Operation timed out after 30002 milliseconds with 0 bytes received. See https://curl.se/libcurl/c/libcurl-errors.html first for more details.

[64/453] Processing 2220... ❌ Failed to perform, curl: (28) Operation timed out after 30002 milliseconds with 20284 bytes received. See https://curl.se/libcurl/c/libcurl-errors.html first for more details.

[65/453] Processing 2222... ❌ Failed to perform, curl: (28) Operation timed out after 30001 milliseconds with 2299 bytes received. See https://curl.se/libcurl/c/libcurl-errors.html first for more details.

[66/453] Processing 2223... ❌ Failed to perform, curl: (28) Connection timed out after 30002 milliseconds. See https://curl.se/libcurl/c/libcurl-errors.html first for more details.

[67/453] Processing 2230... ❌ Failed to perform, curl: (28) Connection timed out after 30002 milliseconds. See https://curl.se/libcurl/c/libcurl-errors.html first for more details.

[68/453] Processing 2240... ❌ Failed to perform, curl: (28) Connection timed out after 30002 milliseconds. See https://curl.se/libcurl/c/libcurl-errors.html first for more details.

[69/453] Processing 2250... ❌ Failed to perform, curl: (28) Operation timed out after 30002 milliseconds with 32768 bytes received. See https://curl.se/libcurl/c/libcurl-errors.html first for more details.

[70/453] Processing 2270... ❌ Failed to perform, curl: (56) Connection closed abruptly. See https://curl.se/libcurl/c/libcurl-errors.html first for more details.

[71/453] Processing 2280... ❌ Failed to perform, curl: (28) Operation timed out after 30002 milliseconds with 0 bytes received. See https://curl.se/libcurl/c/libcurl-errors.html first for more details.

[72/453] Processing 2281... ❌ Failed to perform, curl: (28) Operation timed out after 30002 milliseconds with 7490 bytes received. See https://curl.se/libcurl/c/libcurl-errors.html first for more details.

[73/453] Processing 2282... ❌ Failed to perform, curl: (28) Operation timed out after 30002 milliseconds with 0 bytes received. See https://curl.se/libcurl/c/libcurl-errors.html first for more details.

[74/453] Processing 2283... ❌ Failed to perform, curl: (56) Connection closed abruptly. See https://curl.se/libcurl/c/libcurl-errors.html first for more details.

[75/453] Processing 2284... ❌ Failed to perform, curl: (28) Operation timed out after 30001 milliseconds with 0 bytes received. See https://curl.se/libcurl/c/libcurl-errors.html first for more details.

[76/453] Processing 2285... ❌ Failed to perform, curl: (28) Operation timed out after 30001 milliseconds with 4901 bytes received. See https://curl.se/libcurl/c/libcurl-errors.html first for more details.

[77/453] Processing 2286... ❌ Failed to perform, curl: (28) Operation timed out after 30002 milliseconds with 13563 bytes received. See https://curl.se/libcurl/c/libcurl-errors.html first for more details.

[78/453] Processing 2287... ❌ Failed to perform, curl: (28) Operation timed out after 30001 milliseconds with 73861 bytes received. See https://curl.se/libcurl/c/libcurl-errors.html first for more details.

[79/453] Processing 2290... ❌ Failed to perform, curl: (28) Operation timed out after 30003 milliseconds with 166431 bytes received. See https://curl.se/libcurl/c/libcurl-errors.html first for more details.

[80/453] Processing 2300... ❌ Failed to perform, curl: (28) Operation timed out after 30003 milliseconds with 77758 bytes received. See https://curl.se/libcurl/c/libcurl-errors.html first for more details.

[81/453] Processing 2310... ❌ Failed to perform, curl: (28) Operation timed out after 30002 milliseconds with 52807 bytes received. See https://curl.se/libcurl/c/libcurl-errors.html first for more details.

[82/453] Processing 2320... ❌ Failed to perform, curl: (28) Operation timed out after 30003 milliseconds with 125079 bytes received. See https://curl.se/libcurl/c/libcurl-errors.html first for more details.

[83/453] Processing 2330... ❌ Failed to perform, curl: (28) Operation timed out after 30001 milliseconds with 40229 bytes received. See https://curl.se/libcurl/c/libcurl-errors.html first for more details.

[84/453] Processing 2340... ❌ Failed to perform, curl: (28) Operation timed out after 30001 milliseconds with 141970 bytes received. See https://curl.se/libcurl/c/libcurl-errors.html first for more details.

[85/453] Processing 2350... ✅

[86/453] Processing 2360... ❌ Failed to perform, curl: (28) Operation timed out after 30001 milliseconds with 168099 bytes received. See https://curl.se/libcurl/c/libcurl-errors.html first for more details.

[87/453] Processing 2370... ❌ Failed to perform, curl: (28) Operation timed out after 30002 milliseconds with 225983 bytes received. See https://curl.se/libcurl/c/libcurl-errors.html first for more details.

[88/453] Processing 2380... ❌ Failed to perform, curl: (28) Operation timed out after 30001 milliseconds with 341077 bytes received. See https://curl.se/libcurl/c/libcurl-errors.html first for more details.

[89/453] Processing 2381... ✅

[90/453] Processing 2382... ✅

[91/453] Processing 3002... ✅

[92/453] Processing 3003... ✅

[93/453] Processing 3004... ✅

[94/453] Processing 3005... ✅

[95/453] Processing 3007... ✅

[96/453] Processing 3008... ✅

[97/453] Processing 3010... ✅

[98/453] Processing 3020... ✅

[99/453] Processing 3030... ✅

[100/453] Processing 3040... ✅

[101/453] Processing 3050... ✅

[102/453] Processing 3060... ✅

[103/453] Processing 3080... ✅

[104/453] Processing 3090... ✅

[105/453] Processing 3091... ✅

[106/453] Processing 3092... ✅

[107/453] Processing 4001... ✅

[108/453] Processing 4002... ✅

[109/453] Processing 4003... ✅

[110/453] Processing 4004... ✅

[111/453] Processing 4005... ✅

[112/453] Processing 4006... ✅

[113/453] Processing 4007... ✅

[114/453] Processing 4008... ❌ Failed to perform, curl: (28) Operation timed out after 1071037 milliseconds with 248360 bytes received. See https://curl.se/libcurl/c/libcurl-errors.html first for more details.

[115/453] Processing 4009... ❌ Failed to perform, curl: (28) Operation timed out after 947572 milliseconds with 0 bytes received. See https://curl.se/libcurl/c/libcurl-errors.html first for more details.

[116/453] Processing 4011... ❌ Failed to perform, curl: (28) Connection timed out after 970343 milliseconds. See https://curl.se/libcurl/c/libcurl-errors.html first for more details.

[117/453] Processing 4012... ❌ Failed to perform, curl: (28) Operation timed out after 923024 milliseconds with 14863 bytes received. See https://curl.se/libcurl/c/libcurl-errors.html first for more details.

[118/453] Processing 4013... ❌ Failed to perform, curl: (28) Operation timed out after 943949 milliseconds with 0 bytes received. See https://curl.se/libcurl/c/libcurl-errors.html first for more details.

[119/453] Processing 4014... ❌ Failed to perform, curl: (28) Operation timed out after 1017101 milliseconds with 0 bytes received. See https://curl.se/libcurl/c/libcurl-errors.html first for more details.

[120/453] Processing 4015... ❌ Failed to perform, curl: (28) Operation timed out after 397046 milliseconds with 318660 bytes received. See https://curl.se/libcurl/c/libcurl-errors.html first for more details.

[121/453] Processing 4016... ✅

[122/453] Processing 4017... ✅

[123/453] Processing 4018... ✅

[124/453] Processing 4019... ✅

[125/453] Processing 4020... ✅

[126/453] Processing 4021... ❌ Failed to perform, curl: (28) Operation timed out after 899870 milliseconds with 0 bytes received. See https://curl.se/libcurl/c/libcurl-errors.html first for more details.

[127/453] Processing 4030... ✅

[128/453] Processing 4031... ✅

[129/453] Processing 4040... ❌ Failed to perform, curl: (28) Operation timed out after 965765 milliseconds with 195815 bytes received. See https://curl.se/libcurl/c/libcurl-errors.html first for more details.

[130/453] Processing 4050... ✅

[131/453] Processing 4051... ✅

[132/453] Processing 4061... ✅

[133/453] Processing 4070... ❌ Failed to perform, curl: (28) Connection timed out after 780781 milliseconds. See https://curl.se/libcurl/c/libcurl-errors.html first for more details.

[134/453] Processing 4071... ✅

[135/453] Processing 4072... ❌ Failed to perform, curl: (28) Operation timed out after 998048 milliseconds with 0 bytes received. See https://curl.se/libcurl/c/libcurl-errors.html first for more details.

[136/453] Processing 4080... ✅

[137/453] Processing 4081... ❌ Failed to perform, curl: (28) Operation timed out after 903461 milliseconds with 0 bytes received. See https://curl.se/libcurl/c/libcurl-errors.html first for more details.

[138/453] Processing 4082... ✅

[139/453] Processing 4083... ✅

[140/453] Processing 4084... ❌ Failed to perform, curl: (28) Connection timed out after 1021052 milliseconds. See https://curl.se/libcurl/c/libcurl-errors.html first for more details.

[141/453] Processing 4090... ✅

[142/453] Processing 4100... ✅

[143/453] Processing 4110... ✅

[144/453] Processing 4130... ❌ Failed to perform, curl: (28) Operation timed out after 1011039 milliseconds with 246160 bytes received. See https://curl.se/libcurl/c/libcurl-errors.html first for more details.

[145/453] Processing 4140... ✅

[146/453] Processing 4141... ✅

[147/453] Processing 4142... ❌ Failed to perform, curl: (28) Operation timed out after 974505 milliseconds with 0 bytes received. See https://curl.se/libcurl/c/libcurl-errors.html first for more details.

[148/453] Processing 4143... ✅

[149/453] Processing 4144... ✅

[150/453] Processing 4145... ✅

[151/453] Processing 4146... ✅

[152/453] Processing 4150... ❌ Failed to perform, curl: (28) Operation timed out after 922950 milliseconds with 0 bytes received. See https://curl.se/libcurl/c/libcurl-errors.html first for more details.

[153/453] Processing 4160... ✅

[154/453] Processing 4161... ✅

[155/453] Processing 4162... ❌ Failed to perform, curl: (28) Connection timed out after 474517 milliseconds. See https://curl.se/libcurl/c/libcurl-errors.html first for more details.

[156/453] Processing 4163... ✅

[157/453] Processing 4164... ❌ Failed to perform, curl: (28) Connection timed out after 180481 milliseconds. See https://curl.se/libcurl/c/libcurl-errors.html first for more details.

[158/453] Processing 4165... ✅

[159/453] Processing 4170... ❌ Failed to perform, curl: (28) Operation timed out after 1053730 milliseconds with 0 bytes received. See https://curl.se/libcurl/c/libcurl-errors.html first for more details.

[160/453] Processing 4180... ❌ Failed to perform, curl: (28) Operation timed out after 1015078 milliseconds with 301832 bytes received. See https://curl.se/libcurl/c/libcurl-errors.html first for more details.

[161/453] Processing 4190... ❌ Failed to perform, curl: (28) Operation timed out after 911669 milliseconds with 0 bytes received. See https://curl.se/libcurl/c/libcurl-errors.html first for more details.

[162/453] Processing 4191... ✅

[163/453] Processing 4192... ✅

[164/453] Processing 4193... ✅

[165/453] Processing 4194... ❌ Failed to perform, curl: (28) Operation timed out after 646013 milliseconds with 334314 bytes received. See https://curl.se/libcurl/c/libcurl-errors.html first for more details.

[166/453] Processing 4200... ✅

[167/453] Processing 4210... ✅

[168/453] Processing 4220... ✅

[169/453] Processing 4230... ✅

[170/453] Processing 4240... ✅

[171/453] Processing 4250... ✅

[172/453] Processing 4260... ❌ Failed to perform, curl: (28) Operation timed out after 30002 milliseconds with 88168 bytes received. See https://curl.se/libcurl/c/libcurl-errors.html first for more details.

[173/453] Processing 4261... ✅

[174/453] Processing 4262... ✅

[175/453] Processing 4263... ✅

[176/453] Processing 4264... ✅

[177/453] Processing 4265... ✅

[178/453] Processing 4270... ✅

[179/453] Processing 4280... ✅

[180/453] Processing 4290... ✅

[181/453] Processing 4291... ✅

[182/453] Processing 4292... ✅

[183/453] Processing 4300... ✅

[184/453] Processing 4310... ✅

[185/453] Processing 4320... ✅

[186/453] Processing 4321... ✅

[187/453] Processing 4322... ✅

[188/453] Processing 4323... ✅

[189/453] Processing 4324... ✅

[190/453] Processing 4325... ✅

[191/453] Processing 4326... ✅

[192/453] Processing 4327... ✅

[193/453] Processing 4330... ✅

[194/453] Processing 4331... ✅

[195/453] Processing 4332... ✅

[196/453] Processing 4333... ✅

[197/453] Processing 4334... ✅

[198/453] Processing 4335... ✅

[199/453] Processing 4336... ✅

[200/453] Processing 4337... ✅

[201/453] Processing 4338... ✅

[202/453] Processing 4339... ✅

[203/453] Processing 4340... ✅

[204/453] Processing 4342... ✅

[205/453] Processing 4344... ✅

[206/453] Processing 4345... ✅

[207/453] Processing 4346... ✅

[208/453] Processing 4347... ✅

[209/453] Processing 4348... ✅

[210/453] Processing 4349... ✅

[211/453] Processing 4350... ✅

[212/453] Processing 4700... ⚠️ No fundamentals data found for symbol: 4700.SR

[213/453] Processing 4701... ⚠️ No fundamentals data found for symbol: 4701.SR

[214/453] Processing 4702... ⚠️ No fundamentals data found for symbol: 4702.SR

[215/453] Processing 4703... ⚠️ No fundamentals data found for symbol: 4703.SR

[216/453] Processing 5015... ✅

[217/453] Processing 5019... ✅

[218/453] Processing 5021... ✅

[219/453] Processing 5022... ✅

[220/453] Processing 5023... ✅

[221/453] Processing 5110... ✅

[222/453] Processing 5214... ⚠️ No fundamentals data found for symbol: 5214.SR

[223/453] Processing 5216... ⚠️ No fundamentals data found for symbol: 5216.SR

[224/453] Processing 5221... ⚠️ No fundamentals data found for symbol: 5221.SR

[225/453] Processing 5227... ⚠️ No fundamentals data found for symbol: 5227.SR

[226/453] Processing 5243... ⚠️ Invalid Crumb

[227/453] Processing 5245... ⚠️ Invalid Crumb

[228/453] Processing 5246... ⚠️ Invalid Crumb

[229/453] Processing 5247... ⚠️ Invalid Crumb

[230/453] Processing 5249... ⚠️ Invalid Crumb

[231/453] Processing 5250... ⚠️ Invalid Crumb

[232/453] Processing 5251... ⚠️ Invalid Crumb

[233/453] Processing 5252... ⚠️ Invalid Crumb

[234/453] Processing 5253... ⚠️ Invalid Crumb

[235/453] Processing 5254... ⚠️ Invalid Crumb

[236/453] Processing 5267... ⚠️ Invalid Crumb

[237/453] Processing 5272... ⚠️ Invalid Crumb

[238/453] Processing 5273... ⚠️ Invalid Crumb

[239/453] Processing 5274... ⚠️ Invalid Crumb

[240/453] Processing 5280... ⚠️ Invalid Crumb

[241/453] Processing 5282... ⚠️ Invalid Crumb

[242/453] Processing 5283... ⚠️ Invalid Crumb

[243/453] Processing 5284... ⚠️ Invalid Crumb

[244/453] Processing 5285... ⚠️ Invalid Crumb

[245/453] Processing 5301... ⚠️ Invalid Crumb

[246/453] Processing 5303... ⚠️ Invalid Crumb

[247/453] Processing 5306... ⚠️ Invalid Crumb

[248/453] Processing 5308... ⚠️ Invalid Crumb

[249/453] Processing 5311... ⚠️ Invalid Crumb

[250/453] Processing 5312... ⚠️ Invalid Crumb

[251/453] Processing 5313... ⚠️ Invalid Crumb

[252/453] Processing 5318... ⚠️ Invalid Crumb

[253/453] Processing 5320... ⚠️ Invalid Crumb

[254/453] Processing 5321... ⚠️ Invalid Crumb

[255/453] Processing 5323... ⚠️ Invalid Crumb

[256/453] Processing 5332... ⚠️ Invalid Crumb

[257/453] Processing 5333... ⚠️ Invalid Crumb

[258/453] Processing 5334... ⚠️ Invalid Crumb

[259/453] Processing 5336... ⚠️ Invalid Crumb

[260/453] Processing 5338... ⚠️ Invalid Crumb

[261/453] Processing 5339... ⚠️ Invalid Crumb

[262/453] Processing 5343... ⚠️ Invalid Crumb

[263/453] Processing 5344... ⚠️ Invalid Crumb

[264/453] Processing 6001... ⚠️ Invalid Crumb

[265/453] Processing 6002... ⚠️ Invalid Crumb

[266/453] Processing 6004... ⚠️ Invalid Crumb

[267/453] Processing 6010... ⚠️ Invalid Crumb

[268/453] Processing 6012... ⚠️ Invalid Crumb

[269/453] Processing 6013... ⚠️ Invalid Crumb

[270/453] Processing 6014... ⚠️ Invalid Crumb

[271/453] Processing 6015... ⚠️ Invalid Crumb

[272/453] Processing 6016... ⚠️ Invalid Crumb

[273/453] Processing 6017... ⚠️ Invalid Crumb

[274/453] Processing 6018... ⚠️ Invalid Crumb

[275/453] Processing 6019... ⚠️ Invalid Crumb

[276/453] Processing 6020... ⚠️ Invalid Crumb

[277/453] Processing 6040... ⚠️ Invalid Crumb

[278/453] Processing 6050... ⚠️ Invalid Crumb

[279/453] Processing 6060... ⚠️ Invalid Crumb

[280/453] Processing 6070... ⚠️ Invalid Crumb

[281/453] Processing 6090... ⚠️ Invalid Crumb

[282/453] Processing 7010... ⚠️ Invalid Crumb

[283/453] Processing 7020... ⚠️ Invalid Crumb

[284/453] Processing 7030... ⚠️ Invalid Crumb

[285/453] Processing 7040... ⚠️ Invalid Crumb

[286/453] Processing 7200... ⚠️ Invalid Crumb

[287/453] Processing 7201... ⚠️ Invalid Crumb

[288/453] Processing 7202... ⚠️ Invalid Crumb

[289/453] Processing 7203... ⚠️ Invalid Crumb

[290/453] Processing 7204... ⚠️ Invalid Crumb

[291/453] Processing 7211... ⚠️ Invalid Crumb

[292/453] Processing 8010... ⚠️ Invalid Crumb

[293/453] Processing 8012... ⚠️ Invalid Crumb

[294/453] Processing 8020... ⚠️ Invalid Crumb

[295/453] Processing 8030... ⚠️ Invalid Crumb

[296/453] Processing 8040... ⚠️ Invalid Crumb

[297/453] Processing 8050... ⚠️ Invalid Crumb

[298/453] Processing 8060... ⚠️ Invalid Crumb

[299/453] Processing 8070... ⚠️ Invalid Crumb

[300/453] Processing 8100... ⚠️ Invalid Crumb

[301/453] Processing 8120... ⚠️ Invalid Crumb

[302/453] Processing 8150... ⚠️ Invalid Crumb

[303/453] Processing 8160... ⚠️ Invalid Crumb

[304/453] Processing 8170... ⚠️ Invalid Crumb

[305/453] Processing 8180... ⚠️ Invalid Crumb

[306/453] Processing 8190... ⚠️ Invalid Crumb

[307/453] Processing 8200... ⚠️ Invalid Crumb

[308/453] Processing 8210... ⚠️ Invalid Crumb

[309/453] Processing 8230... ⚠️ Invalid Crumb

[310/453] Processing 8240... ⚠️ Invalid Crumb

[311/453] Processing 8250... ⚠️ Invalid Crumb

[312/453] Processing 8260... ⚠️ Invalid Crumb

[313/453] Processing 8280... ⚠️ Invalid Crumb

[314/453] Processing 8300... ⚠️ Invalid Crumb

[315/453] Processing 8310... ⚠️ Invalid Crumb

[316/453] Processing 8311... ⚠️ Invalid Crumb

[317/453] Processing 8313... ⚠️ Invalid Crumb

[318/453] Processing 9300... ⚠️ Invalid Crumb

[319/453] Processing 9403... ⚠️ Invalid Crumb

[320/453] Processing 9404... ⚠️ Invalid Crumb

[321/453] Processing 9405... ⚠️ Invalid Crumb

[322/453] Processing 9406... ⚠️ Invalid Crumb

[323/453] Processing 9407... ⚠️ Invalid Crumb

[324/453] Processing 9408... ⚠️ Invalid Crumb

[325/453] Processing 9409... ⚠️ Invalid Crumb

[326/453] Processing 9410... ⚠️ Invalid Crumb

[327/453] Processing 9411... ⚠️ Invalid Crumb

[328/453] Processing 9412... ⚠️ Invalid Crumb

[329/453] Processing 9510... ⚠️ Invalid Crumb

[330/453] Processing 9513... ⚠️ Invalid Crumb

[331/453] Processing 9514... ⚠️ Invalid Crumb

[332/453] Processing 9515... ⚠️ Invalid Crumb

[333/453] Processing 9516... ⚠️ Invalid Crumb

[334/453] Processing 9517... ⚠️ Invalid Crumb

[335/453] Processing 9521... ⚠️ Invalid Crumb

[336/453] Processing 9522... ⚠️ Invalid Crumb

[337/453] Processing 9523... ⚠️ Invalid Crumb

[338/453] Processing 9524... ⚠️ Invalid Crumb

[339/453] Processing 9525... ⚠️ Invalid Crumb

[340/453] Processing 9527... ⚠️ Invalid Crumb

[341/453] Processing 9530... ⚠️ Invalid Crumb

[342/453] Processing 9532... ⚠️ Invalid Crumb

[343/453] Processing 9533... ⚠️ Invalid Crumb

[344/453] Processing 9535... ⚠️ Invalid Crumb

[345/453] Processing 9536... ⚠️ Invalid Crumb

[346/453] Processing 9537... ⚠️ Invalid Crumb

[347/453] Processing 9538... ⚠️ Invalid Crumb

[348/453] Processing 9539... ⚠️ Invalid Crumb

[349/453] Processing 9540... ⚠️ Invalid Crumb

[350/453] Processing 9541... ⚠️ Invalid Crumb

[351/453] Processing 9542... ⚠️ Invalid Crumb

[352/453] Processing 9543... ⚠️ Invalid Crumb

[353/453] Processing 9544... ⚠️ Invalid Crumb

[354/453] Processing 9545... ⚠️ Invalid Crumb

[355/453] Processing 9546... ⚠️ Invalid Crumb

[356/453] Processing 9547... ⚠️ Invalid Crumb

[357/453] Processing 9548... ⚠️ Invalid Crumb

[358/453] Processing 9549... ⚠️ Invalid Crumb

[359/453] Processing 9550... ⚠️ Invalid Crumb

[360/453] Processing 9551... ⚠️ Invalid Crumb

[361/453] Processing 9552... ⚠️ Invalid Crumb

[362/453] Processing 9553... ⚠️ Invalid Crumb

[363/453] Processing 9555... ⚠️ Invalid Crumb

[364/453] Processing 9556... ⚠️ Invalid Crumb

[365/453] Processing 9557... ⚠️ Invalid Crumb

[366/453] Processing 9558... ⚠️ Invalid Crumb

[367/453] Processing 9559... ⚠️ Invalid Crumb

[368/453] Processing 9560... ⚠️ Invalid Crumb

[369/453] Processing 9561... ⚠️ Invalid Crumb

[370/453] Processing 9562... ⚠️ Invalid Crumb

[371/453] Processing 9563... ⚠️ Invalid Crumb

[372/453] Processing 9564... ⚠️ Invalid Crumb

[373/453] Processing 9565... ⚠️ Invalid Crumb

[374/453] Processing 9566... ⚠️ Invalid Crumb

[375/453] Processing 9567... ⚠️ Invalid Crumb

[376/453] Processing 9568... ⚠️ Invalid Crumb

[377/453] Processing 9569... ⚠️ Invalid Crumb

[378/453] Processing 9570... ⚠️ Invalid Crumb

[379/453] Processing 9571... ⚠️ Invalid Crumb

[380/453] Processing 9572... ⚠️ Invalid Crumb

[381/453] Processing 9574... ⚠️ Invalid Crumb

[382/453] Processing 9575... ⚠️ Invalid Crumb

[383/453] Processing 9576... ⚠️ Invalid Crumb

[384/453] Processing 9577... ⚠️ Invalid Crumb

[385/453] Processing 9578... ⚠️ Invalid Crumb

[386/453] Processing 9579... ⚠️ Invalid Crumb

[387/453] Processing 9580... ⚠️ Invalid Crumb

[388/453] Processing 9581... ⚠️ Invalid Crumb

[389/453] Processing 9583... ⚠️ Invalid Crumb

[390/453] Processing 9584... ⚠️ Invalid Crumb

[391/453] Processing 9585... ⚠️ Invalid Crumb

[392/453] Processing 9586... ⚠️ Invalid Crumb

[393/453] Processing 9587... ⚠️ Invalid Crumb

[394/453] Processing 9588... ⚠️ Invalid Crumb

[395/453] Processing 9589... ⚠️ Invalid Crumb

[396/453] Processing 9590... ⚠️ Invalid Crumb

[397/453] Processing 9591... ⚠️ Invalid Crumb

[398/453] Processing 9592... ⚠️ Invalid Crumb

[399/453] Processing 9593... ⚠️ Invalid Crumb

[400/453] Processing 9594... ⚠️ Invalid Crumb

[401/453] Processing 9595... ⚠️ Invalid Crumb

[402/453] Processing 9596... ⚠️ Invalid Crumb

[403/453] Processing 9597... ⚠️ Invalid Crumb

[404/453] Processing 9598... ⚠️ Invalid Crumb

[405/453] Processing 9599... ⚠️ Invalid Crumb

[406/453] Processing 9600... ⚠️ Invalid Crumb

[407/453] Processing 9601... ⚠️ Invalid Crumb

[408/453] Processing 9602... ⚠️ Invalid Crumb

[409/453] Processing 9603... ⚠️ Invalid Crumb

[410/453] Processing 9604... ⚠️ Invalid Crumb

[411/453] Processing 9605... ⚠️ Invalid Crumb

[412/453] Processing 9606... ⚠️ Invalid Crumb

[413/453] Processing 9607... ⚠️ Invalid Crumb

[414/453] Processing 9608... ⚠️ Invalid Crumb

[415/453] Processing 9609... ⚠️ Invalid Crumb

[416/453] Processing 9610... ⚠️ Invalid Crumb

[417/453] Processing 9611... ⚠️ Invalid Crumb

[418/453] Processing 9612... ⚠️ Invalid Crumb

[419/453] Processing 9613... ⚠️ Invalid Crumb

[420/453] Processing 9614... ⚠️ Invalid Crumb

[421/453] Processing 9615... ⚠️ Invalid Crumb

[422/453] Processing 9616... ⚠️ Invalid Crumb

[423/453] Processing 9617... ⚠️ Invalid Crumb

[424/453] Processing 9618... ⚠️ Invalid Crumb

[425/453] Processing 9619... ⚠️ Invalid Crumb

[426/453] Processing 9620... ⚠️ Invalid Crumb

[427/453] Processing 9621... ⚠️ Invalid Crumb

[428/453] Processing 9622... ⚠️ Invalid Crumb

[429/453] Processing 9623... ⚠️ Invalid Crumb

[430/453] Processing 9624... ⚠️ Invalid Crumb

[431/453] Processing 9625... ⚠️ Invalid Crumb

[432/453] Processing 9626... ⚠️ Invalid Crumb

[433/453] Processing 9627... ⚠️ Invalid Crumb

[434/453] Processing 9628... ⚠️ Invalid Crumb

[435/453] Processing 9630... ⚠️ Invalid Crumb

[436/453] Processing 9631... ⚠️ Invalid Crumb

[437/453] Processing 9632... ⚠️ Invalid Crumb

[438/453] Processing 9633... ⚠️ Invalid Crumb

[439/453] Processing 9634... ⚠️ Invalid Crumb

[440/453] Processing 9635... ⚠️ Invalid Crumb

[441/453] Processing 9636... ⚠️ Invalid Crumb

[442/453] Processing 9637... ⚠️ Invalid Crumb

[443/453] Processing 9639... ⚠️ Invalid Crumb

[444/453] Processing 9640... ⚠️ Invalid Crumb

[445/453] Processing 9641... ⚠️ Invalid Crumb

[446/453] Processing 9642... ⚠️ Invalid Crumb

[447/453] Processing 9644... ⚠️ Invalid Crumb

[448/453] Processing 9645... ⚠️ Invalid Crumb

[449/453] Processing 9647... ⚠️ Invalid Crumb

[450/453] Processing 9648... ⚠️ Invalid Crumb

[451/453] Processing 9649... ⚠️ Invalid Crumb

[452/453] Processing 9650... ⚠️ Invalid Crumb

[453/453] Processing 9651... ⚠️ Invalid Crumb

======================================================================
📊 FINAL STATISTICS
======================================================================
  Symbols Processed: 132
  Earnings Added: 0
  Insiders Added: 0
  Financials Added: 244
  Errors: 321
======================================================================
✅ DATA GAP FILL COMPLETE!
======================================================================
🚀 COMPREHENSIVE DATA GAP FILLER
======================================================================
✅ Connected to Supabase production database
📊 Found 453 stocks to process

[1/453] Processing 1010... ⚠️ Invalid Crumb

[2/453] Processing 1020... ⚠️ Invalid Crumb

[3/453] Processing 1030... ⚠️ Invalid Crumb

[4/453] Processing 1050... ⚠️ Invalid Crumb

[5/453] Processing 1060... ⚠️ Invalid Crumb

[6/453] Processing 1080... ⚠️ Invalid Crumb

[7/453] Processing 1111... ⚠️ Invalid Crumb

[8/453] Processing 1113... ⚠️ Invalid Crumb

[9/453] Processing 1120... ⚠️ Invalid Crumb

[10/453] Processing 1140... ⚠️ Invalid Crumb

[11/453] Processing 1150... ⚠️ Invalid Crumb

[12/453] Processing 1180... ⚠️ Invalid Crumb

[13/453] Processing 1182... ⚠️ Invalid Crumb

[14/453] Processing 1183... ⚠️ Invalid Crumb

[15/453] Processing 1201... ⚠️ Invalid Crumb

[16/453] Processing 1202... ⚠️ Invalid Crumb

[17/453] Processing 1210... ⚠️ Invalid Crumb

[18/453] Processing 1211... ⚠️ Invalid Crumb

[19/453] Processing 1212... ⚠️ Invalid Crumb

[20/453] Processing 1213... ⚠️ Invalid Crumb

[21/453] Processing 1214... ⚠️ Invalid Crumb

[22/453] Processing 1301... ⚠️ Invalid Crumb

[23/453] Processing 1302... ⚠️ Invalid Crumb

[24/453] Processing 1303... ⚠️ Invalid Crumb

[25/453] Processing 1304... ⚠️ Invalid Crumb

[26/453] Processing 1320... ⚠️ Invalid Crumb

[27/453] Processing 1321... ⚠️ Invalid Crumb

[28/453] Processing 1322... ⚠️ Invalid Crumb

[29/453] Processing 1323... ⚠️ Invalid Crumb

[30/453] Processing 1810... ⚠️ Invalid Crumb

[31/453] Processing 1820... ⚠️ Invalid Crumb

[32/453] Processing 1830... ⚠️ Invalid Crumb

[33/453] Processing 1831... ⚠️ Invalid Crumb

[34/453] Processing 1832... ⚠️ Invalid Crumb

[35/453] Processing 1833... ⚠️ Invalid Crumb

[36/453] Processing 1834... ⚠️ Invalid Crumb

[37/453] Processing 1835... ⚠️ Invalid Crumb

[38/453] Processing 2001... ⚠️ Invalid Crumb

[39/453] Processing 2010... ⚠️ Invalid Crumb

[40/453] Processing 2020... ⚠️ Invalid Crumb

[41/453] Processing 2030... ⚠️ Invalid Crumb

[42/453] Processing 2040... ⚠️ Invalid Crumb

[43/453] Processing 2050... ⚠️ Invalid Crumb

[44/453] Processing 2060... ⚠️ Invalid Crumb

[45/453] Processing 2070... ⚠️ Invalid Crumb

[46/453] Processing 2080... ⚠️ Invalid Crumb

[47/453] Processing 2081... ⚠️ Invalid Crumb

[48/453] Processing 2082... ⚠️ Invalid Crumb

[49/453] Processing 2083... ⚠️ Invalid Crumb

[50/453] Processing 2084... ⚠️ Invalid Crumb

[51/453] Processing 2090... ⚠️ Invalid Crumb

[52/453] Processing 2100... ⚠️ Invalid Crumb

[53/453] Processing 2110... ⚠️ Invalid Crumb

[54/453] Processing 2120... ⚠️ Invalid Crumb

[55/453] Processing 2130... ⚠️ Invalid Crumb

[56/453] Processing 2140... ⚠️ Invalid Crumb

[57/453] Processing 2150... ⚠️ Invalid Crumb

[58/453] Processing 2160... ⚠️ Invalid Crumb

[59/453] Processing 2170... ⚠️ Invalid Crumb

[60/453] Processing 2180... ⚠️ Invalid Crumb

[61/453] Processing 2190... ⚠️ Invalid Crumb

[62/453] Processing 2200... ⚠️ Invalid Crumb

[63/453] Processing 2210... ⚠️ Invalid Crumb

[64/453] Processing 2220... ⚠️ Invalid Crumb

[65/453] Processing 2222... ⚠️ Invalid Crumb

[66/453] Processing 2223... ⚠️ Invalid Crumb

[67/453] Processing 2230... ⚠️ Invalid Crumb

[68/453] Processing 2240... ⚠️ Invalid Crumb

[69/453] Processing 2250... ⚠️ Invalid Crumb

[70/453] Processing 2270... ⚠️ Invalid Crumb

[71/453] Processing 2280... ⚠️ Invalid Crumb

[72/453] Processing 2281... ⚠️ Invalid Crumb

[73/453] Processing 2282... ⚠️ Invalid Crumb

[74/453] Processing 2283... ⚠️ Invalid Crumb

[75/453] Processing 2284... ⚠️ Invalid Crumb

[76/453] Processing 2285... ⚠️ Invalid Crumb

[77/453] Processing 2286... ⚠️ Invalid Crumb

[78/453] Processing 2287... ⚠️ Invalid Crumb

[79/453] Processing 2290... ⚠️ Invalid Crumb

[80/453] Processing 2300... ⚠️ Invalid Crumb

[81/453] Processing 2310... ⚠️ Invalid Crumb

[82/453] Processing 2320... ⚠️ Invalid Crumb

[83/453] Processing 2330... ⚠️ Invalid Crumb

[84/453] Processing 2340... ⚠️ Invalid Crumb

[85/453] Processing 2350... ⚠️ Invalid Crumb

[86/453] Processing 2360... ⚠️ Invalid Crumb

[87/453] Processing 2370... ⚠️ Invalid Crumb

[88/453] Processing 2380... ⚠️ Invalid Crumb

[89/453] Processing 2381... ⚠️ Invalid Crumb

[90/453] Processing 2382... ⚠️ Invalid Crumb

[91/453] Processing 3002... ⚠️ Invalid Crumb

[92/453] Processing 3003... ⚠️ Invalid Crumb

[93/453] Processing 3004... ⚠️ Invalid Crumb

[94/453] Processing 3005... ⚠️ Invalid Crumb

[95/453] Processing 3007... ⚠️ Invalid Crumb

[96/453] Processing 3008... ⚠️ Invalid Crumb

[97/453] Processing 3010... ⚠️ Invalid Crumb

[98/453] Processing 3020... ⚠️ Invalid Crumb

[99/453] Processing 3030... ⚠️ Invalid Crumb

[100/453] Processing 3040... ⚠️ Invalid Crumb

[101/453] Processing 3050... ⚠️ Invalid Crumb

[102/453] Processing 3060... ⚠️ Invalid Crumb

[103/453] Processing 3080... ⚠️ Invalid Crumb

[104/453] Processing 3090... ⚠️ Invalid Crumb

[105/453] Processing 3091... ⚠️ Invalid Crumb

[106/453] Processing 3092... ⚠️ Invalid Crumb

[107/453] Processing 4001... ⚠️ Invalid Crumb

[108/453] Processing 4002... ⚠️ Invalid Crumb

[109/453] Processing 4003... ⚠️ Invalid Crumb

[110/453] Processing 4004... ⚠️ Invalid Crumb

[111/453] Processing 4005... ⚠️ Invalid Crumb

[112/453] Processing 4006... ⚠️ Invalid Crumb

[113/453] Processing 4007... ⚠️ Invalid Crumb

[114/453] Processing 4008... ⚠️ Invalid Crumb

[115/453] Processing 4009... ⚠️ Invalid Crumb

[116/453] Processing 4011... ⚠️ Invalid Crumb

[117/453] Processing 4012... ⚠️ Invalid Crumb

[118/453] Processing 4013... ⚠️ Invalid Crumb

[119/453] Processing 4014... ⚠️ Invalid Crumb

[120/453] Processing 4015... ⚠️ Invalid Crumb

[121/453] Processing 4016... ⚠️ Invalid Crumb

[122/453] Processing 4017... ⚠️ Invalid Crumb

[123/453] Processing 4018... ⚠️ Invalid Crumb

[124/453] Processing 4019... ⚠️ Invalid Crumb

[125/453] Processing 4020... ⚠️ Invalid Crumb

[126/453] Processing 4021... ⚠️ Invalid Crumb

[127/453] Processing 4030... ⚠️ Invalid Crumb

[128/453] Processing 4031... ⚠️ Invalid Crumb

[129/453] Processing 4040... ⚠️ Invalid Crumb

[130/453] Processing 4050... ⚠️ Invalid Crumb

[131/453] Processing 4051... ⚠️ Invalid Crumb

[132/453] Processing 4061... ⚠️ Invalid Crumb

[133/453] Processing 4070... ⚠️ Invalid Crumb

[134/453] Processing 4071... ⚠️ Invalid Crumb

[135/453] Processing 4072... ⚠️ Invalid Crumb

[136/453] Processing 4080... ⚠️ Invalid Crumb

[137/453] Processing 4081... ⚠️ Invalid Crumb

[138/453] Processing 4082... ⚠️ Invalid Crumb

[139/453] Processing 4083... ⚠️ Invalid Crumb

[140/453] Processing 4084... ⚠️ Invalid Crumb

[141/453] Processing 4090... ⚠️ Invalid Crumb

[142/453] Processing 4100... ⚠️ Invalid Crumb

[143/453] Processing 4110... ⚠️ Invalid Crumb

[144/453] Processing 4130... ⚠️ Invalid Crumb

[145/453] Processing 4140... ⚠️ Invalid Crumb

[146/453] Processing 4141... ⚠️ Invalid Crumb

[147/453] Processing 4142... ⚠️ Invalid Crumb

[148/453] Processing 4143... ⚠️ Invalid Crumb

[149/453] Processing 4144... ⚠️ Invalid Crumb

[150/453] Processing 4145... ⚠️ Invalid Crumb

[151/453] Processing 4146... ⚠️ Invalid Crumb

[152/453] Processing 4150... ⚠️ Invalid Crumb

[153/453] Processing 4160... ⚠️ Invalid Crumb

[154/453] Processing 4161... ⚠️ Invalid Crumb

[155/453] Processing 4162... ⚠️ Invalid Crumb

[156/453] Processing 4163... ⚠️ Invalid Crumb

[157/453] Processing 4164... ⚠️ Invalid Crumb

[158/453] Processing 4165... ⚠️ Invalid Crumb

[159/453] Processing 4170... ⚠️ Invalid Crumb

[160/453] Processing 4180... ⚠️ Invalid Crumb

[161/453] Processing 4190... ⚠️ Invalid Crumb

[162/453] Processing 4191... ⚠️ Invalid Crumb

[163/453] Processing 4192... ⚠️ Invalid Crumb

[164/453] Processing 4193... ⚠️ Invalid Crumb

[165/453] Processing 4194... ⚠️ Invalid Crumb

[166/453] Processing 4200... ⚠️ Invalid Crumb

[167/453] Processing 4210... ⚠️ Invalid Crumb

[168/453] Processing 4220... ⚠️ Invalid Crumb

[169/453] Processing 4230... ⚠️ Invalid Crumb

[170/453] Processing 4240... ⚠️ Invalid Crumb

[171/453] Processing 4250... ⚠️ Invalid Crumb

[172/453] Processing 4260... ⚠️ Invalid Crumb

[173/453] Processing 4261... ❌ Failed to perform, curl: (28) Operation timed out after 743552 milliseconds with 0 bytes received. See https://curl.se/libcurl/c/libcurl-errors.html first for more details.

[174/453] Processing 4262... ✅

[175/453] Processing 4263... ✅

[176/453] Processing 4264... ✅

[177/453] Processing 4265... ✅

[178/453] Processing 4270... ✅

[179/453] Processing 4280... ✅

[180/453] Processing 4290... ❌ Failed to perform, curl: (6) Could not resolve host: finance.yahoo.com. See https://curl.se/libcurl/c/libcurl-errors.html first for more details.

[181/453] Processing 4291... ❌ Failed to perform, curl: (6) Could not resolve host: finance.yahoo.com. See https://curl.se/libcurl/c/libcurl-errors.html first for more details.

[182/453] Processing 4292... ❌ Failed to perform, curl: (6) Could not resolve host: finance.yahoo.com. See https://curl.se/libcurl/c/libcurl-errors.html first for more details.

[183/453] Processing 4300... ❌ Failed to perform, curl: (6) Could not resolve host: finance.yahoo.com. See https://curl.se/libcurl/c/libcurl-errors.html first for more details.

[184/453] Processing 4310... ❌ Failed to perform, curl: (6) Could not resolve host: finance.yahoo.com. See https://curl.se/libcurl/c/libcurl-errors.html first for more details.

[185/453] Processing 4320... ❌ Failed to perform, curl: (6) Could not resolve host: finance.yahoo.com. See https://curl.se/libcurl/c/libcurl-errors.html first for more details.

[186/453] Processing 4321... ❌ Failed to perform, curl: (6) Could not resolve host: finance.yahoo.com. See https://curl.se/libcurl/c/libcurl-errors.html first for more details.

[187/453] Processing 4322... ❌ Failed to perform, curl: (6) Could not resolve host: finance.yahoo.com. See https://curl.se/libcurl/c/libcurl-errors.html first for more details.

[188/453] Processing 4323... ❌ Failed to perform, curl: (6) Could not resolve host: finance.yahoo.com. See https://curl.se/libcurl/c/libcurl-errors.html first for more details.

[189/453] Processing 4324... ❌ Failed to perform, curl: (6) Could not resolve host: finance.yahoo.com. See https://curl.se/libcurl/c/libcurl-errors.html first for more details.

[190/453] Processing 4325... ❌ Failed to perform, curl: (6) Could not resolve host: finance.yahoo.com. See https://curl.se/libcurl/c/libcurl-errors.html first for more details.

[191/453] Processing 4326... ❌ Failed to perform, curl: (6) Could not resolve host: finance.yahoo.com. See https://curl.se/libcurl/c/libcurl-errors.html first for more details.

[192/453] Processing 4327... ❌ Failed to perform, curl: (6) Could not resolve host: finance.yahoo.com. See https://curl.se/libcurl/c/libcurl-errors.html first for more details.

[193/453] Processing 4330... ❌ Failed to perform, curl: (6) Could not resolve host: finance.yahoo.com. See https://curl.se/libcurl/c/libcurl-errors.html first for more details.

[194/453] Processing 4331... ❌ Failed to perform, curl: (6) Could not resolve host: finance.yahoo.com. See https://curl.se/libcurl/c/libcurl-errors.html first for more details.

[195/453] Processing 4332... ❌ Failed to perform, curl: (6) Could not resolve host: finance.yahoo.com. See https://curl.se/libcurl/c/libcurl-errors.html first for more details.

[196/453] Processing 4333... ❌ Failed to perform, curl: (6) Could not resolve host: finance.yahoo.com. See https://curl.se/libcurl/c/libcurl-errors.html first for more details.

[197/453] Processing 4334... ❌ Failed to perform, curl: (6) Could not resolve host: finance.yahoo.com. See https://curl.se/libcurl/c/libcurl-errors.html first for more details.

[198/453] Processing 4335... ❌ Failed to perform, curl: (6) Could not resolve host: finance.yahoo.com. See https://curl.se/libcurl/c/libcurl-errors.html first for more details.

[199/453] Processing 4336... ❌ Failed to perform, curl: (6) Could not resolve host: finance.yahoo.com. See https://curl.se/libcurl/c/libcurl-errors.html first for more details.

[200/453] Processing 4337... ❌ Failed to perform, curl: (6) Could not resolve host: finance.yahoo.com. See https://curl.se/libcurl/c/libcurl-errors.html first for more details.

[201/453] Processing 4338... ❌ Failed to perform, curl: (6) Could not resolve host: finance.yahoo.com. See https://curl.se/libcurl/c/libcurl-errors.html first for more details.

[202/453] Processing 4339... ❌ Failed to perform, curl: (6) Could not resolve host: finance.yahoo.com. See https://curl.se/libcurl/c/libcurl-errors.html first for more details.

[203/453] Processing 4340... ❌ Failed to perform, curl: (6) Could not resolve host: finance.yahoo.com. See https://curl.se/libcurl/c/libcurl-errors.html first for more details.

[204/453] Processing 4342... ❌ Failed to perform, curl: (6) Could not resolve host: finance.yahoo.com. See https://curl.se/libcurl/c/libcurl-errors.html first for more details.

[205/453] Processing 4344... ❌ Failed to perform, curl: (6) Could not resolve host: finance.yahoo.com. See https://curl.se/libcurl/c/libcurl-errors.html first for more details.

[206/453] Processing 4345... ❌ Failed to perform, curl: (6) Could not resolve host: finance.yahoo.com. See https://curl.se/libcurl/c/libcurl-errors.html first for more details.

[207/453] Processing 4346... ❌ Failed to perform, curl: (6) Could not resolve host: finance.yahoo.com. See https://curl.se/libcurl/c/libcurl-errors.html first for more details.

[208/453] Processing 4347... ❌ Failed to perform, curl: (6) Could not resolve host: finance.yahoo.com. See https://curl.se/libcurl/c/libcurl-errors.html first for more details.

[209/453] Processing 4348... ❌ Failed to perform, curl: (6) Could not resolve host: finance.yahoo.com. See https://curl.se/libcurl/c/libcurl-errors.html first for more details.

[210/453] Processing 4349... ❌ Failed to perform, curl: (6) Could not resolve host: finance.yahoo.com. See https://curl.se/libcurl/c/libcurl-errors.html first for more details.

[211/453] Processing 4350... ❌ Failed to perform, curl: (6) Could not resolve host: finance.yahoo.com. See https://curl.se/libcurl/c/libcurl-errors.html first for more details.

[212/453] Processing 4700... ❌ Failed to perform, curl: (6) Could not resolve host: finance.yahoo.com. See https://curl.se/libcurl/c/libcurl-errors.html first for more details.

[213/453] Processing 4701... ❌ Failed to perform, curl: (6) Could not resolve host: finance.yahoo.com. See https://curl.se/libcurl/c/libcurl-errors.html first for more details.

[214/453] Processing 4702... ❌ Failed to perform, curl: (6) Could not resolve host: finance.yahoo.com. See https://curl.se/libcurl/c/libcurl-errors.html first for more details.

[215/453] Processing 4703... ❌ Failed to perform, curl: (6) Could not resolve host: finance.yahoo.com. See https://curl.se/libcurl/c/libcurl-errors.html first for more details.

[216/453] Processing 5015... ❌ Failed to perform, curl: (6) Could not resolve host: finance.yahoo.com. See https://curl.se/libcurl/c/libcurl-errors.html first for more details.

[217/453] Processing 5019... ❌ Failed to perform, curl: (6) Could not resolve host: finance.yahoo.com. See https://curl.se/libcurl/c/libcurl-errors.html first for more details.

[218/453] Processing 5021... ❌ Failed to perform, curl: (6) Could not resolve host: finance.yahoo.com. See https://curl.se/libcurl/c/libcurl-errors.html first for more details.

[219/453] Processing 5022... ❌ Failed to perform, curl: (6) Could not resolve host: finance.yahoo.com. See https://curl.se/libcurl/c/libcurl-errors.html first for more details.

[220/453] Processing 5023... ❌ Failed to perform, curl: (6) Could not resolve host: finance.yahoo.com. See https://curl.se/libcurl/c/libcurl-errors.html first for more details.

[221/453] Processing 5110... ❌ Failed to perform, curl: (6) Could not resolve host: finance.yahoo.com. See https://curl.se/libcurl/c/libcurl-errors.html first for more details.

[222/453] Processing 5214... ❌ Failed to perform, curl: (6) Could not resolve host: finance.yahoo.com. See https://curl.se/libcurl/c/libcurl-errors.html first for more details.

[223/453] Processing 5216... ❌ Failed to perform, curl: (6) Could not resolve host: finance.yahoo.com. See https://curl.se/libcurl/c/libcurl-errors.html first for more details.

[224/453] Processing 5221... ❌ Failed to perform, curl: (6) Could not resolve host: finance.yahoo.com. See https://curl.se/libcurl/c/libcurl-errors.html first for more details.

[225/453] Processing 5227... ❌ Failed to perform, curl: (6) Could not resolve host: finance.yahoo.com. See https://curl.se/libcurl/c/libcurl-errors.html first for more details.

[226/453] Processing 5243... ❌ Failed to perform, curl: (6) Could not resolve host: finance.yahoo.com. See https://curl.se/libcurl/c/libcurl-errors.html first for more details.

[227/453] Processing 5245... ❌ Failed to perform, curl: (6) Could not resolve host: finance.yahoo.com. See https://curl.se/libcurl/c/libcurl-errors.html first for more details.

[228/453] Processing 5246... ❌ Failed to perform, curl: (6) Could not resolve host: finance.yahoo.com. See https://curl.se/libcurl/c/libcurl-errors.html first for more details.

[229/453] Processing 5247... ❌ Failed to perform, curl: (6) Could not resolve host: finance.yahoo.com. See https://curl.se/libcurl/c/libcurl-errors.html first for more details.

[230/453] Processing 5249... ❌ Failed to perform, curl: (6) Could not resolve host: finance.yahoo.com. See https://curl.se/libcurl/c/libcurl-errors.html first for more details.

[231/453] Processing 5250... ❌ Failed to perform, curl: (6) Could not resolve host: finance.yahoo.com. See https://curl.se/libcurl/c/libcurl-errors.html first for more details.

[232/453] Processing 5251... ❌ Failed to perform, curl: (6) Could not resolve host: finance.yahoo.com. See https://curl.se/libcurl/c/libcurl-errors.html first for more details.

[233/453] Processing 5252... ❌ Failed to perform, curl: (60) SSL certificate problem: self signed certificate in certificate chain. See https://curl.se/libcurl/c/libcurl-errors.html first for more details.

[234/453] Processing 5253... ❌ Failed to perform, curl: (6) Could not resolve host: finance.yahoo.com. See https://curl.se/libcurl/c/libcurl-errors.html first for more details.

[235/453] Processing 5254... ❌ Failed to perform, curl: (6) Could not resolve host: finance.yahoo.com. See https://curl.se/libcurl/c/libcurl-errors.html first for more details.

[236/453] Processing 5267... ❌ Failed to perform, curl: (6) Could not resolve host: finance.yahoo.com. See https://curl.se/libcurl/c/libcurl-errors.html first for more details.

[237/453] Processing 5272... ❌ Failed to perform, curl: (6) Could not resolve host: finance.yahoo.com. See https://curl.se/libcurl/c/libcurl-errors.html first for more details.

[238/453] Processing 5273... ❌ Failed to perform, curl: (6) Could not resolve host: finance.yahoo.com. See https://curl.se/libcurl/c/libcurl-errors.html first for more details.

[239/453] Processing 5274... ❌ Failed to perform, curl: (6) Could not resolve host: finance.yahoo.com. See https://curl.se/libcurl/c/libcurl-errors.html first for more details.

[240/453] Processing 5280... ❌ Failed to perform, curl: (6) Could not resolve host: finance.yahoo.com. See https://curl.se/libcurl/c/libcurl-errors.html first for more details.

[241/453] Processing 5282... ❌ Failed to perform, curl: (6) Could not resolve host: finance.yahoo.com. See https://curl.se/libcurl/c/libcurl-errors.html first for more details.

[242/453] Processing 5283... ❌ Failed to perform, curl: (6) Could not resolve host: finance.yahoo.com. See https://curl.se/libcurl/c/libcurl-errors.html first for more details.

[243/453] Processing 5284... ❌ Failed to perform, curl: (6) Could not resolve host: finance.yahoo.com. See https://curl.se/libcurl/c/libcurl-errors.html first for more details.

[244/453] Processing 5285... ❌ Failed to perform, curl: (6) Could not resolve host: finance.yahoo.com. See https://curl.se/libcurl/c/libcurl-errors.html first for more details.

[245/453] Processing 5301... ❌ Failed to perform, curl: (6) Could not resolve host: finance.yahoo.com. See https://curl.se/libcurl/c/libcurl-errors.html first for more details.

[246/453] Processing 5303... ❌ Failed to perform, curl: (6) Could not resolve host: finance.yahoo.com. See https://curl.se/libcurl/c/libcurl-errors.html first for more details.

[247/453] Processing 5306... ❌ Failed to perform, curl: (6) Could not resolve host: finance.yahoo.com. See https://curl.se/libcurl/c/libcurl-errors.html first for more details.

[248/453] Processing 5308... ❌ Failed to perform, curl: (6) Could not resolve host: finance.yahoo.com. See https://curl.se/libcurl/c/libcurl-errors.html first for more details.

[249/453] Processing 5311... ❌ Failed to perform, curl: (6) Could not resolve host: finance.yahoo.com. See https://curl.se/libcurl/c/libcurl-errors.html first for more details.

[250/453] Processing 5312... ❌ Failed to perform, curl: (6) Could not resolve host: finance.yahoo.com. See https://curl.se/libcurl/c/libcurl-errors.html first for more details.

[251/453] Processing 5313... ❌ Failed to perform, curl: (6) Could not resolve host: finance.yahoo.com. See https://curl.se/libcurl/c/libcurl-errors.html first for more details.

[252/453] Processing 5318... ❌ Failed to perform, curl: (6) Could not resolve host: finance.yahoo.com. See https://curl.se/libcurl/c/libcurl-errors.html first for more details.

[253/453] Processing 5320... ❌ Failed to perform, curl: (6) Could not resolve host: finance.yahoo.com. See https://curl.se/libcurl/c/libcurl-errors.html first for more details.

[254/453] Processing 5321... ❌ Failed to perform, curl: (6) Could not resolve host: finance.yahoo.com. See https://curl.se/libcurl/c/libcurl-errors.html first for more details.

[255/453] Processing 5323... ❌ Failed to perform, curl: (6) Could not resolve host: finance.yahoo.com. See https://curl.se/libcurl/c/libcurl-errors.html first for more details.

[256/453] Processing 5332... ❌ Failed to perform, curl: (6) Could not resolve host: finance.yahoo.com. See https://curl.se/libcurl/c/libcurl-errors.html first for more details.

[257/453] Processing 5333... ❌ Failed to perform, curl: (6) Could not resolve host: finance.yahoo.com. See https://curl.se/libcurl/c/libcurl-errors.html first for more details.

[258/453] Processing 5334... ❌ Failed to perform, curl: (6) Could not resolve host: finance.yahoo.com. See https://curl.se/libcurl/c/libcurl-errors.html first for more details.

[259/453] Processing 5336... ❌ Failed to perform, curl: (6) Could not resolve host: finance.yahoo.com. See https://curl.se/libcurl/c/libcurl-errors.html first for more details.

[260/453] Processing 5338... ❌ Failed to perform, curl: (6) Could not resolve host: finance.yahoo.com. See https://curl.se/libcurl/c/libcurl-errors.html first for more details.

[261/453] Processing 5339... ❌ Failed to perform, curl: (6) Could not resolve host: finance.yahoo.com. See https://curl.se/libcurl/c/libcurl-errors.html first for more details.

[262/453] Processing 5343... ❌ Failed to perform, curl: (6) Could not resolve host: finance.yahoo.com. See https://curl.se/libcurl/c/libcurl-errors.html first for more details.

[263/453] Processing 5344... ❌ Failed to perform, curl: (6) Could not resolve host: finance.yahoo.com. See https://curl.se/libcurl/c/libcurl-errors.html first for more details.

[264/453] Processing 6001... ❌ Failed to perform, curl: (6) Could not resolve host: finance.yahoo.com. See https://curl.se/libcurl/c/libcurl-errors.html first for more details.

[265/453] Processing 6002... ❌ Failed to perform, curl: (6) Could not resolve host: finance.yahoo.com. See https://curl.se/libcurl/c/libcurl-errors.html first for more details.

[266/453] Processing 6004... ❌ Failed to perform, curl: (6) Could not resolve host: finance.yahoo.com. See https://curl.se/libcurl/c/libcurl-errors.html first for more details.

[267/453] Processing 6010... ❌ Failed to perform, curl: (6) Could not resolve host: finance.yahoo.com. See https://curl.se/libcurl/c/libcurl-errors.html first for more details.

[268/453] Processing 6012... ❌ Failed to perform, curl: (6) Could not resolve host: finance.yahoo.com. See https://curl.se/libcurl/c/libcurl-errors.html first for more details.

[269/453] Processing 6013... ❌ Failed to perform, curl: (6) Could not resolve host: finance.yahoo.com. See https://curl.se/libcurl/c/libcurl-errors.html first for more details.

[270/453] Processing 6014... ❌ Failed to perform, curl: (6) Could not resolve host: finance.yahoo.com. See https://curl.se/libcurl/c/libcurl-errors.html first for more details.

[271/453] Processing 6015... ❌ Failed to perform, curl: (6) Could not resolve host: finance.yahoo.com. See https://curl.se/libcurl/c/libcurl-errors.html first for more details.

[272/453] Processing 6016... ❌ Failed to perform, curl: (6) Could not resolve host: finance.yahoo.com. See https://curl.se/libcurl/c/libcurl-errors.html first for more details.

[273/453] Processing 6017... ❌ Failed to perform, curl: (6) Could not resolve host: finance.yahoo.com. See https://curl.se/libcurl/c/libcurl-errors.html first for more details.

[274/453] Processing 6018... ❌ Failed to perform, curl: (6) Could not resolve host: finance.yahoo.com. See https://curl.se/libcurl/c/libcurl-errors.html first for more details.

[275/453] Processing 6019... ❌ Failed to perform, curl: (6) Could not resolve host: finance.yahoo.com. See https://curl.se/libcurl/c/libcurl-errors.html first for more details.

[276/453] Processing 6020... ❌ Failed to perform, curl: (6) Could not resolve host: finance.yahoo.com. See https://curl.se/libcurl/c/libcurl-errors.html first for more details.

[277/453] Processing 6040... ❌ Failed to perform, curl: (6) Could not resolve host: finance.yahoo.com. See https://curl.se/libcurl/c/libcurl-errors.html first for more details.

[278/453] Processing 6050... ❌ Failed to perform, curl: (6) Could not resolve host: finance.yahoo.com. See https://curl.se/libcurl/c/libcurl-errors.html first for more details.

[279/453] Processing 6060... ❌ Failed to perform, curl: (6) Could not resolve host: finance.yahoo.com. See https://curl.se/libcurl/c/libcurl-errors.html first for more details.

[280/453] Processing 6070... ❌ Failed to perform, curl: (6) Could not resolve host: finance.yahoo.com. See https://curl.se/libcurl/c/libcurl-errors.html first for more details.

[281/453] Processing 6090... ❌ Failed to perform, curl: (6) Could not resolve host: finance.yahoo.com. See https://curl.se/libcurl/c/libcurl-errors.html first for more details.

[282/453] Processing 7010... ❌ Failed to perform, curl: (6) Could not resolve host: finance.yahoo.com. See https://curl.se/libcurl/c/libcurl-errors.html first for more details.

[283/453] Processing 7020... ❌ Failed to perform, curl: (6) Could not resolve host: finance.yahoo.com. See https://curl.se/libcurl/c/libcurl-errors.html first for more details.

[284/453] Processing 7030... ❌ Failed to perform, curl: (6) Could not resolve host: finance.yahoo.com. See https://curl.se/libcurl/c/libcurl-errors.html first for more details.

[285/453] Processing 7040... ❌ Failed to perform, curl: (6) Could not resolve host: finance.yahoo.com. See https://curl.se/libcurl/c/libcurl-errors.html first for more details.

[286/453] Processing 7200... ❌ Failed to perform, curl: (6) Could not resolve host: finance.yahoo.com. See https://curl.se/libcurl/c/libcurl-errors.html first for more details.

[287/453] Processing 7201... ❌ Failed to perform, curl: (6) Could not resolve host: finance.yahoo.com. See https://curl.se/libcurl/c/libcurl-errors.html first for more details.

[288/453] Processing 7202... ❌ Failed to perform, curl: (6) Could not resolve host: finance.yahoo.com. See https://curl.se/libcurl/c/libcurl-errors.html first for more details.

[289/453] Processing 7203... ❌ Failed to perform, curl: (6) Could not resolve host: finance.yahoo.com. See https://curl.se/libcurl/c/libcurl-errors.html first for more details.

[290/453] Processing 7204... ❌ Failed to perform, curl: (6) Could not resolve host: finance.yahoo.com. See https://curl.se/libcurl/c/libcurl-errors.html first for more details.

[291/453] Processing 7211... ❌ Failed to perform, curl: (6) Could not resolve host: finance.yahoo.com. See https://curl.se/libcurl/c/libcurl-errors.html first for more details.

[292/453] Processing 8010... ❌ Failed to perform, curl: (6) Could not resolve host: finance.yahoo.com. See https://curl.se/libcurl/c/libcurl-errors.html first for more details.

[293/453] Processing 8012... ❌ Failed to perform, curl: (6) Could not resolve host: finance.yahoo.com. See https://curl.se/libcurl/c/libcurl-errors.html first for more details.

[294/453] Processing 8020... ❌ Failed to perform, curl: (6) Could not resolve host: finance.yahoo.com. See https://curl.se/libcurl/c/libcurl-errors.html first for more details.

[295/453] Processing 8030... ❌ Failed to perform, curl: (6) Could not resolve host: finance.yahoo.com. See https://curl.se/libcurl/c/libcurl-errors.html first for more details.

[296/453] Processing 8040... ✅

[297/453] Processing 8050... ✅

[298/453] Processing 8060... ✅

[299/453] Processing 8070... ✅

[300/453] Processing 8100... ✅

[301/453] Processing 8120... ✅

[302/453] Processing 8150... ✅

[303/453] Processing 8160... ✅

[304/453] Processing 8170... ✅

[305/453] Processing 8180... ✅

[306/453] Processing 8190... ❌ Failed to perform, curl: (35) TLS connect error: error:00000000:invalid library (0):OPENSSL_internal:invalid library (0). See https://curl.se/libcurl/c/libcurl-errors.html first for more details.

[307/453] Processing 8200... ❌ Failed to perform, curl: (35) TLS connect error: error:00000000:invalid library (0):OPENSSL_internal:invalid library (0). See https://curl.se/libcurl/c/libcurl-errors.html first for more details.

[308/453] Processing 8210... ❌ Failed to perform, curl: (35) TLS connect error: error:00000000:invalid library (0):OPENSSL_internal:invalid library (0). See https://curl.se/libcurl/c/libcurl-errors.html first for more details.

[309/453] Processing 8230... ✅

[310/453] Processing 8240... ✅

[311/453] Processing 8250... ✅

[312/453] Processing 8260... ✅

[313/453] Processing 8280... ✅

[314/453] Processing 8300... ✅

[315/453] Processing 8310... ✅

[316/453] Processing 8311... ✅

[317/453] Processing 8313... ✅

[318/453] Processing 9300... ✅

[319/453] Processing 9403... ⚠️ No fundamentals data found for symbol: 9403.SR

[320/453] Processing 9404... ⚠️ No fundamentals data found for symbol: 9404.SR

[321/453] Processing 9405... ⚠️ No fundamentals data found for symbol: 9405.SR

[322/453] Processing 9406... ⚠️ No fundamentals data found for symbol: 9406.SR

[323/453] Processing 9407... ⚠️ No fundamentals data found for symbol: 9407.SR

[324/453] Processing 9408... ⚠️ No fundamentals data found for symbol: 9408.SR

[325/453] Processing 9409... ⚠️ No fundamentals data found for symbol: 9409.SR

[326/453] Processing 9410... ⚠️ No fundamentals data found for symbol: 9410.SR

[327/453] Processing 9411... ⚠️ No fundamentals data found for symbol: 9411.SR

[328/453] Processing 9412... ⚠️ No fundamentals data found for symbol: 9412.SR

[329/453] Processing 9510... ✅

[330/453] Processing 9513... ✅

[331/453] Processing 9514... ✅

[332/453] Processing 9515... ✅

[333/453] Processing 9516... ✅

[334/453] Processing 9517... ✅

[335/453] Processing 9521... ✅

[336/453] Processing 9522... ✅

[337/453] Processing 9523... ✅

[338/453] Processing 9524... ✅

[339/453] Processing 9525... ✅

[340/453] Processing 9527... ✅

[341/453] Processing 9530... ✅

[342/453] Processing 9532... ✅

[343/453] Processing 9533... ✅

[344/453] Processing 9535... ✅

[345/453] Processing 9536... ✅

[346/453] Processing 9537... ✅

[347/453] Processing 9538... ✅

[348/453] Processing 9539... ✅

[349/453] Processing 9540... ✅

[350/453] Processing 9541... ✅

[351/453] Processing 9542... ✅

[352/453] Processing 9543... ✅

[353/453] Processing 9544... ✅

[354/453] Processing 9545... ✅

[355/453] Processing 9546... ✅

[356/453] Processing 9547... ✅

[357/453] Processing 9548... ✅

[358/453] Processing 9549... ✅

[359/453] Processing 9550... ✅

[360/453] Processing 9551... ✅

[361/453] Processing 9552... ✅

[362/453] Processing 9553... ✅

[363/453] Processing 9555... ✅

[364/453] Processing 9556... ✅

[365/453] Processing 9557... ✅

[366/453] Processing 9558... ✅

[367/453] Processing 9559... ✅

[368/453] Processing 9560... ✅

[369/453] Processing 9561... ✅

[370/453] Processing 9562... ✅

[371/453] Processing 9563... ✅

[372/453] Processing 9564... ✅

[373/453] Processing 9565... ✅

[374/453] Processing 9566... ✅

[375/453] Processing 9567... ✅

[376/453] Processing 9568... ✅

[377/453] Processing 9569... ✅

[378/453] Processing 9570... ✅

[379/453] Processing 9571... ✅

[380/453] Processing 9572... ✅

[381/453] Processing 9574... ✅

[382/453] Processing 9575... ✅

[383/453] Processing 9576... ✅

[384/453] Processing 9577... ✅

[385/453] Processing 9578... ✅

[386/453] Processing 9579... ✅

[387/453] Processing 9580... ✅

[388/453] Processing 9581... ✅

[389/453] Processing 9583... ✅

[390/453] Processing 9584... ✅

[391/453] Processing 9585... ✅

[392/453] Processing 9586... ✅

[393/453] Processing 9587... ✅

[394/453] Processing 9588... ✅

[395/453] Processing 9589... ✅

[396/453] Processing 9590... ✅

[397/453] Processing 9591... ✅

[398/453] Processing 9592... ✅

[399/453] Processing 9593... ✅

[400/453] Processing 9594... ✅

[401/453] Processing 9595... ✅

[402/453] Processing 9596... ✅

[403/453] Processing 9597... ✅

[404/453] Processing 9598... ✅

[405/453] Processing 9599... ✅

[406/453] Processing 9600... ✅

[407/453] Processing 9601... ✅

[408/453] Processing 9602... ✅

[409/453] Processing 9603... ✅

[410/453] Processing 9604... ✅

[411/453] Processing 9605... ✅

[412/453] Processing 9606... ✅

[413/453] Processing 9607... ✅

[414/453] Processing 9608... ✅

[415/453] Processing 9609... ✅

[416/453] Processing 9610... ✅

[417/453] Processing 9611... ✅

[418/453] Processing 9612... ✅

[419/453] Processing 9613... ❌ Failed to perform, curl: (35) TLS connect error: error:00000000:invalid library (0):OPENSSL_internal:invalid library (0). See https://curl.se/libcurl/c/libcurl-errors.html first for more details.

[420/453] Processing 9614... ❌ Failed to perform, curl: (35) TLS connect error: error:00000000:invalid library (0):OPENSSL_internal:invalid library (0). See https://curl.se/libcurl/c/libcurl-errors.html first for more details.

[421/453] Processing 9615... ✅

[422/453] Processing 9616... ✅

[423/453] Processing 9617... ✅

[424/453] Processing 9618... ✅

[425/453] Processing 9619... ✅

[426/453] Processing 9620... ✅

[427/453] Processing 9621... ✅

[428/453] Processing 9622... ✅

[429/453] Processing 9623... ✅

[430/453] Processing 9624... ✅

[431/453] Processing 9625... ✅
