2025-12-25 13:15:02,904 - [FUNDAMENTALS] - INFO - 🎯 Extracting fundamentals for 453 stocks
2025-12-25 13:15:10,880 - [FUNDAMENTALS] - INFO - ✅ [1/453] 1010: 20 periods saved
2025-12-25 13:15:15,281 - [FUNDAMENTALS] - INFO - ✅ [2/453] 1020: 18 periods saved
2025-12-25 13:15:19,538 - [FUNDAMENTALS] - INFO - ✅ [3/453] 1030: 19 periods saved
2025-12-25 13:15:24,668 - [FUNDAMENTALS] - INFO - ✅ [4/453] 1050: 19 periods saved
2025-12-25 13:15:29,475 - [FUNDAMENTALS] - INFO - ✅ [5/453] 1060: 20 periods saved
2025-12-25 13:15:33,979 - [FUNDAMENTALS] - INFO - ✅ [6/453] 1080: 20 periods saved
2025-12-25 13:15:38,569 - [FUNDAMENTALS] - INFO - ✅ [7/453] 1111: 19 periods saved
2025-12-25 13:15:40,469 - [FUNDAMENTALS] - INFO - ✅ [8/453] 1113: 20 periods saved
2025-12-25 13:15:41,776 - [FUNDAMENTALS] - INFO - ✅ [9/453] 1120: 20 periods saved
2025-12-25 13:15:45,705 - [FUNDAMENTALS] - INFO - ✅ [10/453] 1140: 19 periods saved
2025-12-25 13:15:47,840 - [FUNDAMENTALS] - INFO - ✅ [11/453] 1150: 20 periods saved
2025-12-25 13:15:53,158 - [FUNDAMENTALS] - INFO - ✅ [12/453] 1180: 19 periods saved
2025-12-25 13:15:58,499 - [FUNDAMENTALS] - INFO - ✅ [13/453] 1182: 19 periods saved
2025-12-25 13:16:02,533 - [FUNDAMENTALS] - INFO - ✅ [14/453] 1183: 20 periods saved
2025-12-25 13:16:06,522 - [FUNDAMENTALS] - INFO - ✅ [15/453] 1201: 20 periods saved
2025-12-25 13:16:11,298 - [FUNDAMENTALS] - INFO - ✅ [16/453] 1202: 20 periods saved
2025-12-25 13:16:17,475 - [FUNDAMENTALS] - INFO - ✅ [17/453] 1210: 20 periods saved
2025-12-25 13:16:18,929 - [FUNDAMENTALS] - INFO - ✅ [18/453] 1211: 20 periods saved
2025-12-25 13:16:23,839 - [FUNDAMENTALS] - INFO - ✅ [19/453] 1212: 19 periods saved
2025-12-25 13:16:28,360 - [FUNDAMENTALS] - INFO - ✅ [20/453] 1213: 19 periods saved
2025-12-25 13:16:33,753 - [FUNDAMENTALS] - INFO - ✅ [21/453] 1214: 19 periods saved
2025-12-25 13:16:38,936 - [FUNDAMENTALS] - INFO - ✅ [22/453] 1301: 19 periods saved
2025-12-25 13:16:44,869 - [FUNDAMENTALS] - INFO - ✅ [23/453] 1302: 20 periods saved
2025-12-25 13:16:46,026 - [FUNDAMENTALS] - INFO - ✅ [24/453] 1303: 20 periods saved
2025-12-25 13:16:50,534 - [FUNDAMENTALS] - INFO - ✅ [25/453] 1304: 20 periods saved
2025-12-25 13:16:56,020 - [FUNDAMENTALS] - INFO - ✅ [26/453] 1320: 19 periods saved
2025-12-25 13:17:07,603 - [FUNDAMENTALS] - INFO - ✅ [27/453] 1321: 16 periods saved
2025-12-25 13:17:11,782 - [FUNDAMENTALS] - INFO - ✅ [28/453] 1322: 18 periods saved
2025-12-25 13:17:15,914 - [FUNDAMENTALS] - INFO - ✅ [29/453] 1323: 10 periods saved
2025-12-25 13:17:22,917 - [FUNDAMENTALS] - INFO - ✅ [30/453] 1810: 20 periods saved
2025-12-25 13:17:28,490 - [FUNDAMENTALS] - INFO - ✅ [31/453] 1820: 19 periods saved
2025-12-25 13:17:32,564 - [FUNDAMENTALS] - INFO - ✅ [32/453] 1830: 20 periods saved
2025-12-25 13:17:36,277 - [FUNDAMENTALS] - INFO - ✅ [33/453] 1831: 20 periods saved
2025-12-25 13:17:40,908 - [FUNDAMENTALS] - INFO - ✅ [34/453] 1832: 19 periods saved
2025-12-25 13:17:44,561 - [FUNDAMENTALS] - INFO - ✅ [35/453] 1833: 18 periods saved
2025-12-25 13:17:48,339 - [FUNDAMENTALS] - INFO - ✅ [36/453] 1834: 16 periods saved
2025-12-25 13:17:52,372 - [FUNDAMENTALS] - INFO - ✅ [37/453] 1835: 14 periods saved
2025-12-25 13:17:56,090 - [FUNDAMENTALS] - INFO - ✅ [38/453] 2001: 20 periods saved
2025-12-25 13:18:00,092 - [FUNDAMENTALS] - INFO - ✅ [39/453] 2010: 20 periods saved
2025-12-25 13:18:05,801 - [FUNDAMENTALS] - INFO - ✅ [40/453] 2020: 19 periods saved
2025-12-25 13:18:10,877 - [FUNDAMENTALS] - INFO - ✅ [41/453] 2030: 19 periods saved
2025-12-25 13:18:15,279 - [FUNDAMENTALS] - INFO - ✅ [42/453] 2040: 19 periods saved
2025-12-25 13:18:20,192 - [FUNDAMENTALS] - INFO - ✅ [43/453] 2050: 19 periods saved
2025-12-25 13:18:26,804 - [FUNDAMENTALS] - INFO - ✅ [44/453] 2060: 20 periods saved
2025-12-25 13:18:34,437 - [FUNDAMENTALS] - INFO - ✅ [45/453] 2070: 19 periods saved
2025-12-25 13:18:40,080 - [FUNDAMENTALS] - INFO - ✅ [46/453] 2080: 20 periods saved
2025-12-25 13:18:44,855 - [FUNDAMENTALS] - INFO - ✅ [47/453] 2081: 20 periods saved
2025-12-25 13:18:46,499 - [FUNDAMENTALS] - INFO - ✅ [48/453] 2082: 20 periods saved
2025-12-25 13:19:17,006 - [FUNDAMENTALS] - ERROR - 2083: failed to do request: Get "https://www.mubasher.info/markets/TDWL/stocks/2083/financial-statements": net/http: request canceled (Client.Timeout exceeded while awaiting headers)
2025-12-25 13:19:17,006 - [FUNDAMENTALS] - WARNING - ⚠️ [49/453] 2083: No data found
2025-12-25 13:19:19,507 - [FUNDAMENTALS] - INFO - ✅ [50/453] 2084: 14 periods saved
2025-12-25 13:19:23,416 - [FUNDAMENTALS] - INFO - ✅ [51/453] 2090: 20 periods saved
2025-12-25 13:19:27,463 - [FUNDAMENTALS] - INFO - ✅ [52/453] 2100: 19 periods saved
2025-12-25 13:19:34,116 - [FUNDAMENTALS] - INFO - ✅ [53/453] 2110: 20 periods saved
2025-12-25 13:19:38,637 - [FUNDAMENTALS] - INFO - ✅ [54/453] 2120: 19 periods saved
2025-12-25 13:19:39,551 - [FUNDAMENTALS] - INFO - ✅ [55/453] 2130: 20 periods saved
2025-12-25 13:19:43,418 - [FUNDAMENTALS] - INFO - ✅ [56/453] 2140: 20 periods saved
2025-12-25 13:19:53,700 - [FUNDAMENTALS] - INFO - ✅ [57/453] 2150: 20 periods saved
2025-12-25 13:19:59,940 - [FUNDAMENTALS] - INFO - ✅ [58/453] 2160: 20 periods saved
2025-12-25 13:20:07,698 - [FUNDAMENTALS] - INFO - ✅ [59/453] 2170: 20 periods saved
2025-12-25 13:20:13,441 - [FUNDAMENTALS] - INFO - ✅ [60/453] 2180: 20 periods saved
2025-12-25 13:20:23,586 - [FUNDAMENTALS] - INFO - ✅ [61/453] 2190: 19 periods saved
2025-12-25 13:20:33,254 - [FUNDAMENTALS] - INFO - ✅ [62/453] 2200: 20 periods saved
2025-12-25 13:20:38,136 - [FUNDAMENTALS] - INFO - ✅ [63/453] 2210: 19 periods saved
2025-12-25 13:20:42,828 - [FUNDAMENTALS] - INFO - ✅ [64/453] 2220: 20 periods saved
2025-12-25 13:20:44,739 - [FUNDAMENTALS] - INFO - ✅ [65/453] 2222: 20 periods saved
2025-12-25 13:20:49,062 - [FUNDAMENTALS] - INFO - ✅ [66/453] 2223: 17 periods saved
2025-12-25 13:20:53,083 - [FUNDAMENTALS] - INFO - ✅ [67/453] 2230: 19 periods saved
2025-12-25 13:20:58,876 - [FUNDAMENTALS] - INFO - ✅ [68/453] 2240: 19 periods saved
2025-12-25 13:21:03,808 - [FUNDAMENTALS] - INFO - ✅ [69/453] 2250: 18 periods saved
2025-12-25 13:21:26,547 - [FUNDAMENTALS] - INFO - ✅ [70/453] 2270: 18 periods saved
2025-12-25 13:21:40,301 - [FUNDAMENTALS] - INFO - ✅ [71/453] 2280: 19 periods saved
2025-12-25 13:21:45,245 - [FUNDAMENTALS] - INFO - ✅ [72/453] 2281: 19 periods saved
2025-12-25 13:21:51,017 - [FUNDAMENTALS] - INFO - ✅ [73/453] 2282: 19 periods saved
2025-12-25 13:21:58,188 - [FUNDAMENTALS] - INFO - ✅ [74/453] 2283: 17 periods saved
2025-12-25 13:22:03,760 - [FUNDAMENTALS] - INFO - ✅ [75/453] 2284: 16 periods saved
2025-12-25 13:22:11,371 - [FUNDAMENTALS] - INFO - ✅ [76/453] 2285: 12 periods saved
2025-12-25 13:22:22,774 - [FUNDAMENTALS] - INFO - ✅ [77/453] 2286: 11 periods saved
2025-12-25 13:22:38,267 - [FUNDAMENTALS] - INFO - ✅ [78/453] 2287: 12 periods saved
2025-12-25 13:22:54,499 - [FUNDAMENTALS] - INFO - ✅ [79/453] 2290: 20 periods saved
2025-12-25 13:23:00,676 - [FUNDAMENTALS] - INFO - ✅ [80/453] 2300: 20 periods saved
2025-12-25 13:23:02,360 - [FUNDAMENTALS] - INFO - ✅ [81/453] 2310: 20 periods saved
2025-12-25 13:23:03,444 - [FUNDAMENTALS] - INFO - ✅ [82/453] 2320: 20 periods saved
2025-12-25 13:23:08,330 - [FUNDAMENTALS] - INFO - ✅ [83/453] 2330: 20 periods saved
2025-12-25 13:23:27,396 - [FUNDAMENTALS] - INFO - ✅ [84/453] 2340: 20 periods saved
2025-12-25 13:23:34,369 - [FUNDAMENTALS] - INFO - ✅ [85/453] 2350: 19 periods saved
2025-12-25 13:23:40,638 - [FUNDAMENTALS] - INFO - ✅ [86/453] 2360: 20 periods saved
2025-12-25 13:23:46,552 - [FUNDAMENTALS] - INFO - ✅ [87/453] 2370: 19 periods saved
2025-12-25 13:23:53,984 - [FUNDAMENTALS] - INFO - ✅ [88/453] 2380: 20 periods saved
2025-12-25 13:24:01,095 - [FUNDAMENTALS] - INFO - ✅ [89/453] 2381: 15 periods saved
2025-12-25 13:24:05,913 - [FUNDAMENTALS] - INFO - ✅ [90/453] 2382: 13 periods saved
2025-12-25 13:24:11,053 - [FUNDAMENTALS] - INFO - ✅ [91/453] 3002: 19 periods saved
2025-12-25 13:24:19,415 - [FUNDAMENTALS] - INFO - ✅ [92/453] 3003: 20 periods saved
2025-12-25 13:24:23,805 - [FUNDAMENTALS] - INFO - ✅ [93/453] 3004: 20 periods saved
2025-12-25 13:24:30,405 - [FUNDAMENTALS] - INFO - ✅ [94/453] 3005: 19 periods saved
2025-12-25 13:24:36,192 - [FUNDAMENTALS] - INFO - ✅ [95/453] 3007: 19 periods saved
2025-12-25 13:24:42,993 - [FUNDAMENTALS] - INFO - ✅ [96/453] 3008: 20 periods saved
2025-12-25 13:24:50,179 - [FUNDAMENTALS] - INFO - ✅ [97/453] 3010: 20 periods saved
2025-12-25 13:24:56,193 - [FUNDAMENTALS] - INFO - ✅ [98/453] 3020: 20 periods saved
2025-12-25 13:25:01,186 - [FUNDAMENTALS] - INFO - ✅ [99/453] 3030: 18 periods saved
2025-12-25 13:25:07,050 - [FUNDAMENTALS] - INFO - ✅ [100/453] 3040: 20 periods saved
2025-12-25 13:25:11,331 - [FUNDAMENTALS] - INFO - ✅ [101/453] 3050: 19 periods saved
2025-12-25 13:25:16,505 - [FUNDAMENTALS] - INFO - ✅ [102/453] 3060: 20 periods saved
2025-12-25 13:25:21,555 - [FUNDAMENTALS] - INFO - ✅ [103/453] 3080: 20 periods saved
2025-12-25 13:25:26,247 - [FUNDAMENTALS] - INFO - ✅ [104/453] 3090: 20 periods saved
2025-12-25 13:25:33,346 - [FUNDAMENTALS] - INFO - ✅ [105/453] 3091: 20 periods saved
2025-12-25 13:25:40,119 - [FUNDAMENTALS] - INFO - ✅ [106/453] 3092: 13 periods saved
2025-12-25 13:25:47,574 - [FUNDAMENTALS] - INFO - ✅ [107/453] 4001: 19 periods saved
2025-12-25 13:25:57,876 - [FUNDAMENTALS] - INFO - ✅ [108/453] 4002: 20 periods saved
2025-12-25 13:26:05,691 - [FUNDAMENTALS] - INFO - ✅ [109/453] 4003: 19 periods saved
2025-12-25 13:26:12,693 - [FUNDAMENTALS] - INFO - ✅ [110/453] 4004: 20 periods saved
2025-12-25 13:26:18,390 - [FUNDAMENTALS] - INFO - ✅ [111/453] 4005: 19 periods saved
2025-12-25 13:26:22,760 - [FUNDAMENTALS] - INFO - ✅ [112/453] 4006: 20 periods saved
2025-12-25 13:26:28,764 - [FUNDAMENTALS] - INFO - ✅ [113/453] 4007: 19 periods saved
2025-12-25 13:26:33,956 - [FUNDAMENTALS] - INFO - ✅ [114/453] 4008: 20 periods saved
2025-12-25 13:26:40,248 - [FUNDAMENTALS] - INFO - ✅ [115/453] 4009: 19 periods saved
2025-12-25 13:26:48,386 - [FUNDAMENTALS] - INFO - ✅ [116/453] 4011: 20 periods saved
2025-12-25 13:26:53,811 - [FUNDAMENTALS] - INFO - ✅ [117/453] 4012: 20 periods saved
2025-12-25 13:26:59,846 - [FUNDAMENTALS] - INFO - ✅ [118/453] 4013: 18 periods saved
2025-12-25 13:27:04,589 - [FUNDAMENTALS] - INFO - ✅ [119/453] 4014: 16 periods saved
2025-12-25 13:27:13,219 - [FUNDAMENTALS] - INFO - ✅ [120/453] 4015: 15 periods saved
2025-12-25 13:27:19,357 - [FUNDAMENTALS] - INFO - ✅ [121/453] 4016: 13 periods saved
2025-12-25 13:27:26,221 - [FUNDAMENTALS] - INFO - ✅ [122/453] 4017: 14 periods saved
2025-12-25 13:27:32,282 - [FUNDAMENTALS] - INFO - ✅ [123/453] 4018: 12 periods saved
2025-12-25 13:27:39,598 - [FUNDAMENTALS] - INFO - ✅ [124/453] 4019: 10 periods saved
2025-12-25 13:27:44,368 - [FUNDAMENTALS] - INFO - ✅ [125/453] 4020: 20 periods saved
2025-12-25 13:27:51,476 - [FUNDAMENTALS] - INFO - ✅ [126/453] 4021: 11 periods saved
2025-12-25 13:27:57,518 - [FUNDAMENTALS] - INFO - ✅ [127/453] 4030: 19 periods saved
2025-12-25 13:28:04,209 - [FUNDAMENTALS] - INFO - ✅ [128/453] 4031: 19 periods saved
2025-12-25 13:28:09,336 - [FUNDAMENTALS] - INFO - ✅ [129/453] 4040: 18 periods saved
2025-12-25 13:28:19,438 - [FUNDAMENTALS] - INFO - ✅ [130/453] 4050: 20 periods saved
2025-12-25 13:28:24,938 - [FUNDAMENTALS] - INFO - ✅ [131/453] 4051: 20 periods saved
2025-12-25 13:28:30,794 - [FUNDAMENTALS] - INFO - ✅ [132/453] 4061: 19 periods saved
2025-12-25 13:28:37,359 - [FUNDAMENTALS] - INFO - ✅ [133/453] 4070: 18 periods saved
2025-12-25 13:28:42,987 - [FUNDAMENTALS] - INFO - ✅ [134/453] 4071: 19 periods saved
2025-12-25 13:28:49,365 - [FUNDAMENTALS] - INFO - ✅ [135/453] 4072: 11 periods saved
2025-12-25 13:28:54,133 - [FUNDAMENTALS] - INFO - ✅ [136/453] 4080: 19 periods saved
2025-12-25 13:29:02,072 - [FUNDAMENTALS] - INFO - ✅ [137/453] 4081: 19 periods saved
2025-12-25 13:29:07,389 - [FUNDAMENTALS] - INFO - ✅ [138/453] 4082: 19 periods saved
2025-12-25 13:29:14,776 - [FUNDAMENTALS] - INFO - ✅ [139/453] 4083: 11 periods saved
2025-12-25 13:29:27,729 - [FUNDAMENTALS] - INFO - ✅ [140/453] 4084: 12 periods saved
2025-12-25 13:29:34,207 - [FUNDAMENTALS] - INFO - ✅ [141/453] 4090: 19 periods saved
2025-12-25 13:29:39,865 - [FUNDAMENTALS] - INFO - ✅ [142/453] 4100: 20 periods saved
2025-12-25 13:29:45,416 - [FUNDAMENTALS] - INFO - ✅ [143/453] 4110: 20 periods saved
2025-12-25 13:29:51,934 - [FUNDAMENTALS] - INFO - ✅ [144/453] 4130: 18 periods saved
2025-12-25 13:29:56,676 - [FUNDAMENTALS] - INFO - ✅ [145/453] 4140: 19 periods saved
2025-12-25 13:30:02,215 - [FUNDAMENTALS] - INFO - ✅ [146/453] 4141: 20 periods saved
2025-12-25 13:30:08,141 - [FUNDAMENTALS] - INFO - ✅ [147/453] 4142: 16 periods saved
2025-12-25 13:30:13,354 - [FUNDAMENTALS] - INFO - ✅ [148/453] 4143: 13 periods saved
2025-12-25 13:30:17,210 - [FUNDAMENTALS] - INFO - ✅ [149/453] 4144: 14 periods saved
2025-12-25 13:30:23,533 - [FUNDAMENTALS] - INFO - ✅ [150/453] 4145: 16 periods saved
2025-12-25 13:30:29,082 - [FUNDAMENTALS] - INFO - ✅ [151/453] 4146: 13 periods saved
2025-12-25 13:30:33,925 - [FUNDAMENTALS] - INFO - ✅ [152/453] 4150: 19 periods saved
2025-12-25 13:30:39,166 - [FUNDAMENTALS] - INFO - ✅ [153/453] 4160: 20 periods saved
2025-12-25 13:30:45,441 - [FUNDAMENTALS] - INFO - ✅ [154/453] 4161: 19 periods saved
2025-12-25 13:30:50,191 - [FUNDAMENTALS] - INFO - ✅ [155/453] 4162: 18 periods saved
2025-12-25 13:30:58,617 - [FUNDAMENTALS] - INFO - ✅ [156/453] 4163: 17 periods saved
2025-12-25 13:31:06,310 - [FUNDAMENTALS] - INFO - ✅ [157/453] 4164: 18 periods saved
2025-12-25 13:31:36,818 - [FUNDAMENTALS] - ERROR - 4165: failed to do request: Get "https://www.mubasher.info/markets/TDWL/stocks/4165/financial-statements": net/http: request canceled (Client.Timeout exceeded while awaiting headers)
2025-12-25 13:31:36,819 - [FUNDAMENTALS] - WARNING - ⚠️ [158/453] 4165: No data found
2025-12-25 13:31:49,264 - [FUNDAMENTALS] - INFO - ✅ [159/453] 4170: 20 periods saved
2025-12-25 13:32:03,223 - [FUNDAMENTALS] - INFO - ✅ [160/453] 4180: 19 periods saved
2025-12-25 13:32:08,604 - [FUNDAMENTALS] - INFO - ✅ [161/453] 4190: 20 periods saved
2025-12-25 13:32:19,446 - [FUNDAMENTALS] - INFO - ✅ [162/453] 4191: 18 periods saved
2025-12-25 13:32:36,920 - [FUNDAMENTALS] - INFO - ✅ [163/453] 4192: 18 periods saved
2025-12-25 13:32:44,140 - [FUNDAMENTALS] - INFO - ✅ [164/453] 4193: 12 periods saved
2025-12-25 13:33:04,827 - [FUNDAMENTALS] - INFO - ✅ [165/453] 4194: 9 periods saved
2025-12-25 13:33:07,021 - [FUNDAMENTALS] - INFO - ✅ [166/453] 4200: 20 periods saved
2025-12-25 13:33:14,932 - [FUNDAMENTALS] - INFO - ✅ [167/453] 4210: 20 periods saved
2025-12-25 13:33:21,245 - [FUNDAMENTALS] - INFO - ✅ [168/453] 4220: 20 periods saved
2025-12-25 13:33:24,847 - [FUNDAMENTALS] - INFO - ✅ [169/453] 4230: 20 periods saved
2025-12-25 13:33:32,111 - [FUNDAMENTALS] - INFO - ✅ [170/453] 4240: 20 periods saved
2025-12-25 13:33:38,525 - [FUNDAMENTALS] - INFO - ✅ [171/453] 4250: 19 periods saved
2025-12-25 13:33:48,040 - [FUNDAMENTALS] - INFO - ✅ [172/453] 4260: 19 periods saved
2025-12-25 13:34:02,184 - [FUNDAMENTALS] - INFO - ✅ [173/453] 4261: 19 periods saved
2025-12-25 13:34:12,071 - [FUNDAMENTALS] - INFO - ✅ [174/453] 4262: 15 periods saved
2025-12-25 13:34:18,821 - [FUNDAMENTALS] - INFO - ✅ [175/453] 4263: 14 periods saved
2025-12-25 13:34:27,026 - [FUNDAMENTALS] - INFO - ✅ [176/453] 4264: 11 periods saved
2025-12-25 13:34:32,777 - [FUNDAMENTALS] - INFO - ✅ [177/453] 4265: 2 periods saved
2025-12-25 13:34:40,226 - [FUNDAMENTALS] - INFO - ✅ [178/453] 4270: 20 periods saved
2025-12-25 13:34:49,768 - [FUNDAMENTALS] - INFO - ✅ [179/453] 4280: 20 periods saved
2025-12-25 13:34:58,123 - [FUNDAMENTALS] - INFO - ✅ [180/453] 4290: 19 periods saved
2025-12-25 13:35:08,020 - [FUNDAMENTALS] - INFO - ✅ [181/453] 4291: 19 periods saved
2025-12-25 13:35:17,586 - [FUNDAMENTALS] - INFO - ✅ [182/453] 4292: 20 periods saved
2025-12-25 13:35:24,172 - [FUNDAMENTALS] - INFO - ✅ [183/453] 4300: 20 periods saved
2025-12-25 13:35:29,817 - [FUNDAMENTALS] - INFO - ✅ [184/453] 4310: 19 periods saved
2025-12-25 13:35:55,575 - [FUNDAMENTALS] - INFO - ✅ [185/453] 4320: 20 periods saved
2025-12-25 13:36:02,978 - [FUNDAMENTALS] - INFO - ✅ [186/453] 4321: 19 periods saved
2025-12-25 13:36:09,067 - [FUNDAMENTALS] - INFO - ✅ [187/453] 4322: 20 periods saved
2025-12-25 13:36:15,255 - [FUNDAMENTALS] - INFO - ✅ [188/453] 4323: 14 periods saved
2025-12-25 13:36:22,834 - [FUNDAMENTALS] - INFO - ✅ [189/453] 4324: 12 periods saved
2025-12-25 13:36:27,614 - [FUNDAMENTALS] - INFO - ✅ [190/453] 4325: 11 periods saved
2025-12-25 13:36:34,016 - [FUNDAMENTALS] - INFO - ✅ [191/453] 4326: 8 periods saved
2025-12-25 13:36:44,059 - [FUNDAMENTALS] - INFO - ✅ [192/453] 4327: 7 periods saved
2025-12-25 13:36:55,362 - [FUNDAMENTALS] - WARNING - ⚠️ [193/453] 4330: No data found
2025-12-25 13:36:57,549 - [FUNDAMENTALS] - WARNING - ⚠️ [194/453] 4331: No data found
2025-12-25 13:36:59,362 - [FUNDAMENTALS] - WARNING - 4332: HTTP 500
2025-12-25 13:36:59,362 - [FUNDAMENTALS] - WARNING - ⚠️ [195/453] 4332: No data found
2025-12-25 13:37:03,456 - [FUNDAMENTALS] - WARNING - ⚠️ [196/453] 4333: No data found
2025-12-25 13:37:06,205 - [FUNDAMENTALS] - WARNING - ⚠️ [197/453] 4334: No data found
2025-12-25 13:37:08,767 - [FUNDAMENTALS] - WARNING - ⚠️ [198/453] 4335: No data found
2025-12-25 13:37:10,609 - [FUNDAMENTALS] - WARNING - ⚠️ [199/453] 4336: No data found
2025-12-25 13:37:12,420 - [FUNDAMENTALS] - WARNING - ⚠️ [200/453] 4337: No data found
2025-12-25 13:37:19,160 - [FUNDAMENTALS] - INFO - ✅ [201/453] 4338: 4 periods saved
2025-12-25 13:37:21,686 - [FUNDAMENTALS] - WARNING - ⚠️ [202/453] 4339: No data found
2025-12-25 13:37:23,492 - [FUNDAMENTALS] - WARNING - ⚠️ [203/453] 4340: No data found
2025-12-25 13:37:26,329 - [FUNDAMENTALS] - WARNING - ⚠️ [204/453] 4342: No data found
2025-12-25 13:37:30,896 - [FUNDAMENTALS] - WARNING - ⚠️ [205/453] 4344: No data found
2025-12-25 13:37:33,475 - [FUNDAMENTALS] - WARNING - ⚠️ [206/453] 4345: No data found
2025-12-25 13:37:36,132 - [FUNDAMENTALS] - WARNING - ⚠️ [207/453] 4346: No data found
2025-12-25 13:37:38,784 - [FUNDAMENTALS] - WARNING - ⚠️ [208/453] 4347: No data found
2025-12-25 13:37:40,940 - [FUNDAMENTALS] - WARNING - ⚠️ [209/453] 4348: No data found
2025-12-25 13:37:43,451 - [FUNDAMENTALS] - WARNING - ⚠️ [210/453] 4349: No data found
2025-12-25 13:37:48,143 - [FUNDAMENTALS] - WARNING - ⚠️ [211/453] 4350: No data found
2025-12-25 13:37:51,469 - [FUNDAMENTALS] - WARNING - ⚠️ [212/453] 4700: No data found
2025-12-25 13:37:53,651 - [FUNDAMENTALS] - WARNING - ⚠️ [213/453] 4701: No data found
2025-12-25 13:38:01,354 - [FUNDAMENTALS] - WARNING - ⚠️ [214/453] 4702: No data found
2025-12-25 13:38:04,756 - [FUNDAMENTALS] - WARNING - ⚠️ [215/453] 4703: No data found
2025-12-25 13:38:06,600 - [FUNDAMENTALS] - INFO - ✅ [216/453] 5015: 20 periods saved
2025-12-25 13:38:08,675 - [FUNDAMENTALS] - INFO - ✅ [217/453] 5019: 19 periods saved
2025-12-25 13:38:15,896 - [FUNDAMENTALS] - INFO - ✅ [218/453] 5021: 10 periods saved
2025-12-25 13:38:21,013 - [FUNDAMENTALS] - INFO - ✅ [219/453] 5022: 11 periods saved
2025-12-25 13:38:24,439 - [FUNDAMENTALS] - INFO - ✅ [220/453] 5023: 19 periods saved
2025-12-25 13:38:31,155 - [FUNDAMENTALS] - INFO - ✅ [221/453] 5110: 20 periods saved
2025-12-25 13:38:32,997 - [FUNDAMENTALS] - WARNING - ⚠️ [222/453] 5214: No data found
2025-12-25 13:38:35,573 - [FUNDAMENTALS] - WARNING - ⚠️ [223/453] 5216: No data found
2025-12-25 13:38:41,190 - [FUNDAMENTALS] - WARNING - ⚠️ [224/453] 5221: No data found
2025-12-25 13:38:47,033 - [FUNDAMENTALS] - WARNING - ⚠️ [225/453] 5227: No data found
2025-12-25 13:38:49,333 - [FUNDAMENTALS] - WARNING - ⚠️ [226/453] 5243: No data found
2025-12-25 13:39:00,444 - [FUNDAMENTALS] - WARNING - ⚠️ [227/453] 5245: No data found
2025-12-25 13:39:02,874 - [FUNDAMENTALS] - WARNING - ⚠️ [228/453] 5246: No data found
2025-12-25 13:39:05,060 - [FUNDAMENTALS] - WARNING - ⚠️ [229/453] 5247: No data found
2025-12-25 13:39:07,798 - [FUNDAMENTALS] - WARNING - ⚠️ [230/453] 5249: No data found
2025-12-25 13:39:11,500 - [FUNDAMENTALS] - WARNING - ⚠️ [231/453] 5250: No data found
2025-12-25 13:39:14,511 - [FUNDAMENTALS] - WARNING - ⚠️ [232/453] 5251: No data found
2025-12-25 13:39:17,578 - [FUNDAMENTALS] - WARNING - ⚠️ [233/453] 5252: No data found
2025-12-25 13:39:19,427 - [FUNDAMENTALS] - WARNING - ⚠️ [234/453] 5253: No data found
2025-12-25 13:39:25,195 - [FUNDAMENTALS] - WARNING - ⚠️ [235/453] 5254: No data found
2025-12-25 13:39:31,422 - [FUNDAMENTALS] - WARNING - ⚠️ [236/453] 5267: No data found
2025-12-25 13:39:38,354 - [FUNDAMENTALS] - WARNING - ⚠️ [237/453] 5272: No data found
2025-12-25 13:39:40,506 - [FUNDAMENTALS] - WARNING - ⚠️ [238/453] 5273: No data found
2025-12-25 13:39:42,325 - [FUNDAMENTALS] - WARNING - ⚠️ [239/453] 5274: No data found
2025-12-25 13:39:44,157 - [FUNDAMENTALS] - WARNING - ⚠️ [240/453] 5280: No data found
2025-12-25 13:39:49,009 - [FUNDAMENTALS] - WARNING - ⚠️ [241/453] 5282: No data found
2025-12-25 13:39:51,986 - [FUNDAMENTALS] - WARNING - ⚠️ [242/453] 5283: No data found
2025-12-25 13:39:54,907 - [FUNDAMENTALS] - WARNING - ⚠️ [243/453] 5284: No data found
2025-12-25 13:39:57,429 - [FUNDAMENTALS] - WARNING - ⚠️ [244/453] 5285: No data found
2025-12-25 13:40:00,632 - [FUNDAMENTALS] - WARNING - ⚠️ [245/453] 5301: No data found
2025-12-25 13:40:06,416 - [FUNDAMENTALS] - WARNING - ⚠️ [246/453] 5303: No data found
2025-12-25 13:40:07,981 - [FUNDAMENTALS] - WARNING - ⚠️ [247/453] 5306: No data found
2025-12-25 13:40:09,535 - [FUNDAMENTALS] - WARNING - ⚠️ [248/453] 5308: No data found
2025-12-25 13:40:11,260 - [FUNDAMENTALS] - WARNING - ⚠️ [249/453] 5311: No data found
2025-12-25 13:40:13,059 - [FUNDAMENTALS] - WARNING - ⚠️ [250/453] 5312: No data found
2025-12-25 13:40:15,079 - [FUNDAMENTALS] - WARNING - ⚠️ [251/453] 5313: No data found
2025-12-25 13:40:16,342 - [FUNDAMENTALS] - WARNING - ⚠️ [252/453] 5318: No data found
2025-12-25 13:40:17,403 - [FUNDAMENTALS] - WARNING - ⚠️ [253/453] 5320: No data found
2025-12-25 13:40:18,730 - [FUNDAMENTALS] - WARNING - ⚠️ [254/453] 5321: No data found
2025-12-25 13:40:19,588 - [FUNDAMENTALS] - WARNING - ⚠️ [255/453] 5323: No data found
2025-12-25 13:40:20,483 - [FUNDAMENTALS] - WARNING - ⚠️ [256/453] 5332: No data found
2025-12-25 13:40:21,376 - [FUNDAMENTALS] - WARNING - ⚠️ [257/453] 5333: No data found
2025-12-25 13:40:22,263 - [FUNDAMENTALS] - WARNING - ⚠️ [258/453] 5334: No data found
2025-12-25 13:40:23,040 - [FUNDAMENTALS] - WARNING - ⚠️ [259/453] 5336: No data found
2025-12-25 13:40:23,776 - [FUNDAMENTALS] - WARNING - ⚠️ [260/453] 5338: No data found
2025-12-25 13:40:24,558 - [FUNDAMENTALS] - WARNING - ⚠️ [261/453] 5339: No data found
2025-12-25 13:40:25,333 - [FUNDAMENTALS] - WARNING - ⚠️ [262/453] 5343: No data found
2025-12-25 13:40:26,397 - [FUNDAMENTALS] - WARNING - ⚠️ [263/453] 5344: No data found
2025-12-25 13:40:30,342 - [FUNDAMENTALS] - INFO - ✅ [264/453] 6001: 19 periods saved
2025-12-25 13:40:34,319 - [FUNDAMENTALS] - INFO - ✅ [265/453] 6002: 20 periods saved
2025-12-25 13:40:38,456 - [FUNDAMENTALS] - INFO - ✅ [266/453] 6004: 19 periods saved
2025-12-25 13:40:42,832 - [FUNDAMENTALS] - INFO - ✅ [267/453] 6010: 18 periods saved
2025-12-25 13:40:47,988 - [FUNDAMENTALS] - INFO - ✅ [268/453] 6012: 19 periods saved
2025-12-25 13:40:52,615 - [FUNDAMENTALS] - INFO - ✅ [269/453] 6013: 19 periods saved
2025-12-25 13:40:57,611 - [FUNDAMENTALS] - INFO - ✅ [270/453] 6014: 18 periods saved
2025-12-25 13:41:01,818 - [FUNDAMENTALS] - INFO - ✅ [271/453] 6015: 15 periods saved
2025-12-25 13:41:05,917 - [FUNDAMENTALS] - INFO - ✅ [272/453] 6016: 14 periods saved
2025-12-25 13:41:10,513 - [FUNDAMENTALS] - INFO - ✅ [273/453] 6017: 14 periods saved
2025-12-25 13:41:14,628 - [FUNDAMENTALS] - INFO - ✅ [274/453] 6018: 6 periods saved
2025-12-25 13:41:18,605 - [FUNDAMENTALS] - INFO - ✅ [275/453] 6019: 6 periods saved
2025-12-25 13:41:22,961 - [FUNDAMENTALS] - INFO - ✅ [276/453] 6020: 20 periods saved
2025-12-25 13:41:27,820 - [FUNDAMENTALS] - INFO - ✅ [277/453] 6040: 19 periods saved
2025-12-25 13:41:32,106 - [FUNDAMENTALS] - INFO - ✅ [278/453] 6050: 19 periods saved
2025-12-25 13:41:35,875 - [FUNDAMENTALS] - INFO - ✅ [279/453] 6060: 19 periods saved
2025-12-25 13:41:39,362 - [FUNDAMENTALS] - INFO - ✅ [280/453] 6070: 19 periods saved
2025-12-25 13:41:43,395 - [FUNDAMENTALS] - INFO - ✅ [281/453] 6090: 20 periods saved
2025-12-25 13:41:47,088 - [FUNDAMENTALS] - INFO - ✅ [282/453] 7010: 20 periods saved
2025-12-25 13:41:51,197 - [FUNDAMENTALS] - INFO - ✅ [283/453] 7020: 19 periods saved
2025-12-25 13:41:55,221 - [FUNDAMENTALS] - INFO - ✅ [284/453] 7030: 20 periods saved
2025-12-25 13:41:58,965 - [FUNDAMENTALS] - INFO - ✅ [285/453] 7040: 18 periods saved
2025-12-25 13:42:03,001 - [FUNDAMENTALS] - INFO - ✅ [286/453] 7200: 20 periods saved
2025-12-25 13:42:07,060 - [FUNDAMENTALS] - INFO - ✅ [287/453] 7201: 20 periods saved
2025-12-25 13:42:10,757 - [FUNDAMENTALS] - INFO - ✅ [288/453] 7202: 18 periods saved
2025-12-25 13:42:14,093 - [FUNDAMENTALS] - INFO - ✅ [289/453] 7203: 19 periods saved
2025-12-25 13:42:18,343 - [FUNDAMENTALS] - INFO - ✅ [290/453] 7204: 17 periods saved
2025-12-25 13:42:22,850 - [FUNDAMENTALS] - INFO - ✅ [291/453] 7211: 12 periods saved
2025-12-25 13:42:26,485 - [FUNDAMENTALS] - INFO - ✅ [292/453] 8010: 20 periods saved
2025-12-25 13:42:30,331 - [FUNDAMENTALS] - INFO - ✅ [293/453] 8012: 20 periods saved
2025-12-25 13:42:34,046 - [FUNDAMENTALS] - INFO - ✅ [294/453] 8020: 19 periods saved
2025-12-25 13:42:38,422 - [FUNDAMENTALS] - INFO - ✅ [295/453] 8030: 19 periods saved
2025-12-25 13:42:42,223 - [FUNDAMENTALS] - INFO - ✅ [296/453] 8040: 19 periods saved
2025-12-25 13:42:46,602 - [FUNDAMENTALS] - INFO - ✅ [297/453] 8050: 20 periods saved
2025-12-25 13:42:50,941 - [FUNDAMENTALS] - INFO - ✅ [298/453] 8060: 20 periods saved
2025-12-25 13:42:54,570 - [FUNDAMENTALS] - INFO - ✅ [299/453] 8070: 19 periods saved
2025-12-25 13:42:58,561 - [FUNDAMENTALS] - INFO - ✅ [300/453] 8100: 20 periods saved
2025-12-25 13:43:02,804 - [FUNDAMENTALS] - INFO - ✅ [301/453] 8120: 20 periods saved
2025-12-25 13:43:21,980 - [FUNDAMENTALS] - INFO - ✅ [302/453] 8150: 20 periods saved
2025-12-25 13:43:34,786 - [FUNDAMENTALS] - INFO - ✅ [303/453] 8160: 20 periods saved
2025-12-25 13:43:40,595 - [FUNDAMENTALS] - INFO - ✅ [304/453] 8170: 20 periods saved
2025-12-25 13:43:44,516 - [FUNDAMENTALS] - INFO - ✅ [305/453] 8180: 20 periods saved
2025-12-25 13:43:50,118 - [FUNDAMENTALS] - INFO - ✅ [306/453] 8190: 19 periods saved
2025-12-25 13:43:53,742 - [FUNDAMENTALS] - INFO - ✅ [307/453] 8200: 20 periods saved
2025-12-25 13:43:57,419 - [FUNDAMENTALS] - INFO - ✅ [308/453] 8210: 19 periods saved
2025-12-25 13:44:01,803 - [FUNDAMENTALS] - INFO - ✅ [309/453] 8230: 20 periods saved
2025-12-25 13:44:06,080 - [FUNDAMENTALS] - INFO - ✅ [310/453] 8240: 20 periods saved
2025-12-25 13:44:11,353 - [FUNDAMENTALS] - INFO - ✅ [311/453] 8250: 20 periods saved
2025-12-25 13:44:16,217 - [FUNDAMENTALS] - INFO - ✅ [312/453] 8260: 19 periods saved
2025-12-25 13:44:19,918 - [FUNDAMENTALS] - INFO - ✅ [313/453] 8280: 19 periods saved
2025-12-25 13:44:23,734 - [FUNDAMENTALS] - INFO - ✅ [314/453] 8300: 20 periods saved
2025-12-25 13:44:27,385 - [FUNDAMENTALS] - INFO - ✅ [315/453] 8310: 19 periods saved
2025-12-25 13:44:31,346 - [FUNDAMENTALS] - INFO - ✅ [316/453] 8311: 19 periods saved
2025-12-25 13:44:35,139 - [FUNDAMENTALS] - INFO - ✅ [317/453] 8313: 12 periods saved
2025-12-25 13:44:35,911 - [FUNDAMENTALS] - WARNING - ⚠️ [318/453] 9300: No data found
2025-12-25 13:44:37,745 - [FUNDAMENTALS] - WARNING - 9403: HTTP 500
2025-12-25 13:44:37,745 - [FUNDAMENTALS] - WARNING - ⚠️ [319/453] 9403: No data found
2025-12-25 13:44:38,975 - [FUNDAMENTALS] - WARNING - 9404: HTTP 500
2025-12-25 13:44:38,976 - [FUNDAMENTALS] - WARNING - ⚠️ [320/453] 9404: No data found
2025-12-25 13:44:39,653 - [FUNDAMENTALS] - WARNING - 9405: HTTP 500
2025-12-25 13:44:39,653 - [FUNDAMENTALS] - WARNING - ⚠️ [321/453] 9405: No data found
2025-12-25 13:44:40,275 - [FUNDAMENTALS] - WARNING - 9406: HTTP 500
2025-12-25 13:44:40,275 - [FUNDAMENTALS] - WARNING - ⚠️ [322/453] 9406: No data found
2025-12-25 13:44:40,910 - [FUNDAMENTALS] - WARNING - 9407: HTTP 500
2025-12-25 13:44:40,910 - [FUNDAMENTALS] - WARNING - ⚠️ [323/453] 9407: No data found
2025-12-25 13:44:41,534 - [FUNDAMENTALS] - WARNING - 9408: HTTP 500
2025-12-25 13:44:41,534 - [FUNDAMENTALS] - WARNING - ⚠️ [324/453] 9408: No data found
2025-12-25 13:44:45,865 - [FUNDAMENTALS] - INFO - ✅ [325/453] 9409: 10 periods saved
2025-12-25 13:44:46,497 - [FUNDAMENTALS] - WARNING - 9410: HTTP 500
2025-12-25 13:44:46,497 - [FUNDAMENTALS] - WARNING - ⚠️ [326/453] 9410: No data found
2025-12-25 13:44:48,111 - [FUNDAMENTALS] - WARNING - 9411: HTTP 500
2025-12-25 13:44:48,111 - [FUNDAMENTALS] - WARNING - ⚠️ [327/453] 9411: No data found
2025-12-25 13:44:48,746 - [FUNDAMENTALS] - WARNING - 9412: HTTP 500
2025-12-25 13:44:48,746 - [FUNDAMENTALS] - WARNING - ⚠️ [328/453] 9412: No data found
2025-12-25 13:44:52,985 - [FUNDAMENTALS] - INFO - ✅ [329/453] 9510: 12 periods saved
2025-12-25 13:44:56,835 - [FUNDAMENTALS] - INFO - ✅ [330/453] 9513: 11 periods saved
2025-12-25 13:45:00,940 - [FUNDAMENTALS] - INFO - ✅ [331/453] 9514: 10 periods saved
2025-12-25 13:45:09,101 - [FUNDAMENTALS] - INFO - ✅ [332/453] 9515: 10 periods saved
2025-12-25 13:45:21,112 - [FUNDAMENTALS] - INFO - ✅ [333/453] 9516: 10 periods saved
2025-12-25 13:45:27,870 - [FUNDAMENTALS] - INFO - ✅ [334/453] 9517: 11 periods saved
2025-12-25 13:45:31,932 - [FUNDAMENTALS] - INFO - ✅ [335/453] 9521: 10 periods saved
2025-12-25 13:45:37,181 - [FUNDAMENTALS] - INFO - ✅ [336/453] 9522: 10 periods saved
2025-12-25 13:45:40,729 - [FUNDAMENTALS] - INFO - ✅ [337/453] 9523: 10 periods saved
2025-12-25 13:45:44,789 - [FUNDAMENTALS] - INFO - ✅ [338/453] 9524: 10 periods saved
2025-12-25 13:45:49,053 - [FUNDAMENTALS] - INFO - ✅ [339/453] 9525: 11 periods saved
2025-12-25 13:45:53,290 - [FUNDAMENTALS] - INFO - ✅ [340/453] 9527: 10 periods saved
2025-12-25 13:45:57,111 - [FUNDAMENTALS] - INFO - ✅ [341/453] 9530: 10 periods saved
2025-12-25 13:46:02,072 - [FUNDAMENTALS] - INFO - ✅ [342/453] 9532: 10 periods saved
2025-12-25 13:46:06,142 - [FUNDAMENTALS] - INFO - ✅ [343/453] 9533: 10 periods saved
2025-12-25 13:46:15,491 - [FUNDAMENTALS] - INFO - ✅ [344/453] 9535: 11 periods saved
2025-12-25 13:46:29,058 - [FUNDAMENTALS] - INFO - ✅ [345/453] 9536: 11 periods saved
2025-12-25 13:46:33,262 - [FUNDAMENTALS] - INFO - ✅ [346/453] 9537: 11 periods saved
2025-12-25 13:46:37,186 - [FUNDAMENTALS] - INFO - ✅ [347/453] 9538: 11 periods saved
2025-12-25 13:46:37,972 - [FUNDAMENTALS] - INFO - ✅ [348/453] 9539: 11 periods saved
2025-12-25 13:46:41,898 - [FUNDAMENTALS] - INFO - ✅ [349/453] 9540: 12 periods saved
2025-12-25 13:46:45,874 - [FUNDAMENTALS] - INFO - ✅ [350/453] 9541: 9 periods saved
2025-12-25 13:46:50,854 - [FUNDAMENTALS] - INFO - ✅ [351/453] 9542: 9 periods saved
2025-12-25 13:46:51,626 - [FUNDAMENTALS] - INFO - ✅ [352/453] 9543: 10 periods saved
2025-12-25 13:46:55,707 - [FUNDAMENTALS] - INFO - ✅ [353/453] 9544: 10 periods saved
2025-12-25 13:46:59,941 - [FUNDAMENTALS] - INFO - ✅ [354/453] 9545: 11 periods saved
2025-12-25 13:47:04,205 - [FUNDAMENTALS] - INFO - ✅ [355/453] 9546: 9 periods saved
2025-12-25 13:47:04,975 - [FUNDAMENTALS] - INFO - ✅ [356/453] 9547: 10 periods saved
2025-12-25 13:47:08,816 - [FUNDAMENTALS] - INFO - ✅ [357/453] 9548: 9 periods saved
2025-12-25 13:47:13,429 - [FUNDAMENTALS] - INFO - ✅ [358/453] 9549: 10 periods saved
2025-12-25 13:47:18,336 - [FUNDAMENTALS] - INFO - ✅ [359/453] 9550: 10 periods saved
2025-12-25 13:47:22,030 - [FUNDAMENTALS] - INFO - ✅ [360/453] 9551: 10 periods saved
2025-12-25 13:47:25,842 - [FUNDAMENTALS] - INFO - ✅ [361/453] 9552: 9 periods saved
2025-12-25 13:47:26,591 - [FUNDAMENTALS] - INFO - ✅ [362/453] 9553: 9 periods saved
2025-12-25 13:47:31,665 - [FUNDAMENTALS] - INFO - ✅ [363/453] 9555: 9 periods saved
2025-12-25 13:47:36,106 - [FUNDAMENTALS] - INFO - ✅ [364/453] 9556: 10 periods saved
2025-12-25 13:47:41,222 - [FUNDAMENTALS] - INFO - ✅ [365/453] 9557: 9 periods saved
2025-12-25 13:47:45,744 - [FUNDAMENTALS] - INFO - ✅ [366/453] 9558: 10 periods saved
2025-12-25 13:47:50,393 - [FUNDAMENTALS] - INFO - ✅ [367/453] 9559: 13 periods saved
2025-12-25 13:47:52,071 - [FUNDAMENTALS] - INFO - ✅ [368/453] 9560: 11 periods saved
2025-12-25 13:47:55,408 - [FUNDAMENTALS] - INFO - ✅ [369/453] 9561: 8 periods saved
2025-12-25 13:47:58,958 - [FUNDAMENTALS] - INFO - ✅ [370/453] 9562: 9 periods saved
2025-12-25 13:48:02,547 - [FUNDAMENTALS] - INFO - ✅ [371/453] 9563: 9 periods saved
2025-12-25 13:48:06,712 - [FUNDAMENTALS] - INFO - ✅ [372/453] 9564: 9 periods saved
2025-12-25 13:48:10,288 - [FUNDAMENTALS] - INFO - ✅ [373/453] 9565: 9 periods saved
2025-12-25 13:48:13,840 - [FUNDAMENTALS] - INFO - ✅ [374/453] 9566: 8 periods saved
2025-12-25 13:48:19,287 - [FUNDAMENTALS] - INFO - ✅ [375/453] 9567: 9 periods saved
2025-12-25 13:48:23,771 - [FUNDAMENTALS] - INFO - ✅ [376/453] 9568: 11 periods saved
2025-12-25 13:48:28,609 - [FUNDAMENTALS] - INFO - ✅ [377/453] 9569: 8 periods saved
2025-12-25 13:48:32,389 - [FUNDAMENTALS] - INFO - ✅ [378/453] 9570: 9 periods saved
2025-12-25 13:48:35,773 - [FUNDAMENTALS] - INFO - ✅ [379/453] 9571: 10 periods saved
2025-12-25 13:48:39,154 - [FUNDAMENTALS] - INFO - ✅ [380/453] 9572: 7 periods saved
2025-12-25 13:48:43,572 - [FUNDAMENTALS] - INFO - ✅ [381/453] 9574: 9 periods saved
2025-12-25 13:48:47,185 - [FUNDAMENTALS] - INFO - ✅ [382/453] 9575: 7 periods saved
2025-12-25 13:48:51,237 - [FUNDAMENTALS] - INFO - ✅ [383/453] 9576: 10 periods saved
2025-12-25 13:48:55,733 - [FUNDAMENTALS] - INFO - ✅ [384/453] 9577: 7 periods saved
2025-12-25 13:49:00,038 - [FUNDAMENTALS] - INFO - ✅ [385/453] 9578: 7 periods saved
2025-12-25 13:49:03,881 - [FUNDAMENTALS] - INFO - ✅ [386/453] 9579: 6 periods saved
2025-12-25 13:49:07,405 - [FUNDAMENTALS] - INFO - ✅ [387/453] 9580: 9 periods saved
2025-12-25 13:49:11,209 - [FUNDAMENTALS] - INFO - ✅ [388/453] 9581: 9 periods saved
2025-12-25 13:49:15,798 - [FUNDAMENTALS] - INFO - ✅ [389/453] 9583: 7 periods saved
2025-12-25 13:49:21,327 - [FUNDAMENTALS] - INFO - ✅ [390/453] 9584: 7 periods saved
2025-12-25 13:49:27,597 - [FUNDAMENTALS] - INFO - ✅ [391/453] 9585: 10 periods saved
2025-12-25 13:49:32,076 - [FUNDAMENTALS] - INFO - ✅ [392/453] 9586: 10 periods saved
2025-12-25 13:49:36,579 - [FUNDAMENTALS] - INFO - ✅ [393/453] 9587: 9 periods saved
2025-12-25 13:49:37,351 - [FUNDAMENTALS] - INFO - ✅ [394/453] 9588: 8 periods saved
2025-12-25 13:49:41,850 - [FUNDAMENTALS] - INFO - ✅ [395/453] 9589: 7 periods saved
2025-12-25 13:49:45,923 - [FUNDAMENTALS] - INFO - ✅ [396/453] 9590: 7 periods saved
2025-12-25 13:49:49,695 - [FUNDAMENTALS] - INFO - ✅ [397/453] 9591: 7 periods saved
2025-12-25 13:49:53,689 - [FUNDAMENTALS] - INFO - ✅ [398/453] 9592: 7 periods saved
2025-12-25 13:49:57,379 - [FUNDAMENTALS] - INFO - ✅ [399/453] 9593: 7 periods saved
2025-12-25 13:50:02,941 - [FUNDAMENTALS] - INFO - ✅ [400/453] 9594: 8 periods saved
2025-12-25 13:50:06,686 - [FUNDAMENTALS] - INFO - ✅ [401/453] 9595: 7 periods saved
2025-12-25 13:50:11,414 - [FUNDAMENTALS] - INFO - ✅ [402/453] 9596: 19 periods saved
2025-12-25 13:50:15,396 - [FUNDAMENTALS] - INFO - ✅ [403/453] 9597: 5 periods saved
2025-12-25 13:50:19,450 - [FUNDAMENTALS] - INFO - ✅ [404/453] 9598: 6 periods saved
2025-12-25 13:50:25,701 - [FUNDAMENTALS] - INFO - ✅ [405/453] 9599: 7 periods saved
2025-12-25 13:50:30,330 - [FUNDAMENTALS] - INFO - ✅ [406/453] 9600: 7 periods saved
2025-12-25 13:50:36,689 - [FUNDAMENTALS] - INFO - ✅ [407/453] 9601: 5 periods saved
2025-12-25 13:50:37,604 - [FUNDAMENTALS] - INFO - ✅ [408/453] 9602: 10 periods saved
2025-12-25 13:50:44,074 - [FUNDAMENTALS] - INFO - ✅ [409/453] 9603: 5 periods saved
2025-12-25 13:50:48,157 - [FUNDAMENTALS] - INFO - ✅ [410/453] 9604: 5 periods saved
2025-12-25 13:50:52,915 - [FUNDAMENTALS] - INFO - ✅ [411/453] 9605: 5 periods saved
2025-12-25 13:50:56,563 - [FUNDAMENTALS] - INFO - ✅ [412/453] 9606: 9 periods saved
2025-12-25 13:51:00,445 - [FUNDAMENTALS] - INFO - ✅ [413/453] 9607: 7 periods saved
2025-12-25 13:51:03,944 - [FUNDAMENTALS] - INFO - ✅ [414/453] 9608: 8 periods saved
2025-12-25 13:51:08,244 - [FUNDAMENTALS] - INFO - ✅ [415/453] 9609: 8 periods saved
2025-12-25 13:51:12,544 - [FUNDAMENTALS] - INFO - ✅ [416/453] 9610: 8 periods saved
2025-12-25 13:51:16,136 - [FUNDAMENTALS] - INFO - ✅ [417/453] 9611: 9 periods saved
2025-12-25 13:51:20,319 - [FUNDAMENTALS] - INFO - ✅ [418/453] 9612: 5 periods saved
2025-12-25 13:51:24,305 - [FUNDAMENTALS] - INFO - ✅ [419/453] 9613: 5 periods saved
2025-12-25 13:51:28,098 - [FUNDAMENTALS] - INFO - ✅ [420/453] 9614: 6 periods saved
2025-12-25 13:51:32,085 - [FUNDAMENTALS] - INFO - ✅ [421/453] 9615: 5 periods saved
2025-12-25 13:51:36,392 - [FUNDAMENTALS] - INFO - ✅ [422/453] 9616: 6 periods saved
2025-12-25 13:51:41,199 - [FUNDAMENTALS] - INFO - ✅ [423/453] 9617: 5 periods saved
2025-12-25 13:51:44,791 - [FUNDAMENTALS] - INFO - ✅ [424/453] 9618: 4 periods saved
2025-12-25 13:51:48,274 - [FUNDAMENTALS] - INFO - ✅ [425/453] 9619: 4 periods saved
2025-12-25 13:51:49,220 - [FUNDAMENTALS] - INFO - ✅ [426/453] 9620: 5 periods saved
2025-12-25 13:51:52,576 - [FUNDAMENTALS] - INFO - ✅ [427/453] 9621: 5 periods saved
2025-12-25 13:51:56,159 - [FUNDAMENTALS] - INFO - ✅ [428/453] 9622: 7 periods saved
2025-12-25 13:51:59,405 - [FUNDAMENTALS] - INFO - ✅ [429/453] 9623: 7 periods saved
2025-12-25 13:52:03,692 - [FUNDAMENTALS] - INFO - ✅ [430/453] 9624: 9 periods saved
2025-12-25 13:52:07,215 - [FUNDAMENTALS] - INFO - ✅ [431/453] 9625: 7 periods saved
2025-12-25 13:52:10,652 - [FUNDAMENTALS] - INFO - ✅ [432/453] 9626: 6 periods saved
2025-12-25 13:52:14,393 - [FUNDAMENTALS] - INFO - ✅ [433/453] 9627: 7 periods saved
2025-12-25 13:52:19,052 - [FUNDAMENTALS] - INFO - ✅ [434/453] 9628: 7 periods saved
2025-12-25 13:52:22,679 - [FUNDAMENTALS] - INFO - ✅ [435/453] 9630: 8 periods saved
2025-12-25 13:52:26,675 - [FUNDAMENTALS] - INFO - ✅ [436/453] 9631: 7 periods saved
2025-12-25 13:52:34,253 - [FUNDAMENTALS] - INFO - ✅ [437/453] 9632: 5 periods saved
2025-12-25 13:52:38,123 - [FUNDAMENTALS] - INFO - ✅ [438/453] 9633: 5 periods saved
2025-12-25 13:52:42,678 - [FUNDAMENTALS] - INFO - ✅ [439/453] 9634: 7 periods saved
2025-12-25 13:52:47,890 - [FUNDAMENTALS] - INFO - ✅ [440/453] 9635: 5 periods saved
2025-12-25 13:52:52,513 - [FUNDAMENTALS] - INFO - ✅ [441/453] 9636: 5 periods saved
2025-12-25 13:52:56,067 - [FUNDAMENTALS] - INFO - ✅ [442/453] 9637: 6 periods saved
2025-12-25 13:53:00,143 - [FUNDAMENTALS] - INFO - ✅ [443/453] 9639: 5 periods saved
2025-12-25 13:53:03,821 - [FUNDAMENTALS] - INFO - ✅ [444/453] 9640: 5 periods saved
2025-12-25 13:53:07,577 - [FUNDAMENTALS] - INFO - ✅ [445/453] 9641: 6 periods saved
2025-12-25 13:53:11,228 - [FUNDAMENTALS] - INFO - ✅ [446/453] 9642: 3 periods saved
2025-12-25 13:53:15,514 - [FUNDAMENTALS] - INFO - ✅ [447/453] 9644: 4 periods saved
2025-12-25 13:53:20,154 - [FUNDAMENTALS] - INFO - ✅ [448/453] 9645: 6 periods saved
2025-12-25 13:53:24,176 - [FUNDAMENTALS] - INFO - ✅ [449/453] 9647: 3 periods saved
2025-12-25 13:53:30,519 - [FUNDAMENTALS] - INFO - ✅ [450/453] 9648: 8 periods saved
2025-12-25 13:53:34,771 - [FUNDAMENTALS] - INFO - ✅ [451/453] 9649: 4 periods saved
2025-12-25 13:53:38,674 - [FUNDAMENTALS] - INFO - ✅ [452/453] 9650: 2 periods saved
2025-12-25 13:53:44,505 - [FUNDAMENTALS] - INFO - ✅ [453/453] 9651: 2 periods saved
2025-12-25 13:53:45,019 - [FUNDAMENTALS] - INFO - 🎉 Complete! Total financial records: 5520
