🚀 STARTING FUNDAMENTAL DATA COLLECTION (YahooQuery v2)...
[1/453] 1010 Funda... ✅ Updated
[2/453] 1020 Funda... ✅ Updated
[3/453] 1030 Funda... ✅ Updated
[4/453] 1050 Funda... ✅ Updated
[5/453] 1060 Funda... ✅ Updated
[6/453] 1080 Funda... ✅ Updated
[7/453] 1111 Funda... ✅ Updated
[8/453] 1113 Funda... ✅ Updated
[9/453] 1120 Funda... ✅ Updated
[10/453] 1140 Funda... ✅ Updated
[11/453] 1150 Funda... ✅ Updated
[12/453] 1180 Funda... ✅ Updated
[13/453] 1182 Funda... ✅ Updated
[14/453] 1183 Funda... Error: Failed to perform, curl: (35) TLS connect error: error:00000000:invalid library (0):OPENSSL_internal:invalid library (0). See https://curl.se/libcurl/c/libcurl-errors.html first for more details.
[15/453] 1201 Funda... ✅ Updated
[16/453] 1202 Funda... ✅ Updated
[17/453] 1210 Funda... ✅ Updated
[18/453] 1211 Funda... ✅ Updated
[19/453] 1212 Funda... ✅ Updated
[20/453] 1213 Funda... ✅ Updated
[21/453] 1214 Funda... ✅ Updated
[22/453] 1301 Funda... ✅ Updated
[23/453] 1302 Funda... ✅ Updated
[24/453] 1303 Funda... ✅ Updated
[25/453] 1304 Funda... ✅ Updated
[26/453] 1320 Funda... ✅ Updated
[27/453] 1321 Funda... ✅ Updated
[28/453] 1322 Funda... ✅ Updated
[29/453] 1323 Funda... ✅ Updated
[30/453] 1810 Funda... ✅ Updated
[31/453] 1820 Funda... ✅ Updated
[32/453] 1830 Funda... ✅ Updated
[33/453] 1831 Funda... ✅ Updated
[34/453] 1832 Funda... ✅ Updated
[35/453] 1833 Funda... ✅ Updated
[36/453] 1834 Funda... ✅ Updated
[37/453] 1835 Funda... ✅ Updated
[38/453] 2001 Funda... ✅ Updated
[39/453] 2010 Funda... ✅ Updated
[40/453] 2020 Funda... ✅ Updated
[41/453] 2030 Funda... ✅ Updated
[42/453] 2040 Funda... ✅ Updated
[43/453] 2050 Funda... ✅ Updated
[44/453] 2060 Funda... ✅ Updated
[45/453] 2070 Funda... ✅ Updated
[46/453] 2080 Funda... ✅ Updated
[47/453] 2081 Funda... ✅ Updated
[48/453] 2082 Funda... ✅ Updated
[49/453] 2083 Funda... ✅ Updated
[50/453] 2084 Funda... ✅ Updated
[51/453] 2090 Funda... ✅ Updated
[52/453] 2100 Funda... ✅ Updated
[53/453] 2110 Funda... ✅ Updated
[54/453] 2120 Funda... ✅ Updated
[55/453] 2130 Funda... ✅ Updated
[56/453] 2140 Funda... ✅ Updated
[57/453] 2150 Funda... ✅ Updated
[58/453] 2160 Funda... ✅ Updated
[59/453] 2170 Funda... ✅ Updated
[60/453] 2180 Funda... ✅ Updated
[61/453] 2190 Funda... ✅ Updated
[62/453] 2200 Funda... ✅ Updated
[63/453] 2210 Funda... ✅ Updated
[64/453] 2220 Funda... ✅ Updated
[65/453] 2222 Funda... ✅ Updated
[66/453] 2223 Funda... ✅ Updated
[67/453] 2230 Funda... ✅ Updated
[68/453] 2240 Funda... ✅ Updated
[69/453] 2250 Funda... ✅ Updated
[70/453] 2270 Funda... ✅ Updated
[71/453] 2280 Funda... ✅ Updated
[72/453] 2281 Funda... ✅ Updated
[73/453] 2282 Funda... ✅ Updated
[74/453] 2283 Funda... ✅ Updated
[75/453] 2284 Funda... ✅ Updated
[76/453] 2285 Funda... ✅ Updated
[77/453] 2286 Funda... ✅ Updated
[78/453] 2287 Funda... ✅ Updated
[79/453] 2290 Funda... ✅ Updated
[80/453] 2300 Funda... ✅ Updated
[81/453] 2310 Funda... ✅ Updated
[82/453] 2320 Funda... ✅ Updated
[83/453] 2330 Funda... ✅ Updated
[84/453] 2340 Funda... ✅ Updated
[85/453] 2350 Funda... ✅ Updated
[86/453] 2360 Funda... ✅ Updated
[87/453] 2370 Funda... ✅ Updated
[88/453] 2380 Funda... ✅ Updated
[89/453] 2381 Funda... ✅ Updated
[90/453] 2382 Funda... ✅ Updated
[91/453] 3002 Funda... /Library/Frameworks/Python.framework/Versions/3.13/lib/python3.13/multiprocessing/resource_tracker.py:301: UserWarning: resource_tracker: There appear to be 1 leaked semaphore objects to clean up at shutdown: {'/mp-s5pcci97'}
  warnings.warn(
