2025-12-25 16:06:04,311 - Extracting Insider Trades...
2025-12-25 16:06:05,275 - Found 1 insider trades.
2025-12-25 16:06:05,289 - Extracting Corporate Actions...
2025-12-25 16:06:05,678 - Corp Actions: 100 rows (offset 0).
2025-12-25 16:06:06,132 - Corp Actions: 100 rows (offset 100).
2025-12-25 16:06:06,604 - Corp Actions: 100 rows (offset 200).
2025-12-25 16:06:07,039 - Corp Actions: 100 rows (offset 300).
2025-12-25 16:06:07,494 - Corp Actions: 100 rows (offset 400).
2025-12-25 16:06:07,932 - Corp Actions: 100 rows (offset 500).
2025-12-25 16:06:08,428 - Corp Actions: 100 rows (offset 600).
2025-12-25 16:06:08,916 - Corp Actions: 100 rows (offset 700).
2025-12-25 16:06:09,416 - Corp Actions: 100 rows (offset 800).
2025-12-25 16:06:09,988 - Corp Actions: 100 rows (offset 900).
2025-12-25 16:06:10,499 - Corp Actions: 100 rows (offset 1000).
2025-12-25 16:06:11,008 - Corp Actions: 100 rows (offset 1100).
2025-12-25 16:06:11,523 - Corp Actions: 100 rows (offset 1200).
2025-12-25 16:06:12,033 - Corp Actions: 100 rows (offset 1300).
2025-12-25 16:06:12,645 - Corp Actions: 100 rows (offset 1400).
2025-12-25 16:06:13,344 - Corp Actions: 100 rows (offset 1500).
2025-12-25 16:06:13,876 - Corp Actions: 100 rows (offset 1600).
2025-12-25 16:06:14,493 - Corp Actions: 100 rows (offset 1700).
2025-12-25 16:06:15,078 - Corp Actions: 100 rows (offset 1800).
2025-12-25 16:06:15,606 - Corp Actions: 100 rows (offset 1900).
2025-12-25 16:06:16,232 - Corp Actions: 100 rows (offset 2000).
2025-12-25 16:06:16,747 - Corp Actions: 100 rows (offset 2100).
2025-12-25 16:06:17,271 - Corp Actions: 100 rows (offset 2200).
2025-12-25 16:06:17,887 - Corp Actions: 100 rows (offset 2300).
2025-12-25 16:06:18,440 - Corp Actions: 100 rows (offset 2400).
2025-12-25 16:06:18,996 - Corp Actions: 100 rows (offset 2500).
2025-12-25 16:06:19,537 - Corp Actions: 100 rows (offset 2600).
2025-12-25 16:06:20,101 - Corp Actions: 100 rows (offset 2700).
2025-12-25 16:06:20,700 - Corp Actions: 100 rows (offset 2800).
2025-12-25 16:06:21,389 - Corp Actions: 100 rows (offset 2900).
2025-12-25 16:06:21,935 - Corp Actions: 100 rows (offset 3000).
2025-12-25 16:06:22,578 - Corp Actions: 100 rows (offset 3100).
2025-12-25 16:06:23,162 - Corp Actions: 100 rows (offset 3200).
2025-12-25 16:06:24,114 - Corp Actions: 100 rows (offset 3300).
2025-12-25 16:06:24,832 - Corp Actions: 100 rows (offset 3400).
2025-12-25 16:06:25,653 - Corp Actions: 100 rows (offset 3500).
2025-12-25 16:06:26,673 - Corp Actions: 100 rows (offset 3600).
2025-12-25 16:06:27,501 - Corp Actions: 100 rows (offset 3700).
2025-12-25 16:06:28,318 - Corp Actions: 100 rows (offset 3800).
2025-12-25 16:06:29,005 - Corp Actions: 100 rows (offset 3900).
2025-12-25 16:06:29,738 - Corp Actions: 100 rows (offset 4000).
2025-12-25 16:06:30,473 - Corp Actions: 100 rows (offset 4100).
2025-12-25 16:06:31,286 - Corp Actions: 100 rows (offset 4200).
2025-12-25 16:06:32,002 - Corp Actions: 100 rows (offset 4300).
2025-12-25 16:06:32,639 - Corp Actions: 100 rows (offset 4400).
2025-12-25 16:06:33,334 - Corp Actions: 100 rows (offset 4500).
2025-12-25 16:06:34,052 - Corp Actions: 100 rows (offset 4600).
2025-12-25 16:06:34,746 - Corp Actions: 100 rows (offset 4700).
2025-12-25 16:06:35,482 - Corp Actions: 100 rows (offset 4800).
2025-12-25 16:06:36,208 - Corp Actions: 100 rows (offset 4900).
2025-12-25 16:06:36,913 - Corp Actions: 100 rows (offset 5000).
2025-12-25 16:06:37,608 - Corp Actions: 100 rows (offset 5100).
2025-12-25 16:06:38,276 - Corp Actions: 100 rows (offset 5200).
2025-12-25 16:06:38,945 - Corp Actions: 100 rows (offset 5300).
2025-12-25 16:06:39,691 - Corp Actions: 100 rows (offset 5400).
2025-12-25 16:06:40,501 - Corp Actions: 100 rows (offset 5500).
2025-12-25 16:06:41,511 - Corp Actions: 100 rows (offset 5600).
2025-12-25 16:06:42,263 - Corp Actions: 100 rows (offset 5700).
2025-12-25 16:06:43,163 - Corp Actions: 100 rows (offset 5800).
2025-12-25 16:06:43,966 - Corp Actions: 100 rows (offset 5900).
2025-12-25 16:06:44,833 - Corp Actions: 100 rows (offset 6000).
2025-12-25 16:06:45,830 - Corp Actions: 100 rows (offset 6100).
2025-12-25 16:06:46,651 - Corp Actions: 100 rows (offset 6200).
2025-12-25 16:06:47,512 - Corp Actions: 100 rows (offset 6300).
2025-12-25 16:06:48,363 - Corp Actions: 100 rows (offset 6400).
2025-12-25 16:06:49,200 - Corp Actions: 100 rows (offset 6500).
2025-12-25 16:06:50,073 - Corp Actions: 53 rows (offset 6600).
2025-12-25 16:06:50,103 - Phase B Complete.
