2025-12-27 17:55:54,596 [INFO] Connecting to database...
2025-12-27 17:55:56,456 [INFO] Found 104 symbols with < 500 rows to fetch from Mubasher
2025-12-27 17:55:56,456 [INFO] [1/104] (1.0%) Fetching REAL data for 5338 (current: 1 rows)...
2025-12-27 17:55:56,770 [WARNING] No data from Mubasher for 5338
2025-12-27 17:55:56,773 [WARNING]   ⚠️ No real data available for 5338
2025-12-27 17:55:56,773 [INFO] [2/104] (1.9%) Fetching REAL data for 1113 (current: 1 rows)...
2025-12-27 17:55:56,864 [WARNING] No data from Mubasher for 1113
2025-12-27 17:55:56,865 [WARNING]   ⚠️ No real data available for 1113
2025-12-27 17:55:56,865 [INFO] [3/104] (2.9%) Fetching REAL data for 5343 (current: 1 rows)...
2025-12-27 17:55:56,958 [WARNING] No data from Mubasher for 5343
2025-12-27 17:55:56,959 [WARNING]   ⚠️ No real data available for 5343
2025-12-27 17:55:56,959 [INFO] [4/104] (3.8%) Fetching REAL data for 5339 (current: 1 rows)...
2025-12-27 17:55:57,055 [WARNING] No data from Mubasher for 5339
2025-12-27 17:55:57,055 [WARNING]   ⚠️ No real data available for 5339
2025-12-27 17:55:57,055 [INFO] [5/104] (4.8%) Fetching REAL data for 5015 (current: 1 rows)...
2025-12-27 17:55:57,151 [WARNING] No data from Mubasher for 5015
2025-12-27 17:55:57,152 [WARNING]   ⚠️ No real data available for 5015
2025-12-27 17:55:57,152 [INFO] [6/104] (5.8%) Fetching REAL data for 5019 (current: 1 rows)...
2025-12-27 17:55:57,246 [WARNING] No data from Mubasher for 5019
2025-12-27 17:55:57,246 [WARNING]   ⚠️ No real data available for 5019
2025-12-27 17:55:57,246 [INFO] [7/104] (6.7%) Fetching REAL data for 5021 (current: 1 rows)...
2025-12-27 17:55:57,338 [WARNING] No data from Mubasher for 5021
2025-12-27 17:55:57,339 [WARNING]   ⚠️ No real data available for 5021
2025-12-27 17:55:57,339 [INFO] [8/104] (7.7%) Fetching REAL data for 5022 (current: 1 rows)...
2025-12-27 17:55:57,503 [WARNING] No data from Mubasher for 5022
2025-12-27 17:55:57,504 [WARNING]   ⚠️ No real data available for 5022
2025-12-27 17:55:57,504 [INFO] [9/104] (8.7%) Fetching REAL data for 5023 (current: 1 rows)...
2025-12-27 17:55:57,660 [WARNING] No data from Mubasher for 5023
2025-12-27 17:55:57,661 [WARNING]   ⚠️ No real data available for 5023
2025-12-27 17:55:57,661 [INFO] [10/104] (9.6%) Fetching REAL data for 4327 (current: 8 rows)...
2025-12-27 17:55:57,808 [WARNING] No data from Mubasher for 4327
2025-12-27 17:55:57,809 [WARNING]   ⚠️ No real data available for 4327
2025-12-27 17:55:57,809 [INFO] [11/104] (10.6%) Fetching REAL data for 6019 (current: 18 rows)...
2025-12-27 17:55:57,968 [WARNING] No data from Mubasher for 6019
2025-12-27 17:55:57,969 [WARNING]   ⚠️ No real data available for 6019
2025-12-27 17:55:57,969 [INFO] [12/104] (11.5%) Fetching REAL data for 4265 (current: 19 rows)...
2025-12-27 17:55:58,129 [WARNING] No data from Mubasher for 4265
2025-12-27 17:55:58,130 [WARNING]   ⚠️ No real data available for 4265
2025-12-27 17:55:58,130 [INFO] [13/104] (12.5%) Fetching REAL data for 9651 (current: 26 rows)...
2025-12-27 17:55:58,300 [WARNING] No data from Mubasher for 9651
2025-12-27 17:55:58,301 [WARNING]   ⚠️ No real data available for 9651
2025-12-27 17:55:58,301 [INFO] [14/104] (13.5%) Fetching REAL data for 9650 (current: 37 rows)...
2025-12-27 17:55:58,450 [WARNING] No data from Mubasher for 9650
2025-12-27 17:55:58,450 [WARNING]   ⚠️ No real data available for 9650
2025-12-27 17:55:58,451 [INFO] [15/104] (14.4%) Fetching REAL data for 9412 (current: 47 rows)...
2025-12-27 17:55:58,620 [WARNING] No data from Mubasher for 9412
2025-12-27 17:55:58,622 [WARNING]   ⚠️ No real data available for 9412
2025-12-27 17:55:58,622 [INFO] [16/104] (15.4%) Fetching REAL data for 4146 (current: 63 rows)...
2025-12-27 17:55:58,776 [WARNING] No data from Mubasher for 4146
2025-12-27 17:55:58,777 [WARNING]   ⚠️ No real data available for 4146
2025-12-27 17:55:58,777 [INFO] [17/104] (16.3%) Fetching REAL data for 9649 (current: 70 rows)...
2025-12-27 17:55:58,940 [WARNING] No data from Mubasher for 9649
2025-12-27 17:55:58,941 [WARNING]   ⚠️ No real data available for 9649
2025-12-27 17:55:58,941 [INFO] [18/104] (17.3%) Fetching REAL data for 9648 (current: 72 rows)...
2025-12-27 17:55:59,111 [WARNING] No data from Mubasher for 9648
2025-12-27 17:55:59,112 [WARNING]   ⚠️ No real data available for 9648
2025-12-27 17:55:59,112 [INFO] [19/104] (18.3%) Fetching REAL data for 9647 (current: 73 rows)...
2025-12-27 17:55:59,277 [WARNING] No data from Mubasher for 9647
2025-12-27 17:55:59,278 [WARNING]   ⚠️ No real data available for 9647
2025-12-27 17:55:59,278 [INFO] [20/104] (19.2%) Fetching REAL data for 4326 (current: 76 rows)...
2025-12-27 17:55:59,434 [WARNING] No data from Mubasher for 4326
2025-12-27 17:55:59,435 [WARNING]   ⚠️ No real data available for 4326
2025-12-27 17:55:59,436 [INFO] [21/104] (20.2%) Fetching REAL data for 9645 (current: 81 rows)...
2025-12-27 17:55:59,609 [WARNING] No data from Mubasher for 9645
2025-12-27 17:55:59,611 [WARNING]   ⚠️ No real data available for 9645
2025-12-27 17:55:59,611 [INFO] [22/104] (21.2%) Fetching REAL data for 4194 (current: 82 rows)...
2025-12-27 17:55:59,763 [WARNING] No data from Mubasher for 4194
2025-12-27 17:55:59,764 [WARNING]   ⚠️ No real data available for 4194
2025-12-27 17:55:59,764 [INFO] [23/104] (22.1%) Fetching REAL data for 6018 (current: 112 rows)...
2025-12-27 17:55:59,915 [WARNING] No data from Mubasher for 6018
2025-12-27 17:55:59,916 [WARNING]   ⚠️ No real data available for 6018
2025-12-27 17:55:59,916 [INFO] [24/104] (23.1%) Fetching REAL data for 9644 (current: 114 rows)...
2025-12-27 17:56:00,084 [WARNING] No data from Mubasher for 9644
2025-12-27 17:56:00,085 [WARNING]   ⚠️ No real data available for 9644
2025-12-27 17:56:00,085 [INFO] [25/104] (24.0%) Fetching REAL data for 7211 (current: 119 rows)...
2025-12-27 17:56:00,243 [WARNING] No data from Mubasher for 7211
2025-12-27 17:56:00,244 [WARNING]   ⚠️ No real data available for 7211
2025-12-27 17:56:00,244 [INFO] [26/104] (25.0%) Fetching REAL data for 4019 (current: 131 rows)...
2025-12-27 17:56:00,397 [WARNING] No data from Mubasher for 4019
2025-12-27 17:56:00,398 [WARNING]   ⚠️ No real data available for 4019
2025-12-27 17:56:00,399 [INFO] [27/104] (26.0%) Fetching REAL data for 9641 (current: 134 rows)...
2025-12-27 17:56:00,562 [WARNING] No data from Mubasher for 9641
2025-12-27 17:56:00,563 [WARNING]   ⚠️ No real data available for 9641
2025-12-27 17:56:00,563 [INFO] [28/104] (26.9%) Fetching REAL data for 4264 (current: 136 rows)...
2025-12-27 17:56:00,719 [WARNING] No data from Mubasher for 4264
2025-12-27 17:56:00,720 [WARNING]   ⚠️ No real data available for 4264
2025-12-27 17:56:00,720 [INFO] [29/104] (27.9%) Fetching REAL data for 9642 (current: 137 rows)...
2025-12-27 17:56:00,907 [WARNING] No data from Mubasher for 9642
2025-12-27 17:56:00,908 [WARNING]   ⚠️ No real data available for 9642
2025-12-27 17:56:00,908 [INFO] [30/104] (28.8%) Fetching REAL data for 9640 (current: 138 rows)...
2025-12-27 17:56:01,066 [WARNING] No data from Mubasher for 9640
2025-12-27 17:56:01,066 [WARNING]   ⚠️ No real data available for 9640
2025-12-27 17:56:01,066 [INFO] [31/104] (29.8%) Fetching REAL data for 9639 (current: 141 rows)...
2025-12-27 17:56:01,212 [WARNING] No data from Mubasher for 9639
2025-12-27 17:56:01,213 [WARNING]   ⚠️ No real data available for 9639
2025-12-27 17:56:01,213 [INFO] [32/104] (30.8%) Fetching REAL data for 9636 (current: 144 rows)...
2025-12-27 17:56:01,375 [WARNING] No data from Mubasher for 9636
2025-12-27 17:56:01,376 [WARNING]   ⚠️ No real data available for 9636
2025-12-27 17:56:01,376 [INFO] [33/104] (31.7%) Fetching REAL data for 9637 (current: 145 rows)...
2025-12-27 17:56:01,533 [WARNING] No data from Mubasher for 9637
2025-12-27 17:56:01,534 [WARNING]   ⚠️ No real data available for 9637
2025-12-27 17:56:01,534 [INFO] [34/104] (32.7%) Fetching REAL data for 1323 (current: 148 rows)...
2025-12-27 17:56:01,694 [WARNING] No data from Mubasher for 1323
2025-12-27 17:56:01,694 [WARNING]   ⚠️ No real data available for 1323
2025-12-27 17:56:01,694 [INFO] [35/104] (33.7%) Fetching REAL data for 9634 (current: 149 rows)...
2025-12-27 17:56:01,843 [WARNING] No data from Mubasher for 9634
2025-12-27 17:56:01,843 [WARNING]   ⚠️ No real data available for 9634
2025-12-27 17:56:01,843 [INFO] [36/104] (34.6%) Fetching REAL data for 9635 (current: 153 rows)...
2025-12-27 17:56:02,001 [WARNING] No data from Mubasher for 9635
2025-12-27 17:56:02,001 [WARNING]   ⚠️ No real data available for 9635
2025-12-27 17:56:02,002 [INFO] [37/104] (35.6%) Fetching REAL data for 9633 (current: 165 rows)...
2025-12-27 17:56:02,098 [WARNING] No data from Mubasher for 9633
2025-12-27 17:56:02,099 [WARNING]   ⚠️ No real data available for 9633
2025-12-27 17:56:02,099 [INFO] [38/104] (36.5%) Fetching REAL data for 9632 (current: 170 rows)...
2025-12-27 17:56:02,249 [WARNING] No data from Mubasher for 9632
2025-12-27 17:56:02,250 [WARNING]   ⚠️ No real data available for 9632
2025-12-27 17:56:02,250 [INFO] [39/104] (37.5%) Fetching REAL data for 4325 (current: 190 rows)...
2025-12-27 17:56:02,410 [WARNING] No data from Mubasher for 4325
2025-12-27 17:56:02,412 [WARNING]   ⚠️ No real data available for 4325
2025-12-27 17:56:02,412 [INFO] [40/104] (38.5%) Fetching REAL data for 2287 (current: 195 rows)...
2025-12-27 17:56:02,560 [WARNING] No data from Mubasher for 2287
2025-12-27 17:56:02,561 [WARNING]   ⚠️ No real data available for 2287
2025-12-27 17:56:02,561 [INFO] [41/104] (39.4%) Fetching REAL data for 4084 (current: 200 rows)...
2025-12-27 17:56:02,728 [WARNING] No data from Mubasher for 4084
2025-12-27 17:56:02,729 [WARNING]   ⚠️ No real data available for 4084
2025-12-27 17:56:02,729 [INFO] [42/104] (40.4%) Fetching REAL data for 9630 (current: 201 rows)...
2025-12-27 17:56:02,890 [WARNING] No data from Mubasher for 9630
2025-12-27 17:56:02,891 [WARNING]   ⚠️ No real data available for 9630
2025-12-27 17:56:02,891 [INFO] [43/104] (41.3%) Fetching REAL data for 9631 (current: 203 rows)...
2025-12-27 17:56:03,059 [WARNING] No data from Mubasher for 9631
2025-12-27 17:56:03,060 [WARNING]   ⚠️ No real data available for 9631
2025-12-27 17:56:03,060 [INFO] [44/104] (42.3%) Fetching REAL data for 9409 (current: 212 rows)...
2025-12-27 17:56:03,218 [WARNING] No data from Mubasher for 9409
2025-12-27 17:56:03,219 [WARNING]   ⚠️ No real data available for 9409
2025-12-27 17:56:03,219 [INFO] [45/104] (43.3%) Fetching REAL data for 9628 (current: 220 rows)...
2025-12-27 17:56:03,902 [WARNING] No data from Mubasher for 9628
2025-12-27 17:56:03,903 [WARNING]   ⚠️ No real data available for 9628
2025-12-27 17:56:03,903 [INFO] [46/104] (44.2%) Fetching REAL data for 9626 (current: 224 rows)...
2025-12-27 17:56:04,056 [WARNING] No data from Mubasher for 9626
2025-12-27 17:56:04,057 [WARNING]   ⚠️ No real data available for 9626
2025-12-27 17:56:04,057 [INFO] [47/104] (45.2%) Fetching REAL data for 9627 (current: 227 rows)...
2025-12-27 17:56:04,205 [WARNING] No data from Mubasher for 9627
2025-12-27 17:56:04,205 [WARNING]   ⚠️ No real data available for 9627
2025-12-27 17:56:04,206 [INFO] [48/104] (46.2%) Fetching REAL data for 9624 (current: 227 rows)...
2025-12-27 17:56:04,365 [WARNING] No data from Mubasher for 9624
2025-12-27 17:56:04,366 [WARNING]   ⚠️ No real data available for 9624
2025-12-27 17:56:04,366 [INFO] [49/104] (47.1%) Fetching REAL data for 9625 (current: 231 rows)...
2025-12-27 17:56:04,546 [WARNING] No data from Mubasher for 9625
2025-12-27 17:56:04,547 [WARNING]   ⚠️ No real data available for 9625
2025-12-27 17:56:04,547 [INFO] [50/104] (48.1%) Fetching REAL data for 9622 (current: 239 rows)...
2025-12-27 17:56:04,856 [WARNING] No data from Mubasher for 9622
2025-12-27 17:56:04,856 [WARNING]   ⚠️ No real data available for 9622
2025-12-27 17:56:04,856 [INFO] [51/104] (49.0%) Fetching REAL data for 4193 (current: 242 rows)...
2025-12-27 17:56:05,599 [WARNING] No data from Mubasher for 4193
2025-12-27 17:56:05,601 [WARNING]   ⚠️ No real data available for 4193
2025-12-27 17:56:05,601 [INFO] [52/104] (50.0%) Fetching REAL data for 4018 (current: 243 rows)...
2025-12-27 17:56:06,351 [WARNING] No data from Mubasher for 4018
2025-12-27 17:56:06,353 [WARNING]   ⚠️ No real data available for 4018
2025-12-27 17:56:06,353 [INFO] [53/104] (51.0%) Fetching REAL data for 9623 (current: 248 rows)...
2025-12-27 17:56:06,699 [WARNING] No data from Mubasher for 9623
2025-12-27 17:56:06,700 [WARNING]   ⚠️ No real data available for 9623
2025-12-27 17:56:06,700 [INFO] [54/104] (51.9%) Fetching REAL data for 9620 (current: 259 rows)...
2025-12-27 17:56:06,955 [WARNING] No data from Mubasher for 9620
2025-12-27 17:56:06,957 [WARNING]   ⚠️ No real data available for 9620
2025-12-27 17:56:06,957 [INFO] [55/104] (52.9%) Fetching REAL data for 9621 (current: 262 rows)...
2025-12-27 17:56:07,243 [WARNING] No data from Mubasher for 9621
2025-12-27 17:56:07,244 [WARNING]   ⚠️ No real data available for 9621
2025-12-27 17:56:07,244 [INFO] [56/104] (53.8%) Fetching REAL data for 9617 (current: 266 rows)...
2025-12-27 17:56:07,401 [WARNING] No data from Mubasher for 9617
2025-12-27 17:56:07,403 [WARNING]   ⚠️ No real data available for 9617
2025-12-27 17:56:07,403 [INFO] [57/104] (54.8%) Fetching REAL data for 9619 (current: 267 rows)...
2025-12-27 17:56:07,570 [WARNING] No data from Mubasher for 9619
2025-12-27 17:56:07,571 [WARNING]   ⚠️ No real data available for 9619
2025-12-27 17:56:07,571 [INFO] [58/104] (55.8%) Fetching REAL data for 4083 (current: 268 rows)...
2025-12-27 17:56:07,722 [WARNING] No data from Mubasher for 4083
2025-12-27 17:56:07,723 [WARNING]   ⚠️ No real data available for 4083
2025-12-27 17:56:07,723 [INFO] [59/104] (56.7%) Fetching REAL data for 9616 (current: 270 rows)...
2025-12-27 17:56:07,888 [WARNING] No data from Mubasher for 9616
2025-12-27 17:56:07,888 [WARNING]   ⚠️ No real data available for 9616
2025-12-27 17:56:07,888 [INFO] [60/104] (57.7%) Fetching REAL data for 6017 (current: 270 rows)...
2025-12-27 17:56:07,985 [WARNING] No data from Mubasher for 6017
2025-12-27 17:56:07,985 [WARNING]   ⚠️ No real data available for 6017
2025-12-27 17:56:07,985 [INFO] [61/104] (58.7%) Fetching REAL data for 4324 (current: 270 rows)...
2025-12-27 17:56:08,140 [WARNING] No data from Mubasher for 4324
2025-12-27 17:56:08,142 [WARNING]   ⚠️ No real data available for 4324
2025-12-27 17:56:08,142 [INFO] [62/104] (59.6%) Fetching REAL data for 9618 (current: 271 rows)...
2025-12-27 17:56:08,304 [WARNING] No data from Mubasher for 9618
2025-12-27 17:56:08,305 [WARNING]   ⚠️ No real data available for 9618
2025-12-27 17:56:08,305 [INFO] [63/104] (60.6%) Fetching REAL data for 1835 (current: 272 rows)...
2025-12-27 17:56:08,459 [WARNING] No data from Mubasher for 1835
2025-12-27 17:56:08,460 [WARNING]   ⚠️ No real data available for 1835
2025-12-27 17:56:08,460 [INFO] [64/104] (61.5%) Fetching REAL data for 9615 (current: 273 rows)...
2025-12-27 17:56:08,613 [WARNING] No data from Mubasher for 9615
2025-12-27 17:56:08,614 [WARNING]   ⚠️ No real data available for 9615
2025-12-27 17:56:08,614 [INFO] [65/104] (62.5%) Fetching REAL data for 9613 (current: 287 rows)...
2025-12-27 17:56:08,759 [WARNING] No data from Mubasher for 9613
2025-12-27 17:56:08,760 [WARNING]   ⚠️ No real data available for 9613
2025-12-27 17:56:08,760 [INFO] [66/104] (63.5%) Fetching REAL data for 9614 (current: 287 rows)...
2025-12-27 17:56:08,911 [WARNING] No data from Mubasher for 9614
2025-12-27 17:56:08,912 [WARNING]   ⚠️ No real data available for 9614
2025-12-27 17:56:08,912 [INFO] [67/104] (64.4%) Fetching REAL data for 9411 (current: 290 rows)...
2025-12-27 17:56:09,069 [WARNING] No data from Mubasher for 9411
2025-12-27 17:56:09,070 [WARNING]   ⚠️ No real data available for 9411
2025-12-27 17:56:09,070 [INFO] [68/104] (65.4%) Fetching REAL data for 9410 (current: 290 rows)...
2025-12-27 17:56:09,237 [WARNING] No data from Mubasher for 9410
2025-12-27 17:56:09,238 [WARNING]   ⚠️ No real data available for 9410
2025-12-27 17:56:09,238 [INFO] [69/104] (66.3%) Fetching REAL data for 2286 (current: 293 rows)...
2025-12-27 17:56:09,390 [WARNING] No data from Mubasher for 2286
2025-12-27 17:56:09,391 [WARNING]   ⚠️ No real data available for 2286
2025-12-27 17:56:09,391 [INFO] [70/104] (67.3%) Fetching REAL data for 6016 (current: 294 rows)...
2025-12-27 17:56:09,538 [WARNING] No data from Mubasher for 6016
2025-12-27 17:56:09,539 [WARNING]   ⚠️ No real data available for 6016
2025-12-27 17:56:09,539 [INFO] [71/104] (68.3%) Fetching REAL data for 9612 (current: 297 rows)...
2025-12-27 17:56:09,697 [WARNING] No data from Mubasher for 9612
2025-12-27 17:56:09,698 [WARNING]   ⚠️ No real data available for 9612
2025-12-27 17:56:09,698 [INFO] [72/104] (69.2%) Fetching REAL data for 9610 (current: 300 rows)...
2025-12-27 17:56:09,854 [WARNING] No data from Mubasher for 9610
2025-12-27 17:56:09,854 [WARNING]   ⚠️ No real data available for 9610
2025-12-27 17:56:09,855 [INFO] [73/104] (70.2%) Fetching REAL data for 2285 (current: 306 rows)...
2025-12-27 17:56:10,013 [WARNING] No data from Mubasher for 2285
2025-12-27 17:56:10,014 [WARNING]   ⚠️ No real data available for 2285
2025-12-27 17:56:10,014 [INFO] [74/104] (71.2%) Fetching REAL data for 4165 (current: 307 rows)...
2025-12-27 17:56:10,166 [WARNING] No data from Mubasher for 4165
2025-12-27 17:56:10,166 [WARNING]   ⚠️ No real data available for 4165
2025-12-27 17:56:10,166 [INFO] [75/104] (72.1%) Fetching REAL data for 9611 (current: 320 rows)...
2025-12-27 17:56:10,264 [WARNING] No data from Mubasher for 9611
2025-12-27 17:56:10,264 [WARNING]   ⚠️ No real data available for 9611
2025-12-27 17:56:10,264 [INFO] [76/104] (73.1%) Fetching REAL data for 4350 (current: 331 rows)...
2025-12-27 17:56:10,420 [WARNING] No data from Mubasher for 4350
2025-12-27 17:56:10,421 [WARNING]   ⚠️ No real data available for 4350
2025-12-27 17:56:10,421 [INFO] [77/104] (74.0%) Fetching REAL data for 9609 (current: 334 rows)...
2025-12-27 17:56:10,577 [WARNING] No data from Mubasher for 9609
2025-12-27 17:56:10,578 [WARNING]   ⚠️ No real data available for 9609
2025-12-27 17:56:10,578 [INFO] [78/104] (75.0%) Fetching REAL data for 9606 (current: 337 rows)...
2025-12-27 17:56:10,738 [WARNING] No data from Mubasher for 9606
2025-12-27 17:56:10,739 [WARNING]   ⚠️ No real data available for 9606
2025-12-27 17:56:10,739 [INFO] [79/104] (76.0%) Fetching REAL data for 9607 (current: 344 rows)...
2025-12-27 17:56:10,895 [WARNING] No data from Mubasher for 9607
2025-12-27 17:56:10,895 [WARNING]   ⚠️ No real data available for 9607
2025-12-27 17:56:10,896 [INFO] [80/104] (76.9%) Fetching REAL data for 4703 (current: 357 rows)...
2025-12-27 17:56:11,055 [WARNING] No data from Mubasher for 4703
2025-12-27 17:56:11,056 [WARNING]   ⚠️ No real data available for 4703
2025-12-27 17:56:11,057 [INFO] [81/104] (77.9%) Fetching REAL data for 9608 (current: 361 rows)...
2025-12-27 17:56:11,216 [WARNING] No data from Mubasher for 9608
2025-12-27 17:56:11,217 [WARNING]   ⚠️ No real data available for 9608
2025-12-27 17:56:11,217 [INFO] [82/104] (78.8%) Fetching REAL data for 4702 (current: 362 rows)...
2025-12-27 17:56:11,363 [WARNING] No data from Mubasher for 4702
2025-12-27 17:56:11,364 [WARNING]   ⚠️ No real data available for 4702
2025-12-27 17:56:11,364 [INFO] [83/104] (79.8%) Fetching REAL data for 9597 (current: 377 rows)...
2025-12-27 17:56:11,519 [WARNING] No data from Mubasher for 9597
2025-12-27 17:56:11,519 [WARNING]   ⚠️ No real data available for 9597
2025-12-27 17:56:11,519 [INFO] [84/104] (80.8%) Fetching REAL data for 9605 (current: 379 rows)...
2025-12-27 17:56:11,668 [WARNING] No data from Mubasher for 9605
2025-12-27 17:56:11,669 [WARNING]   ⚠️ No real data available for 9605
2025-12-27 17:56:11,670 [INFO] [85/104] (81.7%) Fetching REAL data for 9602 (current: 381 rows)...
2025-12-27 17:56:11,825 [WARNING] No data from Mubasher for 9602
2025-12-27 17:56:11,826 [WARNING]   ⚠️ No real data available for 9602
2025-12-27 17:56:11,826 [INFO] [86/104] (82.7%) Fetching REAL data for 1834 (current: 383 rows)...
2025-12-27 17:56:11,983 [WARNING] No data from Mubasher for 1834
2025-12-27 17:56:11,984 [WARNING]   ⚠️ No real data available for 1834
2025-12-27 17:56:11,984 [INFO] [87/104] (83.7%) Fetching REAL data for 4143 (current: 384 rows)...
2025-12-27 17:56:12,130 [WARNING] No data from Mubasher for 4143
2025-12-27 17:56:12,132 [WARNING]   ⚠️ No real data available for 4143
2025-12-27 17:56:12,132 [INFO] [88/104] (84.6%) Fetching REAL data for 8313 (current: 384 rows)...
2025-12-27 17:56:12,284 [WARNING] No data from Mubasher for 8313
2025-12-27 17:56:12,285 [WARNING]   ⚠️ No real data available for 8313
2025-12-27 17:56:12,285 [INFO] [89/104] (85.6%) Fetching REAL data for 2084 (current: 387 rows)...
2025-12-27 17:56:12,432 [WARNING] No data from Mubasher for 2084
2025-12-27 17:56:12,433 [WARNING]   ⚠️ No real data available for 2084
2025-12-27 17:56:12,433 [INFO] [90/104] (86.5%) Fetching REAL data for 4017 (current: 388 rows)...
2025-12-27 17:56:12,591 [WARNING] No data from Mubasher for 4017
2025-12-27 17:56:12,592 [WARNING]   ⚠️ No real data available for 4017
2025-12-27 17:56:12,592 [INFO] [91/104] (87.5%) Fetching REAL data for 9603 (current: 393 rows)...
2025-12-27 17:56:12,741 [WARNING] No data from Mubasher for 9603
2025-12-27 17:56:12,742 [WARNING]   ⚠️ No real data available for 9603
2025-12-27 17:56:12,742 [INFO] [92/104] (88.5%) Fetching REAL data for 9604 (current: 396 rows)...
2025-12-27 17:56:12,910 [WARNING] No data from Mubasher for 9604
2025-12-27 17:56:12,911 [WARNING]   ⚠️ No real data available for 9604
2025-12-27 17:56:12,911 [INFO] [93/104] (89.4%) Fetching REAL data for 9601 (current: 400 rows)...
2025-12-27 17:56:13,060 [WARNING] No data from Mubasher for 9601
2025-12-27 17:56:13,061 [WARNING]   ⚠️ No real data available for 9601
2025-12-27 17:56:13,061 [INFO] [94/104] (90.4%) Fetching REAL data for 9600 (current: 410 rows)...
2025-12-27 17:56:13,215 [WARNING] No data from Mubasher for 9600
2025-12-27 17:56:13,216 [WARNING]   ⚠️ No real data available for 9600
2025-12-27 17:56:13,216 [INFO] [95/104] (91.3%) Fetching REAL data for 9599 (current: 432 rows)...
2025-12-27 17:56:13,817 [WARNING] No data from Mubasher for 9599
2025-12-27 17:56:13,817 [WARNING]   ⚠️ No real data available for 9599
2025-12-27 17:56:13,817 [INFO] [96/104] (92.3%) Fetching REAL data for 2284 (current: 433 rows)...
2025-12-27 17:56:14,249 [WARNING] No data from Mubasher for 2284
2025-12-27 17:56:14,250 [WARNING]   ⚠️ No real data available for 2284
2025-12-27 17:56:14,251 [INFO] [97/104] (93.3%) Fetching REAL data for 9598 (current: 437 rows)...
2025-12-27 17:56:14,747 [WARNING] No data from Mubasher for 9598
2025-12-27 17:56:14,748 [WARNING]   ⚠️ No real data available for 9598
2025-12-27 17:56:14,749 [INFO] [98/104] (94.2%) Fetching REAL data for 9596 (current: 449 rows)...
2025-12-27 17:56:15,182 [WARNING] No data from Mubasher for 9596
2025-12-27 17:56:15,183 [WARNING]   ⚠️ No real data available for 9596
2025-12-27 17:56:15,184 [INFO] [99/104] (95.2%) Fetching REAL data for 4016 (current: 454 rows)...
2025-12-27 17:56:15,437 [WARNING] No data from Mubasher for 4016
2025-12-27 17:56:15,438 [WARNING]   ⚠️ No real data available for 4016
2025-12-27 17:56:15,439 [INFO] [100/104] (96.2%) Fetching REAL data for 9594 (current: 459 rows)...
2025-12-27 17:56:15,534 [WARNING] No data from Mubasher for 9594
2025-12-27 17:56:15,534 [WARNING]   ⚠️ No real data available for 9594
2025-12-27 17:56:15,534 [INFO] [101/104] (97.1%) Fetching REAL data for 9595 (current: 460 rows)...
2025-12-27 17:56:15,686 [WARNING] No data from Mubasher for 9595
2025-12-27 17:56:15,686 [WARNING]   ⚠️ No real data available for 9595
2025-12-27 17:56:15,686 [INFO] [102/104] (98.1%) Fetching REAL data for 9593 (current: 463 rows)...
2025-12-27 17:56:15,837 [WARNING] No data from Mubasher for 9593
2025-12-27 17:56:15,838 [WARNING]   ⚠️ No real data available for 9593
2025-12-27 17:56:15,838 [INFO] [103/104] (99.0%) Fetching REAL data for 9408 (current: 471 rows)...
2025-12-27 17:56:15,988 [WARNING] No data from Mubasher for 9408
2025-12-27 17:56:15,988 [WARNING]   ⚠️ No real data available for 9408
2025-12-27 17:56:15,988 [INFO] [104/104] (100.0%) Fetching REAL data for 4072 (current: 489 rows)...
2025-12-27 17:56:16,138 [WARNING] No data from Mubasher for 4072
2025-12-27 17:56:16,139 [WARNING]   ⚠️ No real data available for 4072
