2025-12-24 23:02:44,392 - [ORCHESTRATOR] - INFO - 🚀 PHASE 1: STOCK UNIVERSE EXPANSION (10 → 50)
2025-12-24 23:02:44,392 - [ORCHESTRATOR] - INFO - ============================================================
2025-12-24 23:02:44,813 - [ORCHESTRATOR] - INFO - Step 1: Extracting current prices for 50 stocks...
2025-12-24 23:02:44,813 - [ORCHESTRATOR] - INFO - Starting batch extraction: snapshot for 50 stocks
2025-12-24 23:02:46,860 - [ORCHESTRATOR] - INFO - ✅ 1010 (Riyad Bank) - snapshot - SUCCESS
2025-12-24 23:02:47,239 - [ORCHESTRATOR] - INFO - ✅ 1150 (Alinma) - snapshot - SUCCESS
2025-12-24 23:02:47,318 - [ORCHESTRATOR] - INFO - ✅ 1120 (Al Rajhi Bank) - snapshot - SUCCESS
2025-12-24 23:02:49,318 - [ORCHESTRATOR] - INFO - ✅ 1180 (SNB) - snapshot - SUCCESS
2025-12-24 23:02:49,612 - [ORCHESTRATOR] - INFO - ✅ 2010 (SABIC) - snapshot - SUCCESS
2025-12-24 23:02:50,943 - [ORCHESTRATOR] - INFO - ✅ 2222 (Aramco) - snapshot - SUCCESS
2025-12-24 23:02:52,055 - [ORCHESTRATOR] - INFO - ✅ 2290 (Yansab) - snapshot - SUCCESS
2025-12-24 23:02:52,919 - [ORCHESTRATOR] - INFO - ✅ 7010 (STC) - snapshot - SUCCESS
2025-12-24 23:02:53,315 - [ORCHESTRATOR] - INFO - ✅ 4190 (Jarir) - snapshot - SUCCESS
2025-12-24 23:02:54,787 - [ORCHESTRATOR] - INFO - ✅ 7200 (Al Moammar) - snapshot - SUCCESS
2025-12-24 23:02:55,809 - [ORCHESTRATOR] - INFO - ✅ 1111 (SABB) - snapshot - SUCCESS
2025-12-24 23:02:56,018 - [ORCHESTRATOR] - INFO - ✅ 1030 (Alawwal Bank) - snapshot - SUCCESS
2025-12-24 23:02:57,338 - [ORCHESTRATOR] - INFO - ✅ 1050 (BSF) - snapshot - SUCCESS
2025-12-24 23:02:58,083 - [ORCHESTRATOR] - INFO - ✅ 1140 (Bank Albilad) - snapshot - SUCCESS
2025-12-24 23:02:59,559 - [ORCHESTRATOR] - INFO - ✅ 1060 (Bank AlJazira) - snapshot - SUCCESS
2025-12-24 23:03:00,518 - [ORCHESTRATOR] - INFO - ✅ 1211 (Maaden) - snapshot - SUCCESS
2025-12-24 23:03:01,712 - [ORCHESTRATOR] - INFO - ✅ 2020 (SABIC Agri-Nutrients) - snapshot - SUCCESS
2025-12-24 23:03:02,768 - [ORCHESTRATOR] - INFO - ✅ 2030 (Saudi Kayan) - snapshot - SUCCESS
2025-12-24 23:03:03,608 - [ORCHESTRATOR] - INFO - ✅ 2050 (Savola Group) - snapshot - SUCCESS
2025-12-24 23:03:04,000 - [ORCHESTRATOR] - INFO - ✅ 2060 (SPPC) - snapshot - SUCCESS
2025-12-24 23:03:06,120 - [ORCHESTRATOR] - INFO - ✅ 2080 (Safco) - snapshot - SUCCESS
2025-12-24 23:03:07,291 - [ORCHESTRATOR] - INFO - ✅ 2110 (Sahara Petrochemical) - snapshot - SUCCESS
2025-12-24 23:03:07,567 - [ORCHESTRATOR] - INFO - ✅ 2150 (Amiantit) - snapshot - SUCCESS
2025-12-24 23:03:09,074 - [ORCHESTRATOR] - INFO - ✅ 2170 (Alfanar) - snapshot - SUCCESS
2025-12-24 23:03:10,542 - [ORCHESTRATOR] - INFO - ✅ 2180 (Fipco) - snapshot - SUCCESS
2025-12-24 23:03:11,557 - [ORCHESTRATOR] - INFO - ✅ 2200 (Anaam Holding) - snapshot - SUCCESS
2025-12-24 23:03:11,909 - [ORCHESTRATOR] - INFO - ✅ 2210 (Nama Chemicals) - snapshot - SUCCESS
2025-12-24 23:03:14,338 - [ORCHESTRATOR] - INFO - ✅ 2220 (Methanol) - snapshot - SUCCESS
2025-12-24 23:03:14,815 - [ORCHESTRATOR] - INFO - ✅ 2230 (Chemanol) - snapshot - SUCCESS
2025-12-24 23:03:15,663 - [ORCHESTRATOR] - INFO - ✅ 2240 (Zamil Industrial) - snapshot - SUCCESS
2025-12-24 23:03:17,705 - [ORCHESTRATOR] - INFO - ✅ 2250 (Sipchem) - snapshot - SUCCESS
2025-12-24 23:03:18,706 - [ORCHESTRATOR] - INFO - ✅ 2270 (Saudi Cement) - snapshot - SUCCESS
2025-12-24 23:03:19,415 - [ORCHESTRATOR] - INFO - ✅ 2280 (Alujain) - snapshot - SUCCESS
2025-12-24 23:03:21,450 - [ORCHESTRATOR] - INFO - ✅ 2300 (Sahara Int) - snapshot - SUCCESS
2025-12-24 23:03:22,539 - [ORCHESTRATOR] - INFO - ✅ 2310 (Siig) - snapshot - SUCCESS
2025-12-24 23:03:22,678 - [ORCHESTRATOR] - INFO - ✅ 2320 (Al-Babtain) - snapshot - SUCCESS
2025-12-24 23:03:24,857 - [ORCHESTRATOR] - INFO - ✅ 4002 (Mouwasat) - snapshot - SUCCESS
2025-12-24 23:03:25,279 - [ORCHESTRATOR] - INFO - ✅ 4001 (Alhokair) - snapshot - SUCCESS
2025-12-24 23:03:26,002 - [ORCHESTRATOR] - INFO - ✅ 4003 (Extra) - snapshot - SUCCESS
2025-12-24 23:03:27,222 - [ORCHESTRATOR] - INFO - ✅ 4004 (Dossary) - snapshot - SUCCESS
2025-12-24 23:03:28,635 - [ORCHESTRATOR] - INFO - ✅ 4005 (Care) - snapshot - SUCCESS
2025-12-24 23:03:29,324 - [ORCHESTRATOR] - INFO - ✅ 4008 (Saco) - snapshot - SUCCESS
2025-12-24 23:03:30,753 - [ORCHESTRATOR] - INFO - ✅ 4020 (Dr Sulaiman) - snapshot - SUCCESS
2025-12-24 23:03:32,076 - [ORCHESTRATOR] - INFO - ✅ 4031 (Nahdi) - snapshot - SUCCESS
2025-12-24 23:03:32,556 - [ORCHESTRATOR] - INFO - ✅ 4040 (Saudi Res) - snapshot - SUCCESS
2025-12-24 23:03:33,887 - [ORCHESTRATOR] - INFO - ✅ 4050 (Saudi Hotels) - snapshot - SUCCESS
2025-12-24 23:03:34,582 - [ORCHESTRATOR] - INFO - ✅ 4051 (Shaker) - snapshot - SUCCESS
2025-12-24 23:03:36,067 - [ORCHESTRATOR] - INFO - ✅ 4061 (Arakan) - snapshot - SUCCESS
2025-12-24 23:03:36,446 - [ORCHESTRATOR] - INFO - ✅ 4081 (Derayah) - snapshot - SUCCESS
2025-12-24 23:03:37,916 - [ORCHESTRATOR] - INFO - ✅ 6001 (Halwani) - snapshot - SUCCESS
2025-12-24 23:03:37,917 - [ORCHESTRATOR] - INFO - Batch complete: 50 succeeded, 0 failed
2025-12-24 23:03:37,917 - [ORCHESTRATOR] - INFO - ============================================================
2025-12-24 23:03:37,917 - [ORCHESTRATOR] - INFO - EXTRACTION STATISTICS
2025-12-24 23:03:37,917 - [ORCHESTRATOR] - INFO - ============================================================
2025-12-24 23:03:37,917 - [ORCHESTRATOR] - INFO - Total Jobs:    50
2025-12-24 23:03:37,917 - [ORCHESTRATOR] - INFO - Successful:    50
2025-12-24 23:03:37,917 - [ORCHESTRATOR] - INFO - Failed:        0
2025-12-24 23:03:37,917 - [ORCHESTRATOR] - INFO - Retries:       0
2025-12-24 23:03:37,917 - [ORCHESTRATOR] - INFO - Success Rate:  100.00%
2025-12-24 23:03:37,917 - [ORCHESTRATOR] - INFO - ============================================================
