╔══════════════════════════════════════════════════════════════╗
║  🚀 PHASE 4C: ACTIONS & FAIR VALUES                          ║
╚══════════════════════════════════════════════════════════════╝

📦 Fetching Corporate Actions (Mubasher)...
  Fetched 1000 actions (Total: 0)...
  Fetched 1000 actions (Total: 0)...
  Fetched 1000 actions (Total: 0)...
  Fetched 1000 actions (Total: 0)...
  Fetched 1000 actions (Total: 0)...
  Fetched 1000 actions (Total: 5)...
  Fetched 151 actions (Total: 5)...
✅ Corporate Actions Complete: 5 records

💎 Fetching Fair Values (Yahoo Target Prices)...
  [1/453] 1010: Error
  [2/453] 1020: Error
  [3/453] 1030: Error
  [4/453] 1050: Error
  [5/453] 1060: Error
  [6/453] 1080: Error
  [7/453] 1111: Error
  [9/453] 1120: Error
  [10/453] 1140: Error
  [11/453] 1150: Error
  [12/453] 1180: Error
  [13/453] 1182: Error
  [14/453] 1183: Error
  [15/453] 1201: Error
  [16/453] 1202: Error
  [17/453] 1210: Error
  [18/453] 1211: Error
  [19/453] 1212: Error
  [20/453] 1213: Error
  [21/453] 1214: Error
  [22/453] 1301: Error
  [23/453] 1302: Error
  [24/453] 1303: Error
  [25/453] 1304: Error
  [26/453] 1320: Error
  [27/453] 1321: Error
  [28/453] 1322: Error
  [29/453] 1323: Error
  [30/453] 1810: Error
  [31/453] 1820: Error
  [32/453] 1830: Error
  [33/453] 1831: Error
  [34/453] 1832: Error
  [35/453] 1833: Error
  [36/453] 1834: Error
  [37/453] 1835: Error
  [38/453] 2001: Error
  [39/453] 2010: Error
  [40/453] 2020: Error
  [41/453] 2030: Error
  [42/453] 2040: Error
  [43/453] 2050: Error
  [44/453] 2060: Error
  [45/453] 2070: Error
  [46/453] 2080: Error
  [47/453] 2081: Error
  [48/453] 2082: Error
  [49/453] 2083: Error
  [50/453] 2084: Error
  [51/453] 2090: Error
  [52/453] 2100: Error
  [53/453] 2110: Error
  [54/453] 2120: Error
  [55/453] 2130: Error
  [56/453] 2140: Error
  [57/453] 2150: Error
  [58/453] 2160: Error
  [59/453] 2170: Error
  [60/453] 2180: Error
  [61/453] 2190: Error
  [62/453] 2200: Error
  [63/453] 2210: Error
  [64/453] 2220: Error
  [65/453] 2222: Error
  [66/453] 2223: Error
  [67/453] 2230: Error
  [68/453] 2240: Error
  [69/453] 2250: Error
  [70/453] 2270: Error
  [71/453] 2280: Error
  [72/453] 2281: Error
  [73/453] 2282: Error
  [74/453] 2283: Error
  [75/453] 2284: Error
  [76/453] 2285: Error
  [77/453] 2286: Error
  [78/453] 2287: Error
  [79/453] 2290: Error
  [80/453] 2300: Error
  [81/453] 2310: Error
  [82/453] 2320: Error
  [83/453] 2330: Error
  [84/453] 2340: Error
  [85/453] 2350: Error
  [86/453] 2360: Error
  [87/453] 2370: Error
  [88/453] 2380: Error
  [89/453] 2381: Error
  [90/453] 2382: Error
  [91/453] 3002: Error
  [92/453] 3003: Error
  [93/453] 3004: Error
  [94/453] 3005: Error
  [95/453] 3007: Error
  [96/453] 3008: Error
  [97/453] 3010: Error
  [98/453] 3020: Error
  [137/453] 4081: Error
  [138/453] 4082: Error
  [139/453] 4083: Error
  [140/453] 4084: Error
  [141/453] 4090: Error
  [142/453] 4100: Error
  [143/453] 4110: Error
  [144/453] 4130: Error
  [145/453] 4140: Error
  [146/453] 4141: Error
  [147/453] 4142: Error
  [148/453] 4143: Error
  [149/453] 4144: Error
  [150/453] 4145: Error
  [151/453] 4146: Error
  [152/453] 4150: Error
  [153/453] 4160: Error
  [154/453] 4161: Error
  [155/453] 4162: Error
  [156/453] 4163: Error
  [157/453] 4164: Error
  [158/453] 4165: Error
  [159/453] 4170: Error
  [160/453] 4180: Error
  [161/453] 4190: Error
  [162/453] 4191: Error
  [163/453] 4192: Error
  [164/453] 4193: Error
  [165/453] 4194: Error
  [166/453] 4200: Error
  [167/453] 4210: Error
  [168/453] 4220: Error
  [169/453] 4230: Error
  [170/453] 4240: Error
  [171/453] 4250: Error
  [172/453] 4260: Error
  [173/453] 4261: Error
  [174/453] 4262: Error
  [175/453] 4263: Error
  [176/453] 4264: Error
  [177/453] 4265: Error
  [178/453] 4270: Error
  [179/453] 4280: Error
  [180/453] 4290: Error
  [181/453] 4291: Error
  [182/453] 4292: Error
  [183/453] 4300: Error
  [184/453] 4310: Error
  [185/453] 4320: Error
  [186/453] 4321: Error
  [187/453] 4322: Error
  [188/453] 4323: Error
  [189/453] 4324: Error
  [190/453] 4325: Error
  [191/453] 4326: Error
  [192/453] 4327: Error
  [193/453] 4330: Error
  [194/453] 4331: Error
  [195/453] 4332: Error
  [196/453] 4333: Error
  [197/453] 4334: Error
  [198/453] 4335: Error
  [199/453] 4336: Error
  [200/453] 4337: Error
  [201/453] 4338: Error
  [202/453] 4339: Error
  [203/453] 4340: Error
  [204/453] 4342: Error
  [205/453] 4344: Error
  [206/453] 4345: Error
  [207/453] 4346: Error
  [208/453] 4347: Error
  [209/453] 4348: Error
  [210/453] 4349: Error
  [211/453] 4350: Error
  [212/453] 4700: Error
  [213/453] 4701: Error
  [214/453] 4702: Error
  [215/453] 4703: Error
  [216/453] 5015: Error
  [217/453] 5019: Error
  [218/453] 5021: Error
  [219/453] 5022: Error
  [220/453] 5023: Error
  [221/453] 5110: Error
  [222/453] 5214: Error
  [223/453] 5216: Error
  [264/453] 6001: Error
  [265/453] 6002: Error
  [266/453] 6004: Error
  [277/453] 6040: Error
  [305/453] 8180: Error
  [346/453] 9537: Error
  [347/453] 9538: Error
  [348/453] 9539: Error
  [349/453] 9540: Error
  [350/453] 9541: Error
  [351/453] 9542: Error
  [352/453] 9543: Error
  [353/453] 9544: Error
  [354/453] 9545: Error
  [355/453] 9546: Error
  [356/453] 9547: Error
  [357/453] 9548: Error
  [358/453] 9549: Error
  [359/453] 9550: Error
  [360/453] 9551: Error
  [361/453] 9552: Error
  [362/453] 9553: Error
  [363/453] 9555: Error
  [364/453] 9556: Error
  [365/453] 9557: Error
  [366/453] 9558: Error
  [367/453] 9559: Error
  [368/453] 9560: Error
  [369/453] 9561: Error
  [370/453] 9562: Error
  [371/453] 9563: Error
  [372/453] 9564: Error
  [373/453] 9565: Error
  [374/453] 9566: Error
  [375/453] 9567: Error
  [376/453] 9568: Error
  [377/453] 9569: Error
  [378/453] 9570: Error
  [379/453] 9571: Error
  [380/453] 9572: Error
  [381/453] 9574: Error
  [382/453] 9575: Error
  [383/453] 9576: Error
  [384/453] 9577: Error
  [385/453] 9578: Error
  [386/453] 9579: Error
  [387/453] 9580: Error
  [388/453] 9581: Error
  [389/453] 9583: Error
  [390/453] 9584: Error
  [391/453] 9585: Error
  [392/453] 9586: Error
  [393/453] 9587: Error
  [394/453] 9588: Error
  [395/453] 9589: Error
  [396/453] 9590: Error
  [397/453] 9591: Error
  [398/453] 9592: Error
  [399/453] 9593: Error
  [400/453] 9594: Error
  [401/453] 9595: Error
  [402/453] 9596: Error
  [403/453] 9597: Error
  [404/453] 9598: Error
  [405/453] 9599: Error
  [406/453] 9600: Error
  [407/453] 9601: Error
  [408/453] 9602: Error
  [409/453] 9603: Error
  [410/453] 9604: Error
  [411/453] 9605: Error
  [412/453] 9606: Error
  [413/453] 9607: Error
  [414/453] 9608: Error
  [415/453] 9609: Error
  [416/453] 9610: Error
  [417/453] 9611: Error
  [418/453] 9612: Error
  [419/453] 9613: Error
  [420/453] 9614: Error
  [421/453] 9615: Error
  [422/453] 9616: Error
  [423/453] 9617: Error
  [424/453] 9618: Error
  [425/453] 9619: Error
  [426/453] 9620: Error
  [427/453] 9621: Error
  [428/453] 9622: Error
  [429/453] 9623: Error
  [430/453] 9624: Error
  [431/453] 9625: Error
  [432/453] 9626: Error
  [433/453] 9627: Error
  [434/453] 9628: Error
  [435/453] 9630: Error
  [436/453] 9631: Error
  [437/453] 9632: Error
  [438/453] 9633: Error
  [439/453] 9634: Error
  [440/453] 9635: Error
  [441/453] 9636: Error
  [442/453] 9637: Error
  [443/453] 9639: Error
  [444/453] 9640: Error
  [445/453] 9641: Error
  [446/453] 9642: Error
  [447/453] 9644: Error
  [448/453] 9645: Error
  [449/453] 9647: Error
  [450/453] 9648: Error
  [451/453] 9649: Error
  [452/453] 9650: Error
  [453/453] 9651: Error

✅ PHASE 4C COMPLETE!
