🚀 STARTING PHASE 3: DEEP FINANCIALS (YahooQuery v2)...
[1/453] 1010 Deep Dive...   - Found 4 Income Stmts
    Insert Err: there is no unique or exclusion constraint matching the ON CONFLICT specification

    Insert Err: there is no unique or exclusion constraint matching the ON CONFLICT specification

    Insert Err: there is no unique or exclusion constraint matching the ON CONFLICT specification

    Insert Err: there is no unique or exclusion constraint matching the ON CONFLICT specification

✅ Saved 0 Stmts, 0 Insiders
[2/453] 1020 Deep Dive...   - Found 4 Income Stmts
    Insert Err: there is no unique or exclusion constraint matching the ON CONFLICT specification

    Insert Err: there is no unique or exclusion constraint matching the ON CONFLICT specification

    Insert Err: there is no unique or exclusion constraint matching the ON CONFLICT specification

    Insert Err: there is no unique or exclusion constraint matching the ON CONFLICT specification

✅ Saved 0 Stmts, 0 Insiders
[3/453] 1030 Deep Dive...   - Found 4 Income Stmts
    Insert Err: there is no unique or exclusion constraint matching the ON CONFLICT specification

    Insert Err: there is no unique or exclusion constraint matching the ON CONFLICT specification

    Insert Err: there is no unique or exclusion constraint matching the ON CONFLICT specification

    Insert Err: there is no unique or exclusion constraint matching the ON CONFLICT specification

✅ Saved 0 Stmts, 0 Insiders
[4/453] 1050 Deep Dive...   - Found 4 Income Stmts
    Insert Err: there is no unique or exclusion constraint matching the ON CONFLICT specification

    Insert Err: there is no unique or exclusion constraint matching the ON CONFLICT specification

    Insert Err: there is no unique or exclusion constraint matching the ON CONFLICT specification

    Insert Err: there is no unique or exclusion constraint matching the ON CONFLICT specification

✅ Saved 0 Stmts, 0 Insiders
[5/453] 1060 Deep Dive...   - Found 4 Income Stmts
    Insert Err: there is no unique or exclusion constraint matching the ON CONFLICT specification

    Insert Err: there is no unique or exclusion constraint matching the ON CONFLICT specification

    Insert Err: there is no unique or exclusion constraint matching the ON CONFLICT specification

    Insert Err: there is no unique or exclusion constraint matching the ON CONFLICT specification

✅ Saved 0 Stmts, 0 Insiders
[6/453] 1080 Deep Dive...   - Found 4 Income Stmts
    Insert Err: there is no unique or exclusion constraint matching the ON CONFLICT specification

    Insert Err: there is no unique or exclusion constraint matching the ON CONFLICT specification

    Insert Err: there is no unique or exclusion constraint matching the ON CONFLICT specification

    Insert Err: there is no unique or exclusion constraint matching the ON CONFLICT specification

✅ Saved 0 Stmts, 0 Insiders
[7/453] 1111 Deep Dive...   - Found 4 Income Stmts
    Insert Err: there is no unique or exclusion constraint matching the ON CONFLICT specification

    Insert Err: there is no unique or exclusion constraint matching the ON CONFLICT specification

    Insert Err: there is no unique or exclusion constraint matching the ON CONFLICT specification

    Insert Err: there is no unique or exclusion constraint matching the ON CONFLICT specification

✅ Saved 0 Stmts, 0 Insiders
[8/453] 1113 Deep Dive...   - Found 0 Income Stmts
✅ Saved 0 Stmts, 0 Insiders
[9/453] 1120 Deep Dive...   - Found 4 Income Stmts
    Insert Err: there is no unique or exclusion constraint matching the ON CONFLICT specification

    Insert Err: there is no unique or exclusion constraint matching the ON CONFLICT specification

    Insert Err: there is no unique or exclusion constraint matching the ON CONFLICT specification

    Insert Err: there is no unique or exclusion constraint matching the ON CONFLICT specification

✅ Saved 0 Stmts, 0 Insiders
[10/453] 1140 Deep Dive...   - Found 4 Income Stmts
    Insert Err: there is no unique or exclusion constraint matching the ON CONFLICT specification

    Insert Err: there is no unique or exclusion constraint matching the ON CONFLICT specification

    Insert Err: there is no unique or exclusion constraint matching the ON CONFLICT specification

    Insert Err: there is no unique or exclusion constraint matching the ON CONFLICT specification

✅ Saved 0 Stmts, 0 Insiders
[11/453] 1150 Deep Dive...   - Found 4 Income Stmts
    Insert Err: there is no unique or exclusion constraint matching the ON CONFLICT specification

    Insert Err: there is no unique or exclusion constraint matching the ON CONFLICT specification

    Insert Err: there is no unique or exclusion constraint matching the ON CONFLICT specification

    Insert Err: there is no unique or exclusion constraint matching the ON CONFLICT specification

✅ Saved 0 Stmts, 0 Insiders
[12/453] 1180 Deep Dive...   - Found 4 Income Stmts
    Insert Err: there is no unique or exclusion constraint matching the ON CONFLICT specification

    Insert Err: there is no unique or exclusion constraint matching the ON CONFLICT specification

    Insert Err: there is no unique or exclusion constraint matching the ON CONFLICT specification

    Insert Err: there is no unique or exclusion constraint matching the ON CONFLICT specification

✅ Saved 0 Stmts, 0 Insiders
[13/453] 1182 Deep Dive...   - Found 0 Income Stmts
✅ Saved 0 Stmts, 0 Insiders
[14/453] 1183 Deep Dive...   - Found 0 Income Stmts
✅ Saved 0 Stmts, 0 Insiders
[15/453] 1201 Deep Dive... /Library/Frameworks/Python.framework/Versions/3.13/lib/python3.13/multiprocessing/resource_tracker.py:301: UserWarning: resource_tracker: There appear to be 1 leaked semaphore objects to clean up at shutdown: {'/mp-erm7g0t9'}
  warnings.warn(
