🚀 STARTING PHASE 3: DEEP FINANCIALS (YahooQuery v2)...
[1/453] 1010 Deep Dive...   - Found 4 Income Stmts
    Insert Err: can't adapt type 'dict'
    Insert Err: can't adapt type 'dict'
    Insert Err: can't adapt type 'dict'
    Insert Err: can't adapt type 'dict'
✅ Saved 0 Stmts, 0 Insiders
[2/453] 1020 Deep Dive...   - Found 4 Income Stmts
    Insert Err: can't adapt type 'dict'
    Insert Err: can't adapt type 'dict'
    Insert Err: can't adapt type 'dict'
    Insert Err: can't adapt type 'dict'
✅ Saved 0 Stmts, 0 Insiders
[3/453] 1030 Deep Dive...   - Found 4 Income Stmts
    Insert Err: can't adapt type 'dict'
    Insert Err: can't adapt type 'dict'
    Insert Err: can't adapt type 'dict'
    Insert Err: can't adapt type 'dict'
✅ Saved 0 Stmts, 0 Insiders
[4/453] 1050 Deep Dive...   - Found 4 Income Stmts
    Insert Err: can't adapt type 'dict'
    Insert Err: can't adapt type 'dict'
    Insert Err: can't adapt type 'dict'
    Insert Err: can't adapt type 'dict'
✅ Saved 0 Stmts, 0 Insiders
[5/453] 1060 Deep Dive...   - Found 4 Income Stmts
    Insert Err: can't adapt type 'dict'
    Insert Err: can't adapt type 'dict'
    Insert Err: can't adapt type 'dict'
    Insert Err: can't adapt type 'dict'
✅ Saved 0 Stmts, 0 Insiders
[6/453] 1080 Deep Dive...   - Found 4 Income Stmts
    Insert Err: can't adapt type 'dict'
    Insert Err: can't adapt type 'dict'
    Insert Err: can't adapt type 'dict'
    Insert Err: can't adapt type 'dict'
✅ Saved 0 Stmts, 0 Insiders
[7/453] 1111 Deep Dive...   - Found 4 Income Stmts
    Insert Err: can't adapt type 'dict'
    Insert Err: can't adapt type 'dict'
    Insert Err: can't adapt type 'dict'
    Insert Err: can't adapt type 'dict'
✅ Saved 0 Stmts, 0 Insiders
[8/453] 1113 Deep Dive...   - Found 0 Income Stmts
✅ Saved 0 Stmts, 0 Insiders
[9/453] 1120 Deep Dive...   - Found 4 Income Stmts
    Insert Err: can't adapt type 'dict'
    Insert Err: can't adapt type 'dict'
    Insert Err: can't adapt type 'dict'
    Insert Err: can't adapt type 'dict'
✅ Saved 0 Stmts, 0 Insiders
[10/453] 1140 Deep Dive...   - Found 4 Income Stmts
    Insert Err: can't adapt type 'dict'
    Insert Err: can't adapt type 'dict'
    Insert Err: can't adapt type 'dict'
    Insert Err: can't adapt type 'dict'
✅ Saved 0 Stmts, 0 Insiders
[11/453] 1150 Deep Dive... Err: Failed to perform, curl: (35) TLS connect error: error:00000000:invalid library (0):OPENSSL_internal:invalid library (0). See https://curl.se/libcurl/c/libcurl-errors.html first for more details.
[12/453] 1180 Deep Dive... Err: Failed to perform, curl: (35) TLS connect error: error:00000000:invalid library (0):OPENSSL_internal:invalid library (0). See https://curl.se/libcurl/c/libcurl-errors.html first for more details.
[13/453] 1182 Deep Dive...   - Found 0 Income Stmts
✅ Saved 0 Stmts, 0 Insiders
[14/453] 1183 Deep Dive...   - Found 0 Income Stmts
✅ Saved 0 Stmts, 0 Insiders
[15/453] 1201 Deep Dive...   - Found 4 Income Stmts
    Insert Err: can't adapt type 'dict'
    Insert Err: can't adapt type 'dict'
    Insert Err: can't adapt type 'dict'
    Insert Err: can't adapt type 'dict'
✅ Saved 0 Stmts, 0 Insiders
[16/453] 1202 Deep Dive...   - Found 4 Income Stmts
    Insert Err: can't adapt type 'dict'
    Insert Err: can't adapt type 'dict'
    Insert Err: can't adapt type 'dict'
    Insert Err: can't adapt type 'dict'
✅ Saved 0 Stmts, 0 Insiders
[17/453] 1210 Deep Dive... Err: Failed to perform, curl: (28) Operation timed out after 30001 milliseconds with 301895 bytes received. See https://curl.se/libcurl/c/libcurl-errors.html first for more details.
[18/453] 1211 Deep Dive...   - Found 4 Income Stmts
    Insert Err: can't adapt type 'dict'
    Insert Err: can't adapt type 'dict'
    Insert Err: can't adapt type 'dict'
    Insert Err: can't adapt type 'dict'
✅ Saved 0 Stmts, 0 Insiders
[19/453] 1212 Deep Dive...   - Found 4 Income Stmts
    Insert Err: can't adapt type 'dict'
    Insert Err: can't adapt type 'dict'
    Insert Err: can't adapt type 'dict'
    Insert Err: can't adapt type 'dict'
✅ Saved 0 Stmts, 0 Insiders
[20/453] 1213 Deep Dive...   - Found 0 Income Stmts
✅ Saved 0 Stmts, 0 Insiders
[21/453] 1214 Deep Dive...   - Found 4 Income Stmts
    Insert Err: can't adapt type 'dict'
    Insert Err: can't adapt type 'dict'
    Insert Err: can't adapt type 'dict'
    Insert Err: can't adapt type 'dict'
✅ Saved 0 Stmts, 0 Insiders
[22/453] 1301 Deep Dive...   - Found 0 Income Stmts
✅ Saved 0 Stmts, 0 Insiders
[23/453] 1302 Deep Dive...   - Found 4 Income Stmts
    Insert Err: can't adapt type 'dict'
    Insert Err: can't adapt type 'dict'
    Insert Err: can't adapt type 'dict'
    Insert Err: can't adapt type 'dict'
✅ Saved 0 Stmts, 0 Insiders
[24/453] 1303 Deep Dive...   - Found 1 Income Stmts
    Insert Err: can't adapt type 'dict'
✅ Saved 0 Stmts, 0 Insiders
[25/453] 1304 Deep Dive...   - Found 2 Income Stmts
    Insert Err: can't adapt type 'dict'
    Insert Err: can't adapt type 'dict'
✅ Saved 0 Stmts, 0 Insiders
[26/453] 1320 Deep Dive...   - Found 4 Income Stmts
    Insert Err: can't adapt type 'dict'
    Insert Err: can't adapt type 'dict'
    Insert Err: can't adapt type 'dict'
    Insert Err: can't adapt type 'dict'
✅ Saved 0 Stmts, 0 Insiders
[27/453] 1321 Deep Dive...   - Found 1 Income Stmts
    Insert Err: can't adapt type 'dict'
✅ Saved 0 Stmts, 0 Insiders
[28/453] 1322 Deep Dive...   - Found 2 Income Stmts
    Insert Err: can't adapt type 'dict'
    Insert Err: can't adapt type 'dict'
✅ Saved 0 Stmts, 0 Insiders
[29/453] 1323 Deep Dive...   - Found 0 Income Stmts
✅ Saved 0 Stmts, 0 Insiders
[30/453] 1810 Deep Dive...   - Found 4 Income Stmts
    Insert Err: can't adapt type 'dict'
    Insert Err: can't adapt type 'dict'
    Insert Err: can't adapt type 'dict'
    Insert Err: can't adapt type 'dict'
✅ Saved 0 Stmts, 0 Insiders
[31/453] 1820 Deep Dive...   - Found 4 Income Stmts
    Insert Err: can't adapt type 'dict'
    Insert Err: can't adapt type 'dict'
    Insert Err: can't adapt type 'dict'
    Insert Err: can't adapt type 'dict'
✅ Saved 0 Stmts, 0 Insiders
[32/453] 1830 Deep Dive...   - Found 4 Income Stmts
    Insert Err: can't adapt type 'dict'
    Insert Err: can't adapt type 'dict'
    Insert Err: can't adapt type 'dict'
    Insert Err: can't adapt type 'dict'
✅ Saved 0 Stmts, 0 Insiders
[33/453] 1831 Deep Dive...   - Found 4 Income Stmts
    Insert Err: can't adapt type 'dict'
    Insert Err: can't adapt type 'dict'
    Insert Err: can't adapt type 'dict'
    Insert Err: can't adapt type 'dict'
✅ Saved 0 Stmts, 0 Insiders
[34/453] 1832 Deep Dive...   - Found 1 Income Stmts
    Insert Err: can't adapt type 'dict'
✅ Saved 0 Stmts, 0 Insiders
[35/453] 1833 Deep Dive...   - Found 3 Income Stmts
    Insert Err: can't adapt type 'dict'
    Insert Err: can't adapt type 'dict'
    Insert Err: can't adapt type 'dict'
✅ Saved 0 Stmts, 0 Insiders
[36/453] 1834 Deep Dive...   - Found 2 Income Stmts
    Insert Err: can't adapt type 'dict'
    Insert Err: can't adapt type 'dict'
✅ Saved 0 Stmts, 0 Insiders
[37/453] 1835 Deep Dive...   - Found 1 Income Stmts
    Insert Err: can't adapt type 'dict'
✅ Saved 0 Stmts, 0 Insiders
[38/453] 2001 Deep Dive...   - Found 4 Income Stmts
    Insert Err: can't adapt type 'dict'
    Insert Err: can't adapt type 'dict'
    Insert Err: can't adapt type 'dict'
    Insert Err: can't adapt type 'dict'
✅ Saved 0 Stmts, 0 Insiders
[39/453] 2010 Deep Dive...   - Found 4 Income Stmts
    Insert Err: can't adapt type 'dict'
    Insert Err: can't adapt type 'dict'
    Insert Err: can't adapt type 'dict'
    Insert Err: can't adapt type 'dict'
✅ Saved 0 Stmts, 0 Insiders
[40/453] 2020 Deep Dive...   - Found 4 Income Stmts
    Insert Err: can't adapt type 'dict'
    Insert Err: can't adapt type 'dict'
    Insert Err: can't adapt type 'dict'
    Insert Err: can't adapt type 'dict'
✅ Saved 0 Stmts, 0 Insiders
[41/453] 2030 Deep Dive...   - Found 0 Income Stmts
✅ Saved 0 Stmts, 0 Insiders
[42/453] 2040 Deep Dive...   - Found 4 Income Stmts
    Insert Err: can't adapt type 'dict'
    Insert Err: can't adapt type 'dict'
    Insert Err: can't adapt type 'dict'
    Insert Err: can't adapt type 'dict'
✅ Saved 0 Stmts, 0 Insiders
[43/453] 2050 Deep Dive...   - Found 4 Income Stmts
    Insert Err: can't adapt type 'dict'
    Insert Err: can't adapt type 'dict'
    Insert Err: can't adapt type 'dict'
    Insert Err: can't adapt type 'dict'
✅ Saved 0 Stmts, 0 Insiders
[44/453] 2060 Deep Dive...   - Found 4 Income Stmts
    Insert Err: can't adapt type 'dict'
    Insert Err: can't adapt type 'dict'
    Insert Err: can't adapt type 'dict'
    Insert Err: can't adapt type 'dict'
✅ Saved 0 Stmts, 0 Insiders
[45/453] 2070 Deep Dive...   - Found 4 Income Stmts
    Insert Err: can't adapt type 'dict'
    Insert Err: can't adapt type 'dict'
    Insert Err: can't adapt type 'dict'
    Insert Err: can't adapt type 'dict'
✅ Saved 0 Stmts, 0 Insiders
[46/453] 2080 Deep Dive...   - Found 3 Income Stmts
    Insert Err: can't adapt type 'dict'
    Insert Err: can't adapt type 'dict'
    Insert Err: can't adapt type 'dict'
✅ Saved 0 Stmts, 0 Insiders
[47/453] 2081 Deep Dive...   - Found 4 Income Stmts
    Insert Err: can't adapt type 'dict'
    Insert Err: can't adapt type 'dict'
    Insert Err: can't adapt type 'dict'
    Insert Err: can't adapt type 'dict'
✅ Saved 0 Stmts, 0 Insiders
[48/453] 2082 Deep Dive...   - Found 4 Income Stmts
    Insert Err: can't adapt type 'dict'
    Insert Err: can't adapt type 'dict'
    Insert Err: can't adapt type 'dict'
    Insert Err: can't adapt type 'dict'
✅ Saved 0 Stmts, 0 Insiders
[49/453] 2083 Deep Dive...   - Found 3 Income Stmts
    Insert Err: can't adapt type 'dict'
    Insert Err: can't adapt type 'dict'
    Insert Err: can't adapt type 'dict'
✅ Saved 0 Stmts, 0 Insiders
[50/453] 2084 Deep Dive...   - Found 2 Income Stmts
    Insert Err: can't adapt type 'dict'
    Insert Err: can't adapt type 'dict'
✅ Saved 0 Stmts, 0 Insiders
[51/453] 2090 Deep Dive...   - Found 0 Income Stmts
✅ Saved 0 Stmts, 0 Insiders
[52/453] 2100 Deep Dive...   - Found 0 Income Stmts
✅ Saved 0 Stmts, 0 Insiders
[53/453] 2110 Deep Dive...   - Found 4 Income Stmts
    Insert Err: can't adapt type 'dict'
    Insert Err: can't adapt type 'dict'
    Insert Err: can't adapt type 'dict'
    Insert Err: can't adapt type 'dict'
✅ Saved 0 Stmts, 0 Insiders
[54/453] 2120 Deep Dive...   - Found 0 Income Stmts
✅ Saved 0 Stmts, 0 Insiders
[55/453] 2130 Deep Dive...   - Found 0 Income Stmts
✅ Saved 0 Stmts, 0 Insiders
[56/453] 2140 Deep Dive...   - Found 0 Income Stmts
✅ Saved 0 Stmts, 0 Insiders
[57/453] 2150 Deep Dive...   - Found 0 Income Stmts
✅ Saved 0 Stmts, 0 Insiders
[58/453] 2160 Deep Dive...   - Found 4 Income Stmts
    Insert Err: can't adapt type 'dict'
    Insert Err: can't adapt type 'dict'
    Insert Err: can't adapt type 'dict'
    Insert Err: can't adapt type 'dict'
✅ Saved 0 Stmts, 0 Insiders
[59/453] 2170 Deep Dive...   - Found 4 Income Stmts
    Insert Err: can't adapt type 'dict'
    Insert Err: can't adapt type 'dict'
    Insert Err: can't adapt type 'dict'
    Insert Err: can't adapt type 'dict'
✅ Saved 0 Stmts, 0 Insiders
[60/453] 2180 Deep Dive...   - Found 0 Income Stmts
✅ Saved 0 Stmts, 0 Insiders
[61/453] 2190 Deep Dive...   - Found 4 Income Stmts
    Insert Err: can't adapt type 'dict'
    Insert Err: can't adapt type 'dict'
    Insert Err: can't adapt type 'dict'
    Insert Err: can't adapt type 'dict'
✅ Saved 0 Stmts, 0 Insiders
[62/453] 2200 Deep Dive...   - Found 4 Income Stmts
    Insert Err: can't adapt type 'dict'
    Insert Err: can't adapt type 'dict'
    Insert Err: can't adapt type 'dict'
    Insert Err: can't adapt type 'dict'
✅ Saved 0 Stmts, 0 Insiders
[63/453] 2210 Deep Dive...   - Found 0 Income Stmts
✅ Saved 0 Stmts, 0 Insiders
[64/453] 2220 Deep Dive...   - Found 0 Income Stmts
✅ Saved 0 Stmts, 0 Insiders
[65/453] 2222 Deep Dive...   - Found 4 Income Stmts
    Insert Err: can't adapt type 'dict'
    Insert Err: can't adapt type 'dict'
    Insert Err: can't adapt type 'dict'
    Insert Err: can't adapt type 'dict'
✅ Saved 0 Stmts, 0 Insiders
[66/453] 2223 Deep Dive...   - Found 4 Income Stmts
    Insert Err: can't adapt type 'dict'
    Insert Err: can't adapt type 'dict'
    Insert Err: can't adapt type 'dict'
    Insert Err: can't adapt type 'dict'
✅ Saved 0 Stmts, 0 Insiders
[67/453] 2230 Deep Dive...   - Found 1 Income Stmts
    Insert Err: can't adapt type 'dict'
✅ Saved 0 Stmts, 0 Insiders
[68/453] 2240 Deep Dive...   - Found 4 Income Stmts
    Insert Err: can't adapt type 'dict'
    Insert Err: can't adapt type 'dict'
    Insert Err: can't adapt type 'dict'
    Insert Err: can't adapt type 'dict'
✅ Saved 0 Stmts, 0 Insiders
[69/453] 2250 Deep Dive...   - Found 4 Income Stmts
    Insert Err: can't adapt type 'dict'
    Insert Err: can't adapt type 'dict'
    Insert Err: can't adapt type 'dict'
    Insert Err: can't adapt type 'dict'
✅ Saved 0 Stmts, 0 Insiders
[70/453] 2270 Deep Dive...   - Found 4 Income Stmts
    Insert Err: can't adapt type 'dict'
    Insert Err: can't adapt type 'dict'
    Insert Err: can't adapt type 'dict'
    Insert Err: can't adapt type 'dict'
✅ Saved 0 Stmts, 0 Insiders
[71/453] 2280 Deep Dive...   - Found 4 Income Stmts
    Insert Err: can't adapt type 'dict'
    Insert Err: can't adapt type 'dict'
    Insert Err: can't adapt type 'dict'
    Insert Err: can't adapt type 'dict'
✅ Saved 0 Stmts, 0 Insiders
[72/453] 2281 Deep Dive...   - Found 4 Income Stmts
    Insert Err: can't adapt type 'dict'
    Insert Err: can't adapt type 'dict'
    Insert Err: can't adapt type 'dict'
    Insert Err: can't adapt type 'dict'
✅ Saved 0 Stmts, 0 Insiders
[73/453] 2282 Deep Dive...   - Found 1 Income Stmts
    Insert Err: can't adapt type 'dict'
✅ Saved 0 Stmts, 0 Insiders
[74/453] 2283 Deep Dive...   - Found 3 Income Stmts
    Insert Err: can't adapt type 'dict'
    Insert Err: can't adapt type 'dict'
    Insert Err: can't adapt type 'dict'
✅ Saved 0 Stmts, 0 Insiders
[75/453] 2284 Deep Dive...   - Found 3 Income Stmts
    Insert Err: can't adapt type 'dict'
    Insert Err: can't adapt type 'dict'
    Insert Err: can't adapt type 'dict'
✅ Saved 0 Stmts, 0 Insiders
[76/453] 2285 Deep Dive...   - Found 2 Income Stmts
    Insert Err: can't adapt type 'dict'
    Insert Err: can't adapt type 'dict'
✅ Saved 0 Stmts, 0 Insiders
[77/453] 2286 Deep Dive...   - Found 2 Income Stmts
    Insert Err: can't adapt type 'dict'
    Insert Err: can't adapt type 'dict'
✅ Saved 0 Stmts, 0 Insiders
[78/453] 2287 Deep Dive...   - Found 0 Income Stmts
✅ Saved 0 Stmts, 0 Insiders
[79/453] 2290 Deep Dive...   - Found 4 Income Stmts
    Insert Err: can't adapt type 'dict'
    Insert Err: can't adapt type 'dict'
    Insert Err: can't adapt type 'dict'
    Insert Err: can't adapt type 'dict'
✅ Saved 0 Stmts, 0 Insiders
[80/453] 2300 Deep Dive...   - Found 4 Income Stmts
    Insert Err: can't adapt type 'dict'
    Insert Err: can't adapt type 'dict'
    Insert Err: can't adapt type 'dict'
    Insert Err: can't adapt type 'dict'
✅ Saved 0 Stmts, 0 Insiders
[81/453] 2310 Deep Dive...   - Found 4 Income Stmts
    Insert Err: can't adapt type 'dict'
    Insert Err: can't adapt type 'dict'
    Insert Err: can't adapt type 'dict'
    Insert Err: can't adapt type 'dict'
✅ Saved 0 Stmts, 0 Insiders
/Library/Frameworks/Python.framework/Versions/3.13/lib/python3.13/multiprocessing/resource_tracker.py:301: UserWarning: resource_tracker: There appear to be 1 leaked semaphore objects to clean up at shutdown: {'/mp-4zzqlevh'}
  warnings.warn(
