2025-12-24 23:04:36,030 - [PHASE2] - INFO - 🚀 PHASE 2: MUTUAL FUNDS & ETF EXPANSION
2025-12-24 23:04:36,030 - [PHASE2] - INFO - ============================================================
2025-12-24 23:04:36,090 - [PHASE2] - INFO - Creating mutual fund and ETF tables...
2025-12-24 23:04:36,146 - [PHASE2] - INFO - ✅ Tables created successfully
2025-12-24 23:04:36,146 - [PHASE2] - INFO - Populating 20 mutual funds...
2025-12-24 23:04:36,438 - [PHASE2] - INFO - ✅ Al Rajhi Saudi Equity Fund - 1,095 NAV records
2025-12-24 23:04:36,719 - [PHASE2] - INFO - ✅ HSBC Saudi Equity Fund - 1,095 NAV records
2025-12-24 23:04:37,014 - [PHASE2] - INFO - ✅ SABB Balanced Fund - 1,095 NAV records
2025-12-24 23:04:37,299 - [PHASE2] - INFO - ✅ NCB Equity Fund - 1,095 NAV records
2025-12-24 23:04:37,582 - [PHASE2] - INFO - ✅ Riyad REIT Fund - 1,095 NAV records
2025-12-24 23:04:37,861 - [PHASE2] - INFO - ✅ Alahli Saudi Trading Equity - 1,095 NAV records
2025-12-24 23:04:38,203 - [PHASE2] - INFO - ✅ GIB Saudi Riyal Money Market - 1,095 NAV records
2025-12-24 23:04:38,491 - [PHASE2] - INFO - ✅ Alinma Petrochemical Fund - 1,095 NAV records
2025-12-24 23:04:38,767 - [PHASE2] - INFO - ✅ Alistithmar Capital Growth - 1,095 NAV records
2025-12-24 23:04:39,054 - [PHASE2] - INFO - ✅ Jadwa Saudi Equity Fund - 1,095 NAV records
2025-12-24 23:04:39,342 - [PHASE2] - INFO - ✅ Musharaka REIT Fund - 1,095 NAV records
2025-12-24 23:04:39,626 - [PHASE2] - INFO - ✅ Saudi Fransi Equity Fund - 1,095 NAV records
2025-12-24 23:04:39,910 - [PHASE2] - INFO - ✅ Falcom Saudi Equity Fund - 1,095 NAV records
2025-12-24 23:04:40,200 - [PHASE2] - INFO - ✅ Albilad Balanced Fund - 1,095 NAV records
2025-12-24 23:04:40,482 - [PHASE2] - INFO - ✅ Alawwal Equity Fund - 1,095 NAV records
2025-12-24 23:04:40,776 - [PHASE2] - INFO - ✅ Audi Capital Saudi Fund - 1,095 NAV records
2025-12-24 23:04:41,057 - [PHASE2] - INFO - ✅ Aljazira Capital Equity - 1,095 NAV records
2025-12-24 23:04:41,340 - [PHASE2] - INFO - ✅ Alkhabeer REIT Fund - 1,095 NAV records
2025-12-24 23:04:41,622 - [PHASE2] - INFO - ✅ Derayah Financial Equity - 1,095 NAV records
2025-12-24 23:04:41,909 - [PHASE2] - INFO - ✅ Alinma Technology Fund - 1,095 NAV records
2025-12-24 23:04:41,910 - [PHASE2] - INFO - ✅ Populated 20 mutual funds with 21,900 NAV records
2025-12-24 23:04:41,910 - [PHASE2] - INFO - Populating 4 ETFs...
2025-12-24 23:04:41,910 - [PHASE2] - INFO - ✅ Falcom Tadawul 30 ETF
2025-12-24 23:04:41,911 - [PHASE2] - INFO - ✅ HSBC TASI ETF
2025-12-24 23:04:41,911 - [PHASE2] - INFO - ✅ AlAhli Dividend ETF
2025-12-24 23:04:41,911 - [PHASE2] - INFO - ✅ Alahli REIT ETF
2025-12-24 23:04:41,911 - [PHASE2] - INFO - ✅ Populated 4 ETFs
2025-12-24 23:04:41,915 - [PHASE2] - INFO - 
============================================================
2025-12-24 23:04:41,915 - [PHASE2] - INFO - PHASE 2 COMPLETE - SUMMARY
2025-12-24 23:04:41,915 - [PHASE2] - INFO - ============================================================
2025-12-24 23:04:41,915 - [PHASE2] - INFO - Mutual Funds:     20
2025-12-24 23:04:41,915 - [PHASE2] - INFO - NAV Records:      21,900
2025-12-24 23:04:41,915 - [PHASE2] - INFO - ETFs:             4
2025-12-24 23:04:41,915 - [PHASE2] - INFO - ============================================================
2025-12-24 23:04:41,915 - [PHASE2] - INFO - 
🎉 PHASE 2 COMPLETE!
2025-12-24 23:04:41,915 - [PHASE2] - INFO - Next: Run Phase 3 for corporate actions & insider trading
