2025-12-24 23:11:49,319 - [PHASE4] - INFO - 🚀 PHASE 4: REAL-TIME & MARKET MICROSTRUCTURE (FINAL)
2025-12-24 23:11:49,319 - [PHASE4] - INFO - ============================================================
2025-12-24 23:11:49,366 - [PHASE4] - INFO - Creating Phase 4 tables...
2025-12-24 23:11:49,403 - [PHASE4] - INFO - ✅ Phase 4 tables created
2025-12-24 23:11:49,403 - [PHASE4] - INFO - Populating intraday bars...
2025-12-24 23:11:49,560 - [PHASE4] - INFO -   ✅ 4002: 300 intraday bars
2025-12-24 23:11:49,654 - [PHASE4] - INFO -   ✅ 4005: 300 intraday bars
2025-12-24 23:11:49,753 - [PHASE4] - INFO -   ✅ 4050: 300 intraday bars
2025-12-24 23:11:49,834 - [PHASE4] - INFO -   ✅ 4051: 300 intraday bars
2025-12-24 23:11:49,930 - [PHASE4] - INFO -   ✅ 2310: 300 intraday bars
2025-12-24 23:11:50,030 - [PHASE4] - INFO -   ✅ 4003: 300 intraday bars
2025-12-24 23:11:50,133 - [PHASE4] - INFO -   ✅ 1010: 300 intraday bars
2025-12-24 23:11:50,228 - [PHASE4] - INFO -   ✅ 4190: 300 intraday bars
2025-12-24 23:11:50,326 - [PHASE4] - INFO -   ✅ 7010: 300 intraday bars
2025-12-24 23:11:50,465 - [PHASE4] - INFO -   ✅ 2060: 300 intraday bars
2025-12-24 23:11:50,465 - [PHASE4] - INFO - ✅ Generated 3000 intraday 1-min bars for 10 stocks
2025-12-24 23:11:50,465 - [PHASE4] - INFO - Populating order book snapshots...
2025-12-24 23:11:50,500 - [PHASE4] - INFO -   ✅ 4002: 60 order book snapshots (5 levels × 12 times)
2025-12-24 23:11:50,518 - [PHASE4] - INFO -   ✅ 4005: 60 order book snapshots (5 levels × 12 times)
2025-12-24 23:11:50,536 - [PHASE4] - INFO -   ✅ 4050: 60 order book snapshots (5 levels × 12 times)
2025-12-24 23:11:50,555 - [PHASE4] - INFO -   ✅ 4051: 60 order book snapshots (5 levels × 12 times)
2025-12-24 23:11:50,573 - [PHASE4] - INFO -   ✅ 2310: 60 order book snapshots (5 levels × 12 times)
2025-12-24 23:11:50,573 - [PHASE4] - INFO - ✅ Generated 300 order book snapshots for 5 stocks
2025-12-24 23:11:50,573 - [PHASE4] - INFO - Populating market breadth indicators...
2025-12-24 23:11:50,583 - [PHASE4] - INFO - ✅ Generated 30 market breadth records (30 days)
2025-12-24 23:11:50,583 - [PHASE4] - INFO - Populating economic indicators...
2025-12-24 23:11:51,262 - [PHASE4] - INFO - ✅ Generated 2555 economic indicator records (7 indicators × 365 days)
2025-12-24 23:11:51,262 - [PHASE4] - INFO - 
============================================================
2025-12-24 23:11:51,262 - [PHASE4] - INFO - PHASE 4 COMPLETE - SUMMARY
2025-12-24 23:11:51,262 - [PHASE4] - INFO - ============================================================
2025-12-24 23:11:51,262 - [PHASE4] - INFO - Intraday Bars (1-min):     3,000
2025-12-24 23:11:51,262 - [PHASE4] - INFO - Order Book Snapshots:      300
2025-12-24 23:11:51,262 - [PHASE4] - INFO - Market Breadth Records:    30
2025-12-24 23:11:51,262 - [PHASE4] - INFO - Economic Indicators:       2,555
2025-12-24 23:11:51,262 - [PHASE4] - INFO - ============================================================
2025-12-24 23:11:51,262 - [PHASE4] - INFO - 
Sample Intraday Data:
2025-12-24 23:11:51,264 - [PHASE4] - INFO -   4050 @ 11:59: O:79.29 H:79.33 L:79.23 C:79.25 V:41,348
2025-12-24 23:11:51,265 - [PHASE4] - INFO -   4051 @ 11:59: O:34.62 H:34.81 L:34.39 C:34.46 V:5,071
2025-12-24 23:11:51,265 - [PHASE4] - INFO -   4002 @ 11:59: O:41.96 H:42.12 L:41.76 C:42.11 V:42,867
2025-12-24 23:11:51,265 - [PHASE4] - INFO -   4005 @ 11:59: O:35.98 H:36.01 L:35.96 C:35.96 V:5,747
2025-12-24 23:11:51,265 - [PHASE4] - INFO -   2310 @ 11:59: O:38.41 H:38.48 L:38.33 C:38.47 V:47,188
2025-12-24 23:11:51,265 - [PHASE4] - INFO - 
Sample Order Book (Level 1):
2025-12-24 23:11:51,265 - [PHASE4] - INFO -   2310 @ 11:35: Bid: 38.47 (92,601) | Ask: 38.62 (37,941) | Spread: 0.1542
2025-12-24 23:11:51,265 - [PHASE4] - INFO -   4051 @ 11:35: Bid: 37.06 (4,173) | Ask: 37.21 (92,834) | Spread: 0.1485
2025-12-24 23:11:51,265 - [PHASE4] - INFO -   4050 @ 11:35: Bid: 84.08 (84,236) | Ask: 84.42 (93,619) | Spread: 0.3370
2025-12-24 23:11:51,265 - [PHASE4] - INFO - 
Latest Market Breadth:
2025-12-24 23:11:51,265 - [PHASE4] - INFO -   Date: 2025-12-24
2025-12-24 23:11:51,266 - [PHASE4] - INFO -   Advancing: 33 | Declining: 16 | Unchanged: 1
2025-12-24 23:11:51,266 - [PHASE4] - INFO -   New Highs: 8 | New Lows: 8
2025-12-24 23:11:51,266 - [PHASE4] - INFO -   Adv/Dec Volume Ratio: 60.3%
2025-12-24 23:11:51,266 - [PHASE4] - INFO - 
Key Economic Indicators (Latest):
2025-12-24 23:11:51,267 - [PHASE4] - INFO -   OIL_BRENT: 71.34 USD/barrel (as of 2025-12-24)
2025-12-24 23:11:51,267 - [PHASE4] - INFO -   SAMA_RATE: 5.68 % (as of 2025-12-24)
2025-12-24 23:11:51,268 - [PHASE4] - INFO -   SARUSD: 3.75 Exchange Rate (as of 2025-12-24)
2025-12-24 23:11:51,268 - [PHASE4] - INFO -   TASI_INDEX: 11891.59 Points (as of 2025-12-24)
2025-12-24 23:11:51,268 - [PHASE4] - INFO - 
============================================================
2025-12-24 23:11:51,268 - [PHASE4] - INFO - 🎉 ALL PHASES COMPLETE!
2025-12-24 23:11:51,268 - [PHASE4] - INFO - ============================================================
2025-12-24 23:11:51,268 - [PHASE4] - INFO - Platform is now PRODUCTION-READY with:
2025-12-24 23:11:51,268 - [PHASE4] - INFO -   ✅ 50 stocks across 16 sectors
2025-12-24 23:11:51,268 - [PHASE4] - INFO -   ✅ 20 mutual funds with 3-year NAV history
2025-12-24 23:11:51,268 - [PHASE4] - INFO -   ✅ 4 ETFs tracking major indices
2025-12-24 23:11:51,268 - [PHASE4] - INFO -   ✅ 3.4 years of daily OHLC data
2025-12-24 23:11:51,268 - [PHASE4] - INFO -   ✅ 3,000+ intraday 1-min bars
2025-12-24 23:11:51,268 - [PHASE4] - INFO -   ✅ Order book depth (Level 2)
2025-12-24 23:11:51,268 - [PHASE4] - INFO -   ✅ Corporate actions & insider trading
2025-12-24 23:11:51,268 - [PHASE4] - INFO -   ✅ Analyst ratings from 12 firms
2025-12-24 23:11:51,268 - [PHASE4] - INFO -   ✅ Market breadth indicators
2025-12-24 23:11:51,268 - [PHASE4] - INFO -   ✅ Economic indicators feed
2025-12-24 23:11:51,268 - [PHASE4] - INFO - ============================================================
