2025-12-25 03:06:39,724 - [HISTORY] - INFO - Loaded 582 funds to process.
2025-12-25 03:06:40,891 - [HISTORY] - INFO - Processing 4599...
2025-12-25 03:06:42,828 - [HISTORY] - INFO - ✅ 4599: Found 329 points.
2025-12-25 03:06:42,828 - [HISTORY] - INFO - ✅ 4599: Found 329 unique points.
2025-12-25 03:06:49,306 - [HISTORY] - INFO - Processing 1962...
2025-12-25 03:06:51,280 - [HISTORY] - INFO - ✅ 1962: Found 1796 points.
2025-12-25 03:06:51,281 - [HISTORY] - INFO - ✅ 1962: Found 1792 unique points.
2025-12-25 03:06:57,320 - [HISTORY] - INFO - Processing 2057...
2025-12-25 03:06:59,392 - [HISTORY] - INFO - ✅ 2057: Found 2322 points.
2025-12-25 03:06:59,393 - [HISTORY] - INFO - ✅ 2057: Found 2319 unique points.
2025-12-25 03:07:06,740 - [HISTORY] - INFO - Processing 2087...
2025-12-25 03:07:09,355 - [HISTORY] - INFO - ✅ 2087: Found 347 points.
2025-12-25 03:07:09,357 - [HISTORY] - INFO - ✅ 2087: Found 347 unique points.
2025-12-25 03:07:15,157 - [HISTORY] - INFO - Processing 2048...
2025-12-25 03:07:17,837 - [HISTORY] - INFO - ✅ 2048: Found 11 points.
2025-12-25 03:07:17,837 - [HISTORY] - INFO - ✅ 2048: Found 11 unique points.
2025-12-25 03:07:23,654 - [HISTORY] - INFO - Processing 1860...
2025-12-25 03:07:33,568 - [HISTORY] - INFO - ✅ 1860: Found 932 points.
2025-12-25 03:07:33,569 - [HISTORY] - INFO - ✅ 1860: Found 932 unique points.
2025-12-25 03:07:39,629 - [HISTORY] - INFO - Processing 5998...
2025-12-25 03:07:48,328 - [HISTORY] - INFO - ✅ 5998: Found 597 points.
2025-12-25 03:07:48,329 - [HISTORY] - INFO - ✅ 5998: Found 592 unique points.
2025-12-25 03:07:57,632 - [HISTORY] - INFO - Processing 5538...
2025-12-25 03:07:59,974 - [HISTORY] - INFO - ✅ 5538: Found 2 points.
2025-12-25 03:07:59,974 - [HISTORY] - INFO - ✅ 5538: Found 2 unique points.
2025-12-25 03:08:07,511 - [HISTORY] - INFO - Processing 1957...
2025-12-25 03:08:09,749 - [HISTORY] - INFO - ✅ 1957: Found 259 points.
2025-12-25 03:08:09,749 - [HISTORY] - INFO - ✅ 1957: Found 259 unique points.
2025-12-25 03:08:15,038 - [HISTORY] - INFO - Processing 1983...
2025-12-25 03:08:17,652 - [HISTORY] - INFO - ✅ 1983: Found 2821 points.
2025-12-25 03:08:17,653 - [HISTORY] - INFO - ✅ 1983: Found 2817 unique points.
2025-12-25 03:08:27,818 - [HISTORY] - INFO - Processing 5502...
2025-12-25 03:08:29,599 - [HISTORY] - INFO - ✅ 5502: Found 416 points.
2025-12-25 03:08:29,599 - [HISTORY] - INFO - ✅ 5502: Found 416 unique points.
2025-12-25 03:08:36,989 - [HISTORY] - INFO - Processing 5701...
2025-12-25 03:08:39,339 - [HISTORY] - INFO - ✅ 5701: Found 1317 points.
2025-12-25 03:08:39,340 - [HISTORY] - INFO - ✅ 5701: Found 1314 unique points.
2025-12-25 03:08:46,200 - [HISTORY] - INFO - Processing 2082...
2025-12-25 03:08:48,080 - [HISTORY] - INFO - ✅ 2082: Found 348 points.
2025-12-25 03:08:48,080 - [HISTORY] - INFO - ✅ 2082: Found 348 unique points.
2025-12-25 03:08:55,338 - [HISTORY] - INFO - Processing 6154...
2025-12-25 03:08:57,342 - [HISTORY] - INFO - ✅ 6154: Found 112 points.
2025-12-25 03:08:57,342 - [HISTORY] - INFO - ✅ 6154: Found 108 unique points.
2025-12-25 03:09:03,468 - [HISTORY] - INFO - Processing 1934...
2025-12-25 03:09:05,989 - [HISTORY] - INFO - ✅ 1934: Found 1223 points.
2025-12-25 03:09:05,990 - [HISTORY] - INFO - ✅ 1934: Found 1220 unique points.
2025-12-25 03:09:12,822 - [HISTORY] - INFO - Processing 3756...
2025-12-25 03:09:16,612 - [HISTORY] - INFO - ✅ 3756: Found 645 points.
2025-12-25 03:09:16,613 - [HISTORY] - INFO - ✅ 3756: Found 645 unique points.
2025-12-25 03:09:22,180 - [HISTORY] - INFO - Processing 6056...
2025-12-25 03:09:25,429 - [HISTORY] - INFO - ✅ 6056: Found 448 points.
2025-12-25 03:09:25,429 - [HISTORY] - INFO - ✅ 6056: Found 444 unique points.
2025-12-25 03:09:30,847 - [HISTORY] - INFO - Processing 2014...
2025-12-25 03:09:38,293 - [HISTORY] - INFO - ✅ 2014: Found 4086 points.
2025-12-25 03:09:38,298 - [HISTORY] - INFO - ✅ 2014: Found 4082 unique points.
2025-12-25 03:09:44,964 - [HISTORY] - INFO - Processing 6386...
2025-12-25 03:09:46,805 - [HISTORY] - INFO - ✅ 6386: Found 59 points.
2025-12-25 03:09:46,806 - [HISTORY] - INFO - ✅ 6386: Found 57 unique points.
2025-12-25 03:09:52,930 - [HISTORY] - INFO - Processing 5909...
2025-12-25 03:09:54,685 - [HISTORY] - INFO - ✅ 5909: Found 300 points.
2025-12-25 03:09:54,685 - [HISTORY] - INFO - ✅ 5909: Found 297 unique points.
2025-12-25 03:10:03,002 - [HISTORY] - INFO - Processing 5447...
2025-12-25 03:10:07,901 - [HISTORY] - INFO - ✅ 5447: Found 237 points.
2025-12-25 03:10:07,902 - [HISTORY] - INFO - ✅ 5447: Found 237 unique points.
2025-12-25 03:10:15,848 - [HISTORY] - INFO - Processing 5191...
2025-12-25 03:10:17,722 - [HISTORY] - INFO - ✅ 5191: Found 1768 points.
2025-12-25 03:10:17,723 - [HISTORY] - INFO - ✅ 5191: Found 1765 unique points.
2025-12-25 03:10:23,905 - [HISTORY] - INFO - Processing 2099...
2025-12-25 03:10:26,095 - [HISTORY] - INFO - ✅ 2099: Found 2205 points.
2025-12-25 03:10:26,097 - [HISTORY] - INFO - ✅ 2099: Found 2201 unique points.
2025-12-25 03:10:33,339 - [HISTORY] - INFO - Processing 6223...
2025-12-25 03:10:35,174 - [HISTORY] - INFO - ✅ 6223: Found 77 points.
2025-12-25 03:10:35,175 - [HISTORY] - INFO - ✅ 6223: Found 74 unique points.
2025-12-25 03:10:44,595 - [HISTORY] - INFO - Processing 6195...
2025-12-25 03:10:46,351 - [HISTORY] - INFO - ✅ 6195: Found 213 points.
2025-12-25 03:10:46,352 - [HISTORY] - INFO - ✅ 6195: Found 210 unique points.
2025-12-25 03:10:46,368 - [HISTORY] - ERROR - DB Error 6195: numeric field overflow
DETAIL:  A field with precision 12, scale 4 must round to an absolute value less than 10^8.
2025-12-25 03:10:46,369 - [HISTORY] - ERROR - ❌ Failed to process 6195 after 3 attempts.
2025-12-25 03:10:54,877 - [HISTORY] - INFO - Processing 2079...
2025-12-25 03:10:57,316 - [HISTORY] - INFO - ✅ 2079: Found 596 points.
2025-12-25 03:10:57,316 - [HISTORY] - INFO - ✅ 2079: Found 596 unique points.
2025-12-25 03:11:02,581 - [HISTORY] - INFO - Processing 2004...
2025-12-25 03:11:04,575 - [HISTORY] - INFO - ✅ 2004: Found 904 points.
2025-12-25 03:11:04,576 - [HISTORY] - INFO - ✅ 2004: Found 904 unique points.
2025-12-25 03:11:12,737 - [HISTORY] - INFO - Processing 5722...
2025-12-25 03:11:15,264 - [HISTORY] - INFO - ✅ 5722: Found 279 points.
2025-12-25 03:11:15,265 - [HISTORY] - INFO - ✅ 5722: Found 275 unique points.
2025-12-25 03:11:24,545 - [HISTORY] - INFO - Processing 2030...
2025-12-25 03:11:29,825 - [HISTORY] - INFO - ✅ 2030: Found 382 points.
2025-12-25 03:11:29,825 - [HISTORY] - INFO - ✅ 2030: Found 382 unique points.
2025-12-25 03:11:36,278 - [HISTORY] - INFO - Processing 1968...
2025-12-25 03:11:38,447 - [HISTORY] - INFO - ✅ 1968: Found 3570 points.
2025-12-25 03:11:38,449 - [HISTORY] - INFO - ✅ 1968: Found 3566 unique points.
2025-12-25 03:11:48,604 - [HISTORY] - INFO - Processing 1894...
2025-12-25 03:11:50,952 - [HISTORY] - INFO - ✅ 1894: Found 590 points.
2025-12-25 03:11:50,953 - [HISTORY] - INFO - ✅ 1894: Found 590 unique points.
2025-12-25 03:11:58,160 - [HISTORY] - INFO - Processing 5997...
2025-12-25 03:11:59,898 - [HISTORY] - INFO - ✅ 5997: Found 258 points.
2025-12-25 03:11:59,899 - [HISTORY] - INFO - ✅ 5997: Found 255 unique points.
2025-12-25 03:12:07,332 - [HISTORY] - INFO - Processing 1929...
2025-12-25 03:12:09,043 - [HISTORY] - INFO - ✅ 1929: Found 486 points.
2025-12-25 03:12:09,043 - [HISTORY] - INFO - ✅ 1929: Found 486 unique points.
2025-12-25 03:12:18,208 - [HISTORY] - INFO - Processing 5689...
2025-12-25 03:12:20,228 - [HISTORY] - INFO - ✅ 5689: Found 374 points.
2025-12-25 03:12:20,228 - [HISTORY] - INFO - ✅ 5689: Found 374 unique points.
2025-12-25 03:12:27,288 - [HISTORY] - INFO - Processing 1918...
2025-12-25 03:12:30,475 - [HISTORY] - INFO - ✅ 1918: Found 1909 points.
2025-12-25 03:12:30,477 - [HISTORY] - INFO - ✅ 1918: Found 1906 unique points.
2025-12-25 03:12:38,673 - [HISTORY] - INFO - Processing 5639...
2025-12-25 03:12:47,617 - [HISTORY] - INFO - ✅ 5639: Found 1493 points.
2025-12-25 03:12:47,619 - [HISTORY] - INFO - ✅ 5639: Found 1489 unique points.
2025-12-25 03:12:53,011 - [HISTORY] - INFO - Processing 3006...
2025-12-25 03:12:55,853 - [HISTORY] - INFO - ✅ 3006: Found 408 points.
2025-12-25 03:12:55,853 - [HISTORY] - INFO - ✅ 3006: Found 408 unique points.
2025-12-25 03:13:05,118 - [HISTORY] - INFO - Processing 3757...
2025-12-25 03:13:07,793 - [HISTORY] - INFO - ✅ 3757: Found 1833 points.
2025-12-25 03:13:07,794 - [HISTORY] - INFO - ✅ 3757: Found 1833 unique points.
2025-12-25 03:13:15,756 - [HISTORY] - INFO - Processing 3004...
2025-12-25 03:13:18,559 - [HISTORY] - INFO - ✅ 3004: Found 411 points.
2025-12-25 03:13:18,560 - [HISTORY] - INFO - ✅ 3004: Found 411 unique points.
2025-12-25 03:13:24,647 - [HISTORY] - INFO - Processing 4085...
2025-12-25 03:13:27,511 - [HISTORY] - INFO - ✅ 4085: Found 296 points.
2025-12-25 03:13:27,511 - [HISTORY] - INFO - ✅ 4085: Found 296 unique points.
2025-12-25 03:13:33,632 - [HISTORY] - INFO - Processing 6142...
2025-12-25 03:13:35,533 - [HISTORY] - INFO - ✅ 6142: Found 328 points.
2025-12-25 03:13:35,533 - [HISTORY] - INFO - ✅ 6142: Found 325 unique points.
2025-12-25 03:13:42,333 - [HISTORY] - INFO - Processing 5702...
2025-12-25 03:13:44,188 - [HISTORY] - INFO - ✅ 5702: Found 1340 points.
2025-12-25 03:13:44,190 - [HISTORY] - INFO - ✅ 5702: Found 1336 unique points.
2025-12-25 03:13:51,851 - [HISTORY] - INFO - Processing 2063...
2025-12-25 03:13:53,778 - [HISTORY] - INFO - ✅ 2063: Found 4145 points.
2025-12-25 03:13:53,781 - [HISTORY] - INFO - ✅ 2063: Found 4141 unique points.
2025-12-25 03:14:03,827 - [HISTORY] - INFO - Processing 1906...
2025-12-25 03:14:06,765 - [HISTORY] - INFO - ✅ 1906: Found 1031 points.
2025-12-25 03:14:06,766 - [HISTORY] - INFO - ✅ 1906: Found 1031 unique points.
2025-12-25 03:14:13,930 - [HISTORY] - INFO - Processing 5539...
2025-12-25 03:14:16,350 - [HISTORY] - INFO - ✅ 5539: Found 116 points.
2025-12-25 03:14:16,350 - [HISTORY] - INFO - ✅ 5539: Found 116 unique points.
2025-12-25 03:14:25,710 - [HISTORY] - INFO - Processing 6388...
2025-12-25 03:14:27,803 - [HISTORY] - INFO - ✅ 6388: Found 31 points.
2025-12-25 03:14:27,803 - [HISTORY] - INFO - ✅ 6388: Found 27 unique points.
2025-12-25 03:14:36,292 - [HISTORY] - INFO - Processing 5682...
2025-12-25 03:14:38,747 - [HISTORY] - INFO - ✅ 5682: Found 617 points.
2025-12-25 03:14:38,748 - [HISTORY] - INFO - ✅ 5682: Found 613 unique points.
2025-12-25 03:14:47,030 - [HISTORY] - INFO - Processing 4861...
2025-12-25 03:14:49,518 - [HISTORY] - INFO - ✅ 4861: Found 1125 points.
2025-12-25 03:14:49,519 - [HISTORY] - INFO - ✅ 4861: Found 1122 unique points.
2025-12-25 03:14:59,193 - [HISTORY] - INFO - Processing 1960...
2025-12-25 03:15:00,938 - [HISTORY] - INFO - ✅ 1960: Found 158 points.
2025-12-25 03:15:00,938 - [HISTORY] - INFO - ✅ 1960: Found 158 unique points.
2025-12-25 03:15:07,224 - [HISTORY] - INFO - Processing 6385...
2025-12-25 03:15:08,989 - [HISTORY] - INFO - ✅ 6385: Found 57 points.
2025-12-25 03:15:08,989 - [HISTORY] - INFO - ✅ 6385: Found 56 unique points.
2025-12-25 03:15:16,675 - [HISTORY] - INFO - Processing 6017...
2025-12-25 03:15:18,761 - [HISTORY] - INFO - ✅ 6017: Found 565 points.
2025-12-25 03:15:18,764 - [HISTORY] - INFO - ✅ 6017: Found 559 unique points.
2025-12-25 03:15:27,883 - [HISTORY] - INFO - Processing 5624...
2025-12-25 03:15:29,966 - [HISTORY] - INFO - ✅ 5624: Found 738 points.
2025-12-25 03:15:29,967 - [HISTORY] - INFO - ✅ 5624: Found 735 unique points.
2025-12-25 03:15:38,641 - [HISTORY] - INFO - Processing 2059...
2025-12-25 03:15:40,488 - [HISTORY] - INFO - ✅ 2059: Found 2186 points.
2025-12-25 03:15:40,489 - [HISTORY] - INFO - ✅ 2059: Found 2182 unique points.
2025-12-25 03:15:50,158 - [HISTORY] - INFO - Processing 5805...
2025-12-25 03:15:51,908 - [HISTORY] - INFO - ✅ 5805: Found 411 points.
2025-12-25 03:15:51,909 - [HISTORY] - INFO - ✅ 5805: Found 408 unique points.
2025-12-25 03:15:51,928 - [HISTORY] - ERROR - DB Error 5805: numeric field overflow
DETAIL:  A field with precision 12, scale 4 must round to an absolute value less than 10^8.
2025-12-25 03:15:51,929 - [HISTORY] - ERROR - ❌ Failed to process 5805 after 3 attempts.
2025-12-25 03:15:59,990 - [HISTORY] - INFO - Processing 1971...
2025-12-25 03:16:01,825 - [HISTORY] - INFO - ✅ 1971: Found 1966 points.
2025-12-25 03:16:01,827 - [HISTORY] - INFO - ✅ 1971: Found 1962 unique points.
2025-12-25 03:16:07,349 - [HISTORY] - INFO - Processing 5920...
2025-12-25 03:16:09,170 - [HISTORY] - INFO - ✅ 5920: Found 297 points.
2025-12-25 03:16:09,170 - [HISTORY] - INFO - ✅ 5920: Found 293 unique points.
2025-12-25 03:16:17,209 - [HISTORY] - INFO - Processing 6045...
2025-12-25 03:16:19,069 - [HISTORY] - INFO - ✅ 6045: Found 200 points.
2025-12-25 03:16:19,070 - [HISTORY] - INFO - ✅ 6045: Found 196 unique points.
2025-12-25 03:16:24,919 - [HISTORY] - INFO - Processing 3031...
2025-12-25 03:16:26,832 - [HISTORY] - INFO - ✅ 3031: Found 259 points.
2025-12-25 03:16:26,832 - [HISTORY] - INFO - ✅ 3031: Found 259 unique points.
2025-12-25 03:16:36,962 - [HISTORY] - INFO - Processing 2005...
2025-12-25 03:16:38,771 - [HISTORY] - INFO - ✅ 2005: Found 5 points.
2025-12-25 03:16:38,771 - [HISTORY] - INFO - ✅ 2005: Found 5 unique points.
2025-12-25 03:16:44,024 - [HISTORY] - INFO - Processing 1994...
2025-12-25 03:16:45,892 - [HISTORY] - INFO - ✅ 1994: Found 207 points.
2025-12-25 03:16:45,893 - [HISTORY] - INFO - ✅ 1994: Found 207 unique points.
2025-12-25 03:16:51,526 - [HISTORY] - INFO - Processing 1914...
2025-12-25 03:16:53,366 - [HISTORY] - INFO - ✅ 1914: Found 13 points.
2025-12-25 03:16:53,367 - [HISTORY] - INFO - ✅ 1914: Found 13 unique points.
2025-12-25 03:17:01,638 - [HISTORY] - INFO - Processing 3986...
2025-12-25 03:17:04,129 - [HISTORY] - INFO - ✅ 3986: Found 1392 points.
2025-12-25 03:17:04,130 - [HISTORY] - INFO - ✅ 3986: Found 1392 unique points.
2025-12-25 03:17:10,802 - [HISTORY] - INFO - Processing 1885...
2025-12-25 03:17:12,565 - [HISTORY] - INFO - ✅ 1885: Found 563 points.
2025-12-25 03:17:12,566 - [HISTORY] - INFO - ✅ 1885: Found 563 unique points.
2025-12-25 03:17:18,438 - [HISTORY] - INFO - Processing 2076...
2025-12-25 03:17:20,260 - [HISTORY] - INFO - ✅ 2076: Found 1390 points.
2025-12-25 03:17:20,261 - [HISTORY] - INFO - ✅ 2076: Found 1390 unique points.
2025-12-25 03:17:26,927 - [HISTORY] - INFO - Processing 2101...
2025-12-25 03:17:28,708 - [HISTORY] - INFO - ✅ 2101: Found 62 points.
2025-12-25 03:17:28,708 - [HISTORY] - INFO - ✅ 2101: Found 62 unique points.
2025-12-25 03:17:33,803 - [HISTORY] - INFO - Processing 6232...
2025-12-25 03:17:36,250 - [HISTORY] - INFO - ✅ 6232: Found 70 points.
2025-12-25 03:17:36,251 - [HISTORY] - INFO - ✅ 6232: Found 68 unique points.
2025-12-25 03:17:42,385 - [HISTORY] - INFO - Processing 1989...
2025-12-25 03:17:44,259 - [HISTORY] - INFO - ✅ 1989: Found 358 points.
2025-12-25 03:17:44,260 - [HISTORY] - INFO - ✅ 1989: Found 358 unique points.
2025-12-25 03:17:51,985 - [HISTORY] - INFO - Processing 5487...
2025-12-25 03:17:54,081 - [HISTORY] - INFO - ✅ 5487: Found 1072 points.
2025-12-25 03:17:54,082 - [HISTORY] - INFO - ✅ 5487: Found 1072 unique points.
2025-12-25 03:18:03,681 - [HISTORY] - INFO - Processing 1870...
2025-12-25 03:18:05,934 - [HISTORY] - INFO - ✅ 1870: Found 160 points.
2025-12-25 03:18:05,935 - [HISTORY] - INFO - ✅ 1870: Found 160 unique points.
2025-12-25 03:18:12,542 - [HISTORY] - INFO - Processing 5492...
2025-12-25 03:18:14,730 - [HISTORY] - INFO - ✅ 5492: Found 171 points.
2025-12-25 03:18:14,731 - [HISTORY] - INFO - ✅ 5492: Found 171 unique points.
2025-12-25 03:18:23,028 - [HISTORY] - INFO - Processing 2994...
2025-12-25 03:18:25,672 - [HISTORY] - INFO - ✅ 2994: Found 1685 points.
2025-12-25 03:18:25,673 - [HISTORY] - INFO - ✅ 2994: Found 1685 unique points.
2025-12-25 03:18:32,179 - [HISTORY] - INFO - Processing 2055...
2025-12-25 03:18:33,995 - [HISTORY] - INFO - ✅ 2055: Found 1388 points.
2025-12-25 03:18:33,996 - [HISTORY] - INFO - ✅ 2055: Found 1388 unique points.
2025-12-25 03:18:40,255 - [HISTORY] - INFO - Processing 5516...
2025-12-25 03:18:42,001 - [HISTORY] - INFO - ✅ 5516: Found 1473 points.
2025-12-25 03:18:42,002 - [HISTORY] - INFO - ✅ 5516: Found 1469 unique points.
2025-12-25 03:18:47,227 - [HISTORY] - INFO - Processing 6393...
2025-12-25 03:18:49,605 - [HISTORY] - INFO - ✅ 6393: Found 23 points.
2025-12-25 03:18:49,606 - [HISTORY] - INFO - ✅ 6393: Found 22 unique points.
2025-12-25 03:18:58,348 - [HISTORY] - INFO - Processing 3770...
2025-12-25 03:19:00,351 - [HISTORY] - INFO - ✅ 3770: Found 1455 points.
2025-12-25 03:19:00,352 - [HISTORY] - INFO - ✅ 3770: Found 1451 unique points.
2025-12-25 03:19:07,014 - [HISTORY] - INFO - Processing 1995...
2025-12-25 03:19:14,775 - [HISTORY] - INFO - ✅ 1995: Found 149 points.
2025-12-25 03:19:14,775 - [HISTORY] - INFO - ✅ 1995: Found 149 unique points.
2025-12-25 03:19:21,744 - [HISTORY] - INFO - Processing 4077...
2025-12-25 03:19:23,811 - [HISTORY] - INFO - ✅ 4077: Found 1569 points.
2025-12-25 03:19:23,812 - [HISTORY] - INFO - ✅ 4077: Found 1565 unique points.
2025-12-25 03:19:33,732 - [HISTORY] - INFO - Processing 1880...
2025-12-25 03:19:35,699 - [HISTORY] - INFO - ✅ 1880: Found 10 points.
2025-12-25 03:19:35,699 - [HISTORY] - INFO - ✅ 1880: Found 10 unique points.
2025-12-25 03:19:41,376 - [HISTORY] - INFO - Processing 5604...
2025-12-25 03:19:44,028 - [HISTORY] - INFO - ✅ 5604: Found 802 points.
2025-12-25 03:19:44,029 - [HISTORY] - INFO - ✅ 5604: Found 799 unique points.
2025-12-25 03:19:51,133 - [HISTORY] - INFO - Processing 5619...
2025-12-25 03:19:53,209 - [HISTORY] - INFO - ✅ 5619: Found 1754 points.
2025-12-25 03:19:53,210 - [HISTORY] - INFO - ✅ 5619: Found 1751 unique points.
2025-12-25 03:20:00,080 - [HISTORY] - INFO - Processing 2007...
2025-12-25 03:20:02,526 - [HISTORY] - INFO - ✅ 2007: Found 2947 points.
2025-12-25 03:20:02,528 - [HISTORY] - INFO - ✅ 2007: Found 2943 unique points.
2025-12-25 03:20:11,116 - [HISTORY] - INFO - Processing 2006...
2025-12-25 03:20:12,817 - [HISTORY] - INFO - ✅ 2006: Found 864 points.
2025-12-25 03:20:12,818 - [HISTORY] - INFO - ✅ 2006: Found 864 unique points.
2025-12-25 03:20:19,851 - [HISTORY] - INFO - Processing 5752...
2025-12-25 03:20:21,706 - [HISTORY] - INFO - ✅ 5752: Found 1099 points.
2025-12-25 03:20:21,707 - [HISTORY] - INFO - ✅ 5752: Found 1095 unique points.
2025-12-25 03:20:21,719 - [HISTORY] - ERROR - DB Error 5752: numeric field overflow
DETAIL:  A field with precision 12, scale 4 must round to an absolute value less than 10^8.
2025-12-25 03:20:21,720 - [HISTORY] - ERROR - ❌ Failed to process 5752 after 3 attempts.
2025-12-25 03:20:28,127 - [HISTORY] - INFO - Processing 1892...
2025-12-25 03:20:30,106 - [HISTORY] - INFO - ✅ 1892: Found 1804 points.
2025-12-25 03:20:30,109 - [HISTORY] - INFO - ✅ 1892: Found 1800 unique points.
2025-12-25 03:20:37,214 - [HISTORY] - INFO - Processing 1928...
2025-12-25 03:20:39,739 - [HISTORY] - INFO - ✅ 1928: Found 3875 points.
2025-12-25 03:20:39,742 - [HISTORY] - INFO - ✅ 1928: Found 3871 unique points.
2025-12-25 03:20:45,179 - [HISTORY] - INFO - Processing 6163...
2025-12-25 03:20:47,048 - [HISTORY] - INFO - ✅ 6163: Found 160 points.
2025-12-25 03:20:47,049 - [HISTORY] - INFO - ✅ 6163: Found 158 unique points.
2025-12-25 03:20:52,471 - [HISTORY] - INFO - Processing 6166...
2025-12-25 03:20:54,845 - [HISTORY] - INFO - ✅ 6166: Found 262 points.
2025-12-25 03:20:54,845 - [HISTORY] - INFO - ✅ 6166: Found 259 unique points.
2025-12-25 03:21:03,043 - [HISTORY] - INFO - Processing 5530...
2025-12-25 03:21:04,885 - [HISTORY] - INFO - ✅ 5530: Found 482 points.
2025-12-25 03:21:04,885 - [HISTORY] - INFO - ✅ 5530: Found 480 unique points.
2025-12-25 03:21:13,865 - [HISTORY] - INFO - Processing 1875...
2025-12-25 03:21:16,181 - [HISTORY] - INFO - ✅ 1875: Found 3476 points.
2025-12-25 03:21:16,184 - [HISTORY] - INFO - ✅ 1875: Found 3472 unique points.
2025-12-25 03:21:22,338 - [HISTORY] - INFO - Processing 2093...
2025-12-25 03:21:24,161 - [HISTORY] - INFO - ✅ 2093: Found 1 points.
2025-12-25 03:21:24,161 - [HISTORY] - INFO - ✅ 2093: Found 1 unique points.
2025-12-25 03:21:33,354 - [HISTORY] - INFO - Processing 5532...
2025-12-25 03:21:35,395 - [HISTORY] - INFO - ✅ 5532: Found 2180 points.
2025-12-25 03:21:35,397 - [HISTORY] - INFO - ✅ 5532: Found 2177 unique points.
2025-12-25 03:21:43,804 - [HISTORY] - INFO - Processing 5672...
2025-12-25 03:21:45,730 - [HISTORY] - INFO - ✅ 5672: Found 1314 points.
2025-12-25 03:21:45,731 - [HISTORY] - INFO - ✅ 5672: Found 1314 unique points.
2025-12-25 03:21:53,272 - [HISTORY] - INFO - Processing 1865...
2025-12-25 03:21:55,094 - [HISTORY] - INFO - ✅ 1865: Found 1827 points.
2025-12-25 03:21:55,095 - [HISTORY] - INFO - ✅ 1865: Found 1823 unique points.
2025-12-25 03:22:04,679 - [HISTORY] - INFO - Processing 6194...
2025-12-25 03:22:06,578 - [HISTORY] - INFO - ✅ 6194: Found 214 points.
2025-12-25 03:22:06,578 - [HISTORY] - INFO - ✅ 6194: Found 210 unique points.
2025-12-25 03:22:12,768 - [HISTORY] - INFO - Processing 3034...
2025-12-25 03:22:14,679 - [HISTORY] - INFO - ✅ 3034: Found 2063 points.
2025-12-25 03:22:14,681 - [HISTORY] - INFO - ✅ 3034: Found 2063 unique points.
2025-12-25 03:22:23,819 - [HISTORY] - INFO - Processing 2017...
2025-12-25 03:22:26,115 - [HISTORY] - INFO - ✅ 2017: Found 2598 points.
2025-12-25 03:22:26,118 - [HISTORY] - INFO - ✅ 2017: Found 2594 unique points.
2025-12-25 03:22:31,538 - [HISTORY] - INFO - Processing 6073...
2025-12-25 03:22:35,231 - [HISTORY] - INFO - ✅ 6073: Found 374 points.
2025-12-25 03:22:35,232 - [HISTORY] - INFO - ✅ 6073: Found 368 unique points.
2025-12-25 03:22:43,200 - [HISTORY] - INFO - Processing 6074...
2025-12-25 03:22:45,097 - [HISTORY] - INFO - ✅ 6074: Found 374 points.
2025-12-25 03:22:45,098 - [HISTORY] - INFO - ✅ 6074: Found 368 unique points.
2025-12-25 03:22:52,426 - [HISTORY] - INFO - Processing 5981...
2025-12-25 03:22:55,236 - [HISTORY] - INFO - ✅ 5981: Found 464 points.
2025-12-25 03:22:55,237 - [HISTORY] - INFO - ✅ 5981: Found 464 unique points.
2025-12-25 03:23:03,698 - [HISTORY] - INFO - Processing 2084...
2025-12-25 03:23:05,411 - [HISTORY] - INFO - ✅ 2084: Found 308 points.
2025-12-25 03:23:05,411 - [HISTORY] - INFO - ✅ 2084: Found 308 unique points.
2025-12-25 03:23:12,764 - [HISTORY] - INFO - Processing 1931...
2025-12-25 03:23:14,690 - [HISTORY] - INFO - ✅ 1931: Found 1402 points.
2025-12-25 03:23:14,691 - [HISTORY] - INFO - ✅ 1931: Found 1399 unique points.
2025-12-25 03:23:20,887 - [HISTORY] - INFO - Processing 4523...
2025-12-25 03:23:22,607 - [HISTORY] - INFO - ✅ 4523: Found 375 points.
2025-12-25 03:23:22,607 - [HISTORY] - INFO - ✅ 4523: Found 375 unique points.
2025-12-25 03:23:29,884 - [HISTORY] - INFO - Processing 1987...
2025-12-25 03:23:39,124 - [HISTORY] - INFO - ✅ 1987: Found 2826 points.
2025-12-25 03:23:39,127 - [HISTORY] - INFO - ✅ 1987: Found 2822 unique points.
2025-12-25 03:23:48,321 - [HISTORY] - INFO - Processing 5490...
2025-12-25 03:23:50,671 - [HISTORY] - INFO - ✅ 5490: Found 88 points.
2025-12-25 03:23:50,671 - [HISTORY] - INFO - ✅ 5490: Found 88 unique points.
2025-12-25 03:23:56,091 - [HISTORY] - INFO - Processing 5545...
2025-12-25 03:23:57,807 - [HISTORY] - INFO - ✅ 5545: Found 3 points.
2025-12-25 03:23:57,808 - [HISTORY] - INFO - ✅ 5545: Found 3 unique points.
2025-12-25 03:24:05,187 - [HISTORY] - INFO - Processing 6043...
2025-12-25 03:24:06,921 - [HISTORY] - INFO - ✅ 6043: Found 221 points.
2025-12-25 03:24:06,922 - [HISTORY] - INFO - ✅ 6043: Found 218 unique points.
2025-12-25 03:24:16,043 - [HISTORY] - INFO - Processing 6054...
2025-12-25 03:24:17,898 - [HISTORY] - INFO - ✅ 6054: Found 235 points.
2025-12-25 03:24:17,899 - [HISTORY] - INFO - ✅ 6054: Found 231 unique points.
2025-12-25 03:24:23,348 - [HISTORY] - INFO - Processing 2001...
2025-12-25 03:24:25,827 - [HISTORY] - INFO - ✅ 2001: Found 988 points.
2025-12-25 03:24:25,828 - [HISTORY] - INFO - ✅ 2001: Found 984 unique points.
2025-12-25 03:24:31,554 - [HISTORY] - INFO - Processing 2064...
2025-12-25 03:24:33,500 - [HISTORY] - INFO - ✅ 2064: Found 4087 points.
2025-12-25 03:24:33,503 - [HISTORY] - INFO - ✅ 2064: Found 4084 unique points.
2025-12-25 03:24:42,953 - [HISTORY] - INFO - Processing 5507...
2025-12-25 03:24:45,385 - [HISTORY] - INFO - ✅ 5507: Found 981 points.
2025-12-25 03:24:45,388 - [HISTORY] - INFO - ✅ 5507: Found 977 unique points.
2025-12-25 03:24:55,031 - [HISTORY] - INFO - Processing 2056...
2025-12-25 03:24:56,864 - [HISTORY] - INFO - ✅ 2056: Found 1232 points.
2025-12-25 03:24:56,865 - [HISTORY] - INFO - ✅ 2056: Found 1232 unique points.
2025-12-25 03:25:06,297 - [HISTORY] - INFO - Processing 1949...
2025-12-25 03:25:08,865 - [HISTORY] - INFO - ✅ 1949: Found 1804 points.
2025-12-25 03:25:08,866 - [HISTORY] - INFO - ✅ 1949: Found 1801 unique points.
2025-12-25 03:25:18,114 - [HISTORY] - INFO - Processing 1974...
2025-12-25 03:25:19,944 - [HISTORY] - INFO - ✅ 1974: Found 438 points.
2025-12-25 03:25:19,944 - [HISTORY] - INFO - ✅ 1974: Found 438 unique points.
2025-12-25 03:25:28,055 - [HISTORY] - INFO - Processing 6051...
2025-12-25 03:25:30,442 - [HISTORY] - INFO - ✅ 6051: Found 511 points.
2025-12-25 03:25:30,443 - [HISTORY] - INFO - ✅ 6051: Found 508 unique points.
2025-12-25 03:25:39,525 - [HISTORY] - INFO - Processing 6164...
2025-12-25 03:25:42,014 - [HISTORY] - INFO - ✅ 6164: Found 257 points.
2025-12-25 03:25:42,015 - [HISTORY] - INFO - ✅ 6164: Found 254 unique points.
2025-12-25 03:25:49,868 - [HISTORY] - INFO - Processing 2069...
2025-12-25 03:25:51,643 - [HISTORY] - INFO - ✅ 2069: Found 1387 points.
2025-12-25 03:25:51,644 - [HISTORY] - INFO - ✅ 2069: Found 1387 unique points.
2025-12-25 03:25:57,887 - [HISTORY] - INFO - Processing 1879...
2025-12-25 03:25:59,831 - [HISTORY] - INFO - ✅ 1879: Found 2353 points.
2025-12-25 03:25:59,832 - [HISTORY] - INFO - ✅ 1879: Found 2350 unique points.
2025-12-25 03:26:06,144 - [HISTORY] - INFO - Processing 2067...
2025-12-25 03:26:08,504 - [HISTORY] - INFO - ✅ 2067: Found 1151 points.
2025-12-25 03:26:08,506 - [HISTORY] - INFO - ✅ 2067: Found 1151 unique points.
2025-12-25 03:26:18,457 - [HISTORY] - INFO - Processing 3037...
2025-12-25 03:26:20,598 - [HISTORY] - INFO - ✅ 3037: Found 2025 points.
2025-12-25 03:26:20,600 - [HISTORY] - INFO - ✅ 3037: Found 2025 unique points.
2025-12-25 03:26:30,008 - [HISTORY] - INFO - Processing 5688...
2025-12-25 03:26:32,519 - [HISTORY] - INFO - ✅ 5688: Found 494 points.
2025-12-25 03:26:32,519 - [HISTORY] - INFO - ✅ 5688: Found 494 unique points.
2025-12-25 03:26:41,436 - [HISTORY] - INFO - Processing 3792...
2025-12-25 03:26:43,977 - [HISTORY] - INFO - ✅ 3792: Found 1528 points.
2025-12-25 03:26:43,978 - [HISTORY] - INFO - ✅ 3792: Found 1524 unique points.
2025-12-25 03:26:52,943 - [HISTORY] - INFO - Processing 2033...
2025-12-25 03:26:55,443 - [HISTORY] - INFO - ✅ 2033: Found 3823 points.
2025-12-25 03:26:55,445 - [HISTORY] - INFO - ✅ 2033: Found 3820 unique points.
2025-12-25 03:27:00,907 - [HISTORY] - INFO - Processing 1884...
2025-12-25 03:27:02,842 - [HISTORY] - INFO - ✅ 1884: Found 582 points.
2025-12-25 03:27:02,843 - [HISTORY] - INFO - ✅ 1884: Found 582 unique points.
2025-12-25 03:27:12,933 - [HISTORY] - INFO - Processing 3020...
2025-12-25 03:27:14,700 - [HISTORY] - INFO - ✅ 3020: Found 521 points.
2025-12-25 03:27:14,701 - [HISTORY] - INFO - ✅ 3020: Found 521 unique points.
2025-12-25 03:27:20,181 - [HISTORY] - INFO - Processing 6114...
2025-12-25 03:27:22,653 - [HISTORY] - INFO - ✅ 6114: Found 354 points.
2025-12-25 03:27:22,653 - [HISTORY] - INFO - ✅ 6114: Found 351 unique points.
2025-12-25 03:27:31,530 - [HISTORY] - INFO - Processing 3032...
2025-12-25 03:27:33,936 - [HISTORY] - INFO - ✅ 3032: Found 222 points.
2025-12-25 03:27:33,936 - [HISTORY] - INFO - ✅ 3032: Found 222 unique points.
2025-12-25 03:27:39,063 - [HISTORY] - INFO - Processing 4529...
2025-12-25 03:27:41,465 - [HISTORY] - INFO - ✅ 4529: Found 1130 points.
2025-12-25 03:27:41,466 - [HISTORY] - INFO - ✅ 4529: Found 1129 unique points.
2025-12-25 03:27:50,154 - [HISTORY] - INFO - Processing 4755...
2025-12-25 03:27:52,269 - [HISTORY] - INFO - ✅ 4755: Found 21 points.
2025-12-25 03:27:52,269 - [HISTORY] - INFO - ✅ 4755: Found 21 unique points.
2025-12-25 03:28:00,217 - [HISTORY] - INFO - Processing 1935...
2025-12-25 03:28:02,625 - [HISTORY] - INFO - ✅ 1935: Found 553 points.
2025-12-25 03:28:02,626 - [HISTORY] - INFO - ✅ 1935: Found 553 unique points.
2025-12-25 03:28:11,969 - [HISTORY] - INFO - Processing 6382...
2025-12-25 03:28:14,342 - [HISTORY] - INFO - ✅ 6382: Found 28 points.
2025-12-25 03:28:14,342 - [HISTORY] - INFO - ✅ 6382: Found 26 unique points.
2025-12-25 03:28:23,760 - [HISTORY] - INFO - Processing 2077...
2025-12-25 03:28:25,739 - [HISTORY] - INFO - ✅ 2077: Found 1836 points.
2025-12-25 03:28:25,747 - [HISTORY] - INFO - ✅ 2077: Found 1832 unique points.
2025-12-25 03:28:35,213 - [HISTORY] - INFO - Processing 6078...
2025-12-25 03:28:36,956 - [HISTORY] - INFO - ✅ 6078: Found 422 points.
2025-12-25 03:28:36,957 - [HISTORY] - INFO - ✅ 6078: Found 419 unique points.
2025-12-25 03:28:46,963 - [HISTORY] - INFO - Processing 5979...
2025-12-25 03:28:49,303 - [HISTORY] - INFO - ✅ 5979: Found 628 points.
2025-12-25 03:28:49,304 - [HISTORY] - INFO - ✅ 5979: Found 624 unique points.
2025-12-25 03:28:58,110 - [HISTORY] - INFO - Processing 5607...
2025-12-25 03:29:01,061 - [HISTORY] - INFO - ✅ 5607: Found 354 points.
2025-12-25 03:29:01,062 - [HISTORY] - INFO - ✅ 5607: Found 351 unique points.
2025-12-25 03:29:10,683 - [HISTORY] - INFO - Processing 1861...
2025-12-25 03:29:13,211 - [HISTORY] - INFO - ✅ 1861: Found 901 points.
2025-12-25 03:29:13,212 - [HISTORY] - INFO - ✅ 1861: Found 901 unique points.
2025-12-25 03:29:19,245 - [HISTORY] - INFO - Processing 2062...
2025-12-25 03:29:21,083 - [HISTORY] - INFO - ✅ 2062: Found 1391 points.
2025-12-25 03:29:21,085 - [HISTORY] - INFO - ✅ 2062: Found 1391 unique points.
2025-12-25 03:29:31,628 - [HISTORY] - INFO - Processing 1932...
2025-12-25 03:29:35,182 - [HISTORY] - INFO - ✅ 1932: Found 859 points.
2025-12-25 03:29:35,196 - [HISTORY] - INFO - ✅ 1932: Found 859 unique points.
2025-12-25 03:29:43,815 - [HISTORY] - INFO - Processing 2065...
2025-12-25 03:29:46,570 - [HISTORY] - INFO - ✅ 2065: Found 2184 points.
2025-12-25 03:29:46,573 - [HISTORY] - INFO - ✅ 2065: Found 2180 unique points.
2025-12-25 03:29:52,776 - [HISTORY] - INFO - Processing 1936...
2025-12-25 03:29:54,728 - [HISTORY] - INFO - ✅ 1936: Found 3765 points.
2025-12-25 03:29:54,731 - [HISTORY] - INFO - ✅ 1936: Found 3761 unique points.
2025-12-25 03:29:54,758 - [HISTORY] - ERROR - DB Error 1936: numeric field overflow
DETAIL:  A field with precision 12, scale 4 must round to an absolute value less than 10^8.
2025-12-25 03:29:54,759 - [HISTORY] - ERROR - ❌ Failed to process 1936 after 3 attempts.
2025-12-25 03:30:01,349 - [HISTORY] - INFO - Processing 3715...
2025-12-25 03:30:05,949 - [HISTORY] - INFO - ✅ 3715: Found 1 points.
2025-12-25 03:30:05,949 - [HISTORY] - INFO - ✅ 3715: Found 1 unique points.
2025-12-25 03:30:14,529 - [HISTORY] - INFO - Processing 5612...
2025-12-25 03:30:16,415 - [HISTORY] - INFO - ✅ 5612: Found 787 points.
2025-12-25 03:30:16,416 - [HISTORY] - INFO - ✅ 5612: Found 781 unique points.
2025-12-25 03:30:21,980 - [HISTORY] - INFO - Processing 6182...
2025-12-25 03:30:24,347 - [HISTORY] - INFO - ✅ 6182: Found 247 points.
2025-12-25 03:30:24,348 - [HISTORY] - INFO - ✅ 6182: Found 244 unique points.
2025-12-25 03:30:32,776 - [HISTORY] - INFO - Processing 1976...
2025-12-25 03:30:34,602 - [HISTORY] - INFO - ✅ 1976: Found 837 points.
2025-12-25 03:30:34,603 - [HISTORY] - INFO - ✅ 1976: Found 837 unique points.
2025-12-25 03:30:41,031 - [HISTORY] - INFO - Processing 5677...
2025-12-25 03:30:57,748 - [HISTORY] - WARNING - Timeout waiting for Highcharts on 5677
2025-12-25 03:30:57,840 - [HISTORY] - WARNING - Attempt 1 failed for 5677 (No data).
2025-12-25 03:31:05,447 - [HISTORY] - INFO - Processing 5677...
2025-12-25 03:31:22,137 - [HISTORY] - WARNING - Timeout waiting for Highcharts on 5677
2025-12-25 03:31:22,229 - [HISTORY] - WARNING - Attempt 2 failed for 5677 (No data).
2025-12-25 03:31:50,696 - [HISTORY] - INFO - Processing 5677...
2025-12-25 03:32:07,457 - [HISTORY] - WARNING - Timeout waiting for Highcharts on 5677
2025-12-25 03:32:07,491 - [HISTORY] - WARNING - Attempt 3 failed for 5677 (No data).
2025-12-25 03:32:24,980 - [HISTORY] - ERROR - ❌ Failed to process 5677 after 3 attempts.
2025-12-25 03:32:34,191 - [HISTORY] - INFO - Processing 2029...
2025-12-25 03:32:36,714 - [HISTORY] - INFO - ✅ 2029: Found 987 points.
2025-12-25 03:32:36,715 - [HISTORY] - INFO - ✅ 2029: Found 987 unique points.
2025-12-25 03:32:42,323 - [HISTORY] - INFO - Processing 1887...
2025-12-25 03:32:44,791 - [HISTORY] - INFO - ✅ 1887: Found 1291 points.
2025-12-25 03:32:44,792 - [HISTORY] - INFO - ✅ 1887: Found 1291 unique points.
2025-12-25 03:32:51,388 - [HISTORY] - INFO - Processing 2090...
2025-12-25 03:32:53,880 - [HISTORY] - INFO - ✅ 2090: Found 1784 points.
2025-12-25 03:32:53,881 - [HISTORY] - INFO - ✅ 2090: Found 1781 unique points.
2025-12-25 03:33:00,617 - [HISTORY] - INFO - Processing 2085...
2025-12-25 03:33:02,624 - [HISTORY] - INFO - ✅ 2085: Found 2197 points.
2025-12-25 03:33:02,626 - [HISTORY] - INFO - ✅ 2085: Found 2193 unique points.
