2025-12-27 17:37:01,203 [INFO] Connecting to database...
2025-12-27 17:37:02,346 [INFO] Found 453 symbols to fetch
2025-12-27 17:37:02,347 [INFO] [1/453] (0.2%) Fetching 1010...
2025-12-27 17:38:40,988 [INFO] Connecting to database...
2025-12-27 17:38:42,124 [INFO] Found 453 symbols to fetch
2025-12-27 17:38:42,124 [INFO] [1/453] (0.2%) Fetching 1010...
2025-12-27 17:38:44,193 [INFO]   ✅ Added 1248 real data points for 1010
2025-12-27 17:38:44,257 [INFO] [2/453] (0.4%) Fetching 1020...
2025-12-27 17:38:46,426 [INFO]   ✅ Added 1249 real data points for 1020
2025-12-27 17:38:46,593 [INFO] [3/453] (0.7%) Fetching 1030...
2025-12-27 17:38:48,257 [INFO]   ✅ Added 1249 real data points for 1030
2025-12-27 17:38:48,321 [INFO] [4/453] (0.9%) Fetching 1050...
2025-12-27 17:38:49,272 [INFO]   ✅ Added 1249 real data points for 1050
2025-12-27 17:38:49,337 [INFO] [5/453] (1.1%) Fetching 1060...
2025-12-27 17:38:53,896 [INFO]   ✅ Added 1248 real data points for 1060
2025-12-27 17:38:53,964 [INFO] [6/453] (1.3%) Fetching 1080...
2025-12-27 17:38:55,621 [INFO]   ✅ Added 1249 real data points for 1080
2025-12-27 17:38:55,685 [INFO] [7/453] (1.5%) Fetching 1111...
2025-12-27 17:38:56,657 [INFO]   ✅ Added 1008 real data points for 1111
2025-12-27 17:38:56,723 [INFO] [8/453] (1.8%) Fetching 1113...
2025-12-27 17:38:57,345 [INFO]   ✅ Added 1 real data points for 1113
2025-12-27 17:38:57,412 [INFO] [9/453] (2.0%) Fetching 1120...
2025-12-27 17:38:58,397 [INFO]   ✅ Added 1248 real data points for 1120
2025-12-27 17:38:58,461 [INFO] [10/453] (2.2%) Fetching 1140...
2025-12-27 17:38:59,445 [INFO]   ✅ Added 1249 real data points for 1140
2025-12-27 17:38:59,509 [INFO]   💤 Waiting 2 seconds (rate limiting)...
2025-12-27 17:39:01,515 [INFO] [11/453] (2.4%) Fetching 1150...
2025-12-27 17:39:02,524 [INFO]   ✅ Added 1249 real data points for 1150
2025-12-27 17:39:02,588 [INFO] [12/453] (2.6%) Fetching 1180...
2025-12-27 17:39:05,866 [INFO]   ✅ Added 1248 real data points for 1180
2025-12-27 17:39:05,931 [INFO] [13/453] (2.9%) Fetching 1182...
2025-12-27 17:39:07,021 [INFO]   ✅ Added 1249 real data points for 1182
2025-12-27 17:39:07,085 [INFO] [14/453] (3.1%) Fetching 1183...
2025-12-27 17:39:07,997 [INFO]   ✅ Added 913 real data points for 1183
2025-12-27 17:39:08,061 [INFO] [15/453] (3.3%) Fetching 1201...
2025-12-27 17:39:09,049 [INFO]   ✅ Added 1248 real data points for 1201
2025-12-27 17:39:09,114 [INFO] [16/453] (3.5%) Fetching 1202...
2025-12-27 17:39:10,193 [INFO]   ✅ Added 1248 real data points for 1202
2025-12-27 17:39:10,257 [INFO] [17/453] (3.8%) Fetching 1210...
2025-12-27 17:39:11,315 [INFO]   ✅ Added 1248 real data points for 1210
2025-12-27 17:39:11,379 [INFO] [18/453] (4.0%) Fetching 1211...
2025-12-27 17:39:12,222 [INFO]   ✅ Added 1248 real data points for 1211
2025-12-27 17:39:12,286 [INFO] [19/453] (4.2%) Fetching 1212...
2025-12-27 17:39:13,407 [INFO]   ✅ Added 1248 real data points for 1212
2025-12-27 17:39:13,470 [INFO] [20/453] (4.4%) Fetching 1213...
2025-12-27 17:39:14,506 [INFO]   ✅ Added 1248 real data points for 1213
2025-12-27 17:39:14,571 [INFO]   💤 Waiting 2 seconds (rate limiting)...
2025-12-27 17:39:16,573 [INFO] [21/453] (4.6%) Fetching 1214...
2025-12-27 17:39:17,747 [INFO]   ✅ Added 1249 real data points for 1214
2025-12-27 17:39:17,810 [INFO] [22/453] (4.9%) Fetching 1301...
2025-12-27 17:39:19,228 [INFO]   ✅ Added 1248 real data points for 1301
2025-12-27 17:39:19,293 [INFO] [23/453] (5.1%) Fetching 1302...
2025-12-27 17:39:20,360 [INFO]   ✅ Added 1248 real data points for 1302
2025-12-27 17:39:20,426 [INFO] [24/453] (5.3%) Fetching 1303...
2025-12-27 17:39:21,528 [INFO]   ✅ Added 1248 real data points for 1303
2025-12-27 17:39:21,591 [INFO] [25/453] (5.5%) Fetching 1304...
2025-12-27 17:39:22,709 [INFO]   ✅ Added 1248 real data points for 1304
2025-12-27 17:39:22,773 [INFO] [26/453] (5.7%) Fetching 1320...
2025-12-27 17:39:24,089 [INFO]   ✅ Added 1248 real data points for 1320
2025-12-27 17:39:24,153 [INFO] [27/453] (6.0%) Fetching 1321...
2025-12-27 17:39:25,161 [INFO]   ✅ Added 959 real data points for 1321
2025-12-27 17:39:25,226 [INFO] [28/453] (6.2%) Fetching 1322...
2025-12-27 17:39:26,186 [INFO]   ✅ Added 927 real data points for 1322
2025-12-27 17:39:26,251 [INFO] [29/453] (6.4%) Fetching 1323...
2025-12-27 17:39:26,827 [INFO]   ✅ Added 148 real data points for 1323
2025-12-27 17:39:26,892 [INFO] [30/453] (6.6%) Fetching 1810...
2025-12-27 17:39:27,884 [INFO]   ✅ Added 1248 real data points for 1810
2025-12-27 17:39:27,950 [INFO]   💤 Waiting 2 seconds (rate limiting)...
2025-12-27 17:39:29,956 [INFO] [31/453] (6.8%) Fetching 1820...
2025-12-27 17:39:30,982 [INFO]   ✅ Added 1248 real data points for 1820
2025-12-27 17:39:31,047 [INFO] [32/453] (7.1%) Fetching 1830...
2025-12-27 17:39:32,143 [INFO]   ✅ Added 1248 real data points for 1830
2025-12-27 17:39:32,207 [INFO] [33/453] (7.3%) Fetching 1831...
2025-12-27 17:39:33,513 [INFO]   ✅ Added 1248 real data points for 1831
2025-12-27 17:39:33,577 [INFO] [34/453] (7.5%) Fetching 1832...
2025-12-27 17:39:34,601 [INFO]   ✅ Added 1248 real data points for 1832
2025-12-27 17:39:34,666 [INFO] [35/453] (7.7%) Fetching 1833...
2025-12-27 17:39:35,599 [INFO]   ✅ Added 618 real data points for 1833
2025-12-27 17:39:35,664 [INFO] [36/453] (7.9%) Fetching 1834...
2025-12-27 17:39:36,325 [INFO]   ✅ Added 383 real data points for 1834
2025-12-27 17:39:36,390 [INFO] [37/453] (8.2%) Fetching 1835...
2025-12-27 17:39:37,016 [INFO]   ✅ Added 272 real data points for 1835
2025-12-27 17:39:37,082 [INFO] [38/453] (8.4%) Fetching 2001...
2025-12-27 17:39:38,055 [INFO]   ✅ Added 1248 real data points for 2001
2025-12-27 17:39:38,120 [INFO] [39/453] (8.6%) Fetching 2010...
2025-12-27 17:39:39,129 [INFO]   ✅ Added 1248 real data points for 2010
2025-12-27 17:39:39,193 [INFO] [40/453] (8.8%) Fetching 2020...
2025-12-27 17:39:40,356 [INFO]   ✅ Added 1248 real data points for 2020
2025-12-27 17:39:40,422 [INFO]   💤 Waiting 2 seconds (rate limiting)...
2025-12-27 17:39:42,424 [INFO] [41/453] (9.1%) Fetching 2030...
2025-12-27 17:39:43,415 [INFO]   ✅ Added 1248 real data points for 2030
2025-12-27 17:39:43,481 [INFO] [42/453] (9.3%) Fetching 2040...
2025-12-27 17:39:44,568 [INFO]   ✅ Added 1249 real data points for 2040
2025-12-27 17:39:44,634 [INFO] [43/453] (9.5%) Fetching 2050...
2025-12-27 17:39:45,702 [INFO]   ✅ Added 1249 real data points for 2050
2025-12-27 17:39:45,766 [INFO] [44/453] (9.7%) Fetching 2060...
2025-12-27 17:39:46,628 [INFO]   ✅ Added 1248 real data points for 2060
2025-12-27 17:39:46,691 [INFO] [45/453] (9.9%) Fetching 2070...
2025-12-27 17:39:47,754 [INFO]   ✅ Added 1248 real data points for 2070
2025-12-27 17:39:47,819 [INFO] [46/453] (10.2%) Fetching 2080...
2025-12-27 17:39:48,923 [INFO]   ✅ Added 1249 real data points for 2080
2025-12-27 17:39:48,988 [INFO] [47/453] (10.4%) Fetching 2081...
2025-12-27 17:39:50,241 [INFO]   ✅ Added 1162 real data points for 2081
2025-12-27 17:39:50,305 [INFO] [48/453] (10.6%) Fetching 2082...
2025-12-27 17:39:51,324 [INFO]   ✅ Added 1004 real data points for 2082
2025-12-27 17:39:51,388 [INFO] [49/453] (10.8%) Fetching 2083...
2025-12-27 17:39:52,251 [INFO]   ✅ Added 769 real data points for 2083
2025-12-27 17:39:52,316 [INFO] [50/453] (11.0%) Fetching 2084...
2025-12-27 17:39:52,979 [INFO]   ✅ Added 387 real data points for 2084
2025-12-27 17:39:53,044 [INFO]   💤 Waiting 2 seconds (rate limiting)...
2025-12-27 17:39:55,045 [INFO] [51/453] (11.3%) Fetching 2090...
2025-12-27 17:39:56,066 [INFO]   ✅ Added 1248 real data points for 2090
2025-12-27 17:39:56,130 [INFO] [52/453] (11.5%) Fetching 2100...
2025-12-27 17:39:57,079 [INFO]   ✅ Added 1248 real data points for 2100
2025-12-27 17:39:57,143 [INFO] [53/453] (11.7%) Fetching 2110...
2025-12-27 17:39:58,019 [INFO]   ✅ Added 1248 real data points for 2110
2025-12-27 17:39:58,083 [INFO] [54/453] (11.9%) Fetching 2120...
2025-12-27 17:39:59,210 [INFO]   ✅ Added 1248 real data points for 2120
2025-12-27 17:39:59,274 [INFO] [55/453] (12.1%) Fetching 2130...
2025-12-27 17:40:00,519 [INFO]   ✅ Added 1249 real data points for 2130
2025-12-27 17:40:00,587 [INFO] [56/453] (12.4%) Fetching 2140...
2025-12-27 17:40:01,602 [INFO]   ✅ Added 1248 real data points for 2140
2025-12-27 17:40:01,666 [INFO] [57/453] (12.6%) Fetching 2150...
2025-12-27 17:40:02,649 [INFO]   ✅ Added 1249 real data points for 2150
2025-12-27 17:40:02,714 [INFO] [58/453] (12.8%) Fetching 2160...
2025-12-27 17:40:03,676 [INFO]   ✅ Added 1248 real data points for 2160
2025-12-27 17:40:03,740 [INFO] [59/453] (13.0%) Fetching 2170...
2025-12-27 17:40:04,750 [INFO]   ✅ Added 1248 real data points for 2170
2025-12-27 17:40:04,815 [INFO] [60/453] (13.2%) Fetching 2180...
2025-12-27 17:40:05,895 [INFO]   ✅ Added 1248 real data points for 2180
2025-12-27 17:40:05,960 [INFO]   💤 Waiting 2 seconds (rate limiting)...
2025-12-27 17:40:07,965 [INFO] [61/453] (13.5%) Fetching 2190...
2025-12-27 17:40:09,066 [INFO]   ✅ Added 1248 real data points for 2190
2025-12-27 17:40:09,130 [INFO] [62/453] (13.7%) Fetching 2200...
2025-12-27 17:40:10,167 [INFO]   ✅ Added 1249 real data points for 2200
2025-12-27 17:40:10,232 [INFO] [63/453] (13.9%) Fetching 2210...
2025-12-27 17:40:11,114 [INFO]   ✅ Added 1248 real data points for 2210
2025-12-27 17:40:11,178 [INFO] [64/453] (14.1%) Fetching 2220...
2025-12-27 17:40:12,052 [INFO]   ✅ Added 1248 real data points for 2220
2025-12-27 17:40:12,116 [INFO] [65/453] (14.3%) Fetching 2222...
2025-12-27 17:40:13,101 [INFO]   ✅ Added 1249 real data points for 2222
2025-12-27 17:40:13,166 [INFO] [66/453] (14.6%) Fetching 2223...
2025-12-27 17:40:14,039 [INFO]   ✅ Added 747 real data points for 2223
2025-12-27 17:40:14,104 [INFO] [67/453] (14.8%) Fetching 2230...
2025-12-27 17:40:15,141 [INFO]   ✅ Added 1248 real data points for 2230
2025-12-27 17:40:15,206 [INFO] [68/453] (15.0%) Fetching 2240...
2025-12-27 17:40:16,122 [INFO]   ✅ Added 1248 real data points for 2240
2025-12-27 17:40:16,189 [INFO] [69/453] (15.2%) Fetching 2250...
2025-12-27 17:40:17,201 [INFO]   ✅ Added 1249 real data points for 2250
2025-12-27 17:40:17,264 [INFO] [70/453] (15.5%) Fetching 2270...
2025-12-27 17:40:18,431 [INFO]   ✅ Added 1248 real data points for 2270
2025-12-27 17:40:18,496 [INFO]   💤 Waiting 2 seconds (rate limiting)...
2025-12-27 17:40:20,497 [INFO] [71/453] (15.7%) Fetching 2280...
2025-12-27 17:40:21,465 [INFO]   ✅ Added 1248 real data points for 2280
2025-12-27 17:40:21,530 [INFO] [72/453] (15.9%) Fetching 2281...
2025-12-27 17:40:22,511 [INFO]   ✅ Added 1015 real data points for 2281
2025-12-27 17:40:22,576 [INFO] [73/453] (16.1%) Fetching 2282...
2025-12-27 17:40:23,456 [INFO]   ✅ Added 840 real data points for 2282
2025-12-27 17:40:23,521 [INFO] [74/453] (16.3%) Fetching 2283...
2025-12-27 17:40:24,343 [INFO]   ✅ Added 616 real data points for 2283
2025-12-27 17:40:24,409 [INFO] [75/453] (16.6%) Fetching 2284...
2025-12-27 17:40:25,324 [INFO]   ✅ Added 433 real data points for 2284
2025-12-27 17:40:25,391 [INFO] [76/453] (16.8%) Fetching 2285...
2025-12-27 17:40:26,088 [INFO]   ✅ Added 306 real data points for 2285
2025-12-27 17:40:26,153 [INFO] [77/453] (17.0%) Fetching 2286...
2025-12-27 17:40:26,771 [INFO]   ✅ Added 293 real data points for 2286
2025-12-27 17:40:26,837 [INFO] [78/453] (17.2%) Fetching 2287...
2025-12-27 17:40:27,409 [INFO]   ✅ Added 195 real data points for 2287
2025-12-27 17:40:27,473 [INFO] [79/453] (17.4%) Fetching 2290...
2025-12-27 17:40:29,677 [INFO]   ✅ Added 1248 real data points for 2290
2025-12-27 17:40:29,741 [INFO] [80/453] (17.7%) Fetching 2300...
2025-12-27 17:40:30,687 [INFO]   ✅ Added 1249 real data points for 2300
2025-12-27 17:40:30,754 [INFO]   💤 Waiting 2 seconds (rate limiting)...
2025-12-27 17:40:32,755 [INFO] [81/453] (17.9%) Fetching 2310...
2025-12-27 17:40:33,803 [INFO]   ✅ Added 1248 real data points for 2310
2025-12-27 17:40:33,867 [INFO] [82/453] (18.1%) Fetching 2320...
2025-12-27 17:40:34,838 [INFO]   ✅ Added 1248 real data points for 2320
2025-12-27 17:40:34,902 [INFO] [83/453] (18.3%) Fetching 2330...
2025-12-27 17:40:36,900 [INFO]   ✅ Added 1249 real data points for 2330
2025-12-27 17:40:36,965 [INFO] [84/453] (18.5%) Fetching 2340...
2025-12-27 17:40:37,901 [INFO]   ✅ Added 1248 real data points for 2340
2025-12-27 17:40:37,963 [INFO] [85/453] (18.8%) Fetching 2350...
2025-12-27 17:40:38,981 [INFO]   ✅ Added 1248 real data points for 2350
2025-12-27 17:40:39,048 [INFO] [86/453] (19.0%) Fetching 2360...
2025-12-27 17:40:40,109 [INFO]   ✅ Added 1248 real data points for 2360
2025-12-27 17:40:40,174 [INFO] [87/453] (19.2%) Fetching 2370...
2025-12-27 17:40:41,271 [INFO]   ✅ Added 1248 real data points for 2370
2025-12-27 17:40:41,334 [INFO] [88/453] (19.4%) Fetching 2380...
2025-12-27 17:40:42,535 [INFO]   ✅ Added 1248 real data points for 2380
2025-12-27 17:40:42,600 [INFO] [89/453] (19.6%) Fetching 2381...
2025-12-27 17:40:43,489 [INFO]   ✅ Added 781 real data points for 2381
2025-12-27 17:40:43,554 [INFO] [90/453] (19.9%) Fetching 2382...
2025-12-27 17:40:44,370 [INFO]   ✅ Added 552 real data points for 2382
2025-12-27 17:40:44,437 [INFO]   💤 Waiting 2 seconds (rate limiting)...
2025-12-27 17:40:46,438 [INFO] [91/453] (20.1%) Fetching 3002...
2025-12-27 17:40:47,568 [INFO]   ✅ Added 1248 real data points for 3002
2025-12-27 17:40:47,632 [INFO] [92/453] (20.3%) Fetching 3003...
2025-12-27 17:40:48,612 [INFO]   ✅ Added 1248 real data points for 3003
2025-12-27 17:40:48,676 [INFO] [93/453] (20.5%) Fetching 3004...
2025-12-27 17:40:49,650 [INFO]   ✅ Added 1248 real data points for 3004
2025-12-27 17:40:49,715 [INFO] [94/453] (20.8%) Fetching 3005...
2025-12-27 17:40:50,645 [INFO]   ✅ Added 1248 real data points for 3005
2025-12-27 17:40:50,709 [INFO] [95/453] (21.0%) Fetching 3007...
2025-12-27 17:40:51,764 [INFO]   ✅ Added 1249 real data points for 3007
2025-12-27 17:40:51,828 [INFO] [96/453] (21.2%) Fetching 3008...
2025-12-27 17:40:52,951 [INFO]   ✅ Added 1248 real data points for 3008
2025-12-27 17:40:53,015 [INFO] [97/453] (21.4%) Fetching 3010...
2025-12-27 17:40:54,166 [INFO]   ✅ Added 1249 real data points for 3010
2025-12-27 17:40:54,230 [INFO] [98/453] (21.6%) Fetching 3020...
2025-12-27 17:40:55,207 [INFO]   ✅ Added 1248 real data points for 3020
2025-12-27 17:40:55,271 [INFO] [99/453] (21.9%) Fetching 3030...
2025-12-27 17:40:56,240 [INFO]   ✅ Added 1248 real data points for 3030
2025-12-27 17:40:56,304 [INFO] [100/453] (22.1%) Fetching 3040...
2025-12-27 17:40:57,448 [INFO]   ✅ Added 1248 real data points for 3040
2025-12-27 17:40:57,523 [INFO]   💤 Waiting 2 seconds (rate limiting)...
2025-12-27 17:40:59,526 [INFO] [101/453] (22.3%) Fetching 3050...
2025-12-27 17:41:00,691 [INFO]   ✅ Added 1248 real data points for 3050
2025-12-27 17:41:00,755 [INFO] [102/453] (22.5%) Fetching 3060...
2025-12-27 17:41:01,786 [INFO]   ✅ Added 1248 real data points for 3060
2025-12-27 17:41:01,852 [INFO] [103/453] (22.7%) Fetching 3080...
2025-12-27 17:41:02,819 [INFO]   ✅ Added 1248 real data points for 3080
2025-12-27 17:41:02,884 [INFO] [104/453] (23.0%) Fetching 3090...
2025-12-27 17:41:03,904 [INFO]   ✅ Added 1248 real data points for 3090
2025-12-27 17:41:03,971 [INFO] [105/453] (23.2%) Fetching 3091...
2025-12-27 17:41:04,985 [INFO]   ✅ Added 1248 real data points for 3091
2025-12-27 17:41:05,050 [INFO] [106/453] (23.4%) Fetching 3092...
2025-12-27 17:41:06,121 [INFO]   ✅ Added 1248 real data points for 3092
2025-12-27 17:41:06,183 [INFO] [107/453] (23.6%) Fetching 4001...
2025-12-27 17:41:07,199 [INFO]   ✅ Added 1248 real data points for 4001
2025-12-27 17:41:07,263 [INFO] [108/453] (23.8%) Fetching 4002...
2025-12-27 17:41:08,259 [INFO]   ✅ Added 1248 real data points for 4002
2025-12-27 17:41:08,325 [INFO] [109/453] (24.1%) Fetching 4003...
2025-12-27 17:41:09,327 [INFO]   ✅ Added 1248 real data points for 4003
2025-12-27 17:41:09,390 [INFO] [110/453] (24.3%) Fetching 4004...
2025-12-27 17:41:10,571 [INFO]   ✅ Added 1248 real data points for 4004
2025-12-27 17:41:10,635 [INFO]   💤 Waiting 2 seconds (rate limiting)...
2025-12-27 17:41:12,640 [INFO] [111/453] (24.5%) Fetching 4005...
2025-12-27 17:41:13,611 [INFO]   ✅ Added 1248 real data points for 4005
2025-12-27 17:41:13,676 [INFO] [112/453] (24.7%) Fetching 4006...
2025-12-27 17:41:14,791 [INFO]   ✅ Added 1248 real data points for 4006
2025-12-27 17:41:14,855 [INFO] [113/453] (24.9%) Fetching 4007...
2025-12-27 17:41:16,185 [INFO]   ✅ Added 1248 real data points for 4007
2025-12-27 17:41:16,249 [INFO] [114/453] (25.2%) Fetching 4008...
2025-12-27 17:41:17,130 [INFO]   ✅ Added 1248 real data points for 4008
2025-12-27 17:41:17,194 [INFO] [115/453] (25.4%) Fetching 4009...
2025-12-27 17:41:18,290 [INFO]   ✅ Added 1248 real data points for 4009
2025-12-27 17:41:18,355 [INFO] [116/453] (25.6%) Fetching 4011...
2025-12-27 17:41:19,436 [INFO]   ✅ Added 1248 real data points for 4011
2025-12-27 17:41:19,500 [INFO] [117/453] (25.8%) Fetching 4012...
2025-12-27 17:41:20,641 [INFO]   ✅ Added 1248 real data points for 4012
2025-12-27 17:41:20,705 [INFO] [118/453] (26.0%) Fetching 4013...
2025-12-27 17:41:21,770 [INFO]   ✅ Added 1248 real data points for 4013
2025-12-27 17:41:21,835 [INFO] [119/453] (26.3%) Fetching 4014...
2025-12-27 17:41:22,798 [INFO]   ✅ Added 947 real data points for 4014
2025-12-27 17:41:22,864 [INFO] [120/453] (26.5%) Fetching 4015...
2025-12-27 17:41:23,684 [INFO]   ✅ Added 617 real data points for 4015
2025-12-27 17:41:23,750 [INFO]   💤 Waiting 2 seconds (rate limiting)...
2025-12-27 17:41:25,754 [INFO] [121/453] (26.7%) Fetching 4016...
2025-12-27 17:41:26,443 [INFO]   ✅ Added 454 real data points for 4016
2025-12-27 17:41:26,509 [INFO] [122/453] (26.9%) Fetching 4017...
2025-12-27 17:41:27,162 [INFO]   ✅ Added 388 real data points for 4017
2025-12-27 17:41:27,227 [INFO] [123/453] (27.2%) Fetching 4018...
2025-12-27 17:41:27,927 [INFO]   ✅ Added 243 real data points for 4018
2025-12-27 17:41:28,036 [INFO] [124/453] (27.4%) Fetching 4019...
2025-12-27 17:41:28,683 [INFO]   ✅ Added 131 real data points for 4019
2025-12-27 17:41:28,749 [INFO] [125/453] (27.6%) Fetching 4020...
2025-12-27 17:41:29,719 [INFO]   ✅ Added 1248 real data points for 4020
2025-12-27 17:41:29,782 [INFO] [126/453] (27.8%) Fetching 4021...
2025-12-27 17:41:31,011 [INFO]   ✅ Added 1089 real data points for 4021
2025-12-27 17:41:31,076 [INFO] [127/453] (28.0%) Fetching 4030...
2025-12-27 17:41:32,404 [INFO]   ✅ Added 1249 real data points for 4030
2025-12-27 17:41:32,468 [INFO] [128/453] (28.3%) Fetching 4031...
2025-12-27 17:41:33,448 [INFO]   ✅ Added 1248 real data points for 4031
2025-12-27 17:41:33,513 [INFO] [129/453] (28.5%) Fetching 4040...
2025-12-27 17:41:34,372 [INFO]   ✅ Added 1249 real data points for 4040
2025-12-27 17:41:34,437 [INFO] [130/453] (28.7%) Fetching 4050...
2025-12-27 17:41:36,499 [INFO]   ✅ Added 1249 real data points for 4050
2025-12-27 17:41:36,564 [INFO]   💤 Waiting 2 seconds (rate limiting)...
2025-12-27 17:41:38,569 [INFO] [131/453] (28.9%) Fetching 4051...
2025-12-27 17:41:39,643 [INFO]   ✅ Added 1249 real data points for 4051
2025-12-27 17:41:39,707 [INFO] [132/453] (29.1%) Fetching 4061...
2025-12-27 17:41:40,603 [INFO]   ✅ Added 1249 real data points for 4061
2025-12-27 17:41:40,667 [INFO] [133/453] (29.4%) Fetching 4070...
2025-12-27 17:41:41,663 [INFO]   ✅ Added 1249 real data points for 4070
2025-12-27 17:41:41,728 [INFO] [134/453] (29.6%) Fetching 4071...
2025-12-27 17:41:42,656 [INFO]   ✅ Added 1003 real data points for 4071
2025-12-27 17:41:42,720 [INFO] [135/453] (29.8%) Fetching 4072...
2025-12-27 17:41:43,403 [INFO]   ✅ Added 489 real data points for 4072
2025-12-27 17:41:43,468 [INFO] [136/453] (30.0%) Fetching 4080...
2025-12-27 17:41:44,529 [INFO]   ✅ Added 1248 real data points for 4080
2025-12-27 17:41:44,594 [INFO] [137/453] (30.2%) Fetching 4081...
2025-12-27 17:41:45,555 [INFO]   ✅ Added 1010 real data points for 4081
2025-12-27 17:41:45,620 [INFO] [138/453] (30.5%) Fetching 4082...
2025-12-27 17:41:46,325 [INFO]   ✅ Added 616 real data points for 4082
2025-12-27 17:41:46,390 [INFO] [139/453] (30.7%) Fetching 4083...
2025-12-27 17:41:46,974 [INFO]   ✅ Added 268 real data points for 4083
2025-12-27 17:41:47,038 [INFO] [140/453] (30.9%) Fetching 4084...
2025-12-27 17:41:47,657 [INFO]   ✅ Added 200 real data points for 4084
2025-12-27 17:41:47,722 [INFO]   💤 Waiting 2 seconds (rate limiting)...
2025-12-27 17:41:49,726 [INFO] [141/453] (31.1%) Fetching 4090...
2025-12-27 17:41:51,723 [INFO]   ✅ Added 1248 real data points for 4090
2025-12-27 17:41:51,787 [INFO] [142/453] (31.3%) Fetching 4100...
2025-12-27 17:41:52,760 [INFO]   ✅ Added 1249 real data points for 4100
2025-12-27 17:41:52,825 [INFO] [143/453] (31.6%) Fetching 4110...
2025-12-27 17:41:53,730 [INFO]   ✅ Added 1248 real data points for 4110
2025-12-27 17:41:53,794 [INFO] [144/453] (31.8%) Fetching 4130...
2025-12-27 17:41:55,701 [INFO]   ✅ Added 1249 real data points for 4130
2025-12-27 17:41:55,764 [INFO] [145/453] (32.0%) Fetching 4140...
2025-12-27 17:41:56,763 [INFO]   ✅ Added 1249 real data points for 4140
2025-12-27 17:41:56,827 [INFO] [146/453] (32.2%) Fetching 4141...
2025-12-27 17:41:57,730 [INFO]   ✅ Added 1248 real data points for 4141
2025-12-27 17:41:57,794 [INFO] [147/453] (32.5%) Fetching 4142...
2025-12-27 17:41:58,575 [INFO]   ✅ Added 751 real data points for 4142
2025-12-27 17:41:58,644 [INFO] [148/453] (32.7%) Fetching 4143...
2025-12-27 17:41:59,308 [INFO]   ✅ Added 384 real data points for 4143
2025-12-27 17:41:59,373 [INFO] [149/453] (32.9%) Fetching 4144...
2025-12-27 17:42:00,335 [INFO]   ✅ Added 958 real data points for 4144
2025-12-27 17:42:00,401 [INFO] [150/453] (33.1%) Fetching 4145...
2025-12-27 17:42:03,996 [INFO]   ✅ Added 907 real data points for 4145
2025-12-27 17:42:04,059 [INFO]   💤 Waiting 2 seconds (rate limiting)...
2025-12-27 17:42:06,065 [INFO] [151/453] (33.3%) Fetching 4146...
2025-12-27 17:42:06,581 [INFO]   ✅ Added 63 real data points for 4146
2025-12-27 17:42:06,646 [INFO] [152/453] (33.6%) Fetching 4150...
2025-12-27 17:42:07,632 [INFO]   ✅ Added 1249 real data points for 4150
2025-12-27 17:42:07,696 [INFO] [153/453] (33.8%) Fetching 4160...
2025-12-27 17:42:08,572 [INFO]   ✅ Added 1249 real data points for 4160
2025-12-27 17:42:08,637 [INFO] [154/453] (34.0%) Fetching 4161...
2025-12-27 17:42:09,738 [INFO]   ✅ Added 1167 real data points for 4161
2025-12-27 17:42:09,803 [INFO] [155/453] (34.2%) Fetching 4162...
2025-12-27 17:42:10,866 [INFO]   ✅ Added 1001 real data points for 4162
2025-12-27 17:42:10,930 [INFO] [156/453] (34.4%) Fetching 4163...
2025-12-27 17:42:13,666 [INFO]   ✅ Added 941 real data points for 4163
2025-12-27 17:42:13,731 [INFO] [157/453] (34.7%) Fetching 4164...
2025-12-27 17:42:14,881 [INFO]   ✅ Added 918 real data points for 4164
2025-12-27 17:42:14,945 [INFO] [158/453] (34.9%) Fetching 4165...
2025-12-27 17:42:15,578 [INFO]   ✅ Added 307 real data points for 4165
2025-12-27 17:42:15,643 [INFO] [159/453] (35.1%) Fetching 4170...
2025-12-27 17:42:16,588 [INFO]   ✅ Added 1249 real data points for 4170
2025-12-27 17:42:16,652 [INFO] [160/453] (35.3%) Fetching 4180...
2025-12-27 17:42:17,632 [INFO]   ✅ Added 1248 real data points for 4180
2025-12-27 17:42:17,696 [INFO]   💤 Waiting 2 seconds (rate limiting)...
2025-12-27 17:42:19,698 [INFO] [161/453] (35.5%) Fetching 4190...
2025-12-27 17:42:20,718 [INFO]   ✅ Added 1248 real data points for 4190
2025-12-27 17:42:20,782 [INFO] [162/453] (35.8%) Fetching 4191...
2025-12-27 17:42:21,736 [INFO]   ✅ Added 1249 real data points for 4191
2025-12-27 17:42:21,799 [INFO] [163/453] (36.0%) Fetching 4192...
2025-12-27 17:42:22,648 [INFO]   ✅ Added 746 real data points for 4192
2025-12-27 17:42:22,714 [INFO] [164/453] (36.2%) Fetching 4193...
2025-12-27 17:42:23,356 [INFO]   ✅ Added 242 real data points for 4193
2025-12-27 17:42:23,422 [INFO] [165/453] (36.4%) Fetching 4194...
2025-12-27 17:42:24,031 [INFO]   ✅ Added 82 real data points for 4194
2025-12-27 17:42:24,097 [INFO] [166/453] (36.6%) Fetching 4200...
2025-12-27 17:42:25,071 [INFO]   ✅ Added 1249 real data points for 4200
2025-12-27 17:42:25,136 [INFO] [167/453] (36.9%) Fetching 4210...
2025-12-27 17:42:25,973 [INFO]   ✅ Added 1248 real data points for 4210
2025-12-27 17:42:26,039 [INFO] [168/453] (37.1%) Fetching 4220...
2025-12-27 17:42:27,100 [INFO]   ✅ Added 1249 real data points for 4220
2025-12-27 17:42:27,164 [INFO] [169/453] (37.3%) Fetching 4230...
2025-12-27 17:42:28,042 [INFO]   ✅ Added 1248 real data points for 4230
2025-12-27 17:42:28,106 [INFO] [170/453] (37.5%) Fetching 4240...
2025-12-27 17:42:29,097 [INFO]   ✅ Added 1248 real data points for 4240
2025-12-27 17:42:29,161 [INFO]   💤 Waiting 2 seconds (rate limiting)...
2025-12-27 17:42:31,163 [INFO] [171/453] (37.7%) Fetching 4250...
2025-12-27 17:42:32,038 [INFO]   ✅ Added 1248 real data points for 4250
2025-12-27 17:42:32,103 [INFO] [172/453] (38.0%) Fetching 4260...
2025-12-27 17:42:34,235 [INFO]   ✅ Added 1248 real data points for 4260
2025-12-27 17:42:34,300 [INFO] [173/453] (38.2%) Fetching 4261...
2025-12-27 17:42:35,288 [INFO]   ✅ Added 1183 real data points for 4261
2025-12-27 17:42:35,352 [INFO] [174/453] (38.4%) Fetching 4262...
2025-12-27 17:42:35,960 [INFO]   ✅ Added 566 real data points for 4262
2025-12-27 17:42:36,026 [INFO] [175/453] (38.6%) Fetching 4263...
2025-12-27 17:42:36,720 [INFO]   ✅ Added 537 real data points for 4263
2025-12-27 17:42:36,785 [INFO] [176/453] (38.9%) Fetching 4264...
2025-12-27 17:42:37,381 [INFO]   ✅ Added 136 real data points for 4264
2025-12-27 17:42:37,447 [INFO] [177/453] (39.1%) Fetching 4265...
2025-12-27 17:42:38,016 [INFO]   ✅ Added 19 real data points for 4265
2025-12-27 17:42:38,080 [INFO] [178/453] (39.3%) Fetching 4270...
2025-12-27 17:42:38,957 [INFO]   ✅ Added 1248 real data points for 4270
2025-12-27 17:42:39,023 [INFO] [179/453] (39.5%) Fetching 4280...
2025-12-27 17:42:41,174 [INFO]   ✅ Added 1248 real data points for 4280
2025-12-27 17:42:41,238 [INFO] [180/453] (39.7%) Fetching 4290...
2025-12-27 17:42:42,139 [INFO]   ✅ Added 1248 real data points for 4290
2025-12-27 17:42:42,204 [INFO]   💤 Waiting 2 seconds (rate limiting)...
2025-12-27 17:42:44,208 [INFO] [181/453] (40.0%) Fetching 4291...
2025-12-27 17:42:45,124 [INFO]   ✅ Added 1248 real data points for 4291
2025-12-27 17:42:45,189 [INFO] [182/453] (40.2%) Fetching 4292...
2025-12-27 17:42:46,191 [INFO]   ✅ Added 1248 real data points for 4292
2025-12-27 17:42:46,258 [INFO] [183/453] (40.4%) Fetching 4300...
2025-12-27 17:42:47,401 [INFO]   ✅ Added 1248 real data points for 4300
2025-12-27 17:42:47,465 [INFO] [184/453] (40.6%) Fetching 4310...
2025-12-27 17:42:48,400 [INFO]   ✅ Added 1248 real data points for 4310
2025-12-27 17:42:48,465 [INFO] [185/453] (40.8%) Fetching 4320...
2025-12-27 17:42:50,093 [INFO]   ✅ Added 1248 real data points for 4320
2025-12-27 17:42:50,156 [INFO] [186/453] (41.1%) Fetching 4321...
2025-12-27 17:42:51,123 [INFO]   ✅ Added 1248 real data points for 4321
2025-12-27 17:42:51,186 [INFO] [187/453] (41.3%) Fetching 4322...
2025-12-27 17:42:51,973 [INFO]   ✅ Added 869 real data points for 4322
2025-12-27 17:42:52,037 [INFO] [188/453] (41.5%) Fetching 4323...
2025-12-27 17:42:52,946 [INFO]   ✅ Added 1119 real data points for 4323
2025-12-27 17:42:53,012 [INFO] [189/453] (41.7%) Fetching 4324...
2025-12-27 17:42:53,521 [INFO]   ✅ Added 270 real data points for 4324
2025-12-27 17:42:53,585 [INFO] [190/453] (41.9%) Fetching 4325...
2025-12-27 17:42:54,039 [INFO]   ✅ Added 190 real data points for 4325
2025-12-27 17:42:54,104 [INFO]   💤 Waiting 2 seconds (rate limiting)...
2025-12-27 17:42:56,109 [INFO] [191/453] (42.2%) Fetching 4326...
2025-12-27 17:42:56,639 [INFO]   ✅ Added 76 real data points for 4326
2025-12-27 17:42:56,706 [INFO] [192/453] (42.4%) Fetching 4327...
2025-12-27 17:42:57,198 [INFO]   ✅ Added 8 real data points for 4327
2025-12-27 17:42:57,262 [INFO] [193/453] (42.6%) Fetching 4330...
2025-12-27 17:42:58,260 [INFO]   ✅ Added 1248 real data points for 4330
2025-12-27 17:42:58,324 [INFO] [194/453] (42.8%) Fetching 4331...
2025-12-27 17:42:59,505 [INFO]   ✅ Added 1248 real data points for 4331
2025-12-27 17:42:59,569 [INFO] [195/453] (43.0%) Fetching 4332...
2025-12-27 17:43:00,475 [INFO]   ✅ Added 1059 real data points for 4332
2025-12-27 17:43:00,540 [INFO] [196/453] (43.3%) Fetching 4333...
2025-12-27 17:43:01,560 [INFO]   ✅ Added 1233 real data points for 4333
2025-12-27 17:43:01,624 [INFO] [197/453] (43.5%) Fetching 4334...
2025-12-27 17:43:02,665 [INFO]   ✅ Added 1248 real data points for 4334
2025-12-27 17:43:02,729 [INFO] [198/453] (43.7%) Fetching 4335...
2025-12-27 17:43:03,898 [INFO]   ✅ Added 1248 real data points for 4335
2025-12-27 17:43:03,962 [INFO] [199/453] (43.9%) Fetching 4336...
2025-12-27 17:43:04,948 [INFO]   ✅ Added 1248 real data points for 4336
2025-12-27 17:43:05,013 [INFO] [200/453] (44.2%) Fetching 4337...
2025-12-27 17:43:05,926 [INFO]   ✅ Added 1233 real data points for 4337
2025-12-27 17:43:05,988 [INFO]   💤 Waiting 2 seconds (rate limiting)...
2025-12-27 17:43:07,991 [INFO] [201/453] (44.4%) Fetching 4338...
2025-12-27 17:43:08,977 [INFO]   ✅ Added 1248 real data points for 4338
2025-12-27 17:43:09,042 [INFO] [202/453] (44.6%) Fetching 4339...
2025-12-27 17:43:10,232 [INFO]   ✅ Added 1248 real data points for 4339
2025-12-27 17:43:10,296 [INFO] [203/453] (44.8%) Fetching 4340...
2025-12-27 17:43:11,579 [INFO]   ✅ Added 1248 real data points for 4340
2025-12-27 17:43:11,642 [INFO] [204/453] (45.0%) Fetching 4342...
2025-12-27 17:43:12,740 [INFO]   ✅ Added 1248 real data points for 4342
2025-12-27 17:43:12,805 [INFO] [205/453] (45.3%) Fetching 4344...
2025-12-27 17:43:13,898 [INFO]   ✅ Added 1248 real data points for 4344
2025-12-27 17:43:13,963 [INFO] [206/453] (45.5%) Fetching 4345...
2025-12-27 17:43:15,045 [INFO]   ✅ Added 1248 real data points for 4345
2025-12-27 17:43:15,108 [INFO] [207/453] (45.7%) Fetching 4346...
2025-12-27 17:43:16,105 [INFO]   ✅ Added 1059 real data points for 4346
2025-12-27 17:43:16,169 [INFO] [208/453] (45.9%) Fetching 4347...
2025-12-27 17:43:17,292 [INFO]   ✅ Added 1248 real data points for 4347
2025-12-27 17:43:17,354 [INFO] [209/453] (46.1%) Fetching 4348...
2025-12-27 17:43:18,578 [INFO]   ✅ Added 1059 real data points for 4348
2025-12-27 17:43:18,642 [INFO] [210/453] (46.4%) Fetching 4349...
2025-12-27 17:43:19,509 [INFO]   ✅ Added 722 real data points for 4349
2025-12-27 17:43:19,574 [INFO]   💤 Waiting 2 seconds (rate limiting)...
2025-12-27 17:43:21,580 [INFO] [211/453] (46.6%) Fetching 4350...
2025-12-27 17:43:22,251 [INFO]   ✅ Added 331 real data points for 4350
2025-12-27 17:43:22,316 [INFO] [212/453] (46.8%) Fetching 4700...
2025-12-27 17:43:23,287 [INFO]   ✅ Added 816 real data points for 4700
2025-12-27 17:43:23,351 [INFO] [213/453] (47.0%) Fetching 4701...
2025-12-27 17:43:24,264 [INFO]   ✅ Added 816 real data points for 4701
2025-12-27 17:43:24,330 [INFO] [214/453] (47.2%) Fetching 4702...
2025-12-27 17:43:25,062 [INFO]   ✅ Added 362 real data points for 4702
2025-12-27 17:43:25,127 [INFO] [215/453] (47.5%) Fetching 4703...
2025-12-27 17:43:25,799 [INFO]   ✅ Added 357 real data points for 4703
2025-12-27 17:43:25,865 [INFO] [216/453] (47.7%) Fetching 5015...
2025-12-27 17:43:26,364 [INFO]   ✅ Added 1 real data points for 5015
2025-12-27 17:43:26,430 [INFO] [217/453] (47.9%) Fetching 5019...
2025-12-27 17:43:26,913 [INFO]   ✅ Added 1 real data points for 5019
2025-12-27 17:43:26,979 [INFO] [218/453] (48.1%) Fetching 5021...
2025-12-27 17:43:27,468 [INFO]   ✅ Added 1 real data points for 5021
2025-12-27 17:43:27,532 [INFO] [219/453] (48.3%) Fetching 5022...
2025-12-27 17:43:28,015 [INFO]   ✅ Added 1 real data points for 5022
2025-12-27 17:43:28,080 [INFO] [220/453] (48.6%) Fetching 5023...
2025-12-27 17:43:28,566 [INFO]   ✅ Added 1 real data points for 5023
2025-12-27 17:43:28,630 [INFO]   💤 Waiting 2 seconds (rate limiting)...
2025-12-27 17:43:30,635 [INFO] [221/453] (48.8%) Fetching 5110...
2025-12-27 17:43:31,814 [INFO]   ✅ Added 1248 real data points for 5110
2025-12-27 17:43:31,879 [INFO] [222/453] (49.0%) Fetching 5214...
2025-12-27 17:43:32,100 [ERROR] $5214.SR: possibly delisted; no price data found  (period=5y)
2025-12-27 17:43:32,100 [WARNING] No data returned for 5214.SR
2025-12-27 17:43:32,101 [INFO] [223/453] (49.2%) Fetching 5216...
2025-12-27 17:43:32,368 [ERROR] $5216.SR: possibly delisted; no price data found  (period=5y)
2025-12-27 17:43:32,368 [WARNING] No data returned for 5216.SR
2025-12-27 17:43:32,369 [INFO] [224/453] (49.4%) Fetching 5221...
2025-12-27 17:43:32,589 [ERROR] $5221.SR: possibly delisted; no price data found  (period=5y)
2025-12-27 17:43:32,590 [WARNING] No data returned for 5221.SR
2025-12-27 17:43:32,591 [INFO] [225/453] (49.7%) Fetching 5227...
2025-12-27 17:43:32,802 [ERROR] $5227.SR: possibly delisted; no price data found  (period=5y)
2025-12-27 17:43:32,803 [WARNING] No data returned for 5227.SR
2025-12-27 17:43:32,804 [INFO] [226/453] (49.9%) Fetching 5243...
2025-12-27 17:43:33,016 [ERROR] $5243.SR: possibly delisted; no price data found  (period=5y)
2025-12-27 17:43:33,017 [WARNING] No data returned for 5243.SR
2025-12-27 17:43:33,018 [INFO] [227/453] (50.1%) Fetching 5245...
2025-12-27 17:43:33,279 [ERROR] $5245.SR: possibly delisted; no price data found  (period=5y)
2025-12-27 17:43:33,279 [WARNING] No data returned for 5245.SR
2025-12-27 17:43:33,280 [INFO] [228/453] (50.3%) Fetching 5246...
2025-12-27 17:43:33,498 [ERROR] $5246.SR: possibly delisted; no price data found  (period=5y)
2025-12-27 17:43:33,499 [WARNING] No data returned for 5246.SR
2025-12-27 17:43:33,500 [INFO] [229/453] (50.6%) Fetching 5247...
2025-12-27 17:43:33,777 [ERROR] $5247.SR: possibly delisted; no price data found  (period=5y)
2025-12-27 17:43:33,778 [WARNING] No data returned for 5247.SR
2025-12-27 17:43:33,779 [INFO] [230/453] (50.8%) Fetching 5249...
2025-12-27 17:43:34,126 [ERROR] $5249.SR: possibly delisted; no price data found  (period=5y)
2025-12-27 17:43:34,127 [WARNING] No data returned for 5249.SR
2025-12-27 17:43:34,127 [INFO]   💤 Waiting 2 seconds (rate limiting)...
2025-12-27 17:43:36,129 [INFO] [231/453] (51.0%) Fetching 5250...
2025-12-27 17:43:36,353 [ERROR] $5250.SR: possibly delisted; no price data found  (period=5y)
2025-12-27 17:43:36,353 [WARNING] No data returned for 5250.SR
2025-12-27 17:43:36,353 [INFO] [232/453] (51.2%) Fetching 5251...
2025-12-27 17:43:36,590 [ERROR] $5251.SR: possibly delisted; no price data found  (period=5y)
2025-12-27 17:43:36,592 [WARNING] No data returned for 5251.SR
2025-12-27 17:43:36,593 [INFO] [233/453] (51.4%) Fetching 5252...
2025-12-27 17:43:36,853 [ERROR] $5252.SR: possibly delisted; no price data found  (period=5y)
2025-12-27 17:43:36,854 [WARNING] No data returned for 5252.SR
2025-12-27 17:43:36,855 [INFO] [234/453] (51.7%) Fetching 5253...
2025-12-27 17:43:37,132 [ERROR] $5253.SR: possibly delisted; no price data found  (period=5y)
2025-12-27 17:43:37,133 [WARNING] No data returned for 5253.SR
2025-12-27 17:43:37,133 [INFO] [235/453] (51.9%) Fetching 5254...
2025-12-27 17:43:37,341 [ERROR] $5254.SR: possibly delisted; no price data found  (period=5y)
2025-12-27 17:43:37,341 [WARNING] No data returned for 5254.SR
2025-12-27 17:43:37,342 [INFO] [236/453] (52.1%) Fetching 5267...
2025-12-27 17:43:38,830 [ERROR] HTTP Error 404: {"quoteSummary":{"result":null,"error":{"code":"Not Found","description":"Quote not found for symbol: 5267.SR"}}}
2025-12-27 17:43:39,618 [ERROR] $5267.SR: possibly delisted; no price data found  (period=5y) (Yahoo error = "No data found, symbol may be delisted")
2025-12-27 17:43:39,619 [WARNING] No data returned for 5267.SR
2025-12-27 17:43:39,620 [INFO] [237/453] (52.3%) Fetching 5272...
2025-12-27 17:43:39,889 [ERROR] $5272.SR: possibly delisted; no price data found  (period=5y)
2025-12-27 17:43:39,890 [WARNING] No data returned for 5272.SR
2025-12-27 17:43:39,891 [INFO] [238/453] (52.5%) Fetching 5273...
2025-12-27 17:43:40,104 [ERROR] $5273.SR: possibly delisted; no price data found  (period=5y)
2025-12-27 17:43:40,105 [WARNING] No data returned for 5273.SR
2025-12-27 17:43:40,105 [INFO] [239/453] (52.8%) Fetching 5274...
2025-12-27 17:43:41,251 [ERROR] HTTP Error 404: {"quoteSummary":{"result":null,"error":{"code":"Not Found","description":"Quote not found for symbol: 5274.SR"}}}
2025-12-27 17:43:45,281 [ERROR] $5274.SR: possibly delisted; no price data found  (period=5y) (Yahoo error = "No data found, symbol may be delisted")
2025-12-27 17:43:45,282 [WARNING] No data returned for 5274.SR
2025-12-27 17:43:45,282 [INFO] [240/453] (53.0%) Fetching 5280...
2025-12-27 17:43:46,455 [ERROR] $5280.SR: possibly delisted; no price data found  (period=5y) (Yahoo error = "No data found, symbol may be delisted")
2025-12-27 17:43:46,456 [WARNING] No data returned for 5280.SR
2025-12-27 17:43:46,456 [INFO]   💤 Waiting 2 seconds (rate limiting)...
2025-12-27 17:43:48,461 [INFO] [241/453] (53.2%) Fetching 5282...
2025-12-27 17:43:49,340 [ERROR] $5282.SR: possibly delisted; no price data found  (period=5y) (Yahoo error = "No data found, symbol may be delisted")
2025-12-27 17:43:49,341 [WARNING] No data returned for 5282.SR
2025-12-27 17:43:49,342 [INFO] [242/453] (53.4%) Fetching 5283...
2025-12-27 17:43:50,175 [ERROR] $5283.SR: possibly delisted; no price data found  (period=5y) (Yahoo error = "No data found, symbol may be delisted")
2025-12-27 17:43:50,176 [WARNING] No data returned for 5283.SR
2025-12-27 17:43:50,177 [INFO] [243/453] (53.6%) Fetching 5284...
2025-12-27 17:43:51,016 [ERROR] $5284.SR: possibly delisted; no price data found  (period=5y) (Yahoo error = "No data found, symbol may be delisted")
2025-12-27 17:43:51,017 [WARNING] No data returned for 5284.SR
2025-12-27 17:43:51,018 [INFO] [244/453] (53.9%) Fetching 5285...
2025-12-27 17:43:51,935 [ERROR] $5285.SR: possibly delisted; no price data found  (period=5y) (Yahoo error = "No data found, symbol may be delisted")
2025-12-27 17:43:51,936 [WARNING] No data returned for 5285.SR
2025-12-27 17:43:51,937 [INFO] [245/453] (54.1%) Fetching 5301...
2025-12-27 17:43:52,797 [ERROR] $5301.SR: possibly delisted; no price data found  (period=5y) (Yahoo error = "No data found, symbol may be delisted")
2025-12-27 17:43:52,798 [WARNING] No data returned for 5301.SR
2025-12-27 17:43:52,799 [INFO] [246/453] (54.3%) Fetching 5303...
2025-12-27 17:43:53,620 [ERROR] $5303.SR: possibly delisted; no price data found  (period=5y) (Yahoo error = "No data found, symbol may be delisted")
2025-12-27 17:43:53,620 [WARNING] No data returned for 5303.SR
2025-12-27 17:43:53,621 [INFO] [247/453] (54.5%) Fetching 5306...
2025-12-27 17:43:54,508 [ERROR] $5306.SR: possibly delisted; no price data found  (period=5y) (Yahoo error = "No data found, symbol may be delisted")
2025-12-27 17:43:54,509 [WARNING] No data returned for 5306.SR
2025-12-27 17:43:54,510 [INFO] [248/453] (54.7%) Fetching 5308...
2025-12-27 17:43:55,398 [ERROR] $5308.SR: possibly delisted; no price data found  (period=5y) (Yahoo error = "No data found, symbol may be delisted")
2025-12-27 17:43:55,398 [WARNING] No data returned for 5308.SR
2025-12-27 17:43:55,399 [INFO] [249/453] (55.0%) Fetching 5311...
2025-12-27 17:43:56,264 [ERROR] $5311.SR: possibly delisted; no price data found  (period=5y) (Yahoo error = "No data found, symbol may be delisted")
2025-12-27 17:43:56,265 [WARNING] No data returned for 5311.SR
2025-12-27 17:43:56,265 [INFO] [250/453] (55.2%) Fetching 5312...
2025-12-27 17:43:57,069 [ERROR] $5312.SR: possibly delisted; no price data found  (period=5y) (Yahoo error = "No data found, symbol may be delisted")
2025-12-27 17:43:57,069 [WARNING] No data returned for 5312.SR
2025-12-27 17:43:57,070 [INFO]   💤 Waiting 2 seconds (rate limiting)...
2025-12-27 17:43:59,075 [INFO] [251/453] (55.4%) Fetching 5313...
2025-12-27 17:44:00,568 [ERROR] $5313.SR: possibly delisted; no price data found  (period=5y) (Yahoo error = "No data found, symbol may be delisted")
2025-12-27 17:44:00,569 [WARNING] No data returned for 5313.SR
2025-12-27 17:44:00,570 [INFO] [252/453] (55.6%) Fetching 5318...
2025-12-27 17:44:01,768 [ERROR] $5318.SR: possibly delisted; no price data found  (period=5y) (Yahoo error = "No data found, symbol may be delisted")
2025-12-27 17:44:01,769 [WARNING] No data returned for 5318.SR
2025-12-27 17:44:01,770 [INFO] [253/453] (55.8%) Fetching 5320...
2025-12-27 17:44:02,635 [ERROR] $5320.SR: possibly delisted; no price data found  (period=5y) (Yahoo error = "No data found, symbol may be delisted")
2025-12-27 17:44:02,636 [WARNING] No data returned for 5320.SR
2025-12-27 17:44:02,637 [INFO] [254/453] (56.1%) Fetching 5321...
2025-12-27 17:44:03,614 [ERROR] $5321.SR: possibly delisted; no price data found  (period=5y) (Yahoo error = "No data found, symbol may be delisted")
2025-12-27 17:44:03,615 [WARNING] No data returned for 5321.SR
2025-12-27 17:44:03,616 [INFO] [255/453] (56.3%) Fetching 5323...
2025-12-27 17:44:04,809 [ERROR] $5323.SR: possibly delisted; no price data found  (period=5y) (Yahoo error = "No data found, symbol may be delisted")
2025-12-27 17:44:04,810 [WARNING] No data returned for 5323.SR
2025-12-27 17:44:04,811 [INFO] [256/453] (56.5%) Fetching 5332...
2025-12-27 17:44:05,765 [ERROR] $5332.SR: possibly delisted; no price data found  (period=5y) (Yahoo error = "No data found, symbol may be delisted")
2025-12-27 17:44:05,766 [WARNING] No data returned for 5332.SR
2025-12-27 17:44:05,767 [INFO] [257/453] (56.7%) Fetching 5333...
2025-12-27 17:44:06,655 [ERROR] $5333.SR: possibly delisted; no price data found  (period=5y) (Yahoo error = "No data found, symbol may be delisted")
2025-12-27 17:44:06,656 [WARNING] No data returned for 5333.SR
2025-12-27 17:44:06,657 [INFO] [258/453] (57.0%) Fetching 5334...
2025-12-27 17:44:07,524 [ERROR] $5334.SR: possibly delisted; no price data found  (period=5y) (Yahoo error = "No data found, symbol may be delisted")
2025-12-27 17:44:07,525 [WARNING] No data returned for 5334.SR
2025-12-27 17:44:07,526 [INFO] [259/453] (57.2%) Fetching 5336...
2025-12-27 17:44:08,341 [ERROR] $5336.SR: possibly delisted; no price data found  (period=5y) (Yahoo error = "No data found, symbol may be delisted")
2025-12-27 17:44:08,342 [WARNING] No data returned for 5336.SR
2025-12-27 17:44:08,342 [INFO] [260/453] (57.4%) Fetching 5338...
2025-12-27 17:44:09,011 [INFO]   ✅ Added 1 real data points for 5338
2025-12-27 17:44:09,083 [INFO]   💤 Waiting 2 seconds (rate limiting)...
2025-12-27 17:44:11,088 [INFO] [261/453] (57.6%) Fetching 5339...
2025-12-27 17:44:11,590 [INFO]   ✅ Added 1 real data points for 5339
2025-12-27 17:44:11,654 [INFO] [262/453] (57.8%) Fetching 5343...
2025-12-27 17:44:12,164 [INFO]   ✅ Added 1 real data points for 5343
2025-12-27 17:44:12,228 [INFO] [263/453] (58.1%) Fetching 5344...
2025-12-27 17:44:13,092 [ERROR] $5344.SR: possibly delisted; no price data found  (period=5y) (Yahoo error = "No data found, symbol may be delisted")
2025-12-27 17:44:13,092 [WARNING] No data returned for 5344.SR
2025-12-27 17:44:13,093 [INFO] [264/453] (58.3%) Fetching 6001...
2025-12-27 17:44:14,909 [INFO]   ✅ Added 1248 real data points for 6001
2025-12-27 17:44:14,973 [INFO] [265/453] (58.5%) Fetching 6002...
2025-12-27 17:44:16,066 [INFO]   ✅ Added 1248 real data points for 6002
2025-12-27 17:44:16,132 [INFO] [266/453] (58.7%) Fetching 6004...
2025-12-27 17:44:17,312 [INFO]   ✅ Added 1248 real data points for 6004
2025-12-27 17:44:17,376 [INFO] [267/453] (58.9%) Fetching 6010...
2025-12-27 17:44:18,345 [INFO]   ✅ Added 1248 real data points for 6010
2025-12-27 17:44:18,409 [INFO] [268/453] (59.2%) Fetching 6012...
2025-12-27 17:44:19,259 [INFO]   ✅ Added 1249 real data points for 6012
2025-12-27 17:44:19,322 [INFO] [269/453] (59.4%) Fetching 6013...
2025-12-27 17:44:20,136 [INFO]   ✅ Added 1118 real data points for 6013
2025-12-27 17:44:20,199 [INFO] [270/453] (59.6%) Fetching 6014...
2025-12-27 17:44:21,003 [INFO]   ✅ Added 836 real data points for 6014
2025-12-27 17:44:21,068 [INFO]   💤 Waiting 2 seconds (rate limiting)...
2025-12-27 17:44:23,073 [INFO] [271/453] (59.8%) Fetching 6015...
2025-12-27 17:44:23,862 [INFO]   ✅ Added 754 real data points for 6015
2025-12-27 17:44:23,927 [INFO] [272/453] (60.0%) Fetching 6016...
2025-12-27 17:44:24,549 [INFO]   ✅ Added 294 real data points for 6016
2025-12-27 17:44:24,617 [INFO] [273/453] (60.3%) Fetching 6017...
2025-12-27 17:44:25,213 [INFO]   ✅ Added 270 real data points for 6017
2025-12-27 17:44:25,278 [INFO] [274/453] (60.5%) Fetching 6018...
2025-12-27 17:44:25,938 [INFO]   ✅ Added 112 real data points for 6018
2025-12-27 17:44:26,002 [INFO] [275/453] (60.7%) Fetching 6019...
2025-12-27 17:44:26,498 [INFO]   ✅ Added 18 real data points for 6019
2025-12-27 17:44:26,562 [INFO] [276/453] (60.9%) Fetching 6020...
2025-12-27 17:44:27,440 [INFO]   ✅ Added 1248 real data points for 6020
2025-12-27 17:44:27,506 [INFO] [277/453] (61.1%) Fetching 6040...
2025-12-27 17:44:28,394 [INFO]   ✅ Added 1249 real data points for 6040
2025-12-27 17:44:28,459 [INFO] [278/453] (61.4%) Fetching 6050...
2025-12-27 17:44:29,352 [INFO]   ✅ Added 1249 real data points for 6050
2025-12-27 17:44:29,416 [INFO] [279/453] (61.6%) Fetching 6060...
2025-12-27 17:44:30,357 [INFO]   ✅ Added 1248 real data points for 6060
2025-12-27 17:44:30,420 [INFO] [280/453] (61.8%) Fetching 6070...
2025-12-27 17:44:32,488 [INFO]   ✅ Added 1248 real data points for 6070
2025-12-27 17:44:32,552 [INFO]   💤 Waiting 2 seconds (rate limiting)...
2025-12-27 17:44:34,558 [INFO] [281/453] (62.0%) Fetching 6090...
2025-12-27 17:44:35,605 [INFO]   ✅ Added 1248 real data points for 6090
2025-12-27 17:44:35,669 [INFO] [282/453] (62.3%) Fetching 7010...
2025-12-27 17:44:36,648 [INFO]   ✅ Added 1249 real data points for 7010
2025-12-27 17:44:36,713 [INFO] [283/453] (62.5%) Fetching 7020...
2025-12-27 17:44:38,909 [INFO]   ✅ Added 1248 real data points for 7020
2025-12-27 17:44:38,973 [INFO] [284/453] (62.7%) Fetching 7030...
2025-12-27 17:44:40,044 [INFO]   ✅ Added 1248 real data points for 7030
2025-12-27 17:44:40,109 [INFO] [285/453] (62.9%) Fetching 7040...
2025-12-27 17:44:41,179 [INFO]   ✅ Added 1248 real data points for 7040
2025-12-27 17:44:41,244 [INFO] [286/453] (63.1%) Fetching 7200...
2025-12-27 17:44:43,317 [INFO]   ✅ Added 1248 real data points for 7200
2025-12-27 17:44:43,381 [INFO] [287/453] (63.4%) Fetching 7201...
2025-12-27 17:44:44,383 [INFO]   ✅ Added 1248 real data points for 7201
2025-12-27 17:44:44,447 [INFO] [288/453] (63.6%) Fetching 7202...
2025-12-27 17:44:45,512 [INFO]   ✅ Added 1048 real data points for 7202
2025-12-27 17:44:45,578 [INFO] [289/453] (63.8%) Fetching 7203...
2025-12-27 17:44:46,552 [INFO]   ✅ Added 960 real data points for 7203
2025-12-27 17:44:46,618 [INFO] [290/453] (64.0%) Fetching 7204...
2025-12-27 17:44:47,451 [INFO]   ✅ Added 771 real data points for 7204
2025-12-27 17:44:47,516 [INFO]   💤 Waiting 2 seconds (rate limiting)...
2025-12-27 17:44:49,518 [INFO] [291/453] (64.2%) Fetching 7211...
2025-12-27 17:44:50,109 [INFO]   ✅ Added 119 real data points for 7211
2025-12-27 17:44:50,173 [INFO] [292/453] (64.5%) Fetching 8010...
2025-12-27 17:44:52,301 [INFO]   ✅ Added 1248 real data points for 8010
2025-12-27 17:44:52,364 [INFO] [293/453] (64.7%) Fetching 8012...
2025-12-27 17:44:53,423 [INFO]   ✅ Added 1248 real data points for 8012
2025-12-27 17:44:53,488 [INFO] [294/453] (64.9%) Fetching 8020...
2025-12-27 17:44:54,495 [INFO]   ✅ Added 1248 real data points for 8020
2025-12-27 17:44:54,559 [INFO] [295/453] (65.1%) Fetching 8030...
2025-12-27 17:44:55,554 [INFO]   ✅ Added 1248 real data points for 8030
2025-12-27 17:44:55,618 [INFO] [296/453] (65.3%) Fetching 8040...
2025-12-27 17:44:56,619 [INFO]   ✅ Added 1248 real data points for 8040
2025-12-27 17:44:56,683 [INFO] [297/453] (65.6%) Fetching 8050...
2025-12-27 17:44:57,692 [INFO]   ✅ Added 1248 real data points for 8050
2025-12-27 17:44:57,757 [INFO] [298/453] (65.8%) Fetching 8060...
2025-12-27 17:44:58,753 [INFO]   ✅ Added 1248 real data points for 8060
2025-12-27 17:44:58,817 [INFO] [299/453] (66.0%) Fetching 8070...
2025-12-27 17:44:59,812 [INFO]   ✅ Added 1248 real data points for 8070
2025-12-27 17:44:59,876 [INFO] [300/453] (66.2%) Fetching 8100...
2025-12-27 17:45:00,863 [INFO]   ✅ Added 1248 real data points for 8100
2025-12-27 17:45:00,926 [INFO]   💤 Waiting 2 seconds (rate limiting)...
2025-12-27 17:45:02,932 [INFO] [301/453] (66.4%) Fetching 8120...
2025-12-27 17:45:03,934 [INFO]   ✅ Added 1248 real data points for 8120
2025-12-27 17:45:03,999 [INFO] [302/453] (66.7%) Fetching 8150...
2025-12-27 17:45:05,021 [INFO]   ✅ Added 1248 real data points for 8150
2025-12-27 17:45:05,084 [INFO] [303/453] (66.9%) Fetching 8160...
2025-12-27 17:45:06,144 [INFO]   ✅ Added 1248 real data points for 8160
2025-12-27 17:45:06,214 [INFO] [304/453] (67.1%) Fetching 8170...
2025-12-27 17:45:08,465 [INFO]   ✅ Added 1249 real data points for 8170
2025-12-27 17:45:08,529 [INFO] [305/453] (67.3%) Fetching 8180...
2025-12-27 17:45:09,529 [INFO]   ✅ Added 1248 real data points for 8180
2025-12-27 17:45:09,593 [INFO] [306/453] (67.5%) Fetching 8190...
2025-12-27 17:45:10,615 [INFO]   ✅ Added 1248 real data points for 8190
2025-12-27 17:45:10,680 [INFO] [307/453] (67.8%) Fetching 8200...
2025-12-27 17:45:11,729 [INFO]   ✅ Added 1249 real data points for 8200
2025-12-27 17:45:11,792 [INFO] [308/453] (68.0%) Fetching 8210...
2025-12-27 17:45:13,964 [INFO]   ✅ Added 1248 real data points for 8210
2025-12-27 17:45:14,030 [INFO] [309/453] (68.2%) Fetching 8230...
2025-12-27 17:45:14,999 [INFO]   ✅ Added 1248 real data points for 8230
2025-12-27 17:45:15,063 [INFO] [310/453] (68.4%) Fetching 8240...
2025-12-27 17:45:16,054 [INFO]   ✅ Added 1249 real data points for 8240
2025-12-27 17:45:16,120 [INFO]   💤 Waiting 2 seconds (rate limiting)...
2025-12-27 17:45:18,126 [INFO] [311/453] (68.7%) Fetching 8250...
2025-12-27 17:45:20,369 [INFO]   ✅ Added 1248 real data points for 8250
2025-12-27 17:45:20,431 [INFO] [312/453] (68.9%) Fetching 8260...
2025-12-27 17:45:21,420 [INFO]   ✅ Added 1248 real data points for 8260
2025-12-27 17:45:21,483 [INFO] [313/453] (69.1%) Fetching 8280...
2025-12-27 17:45:22,461 [INFO]   ✅ Added 1248 real data points for 8280
2025-12-27 17:45:22,525 [INFO] [314/453] (69.3%) Fetching 8300...
2025-12-27 17:45:23,515 [INFO]   ✅ Added 1248 real data points for 8300
2025-12-27 17:45:23,579 [INFO] [315/453] (69.5%) Fetching 8310...
2025-12-27 17:45:24,575 [INFO]   ✅ Added 1248 real data points for 8310
2025-12-27 17:45:24,638 [INFO] [316/453] (69.8%) Fetching 8311...
2025-12-27 17:45:25,680 [INFO]   ✅ Added 1248 real data points for 8311
2025-12-27 17:45:25,747 [INFO] [317/453] (70.0%) Fetching 8313...
2025-12-27 17:45:26,439 [INFO]   ✅ Added 384 real data points for 8313
2025-12-27 17:45:26,503 [INFO] [318/453] (70.2%) Fetching 9300...
2025-12-27 17:45:27,312 [INFO]   ✅ Added 763 real data points for 9300
2025-12-27 17:45:27,377 [INFO] [319/453] (70.4%) Fetching 9403...
2025-12-27 17:45:28,369 [INFO]   ✅ Added 947 real data points for 9403
2025-12-27 17:45:28,433 [INFO] [320/453] (70.6%) Fetching 9404...
2025-12-27 17:45:30,568 [INFO]   ✅ Added 1246 real data points for 9404
2025-12-27 17:45:30,632 [INFO]   💤 Waiting 2 seconds (rate limiting)...
2025-12-27 17:45:32,637 [INFO] [321/453] (70.9%) Fetching 9405...
2025-12-27 17:45:33,499 [INFO]   ✅ Added 818 real data points for 9405
2025-12-27 17:45:33,566 [INFO] [322/453] (71.1%) Fetching 9406...
2025-12-27 17:45:34,508 [INFO]   ✅ Added 818 real data points for 9406
2025-12-27 17:45:34,573 [INFO] [323/453] (71.3%) Fetching 9407...
2025-12-27 17:45:35,376 [INFO]   ✅ Added 712 real data points for 9407
2025-12-27 17:45:35,441 [INFO] [324/453] (71.5%) Fetching 9408...
2025-12-27 17:45:36,120 [INFO]   ✅ Added 471 real data points for 9408
2025-12-27 17:45:36,184 [INFO] [325/453] (71.7%) Fetching 9409...
2025-12-27 17:45:36,737 [INFO]   ✅ Added 212 real data points for 9409
2025-12-27 17:45:36,802 [INFO] [326/453] (72.0%) Fetching 9410...
2025-12-27 17:45:37,396 [INFO]   ✅ Added 290 real data points for 9410
2025-12-27 17:45:37,461 [INFO] [327/453] (72.2%) Fetching 9411...
2025-12-27 17:45:38,064 [INFO]   ✅ Added 290 real data points for 9411
2025-12-27 17:45:38,129 [INFO] [328/453] (72.4%) Fetching 9412...
2025-12-27 17:45:38,715 [INFO]   ✅ Added 47 real data points for 9412
2025-12-27 17:45:38,779 [INFO] [329/453] (72.6%) Fetching 9510...
2025-12-27 17:45:39,649 [INFO]   ✅ Added 1118 real data points for 9510
2025-12-27 17:45:39,716 [INFO] [330/453] (72.8%) Fetching 9513...
2025-12-27 17:45:40,712 [INFO]   ✅ Added 1118 real data points for 9513
2025-12-27 17:45:40,777 [INFO]   💤 Waiting 2 seconds (rate limiting)...
2025-12-27 17:45:42,778 [INFO] [331/453] (73.1%) Fetching 9514...
2025-12-27 17:45:43,602 [INFO]   ✅ Added 779 real data points for 9514
2025-12-27 17:45:43,667 [INFO] [332/453] (73.3%) Fetching 9515...
2025-12-27 17:45:44,595 [INFO]   ✅ Added 1053 real data points for 9515
2025-12-27 17:45:44,658 [INFO] [333/453] (73.5%) Fetching 9516...
2025-12-27 17:45:45,635 [INFO]   ✅ Added 895 real data points for 9516
2025-12-27 17:45:45,699 [INFO] [334/453] (73.7%) Fetching 9517...
2025-12-27 17:45:46,734 [INFO]   ✅ Added 1065 real data points for 9517
2025-12-27 17:45:46,803 [INFO] [335/453] (74.0%) Fetching 9521...
2025-12-27 17:45:47,740 [INFO]   ✅ Added 1002 real data points for 9521
2025-12-27 17:45:47,806 [INFO] [336/453] (74.2%) Fetching 9522...
2025-12-27 17:45:48,746 [INFO]   ✅ Added 1002 real data points for 9522
2025-12-27 17:45:48,810 [INFO] [337/453] (74.4%) Fetching 9523...
2025-12-27 17:45:49,741 [INFO]   ✅ Added 1002 real data points for 9523
2025-12-27 17:45:49,807 [INFO] [338/453] (74.6%) Fetching 9524...
2025-12-27 17:45:50,683 [INFO]   ✅ Added 918 real data points for 9524
2025-12-27 17:45:50,748 [INFO] [339/453] (74.8%) Fetching 9525...
2025-12-27 17:45:51,738 [INFO]   ✅ Added 941 real data points for 9525
2025-12-27 17:45:51,803 [INFO] [340/453] (75.1%) Fetching 9527...
2025-12-27 17:45:52,738 [INFO]   ✅ Added 938 real data points for 9527
2025-12-27 17:45:52,803 [INFO]   💤 Waiting 2 seconds (rate limiting)...
2025-12-27 17:45:54,809 [INFO] [341/453] (75.3%) Fetching 9530...
2025-12-27 17:45:55,671 [INFO]   ✅ Added 945 real data points for 9530
2025-12-27 17:45:55,736 [INFO] [342/453] (75.5%) Fetching 9532...
2025-12-27 17:45:56,702 [INFO]   ✅ Added 946 real data points for 9532
2025-12-27 17:45:56,767 [INFO] [343/453] (75.7%) Fetching 9533...
2025-12-27 17:45:57,540 [INFO]   ✅ Added 957 real data points for 9533
2025-12-27 17:45:57,605 [INFO] [344/453] (75.9%) Fetching 9535...
2025-12-27 17:45:58,536 [INFO]   ✅ Added 879 real data points for 9535
2025-12-27 17:45:58,600 [INFO] [345/453] (76.2%) Fetching 9536...
2025-12-27 17:45:59,499 [INFO]   ✅ Added 877 real data points for 9536
2025-12-27 17:45:59,564 [INFO] [346/453] (76.4%) Fetching 9537...
2025-12-27 17:46:00,416 [INFO]   ✅ Added 859 real data points for 9537
2025-12-27 17:46:00,480 [INFO] [347/453] (76.6%) Fetching 9538...
2025-12-27 17:46:01,220 [INFO]   ✅ Added 892 real data points for 9538
2025-12-27 17:46:01,284 [INFO] [348/453] (76.8%) Fetching 9539...
2025-12-27 17:46:02,165 [INFO]   ✅ Added 893 real data points for 9539
2025-12-27 17:46:02,229 [INFO] [349/453] (77.0%) Fetching 9540...
2025-12-27 17:46:03,106 [INFO]   ✅ Added 893 real data points for 9540
2025-12-27 17:46:03,172 [INFO] [350/453] (77.3%) Fetching 9541...
2025-12-27 17:46:04,115 [INFO]   ✅ Added 861 real data points for 9541
2025-12-27 17:46:04,179 [INFO]   💤 Waiting 2 seconds (rate limiting)...
2025-12-27 17:46:06,185 [INFO] [351/453] (77.5%) Fetching 9542...
2025-12-27 17:46:07,100 [INFO]   ✅ Added 859 real data points for 9542
2025-12-27 17:46:07,164 [INFO] [352/453] (77.7%) Fetching 9543...
2025-12-27 17:46:08,169 [INFO]   ✅ Added 838 real data points for 9543
2025-12-27 17:46:08,240 [INFO] [353/453] (77.9%) Fetching 9544...
2025-12-27 17:46:09,176 [INFO]   ✅ Added 851 real data points for 9544
2025-12-27 17:46:09,243 [INFO] [354/453] (78.1%) Fetching 9545...
2025-12-27 17:46:10,104 [INFO]   ✅ Added 837 real data points for 9545
2025-12-27 17:46:10,169 [INFO] [355/453] (78.4%) Fetching 9546...
2025-12-27 17:46:11,050 [INFO]   ✅ Added 821 real data points for 9546
2025-12-27 17:46:11,114 [INFO] [356/453] (78.6%) Fetching 9547...
2025-12-27 17:46:11,948 [INFO]   ✅ Added 838 real data points for 9547
2025-12-27 17:46:12,013 [INFO] [357/453] (78.8%) Fetching 9548...
2025-12-27 17:46:12,941 [INFO]   ✅ Added 805 real data points for 9548
2025-12-27 17:46:13,004 [INFO] [358/453] (79.0%) Fetching 9549...
2025-12-27 17:46:13,807 [INFO]   ✅ Added 787 real data points for 9549
2025-12-27 17:46:13,873 [INFO] [359/453] (79.2%) Fetching 9550...
2025-12-27 17:46:14,739 [INFO]   ✅ Added 728 real data points for 9550
2025-12-27 17:46:14,803 [INFO] [360/453] (79.5%) Fetching 9551...
2025-12-27 17:46:15,675 [INFO]   ✅ Added 770 real data points for 9551
2025-12-27 17:46:15,740 [INFO]   💤 Waiting 2 seconds (rate limiting)...
2025-12-27 17:46:17,741 [INFO] [361/453] (79.7%) Fetching 9552...
2025-12-27 17:46:19,497 [INFO]   ✅ Added 750 real data points for 9552
2025-12-27 17:46:19,561 [INFO] [362/453] (79.9%) Fetching 9553...
2025-12-27 17:46:20,394 [INFO]   ✅ Added 750 real data points for 9553
2025-12-27 17:46:20,459 [INFO] [363/453] (80.1%) Fetching 9555...
2025-12-27 17:46:21,378 [INFO]   ✅ Added 733 real data points for 9555
2025-12-27 17:46:21,442 [INFO] [364/453] (80.4%) Fetching 9556...
2025-12-27 17:46:22,304 [INFO]   ✅ Added 738 real data points for 9556
2025-12-27 17:46:22,371 [INFO] [365/453] (80.6%) Fetching 9557...
2025-12-27 17:46:23,168 [INFO]   ✅ Added 750 real data points for 9557
2025-12-27 17:46:23,232 [INFO] [366/453] (80.8%) Fetching 9558...
2025-12-27 17:46:23,963 [INFO]   ✅ Added 721 real data points for 9558
2025-12-27 17:46:24,028 [INFO] [367/453] (81.0%) Fetching 9559...
2025-12-27 17:46:24,888 [INFO]   ✅ Added 683 real data points for 9559
2025-12-27 17:46:24,952 [INFO] [368/453] (81.2%) Fetching 9560...
2025-12-27 17:46:25,708 [INFO]   ✅ Added 683 real data points for 9560
2025-12-27 17:46:25,772 [INFO] [369/453] (81.5%) Fetching 9561...
2025-12-27 17:46:26,504 [INFO]   ✅ Added 683 real data points for 9561
2025-12-27 17:46:26,569 [INFO] [370/453] (81.7%) Fetching 9562...
2025-12-27 17:46:27,327 [INFO]   ✅ Added 679 real data points for 9562
2025-12-27 17:46:27,392 [INFO]   💤 Waiting 2 seconds (rate limiting)...
2025-12-27 17:46:29,396 [INFO] [371/453] (81.9%) Fetching 9563...
2025-12-27 17:46:30,167 [INFO]   ✅ Added 688 real data points for 9563
2025-12-27 17:46:30,233 [INFO] [372/453] (82.1%) Fetching 9564...
2025-12-27 17:46:30,951 [INFO]   ✅ Added 680 real data points for 9564
2025-12-27 17:46:31,016 [INFO] [373/453] (82.3%) Fetching 9565...
2025-12-27 17:46:31,728 [INFO]   ✅ Added 651 real data points for 9565
2025-12-27 17:46:31,792 [INFO] [374/453] (82.6%) Fetching 9566...
2025-12-27 17:46:32,572 [INFO]   ✅ Added 668 real data points for 9566
2025-12-27 17:46:32,637 [INFO] [375/453] (82.8%) Fetching 9567...
2025-12-27 17:46:33,412 [INFO]   ✅ Added 670 real data points for 9567
2025-12-27 17:46:33,496 [INFO] [376/453] (83.0%) Fetching 9568...
2025-12-27 17:46:34,258 [INFO]   ✅ Added 672 real data points for 9568
2025-12-27 17:46:34,322 [INFO] [377/453] (83.2%) Fetching 9569...
2025-12-27 17:46:35,170 [INFO]   ✅ Added 639 real data points for 9569
2025-12-27 17:46:35,235 [INFO] [378/453] (83.4%) Fetching 9570...
2025-12-27 17:46:36,032 [INFO]   ✅ Added 621 real data points for 9570
2025-12-27 17:46:36,099 [INFO] [379/453] (83.7%) Fetching 9571...
2025-12-27 17:46:36,879 [INFO]   ✅ Added 576 real data points for 9571
2025-12-27 17:46:36,945 [INFO] [380/453] (83.9%) Fetching 9572...
2025-12-27 17:46:37,707 [INFO]   ✅ Added 615 real data points for 9572
2025-12-27 17:46:37,772 [INFO]   💤 Waiting 2 seconds (rate limiting)...
2025-12-27 17:46:39,778 [INFO] [381/453] (84.1%) Fetching 9574...
2025-12-27 17:46:40,561 [INFO]   ✅ Added 602 real data points for 9574
2025-12-27 17:46:40,627 [INFO] [382/453] (84.3%) Fetching 9575...
2025-12-27 17:46:41,356 [INFO]   ✅ Added 600 real data points for 9575
2025-12-27 17:46:41,420 [INFO] [383/453] (84.5%) Fetching 9576...
2025-12-27 17:46:42,127 [INFO]   ✅ Added 581 real data points for 9576
2025-12-27 17:46:42,193 [INFO] [384/453] (84.8%) Fetching 9577...
2025-12-27 17:46:42,915 [INFO]   ✅ Added 585 real data points for 9577
2025-12-27 17:46:42,981 [INFO] [385/453] (85.0%) Fetching 9578...
2025-12-27 17:46:43,702 [INFO]   ✅ Added 558 real data points for 9578
2025-12-27 17:46:43,767 [INFO] [386/453] (85.2%) Fetching 9579...
2025-12-27 17:46:44,469 [INFO]   ✅ Added 562 real data points for 9579
2025-12-27 17:46:44,534 [INFO] [387/453] (85.4%) Fetching 9580...
2025-12-27 17:46:45,247 [INFO]   ✅ Added 573 real data points for 9580
2025-12-27 17:46:45,311 [INFO] [388/453] (85.7%) Fetching 9581...
2025-12-27 17:46:46,039 [INFO]   ✅ Added 546 real data points for 9581
2025-12-27 17:46:46,103 [INFO] [389/453] (85.9%) Fetching 9583...
2025-12-27 17:46:46,813 [INFO]   ✅ Added 545 real data points for 9583
2025-12-27 17:46:46,878 [INFO] [390/453] (86.1%) Fetching 9584...
2025-12-27 17:46:47,587 [INFO]   ✅ Added 543 real data points for 9584
2025-12-27 17:46:47,652 [INFO]   💤 Waiting 2 seconds (rate limiting)...
2025-12-27 17:46:49,658 [INFO] [391/453] (86.3%) Fetching 9585...
2025-12-27 17:46:50,391 [INFO]   ✅ Added 533 real data points for 9585
2025-12-27 17:46:50,455 [INFO] [392/453] (86.5%) Fetching 9586...
2025-12-27 17:46:51,172 [INFO]   ✅ Added 533 real data points for 9586
2025-12-27 17:46:51,238 [INFO] [393/453] (86.8%) Fetching 9587...
2025-12-27 17:46:51,906 [INFO]   ✅ Added 515 real data points for 9587
2025-12-27 17:46:51,972 [INFO] [394/453] (87.0%) Fetching 9588...
2025-12-27 17:46:52,658 [INFO]   ✅ Added 516 real data points for 9588
2025-12-27 17:46:52,723 [INFO] [395/453] (87.2%) Fetching 9589...
2025-12-27 17:46:53,374 [INFO]   ✅ Added 520 real data points for 9589
2025-12-27 17:46:53,438 [INFO] [396/453] (87.4%) Fetching 9590...
2025-12-27 17:46:54,110 [INFO]   ✅ Added 516 real data points for 9590
2025-12-27 17:46:54,174 [INFO] [397/453] (87.6%) Fetching 9591...
2025-12-27 17:46:54,951 [INFO]   ✅ Added 510 real data points for 9591
2025-12-27 17:46:55,016 [INFO] [398/453] (87.9%) Fetching 9592...
2025-12-27 17:46:55,681 [INFO]   ✅ Added 522 real data points for 9592
2025-12-27 17:46:55,746 [INFO] [399/453] (88.1%) Fetching 9593...
2025-12-27 17:46:56,397 [INFO]   ✅ Added 463 real data points for 9593
2025-12-27 17:46:56,462 [INFO] [400/453] (88.3%) Fetching 9594...
2025-12-27 17:46:57,210 [INFO]   ✅ Added 459 real data points for 9594
2025-12-27 17:46:57,275 [INFO]   💤 Waiting 2 seconds (rate limiting)...
2025-12-27 17:46:59,279 [INFO] [401/453] (88.5%) Fetching 9595...
2025-12-27 17:47:00,000 [INFO]   ✅ Added 460 real data points for 9595
2025-12-27 17:47:00,065 [INFO] [402/453] (88.7%) Fetching 9596...
2025-12-27 17:47:00,723 [INFO]   ✅ Added 449 real data points for 9596
2025-12-27 17:47:00,788 [INFO] [403/453] (89.0%) Fetching 9597...
2025-12-27 17:47:01,488 [INFO]   ✅ Added 377 real data points for 9597
2025-12-27 17:47:01,553 [INFO] [404/453] (89.2%) Fetching 9598...
2025-12-27 17:47:02,273 [INFO]   ✅ Added 437 real data points for 9598
2025-12-27 17:47:02,338 [INFO] [405/453] (89.4%) Fetching 9599...
2025-12-27 17:47:02,996 [INFO]   ✅ Added 432 real data points for 9599
2025-12-27 17:47:03,061 [INFO] [406/453] (89.6%) Fetching 9600...
2025-12-27 17:47:03,693 [INFO]   ✅ Added 410 real data points for 9600
2025-12-27 17:47:03,759 [INFO] [407/453] (89.8%) Fetching 9601...
2025-12-27 17:47:04,434 [INFO]   ✅ Added 400 real data points for 9601
2025-12-27 17:47:04,500 [INFO] [408/453] (90.1%) Fetching 9602...
2025-12-27 17:47:05,152 [INFO]   ✅ Added 381 real data points for 9602
2025-12-27 17:47:05,219 [INFO] [409/453] (90.3%) Fetching 9603...
2025-12-27 17:47:05,893 [INFO]   ✅ Added 393 real data points for 9603
2025-12-27 17:47:05,958 [INFO] [410/453] (90.5%) Fetching 9604...
2025-12-27 17:47:06,634 [INFO]   ✅ Added 396 real data points for 9604
2025-12-27 17:47:06,699 [INFO]   💤 Waiting 2 seconds (rate limiting)...
2025-12-27 17:47:08,705 [INFO] [411/453] (90.7%) Fetching 9605...
2025-12-27 17:47:09,357 [INFO]   ✅ Added 379 real data points for 9605
2025-12-27 17:47:09,421 [INFO] [412/453] (90.9%) Fetching 9606...
2025-12-27 17:47:12,166 [INFO]   ✅ Added 337 real data points for 9606
2025-12-27 17:47:12,230 [INFO] [413/453] (91.2%) Fetching 9607...
2025-12-27 17:47:12,900 [INFO]   ✅ Added 344 real data points for 9607
2025-12-27 17:47:12,965 [INFO] [414/453] (91.4%) Fetching 9608...
2025-12-27 17:47:13,592 [INFO]   ✅ Added 361 real data points for 9608
2025-12-27 17:47:13,657 [INFO] [415/453] (91.6%) Fetching 9609...
2025-12-27 17:47:14,267 [INFO]   ✅ Added 334 real data points for 9609
2025-12-27 17:47:14,330 [INFO] [416/453] (91.8%) Fetching 9610...
2025-12-27 17:47:14,926 [INFO]   ✅ Added 300 real data points for 9610
2025-12-27 17:47:14,991 [INFO] [417/453] (92.1%) Fetching 9611...
2025-12-27 17:47:15,705 [INFO]   ✅ Added 320 real data points for 9611
2025-12-27 17:47:15,771 [INFO] [418/453] (92.3%) Fetching 9612...
2025-12-27 17:47:16,419 [INFO]   ✅ Added 297 real data points for 9612
2025-12-27 17:47:16,484 [INFO] [419/453] (92.5%) Fetching 9613...
2025-12-27 17:47:17,127 [INFO]   ✅ Added 287 real data points for 9613
2025-12-27 17:47:17,192 [INFO] [420/453] (92.7%) Fetching 9614...
2025-12-27 17:47:17,802 [INFO]   ✅ Added 287 real data points for 9614
2025-12-27 17:47:17,867 [INFO]   💤 Waiting 2 seconds (rate limiting)...
2025-12-27 17:47:19,869 [INFO] [421/453] (92.9%) Fetching 9615...
2025-12-27 17:47:20,454 [INFO]   ✅ Added 273 real data points for 9615
2025-12-27 17:47:20,518 [INFO] [422/453] (93.2%) Fetching 9616...
2025-12-27 17:47:21,209 [INFO]   ✅ Added 270 real data points for 9616
2025-12-27 17:47:21,275 [INFO] [423/453] (93.4%) Fetching 9617...
2025-12-27 17:47:21,862 [INFO]   ✅ Added 266 real data points for 9617
2025-12-27 17:47:21,928 [INFO] [424/453] (93.6%) Fetching 9618...
2025-12-27 17:47:22,532 [INFO]   ✅ Added 271 real data points for 9618
2025-12-27 17:47:22,598 [INFO] [425/453] (93.8%) Fetching 9619...
2025-12-27 17:47:23,222 [INFO]   ✅ Added 267 real data points for 9619
2025-12-27 17:47:23,286 [INFO] [426/453] (94.0%) Fetching 9620...
2025-12-27 17:47:23,862 [INFO]   ✅ Added 259 real data points for 9620
2025-12-27 17:47:23,927 [INFO] [427/453] (94.3%) Fetching 9621...
2025-12-27 17:47:28,126 [INFO]   ✅ Added 262 real data points for 9621
2025-12-27 17:47:28,191 [INFO] [428/453] (94.5%) Fetching 9622...
2025-12-27 17:47:28,822 [INFO]   ✅ Added 239 real data points for 9622
2025-12-27 17:47:28,887 [INFO] [429/453] (94.7%) Fetching 9623...
2025-12-27 17:47:29,475 [INFO]   ✅ Added 248 real data points for 9623
2025-12-27 17:47:29,540 [INFO] [430/453] (94.9%) Fetching 9624...
2025-12-27 17:47:30,186 [INFO]   ✅ Added 227 real data points for 9624
2025-12-27 17:47:30,252 [INFO]   💤 Waiting 2 seconds (rate limiting)...
2025-12-27 17:47:32,252 [INFO] [431/453] (95.1%) Fetching 9625...
2025-12-27 17:47:32,893 [INFO]   ✅ Added 231 real data points for 9625
2025-12-27 17:47:32,958 [INFO] [432/453] (95.4%) Fetching 9626...
2025-12-27 17:47:33,598 [INFO]   ✅ Added 224 real data points for 9626
2025-12-27 17:47:33,663 [INFO] [433/453] (95.6%) Fetching 9627...
2025-12-27 17:47:34,238 [INFO]   ✅ Added 227 real data points for 9627
2025-12-27 17:47:34,303 [INFO] [434/453] (95.8%) Fetching 9628...
2025-12-27 17:47:34,885 [INFO]   ✅ Added 220 real data points for 9628
2025-12-27 17:47:34,950 [INFO] [435/453] (96.0%) Fetching 9630...
2025-12-27 17:47:35,524 [INFO]   ✅ Added 201 real data points for 9630
2025-12-27 17:47:35,588 [INFO] [436/453] (96.2%) Fetching 9631...
2025-12-27 17:47:36,171 [INFO]   ✅ Added 203 real data points for 9631
2025-12-27 17:47:36,235 [INFO] [437/453] (96.5%) Fetching 9632...
2025-12-27 17:47:36,940 [INFO]   ✅ Added 170 real data points for 9632
2025-12-27 17:47:37,064 [INFO] [438/453] (96.7%) Fetching 9633...
2025-12-27 17:47:37,631 [INFO]   ✅ Added 165 real data points for 9633
2025-12-27 17:47:37,697 [INFO] [439/453] (96.9%) Fetching 9634...
2025-12-27 17:47:38,237 [INFO]   ✅ Added 149 real data points for 9634
2025-12-27 17:47:38,303 [INFO] [440/453] (97.1%) Fetching 9635...
2025-12-27 17:47:38,846 [INFO]   ✅ Added 153 real data points for 9635
2025-12-27 17:47:38,911 [INFO]   💤 Waiting 2 seconds (rate limiting)...
2025-12-27 17:47:40,914 [INFO] [441/453] (97.4%) Fetching 9636...
2025-12-27 17:47:41,480 [INFO]   ✅ Added 144 real data points for 9636
2025-12-27 17:47:41,544 [INFO] [442/453] (97.6%) Fetching 9637...
2025-12-27 17:47:42,101 [INFO]   ✅ Added 145 real data points for 9637
2025-12-27 17:47:42,165 [INFO] [443/453] (97.8%) Fetching 9639...
2025-12-27 17:47:42,777 [INFO]   ✅ Added 141 real data points for 9639
2025-12-27 17:47:42,841 [INFO] [444/453] (98.0%) Fetching 9640...
2025-12-27 17:47:43,408 [INFO]   ✅ Added 138 real data points for 9640
2025-12-27 17:47:43,473 [INFO] [445/453] (98.2%) Fetching 9641...
2025-12-27 17:47:44,005 [INFO]   ✅ Added 134 real data points for 9641
2025-12-27 17:47:44,069 [INFO] [446/453] (98.5%) Fetching 9642...
2025-12-27 17:47:44,656 [INFO]   ✅ Added 137 real data points for 9642
2025-12-27 17:47:44,721 [INFO] [447/453] (98.7%) Fetching 9644...
2025-12-27 17:47:45,256 [INFO]   ✅ Added 114 real data points for 9644
2025-12-27 17:47:45,320 [INFO] [448/453] (98.9%) Fetching 9645...
2025-12-27 17:47:45,850 [INFO]   ✅ Added 81 real data points for 9645
2025-12-27 17:47:45,913 [INFO] [449/453] (99.1%) Fetching 9647...
2025-12-27 17:47:46,433 [INFO]   ✅ Added 73 real data points for 9647
2025-12-27 17:47:46,497 [INFO] [450/453] (99.3%) Fetching 9648...
2025-12-27 17:47:47,039 [INFO]   ✅ Added 72 real data points for 9648
2025-12-27 17:47:47,104 [INFO]   💤 Waiting 2 seconds (rate limiting)...
2025-12-27 17:47:49,110 [INFO] [451/453] (99.6%) Fetching 9649...
2025-12-27 17:47:49,695 [INFO]   ✅ Added 70 real data points for 9649
2025-12-27 17:47:49,758 [INFO] [452/453] (99.8%) Fetching 9650...
2025-12-27 17:47:50,275 [INFO]   ✅ Added 37 real data points for 9650
2025-12-27 17:47:50,338 [INFO] [453/453] (100.0%) Fetching 9651...
2025-12-27 17:47:50,879 [INFO]   ✅ Added 26 real data points for 9651
