Connected to Database: localhost:5432/mubasher_db

================================================================================
🔍 COMPREHENSIVE DATA AUDIT - BACKEND DATABASE
================================================================================
Timestamp: 2025-12-25 01:02:22
================================================================================

📊 CATEGORY 1: STOCK TICKERS
--------------------------------------------------------------------------------
✅ Total Tickers: 118
✅ Unique Sectors: 16
✅ Price Range: 1.68 - 234.00 SAR
✅ Average Price: 38.71 SAR

Database Fields (11):
  - symbol: character varying
  - name_ar: text
  - name_en: text
  - market_code: character varying
  - sector_name: text
  - currency: character varying
  - last_price: numeric
  - change: numeric
  - change_percent: numeric
  - volume: bigint
  - last_updated: timestamp with time zone

Sample Records:
  4250   - Jazan Energy                   -    15.10 SAR
  4260   - Aldrees Petroleum              -    62.60 SAR
  4261   - Dur Hospitality                -    37.46 SAR

📈 CATEGORY 2: OHLC HISTORICAL PRICE DATA
--------------------------------------------------------------------------------
✅ Total OHLC Bars: 140,414
✅ Unique Symbols: 118
✅ Date Range: 2020-12-24 to 2025-12-24
✅ Days Covered: 1826 days (5.0 years)

Top Stocks by Data Completeness:
  1150  : 1,249 bars (from 2020-12-24 to 2025-12-24)
  1050  : 1,249 bars (from 2020-12-24 to 2025-12-24)
  1030  : 1,249 bars (from 2020-12-24 to 2025-12-24)
  1140  : 1,249 bars (from 2020-12-24 to 2025-12-24)
  2050  : 1,249 bars (from 2020-12-24 to 2025-12-24)

🏛️ CATEGORY 3: CORPORATE ACTIONS
--------------------------------------------------------------------------------
✅ Total Corporate Actions: 908
✅ Unique Symbols: 50
✅ Date Range: 2010-03-08 to 2026-01-14

Breakdown by Type:
  DIVIDEND       :  586 events
  SPLIT          :  152 events
  RIGHTS         :   88 events
  BONUS          :   82 events

🌍 CATEGORY 4: ECONOMIC INDICATORS
--------------------------------------------------------------------------------
✅ Total Data Points: 2,621

Indicators Available:
  SAMA_RATE      :  366 points (SAMA)
      Range: 2024-12-25 to 2025-12-25
  OIL_BRENT      :  365 points (ICE Futures)
      Range: 2024-12-25 to 2025-12-24
  SARUSD         :  365 points (SAMA)
      Range: 2024-12-25 to 2025-12-24
  OIL_WTI        :  365 points (NYMEX)
      Range: 2024-12-25 to 2025-12-24
  EGPUSD         :  365 points (CBE)
      Range: 2024-12-25 to 2025-12-24
  TASI_INDEX     :  365 points (Tadawul)
      Range: 2024-12-25 to 2025-12-24
  US_10Y         :  365 points (US Treasury)
      Range: 2024-12-25 to 2025-12-24
  BRENT_OIL      :   30 points (Historical Data)
      Range: 2025-11-25 to 2025-12-24
  SAR_USD        :   30 points (Historical Data)
      Range: 2025-11-25 to 2025-12-24
  SAR_USD        :    1 points (ExchangeRate-API)
      Range: 2025-12-25 to 2025-12-25
  BRENT_OIL      :    1 points (Market Data)
      Range: 2025-12-25 to 2025-12-25
  WTI_OIL        :    1 points (Market Data)
      Range: 2025-12-25 to 2025-12-25
  US_10Y         :    1 points (Market Data)
      Range: 2025-12-25 to 2025-12-25
  EUR_USD        :    1 points (ExchangeRate-API)
      Range: 2025-12-25 to 2025-12-25

💼 CATEGORY 5: MUTUAL FUNDS
--------------------------------------------------------------------------------
✅ Total Funds: 40
✅ NAV Records: 36,500
✅ NAV Date Range: 2020-12-26 to 2025-12-24

Fund Managers:
  Alinma Investment             : 4 funds
  Al Rajhi Capital              : 4 funds
  Jadwa Investment              : 3 funds
  Riyad Capital                 : 3 funds
  HSBC Saudi Arabia             : 3 funds
  SNB Capital                   : 3 funds
  Albilad Capital               : 3 funds
  Alistithmar Capital           : 2 funds
  Alkhabeer Capital             : 2 funds
  Aljazira Capital              : 2 funds
  Falcom Financial              : 2 funds
  Derayah Financial             : 2 funds
  Alawwal Invest                : 1 funds
  Musharaka Capital             : 1 funds
  Audi Capital                  : 1 funds
  GIB Capital                   : 1 funds
  SABB                          : 1 funds
  NCB Capital                   : 1 funds
  Banque Saudi Fransi           : 1 funds

Sample Funds:
  ARC002   - Al Rajhi Balanced Fund
  ARC003   - Al Rajhi Money Market Fund
  MF001    - Al Rajhi Saudi Equity Fund
  ARC001   - Al Rajhi Saudi Equity Fund
  MF006    - Alahli Saudi Trading Equity

👔 CATEGORY 6: INSIDER TRADING
--------------------------------------------------------------------------------
✅ Total Transactions: 308
✅ Unique Symbols: 15
✅ Unique Insiders: 79
✅ Date Range: 2023-12-28 to 2025-12-20
✅ Buy Transactions: 187
✅ Sell Transactions: 121

Most Active Stocks:
  4190  :  30 transactions
  2080  :  30 transactions
  1180  :  29 transactions
  1150  :  26 transactions
  2060  :  26 transactions

📈 CATEGORY 7: ANALYST RATINGS
--------------------------------------------------------------------------------
✅ Total Ratings: 190
✅ Unique Symbols: 30
✅ Unique Firms: 12
✅ Date Range: 2024-12-24 to 2025-12-23

Rating Distribution:
  BUY            :  45 ratings
  STRONG BUY     :  39 ratings
  SELL           :  37 ratings
  STRONG SELL    :  37 ratings
  HOLD           :  32 ratings

Top Analyst Firms:
  Aljazira Capital              :  23 ratings
  Falcom Financial              :  22 ratings
  GIB Capital                   :  22 ratings
  NCB Capital                   :  19 ratings
  Albilad Capital               :  19 ratings

================================================================================
📊 GRAND SUMMARY - ALL DATA CATEGORIES
================================================================================
Total Records in Database: 181,099

Breakdown:
  1. Stock Tickers:             118
  2. OHLC Historical:       140,414
  3. Corporate Actions:         908
  4. Economic Indicators:     2,621
  5. Mutual Funds:               40
  6. Fund NAV History:       36,500
  7. Insider Trading:           308
  8. Analyst Ratings:           190
================================================================================

