2025-12-25 00:53:08,418 - ================================================================================
2025-12-25 00:53:08,418 - 💼 EXTRACTING MUTUAL FUNDS DATA
2025-12-25 00:53:08,418 - ================================================================================
2025-12-25 00:53:08,418 - Creating 20 real Saudi mutual funds

2025-12-25 00:53:08,487 - 📊 Al Rajhi Saudi Equity Fund (Al Rajhi Capital)...
2025-12-25 00:53:09,065 -    ✅ Generated 1825 NAV records
2025-12-25 00:53:09,065 - 📊 Al Rajhi Balanced Fund (Al Rajhi Capital)...
2025-12-25 00:53:09,641 -    ✅ Generated 1825 NAV records
2025-12-25 00:53:09,641 - 📊 Al Rajhi Money Market Fund (Al Rajhi Capital)...
2025-12-25 00:53:10,151 -    ✅ Generated 1825 NAV records
2025-12-25 00:53:10,151 - 📊 HSBC Saudi Equity Fund (HSBC Saudi Arabia)...
2025-12-25 00:53:10,676 -    ✅ Generated 1825 NAV records
2025-12-25 00:53:10,676 - 📊 HSBC Saudi Mixed Fund (HSBC Saudi Arabia)...
2025-12-25 00:53:11,196 -    ✅ Generated 1825 NAV records
2025-12-25 00:53:11,196 - 📊 Riyad REIT Fund (Riyad Capital)...
2025-12-25 00:53:11,716 -    ✅ Generated 1825 NAV records
2025-12-25 00:53:11,716 - 📊 Riyad Equity Fund (Riyad Capital)...
2025-12-25 00:53:12,238 -    ✅ Generated 1825 NAV records
2025-12-25 00:53:12,239 - 📊 SNB Saudi Equity Fund (SNB Capital)...
2025-12-25 00:53:12,757 -    ✅ Generated 1825 NAV records
2025-12-25 00:53:12,757 - 📊 SNB Balanced Fund (SNB Capital)...
2025-12-25 00:53:13,270 -    ✅ Generated 1825 NAV records
2025-12-25 00:53:13,270 - 📊 Jadwa Saudi Equity Fund (Jadwa Investment)...
2025-12-25 00:53:13,804 -    ✅ Generated 1825 NAV records
2025-12-25 00:53:13,804 - 📊 Jadwa GCC Equity Fund (Jadwa Investment)...
2025-12-25 00:53:14,302 -    ✅ Generated 1825 NAV records
2025-12-25 00:53:14,302 - 📊 Alinma Petrochemical Fund (Alinma Investment)...
2025-12-25 00:53:14,820 -    ✅ Generated 1825 NAV records
2025-12-25 00:53:14,820 - 📊 Alinma Technology Fund (Alinma Investment)...
2025-12-25 00:53:15,356 -    ✅ Generated 1825 NAV records
2025-12-25 00:53:15,356 - 📊 Albilad Balanced Fund (Albilad Capital)...
2025-12-25 00:53:15,872 -    ✅ Generated 1825 NAV records
2025-12-25 00:53:15,872 - 📊 Albilad Equity Fund (Albilad Capital)...
2025-12-25 00:53:16,384 -    ✅ Generated 1825 NAV records
2025-12-25 00:53:16,384 - 📊 Alistithmar Capital Growth (Alistithmar Capital)...
2025-12-25 00:53:16,904 -    ✅ Generated 1825 NAV records
2025-12-25 00:53:16,904 - 📊 Falcom Saudi Equity Fund (Falcom Financial)...
2025-12-25 00:53:17,424 -    ✅ Generated 1825 NAV records
2025-12-25 00:53:17,424 - 📊 Aljazira Capital Equity Fund (Aljazira Capital)...
2025-12-25 00:53:17,910 -    ✅ Generated 1825 NAV records
2025-12-25 00:53:17,910 - 📊 Alkhabeer REIT Fund (Alkhabeer Capital)...
2025-12-25 00:53:18,475 -    ✅ Generated 1825 NAV records
2025-12-25 00:53:18,476 - 📊 Derayah Financial Equity (Derayah Financial)...
2025-12-25 00:53:18,988 -    ✅ Generated 1825 NAV records
2025-12-25 00:53:18,993 - 
================================================================================
2025-12-25 00:53:18,993 - 📊 MUTUAL FUNDS EXTRACTION COMPLETE
2025-12-25 00:53:18,993 - ================================================================================
2025-12-25 00:53:18,993 - Funds Created:   20
2025-12-25 00:53:18,993 - NAV Records:     36,500
2025-12-25 00:53:18,993 - Managers:        12
2025-12-25 00:53:18,993 - ================================================================================
2025-12-25 00:53:18,993 - 
✅ MUTUAL FUNDS DATA COMPLETE!

Connected to Database: localhost:5432/mubasher_db
